Log file open, 05/09/18 15:04:00
LogInit:Display: Running engine for game: RPG_Game
LogPlatformFile: Not using cached read wrapper
LogInit:Display: RandInit(-1026425067) SRandInit(-1026425067).
LogTaskGraph: Started task graph with 5 named threads and 8 total threads with 1 sets of task threads.
LogStats: Stats thread started at 0.116037
LogInit: Using libcurl 7.47.1
LogInit:  - built for x86_64-pc-win32
LogInit:  - supports SSL with OpenSSL/1.0.2g
LogInit:  - supports HTTP deflate (compression) using libz 1.2.8
LogInit:  - other features:
LogInit:      CURL_VERSION_SSL
LogInit:      CURL_VERSION_LIBZ
LogInit:      CURL_VERSION_IPV6
LogInit:      CURL_VERSION_ASYNCHDNS
LogInit:      CURL_VERSION_LARGEFILE
LogInit:      CURL_VERSION_IDN
LogInit:  CurlRequestOptions (configurable via config and command line):
LogInit:  - bVerifyPeer = false  - Libcurl will NOT verify peer certificate
LogInit:  - bUseHttpProxy = false  - Libcurl will NOT use HTTP proxy
LogInit:  - bDontReuseConnections = false  - Libcurl will reuse connections
LogInit:  - CertBundlePath = nullptr  - Libcurl will use whatever was configured at build time.
LogInit: Build: ++UE4+Release-4.16-CL-3561208
LogInit: Engine Version: 4.16.3-3561208+++UE4+Release-4.16
LogInit: Compatible Engine Version: 4.16.0-3452394+++UE4+Release-4.16
LogInit: Net CL: 3452394
LogDevObjectVersion: Number of dev versions registered: 16
LogDevObjectVersion:   Dev-Blueprints (B0D832E4-1F89-4F0D-ACCF-7EB736FD4AA2): 9
LogDevObjectVersion:   Dev-Build (E1C64328-A22C-4D53-A36C-8E866417BD8C): 0
LogDevObjectVersion:   Dev-Core (375EC13C-06E4-48FB-B500-84F0262A717E): 2
LogDevObjectVersion:   Dev-Editor (E4B068ED-F494-42E9-A231-DA0B2E46BB41): 17
LogDevObjectVersion:   Dev-Framework (CFFC743F-43B0-4480-9391-14DF171D2073): 23
LogDevObjectVersion:   Dev-Mobile (B02B49B5-BB20-44E9-A304-32B752E40360): 0
LogDevObjectVersion:   Dev-Networking (A4E4105C-59A1-49B5-A7C5-40C4547EDFEE): 0
LogDevObjectVersion:   Dev-Online (39C831C9-5AE6-47DC-9A44-9C173E1C8E7C): 0
LogDevObjectVersion:   Dev-Physics (78F01B33-EBEA-4F98-B9B4-84EACCB95AA2): 0
LogDevObjectVersion:   Dev-Platform (6631380F-2D4D-43E0-8009-CF276956A95A): 0
LogDevObjectVersion:   Dev-Rendering (12F88B9F-8875-4AFC-A67C-D90C383ABD29): 15
LogDevObjectVersion:   Dev-Sequencer (7B5AE74C-D270-4C10-A958-57980B212A5A): 4
LogDevObjectVersion:   Dev-VR (D7296918-1DD6-4BDD-9DE2-64A83CC13884): 0
LogDevObjectVersion:   Dev-LoadTimes (C2A15278-BFE7-4AFE-6C17-90FF531DF755): 1
LogDevObjectVersion:   Private-Geometry (6EACA3D4-40EC-4CC1-B786-8BED09428FC5): 1
LogDevObjectVersion:   Dev-AnimPhys (29E575DD-E0A3-4627-9D10-D276232CDCEA): 3
LogInit: Compiled (64-bit): Jul 28 2017 11:49:47
LogInit: Compiled with Visual C++: 19.00.24215.01
LogInit: Build Configuration: Development
LogInit: Branch Name: ++UE4+Release-4.16
LogInit: Command line:  
LogInit: Base directory: C:/Program Files/Epic Games/UE_4.16/Engine/Binaries/Win64/
LogInit: Installed Engine Build: 1
LogInit: Presizing for max 8388607 objects, including 0 objects not considered by GC, pre-allocating 0 bytes for permanent pool.
LogInit: Object subsystem initialized
[2018.05.09-14.04.00:588][  0]LogInit: Selected Device Profile: [Windows]
[2018.05.09-14.04.00:588][  0]LogInit: Applying CVar settings loaded from the selected device profile: [Windows]
[2018.05.09-14.04.00:688][  0]LogInit: Computer: C217-14
[2018.05.09-14.04.00:688][  0]LogInit: User: jordanboast
[2018.05.09-14.04.00:688][  0]LogInit: CPU Page size=4096, Cores=4
[2018.05.09-14.04.00:688][  0]LogInit: High frequency timer resolution =3.328123 MHz
[2018.05.09-14.04.00:688][  0]LogMemory: Memory total: Physical=15.9GB (16GB approx)
[2018.05.09-14.04.00:688][  0]LogMemory: Platform Memory Stats for Windows
[2018.05.09-14.04.00:688][  0]LogMemory: Process Physical Memory: 274.62 MB used, 274.62 MB peak
[2018.05.09-14.04.00:688][  0]LogMemory: Process Virtual Memory: 261.44 MB used, 261.44 MB peak
[2018.05.09-14.04.00:688][  0]LogMemory: Physical Memory: 3216.52 MB used,  13088.03 MB free, 16304.54 MB total
[2018.05.09-14.04.00:688][  0]LogMemory: Virtual Memory: 640.39 MB used,  13088.03 MB free, 134217728.00 MB total
[2018.05.09-14.04.01:107][  0]LogInit: Using OS detected language (en-US).
[2018.05.09-14.04.01:107][  0]LogInit: Using OS detected locale (en-GB).
[2018.05.09-14.04.01:229][  0]LogTextLocalizationManager: No specific localization for 'en-US' exists, so the 'en' localization will be used.
[2018.05.09-14.04.03:699][  0]LogD3D11RHI: D3D11 adapters:
[2018.05.09-14.04.03:719][  0]LogD3D11RHI:    0. 'NVIDIA Quadro K2200' (Feature Level 11_0)
[2018.05.09-14.04.03:719][  0]LogD3D11RHI:       4062/0/8152 MB DedicatedVideo/DedicatedSystem/SharedSystem, Outputs:1, VendorId:0x10de
[2018.05.09-14.04.03:720][  0]LogD3D11RHI:    1. 'Microsoft Basic Render Driver' (Feature Level 11_0)
[2018.05.09-14.04.03:720][  0]LogD3D11RHI:       0/0/8152 MB DedicatedVideo/DedicatedSystem/SharedSystem, Outputs:0, VendorId:0x1414
[2018.05.09-14.04.03:720][  0]LogD3D11RHI: Chosen D3D11 Adapter: 0
[2018.05.09-14.04.03:725][  0]LogD3D11RHI: Creating new Direct3DDevice
[2018.05.09-14.04.03:725][  0]LogD3D11RHI:     GPU DeviceId: 0x13ba (for the marketing name, search the web for "GPU Device Id")
[2018.05.09-14.04.03:725][  0]LogWindows: EnumDisplayDevices:
[2018.05.09-14.04.03:725][  0]LogWindows:    0. 'NVIDIA Quadro K2200' (P:1 D:1)
[2018.05.09-14.04.03:725][  0]LogWindows:    1. 'NVIDIA Quadro K2200' (P:0 D:0)
[2018.05.09-14.04.03:725][  0]LogWindows:    2. 'NVIDIA Quadro K2200' (P:0 D:0)
[2018.05.09-14.04.03:725][  0]LogWindows:    3. 'NVIDIA Quadro K2200' (P:0 D:0)
[2018.05.09-14.04.03:725][  0]LogWindows: DebugString: FoundDriverCount:4 
[2018.05.09-14.04.03:725][  0]LogD3D11RHI:     Adapter Name: NVIDIA Quadro K2200
[2018.05.09-14.04.03:725][  0]LogD3D11RHI:   Driver Version: 377.11 (internal:21.21.13.7711, unified:377.11)
[2018.05.09-14.04.03:725][  0]LogD3D11RHI:      Driver Date: 3-17-2017
[2018.05.09-14.04.03:725][  0]LogRHI: Texture pool is 1361 MB (70% of 1945 MB)
[2018.05.09-14.04.03:739][  0]LogD3D11RHI: Async texture creation enabled
[2018.05.09-14.04.03:749][  0]LogD3D11RHI: GPU Timing Frequency: 1000.000000 (Debug: 2 1)
[2018.05.09-14.04.03:790][  0]LogShaderCompilers: Guid format shader working directory is 41 characters bigger than the processId version (E:/FMP/Fuse/Intermediate/Shaders/WorkingDirectory/14648/).
[2018.05.09-14.04.03:790][  0]LogShaderCompilers: Cleaned the shader compiler working directory 'C:/Users/jordan.boast/AppData/Local/Temp/UnrealShaderWorkingDir/1982DDA041ED468A465FDA82AFE5D265/'.
[2018.05.09-14.04.03:790][  0]LogShaderCompilers:Display: Using Local Shader Compiler.
[2018.05.09-14.04.06:564][  0]LogTemp:Display: Loaded TP AllDesktopTargetPlatform
[2018.05.09-14.04.06:598][  0]LogTemp:Display: Loaded TP MacClientTargetPlatform
[2018.05.09-14.04.06:635][  0]LogTemp:Display: Loaded TP MacNoEditorTargetPlatform
[2018.05.09-14.04.06:670][  0]LogTemp:Display: Loaded TP MacServerTargetPlatform
[2018.05.09-14.04.06:719][  0]LogTemp:Display: Loaded TP MacTargetPlatform
[2018.05.09-14.04.06:756][  0]LogTemp:Display: Loaded TP WindowsClientTargetPlatform
[2018.05.09-14.04.06:793][  0]LogTemp:Display: Loaded TP WindowsNoEditorTargetPlatform
[2018.05.09-14.04.06:830][  0]LogTemp:Display: Loaded TP WindowsServerTargetPlatform
[2018.05.09-14.04.06:863][  0]LogTemp:Display: Loaded TP WindowsTargetPlatform
[2018.05.09-14.04.06:901][  0]LogTemp:Display: Loaded TP AndroidTargetPlatform
[2018.05.09-14.04.06:938][  0]LogTemp:Display: Loaded TP Android_ASTCTargetPlatform
[2018.05.09-14.04.06:972][  0]LogTemp:Display: Loaded TP Android_ATCTargetPlatform
[2018.05.09-14.04.07:009][  0]LogTemp:Display: Loaded TP Android_DXTTargetPlatform
[2018.05.09-14.04.07:044][  0]LogTemp:Display: Loaded TP Android_ETC1TargetPlatform
[2018.05.09-14.04.07:083][  0]LogTemp:Display: Loaded TP Android_ETC2TargetPlatform
[2018.05.09-14.04.07:155][  0]LogTemp:Display: Loaded TP Android_MultiTargetPlatform
[2018.05.09-14.04.07:155][  0]LogTemp:Display: Loaded TP Android_PVRTCTargetPlatform
[2018.05.09-14.04.07:185][  0]LogTemp:Display: Loaded TP HTML5TargetPlatform
[2018.05.09-14.04.07:270][  0]LogTemp:Display: Loaded TP IOSTargetPlatform
[2018.05.09-14.04.07:291][  0]LogTemp:Display: Loaded TP TVOSTargetPlatform
[2018.05.09-14.04.07:326][  0]LogTemp:Display: Loaded TP LinuxClientTargetPlatform
[2018.05.09-14.04.07:361][  0]LogTemp:Display: Loaded TP LinuxNoEditorTargetPlatform
[2018.05.09-14.04.07:395][  0]LogTemp:Display: Loaded TP LinuxServerTargetPlatform
[2018.05.09-14.04.07:436][  0]LogTemp:Display: Loaded TP LinuxTargetPlatform
[2018.05.09-14.04.07:436][  0]LogTargetPlatformManager:Display: Building Assets For Windows
[2018.05.09-14.04.08:027][  0]LogDerivedDataCache:Display: Max Cache Size: 512 MB
[2018.05.09-14.04.08:027][  0]LogDerivedDataCache:Display: Starting with empty Boot cache
[2018.05.09-14.04.08:027][  0]LogDerivedDataCache: FDerivedDataBackendGraph:  Pak pak cache file E:/FMP/Fuse/DerivedDataCache/DDC.ddp not found, will not use a pak cache.
[2018.05.09-14.04.08:027][  0]LogDerivedDataCache: Unable to find inner node Pak for hierarchical cache Hierarchy.
[2018.05.09-14.04.08:027][  0]LogDerivedDataCache: FDerivedDataBackendGraph:  CompressedPak pak cache file E:/FMP/Fuse/DerivedDataCache/Compressed.ddp not found, will not use a pak cache.
[2018.05.09-14.04.08:027][  0]LogDerivedDataCache: Unable to find inner node CompressedPak for hierarchical cache Hierarchy.
[2018.05.09-14.04.08:068][  0]LogDerivedDataCache:Display: Pak cache opened for reading ../../../Engine/DerivedDataCache/Compressed.ddp.
[2018.05.09-14.04.08:080][  0]LogDerivedDataCache: Using Local data cache path C:/Users/jordan.boast/AppData/Local/UnrealEngine/Common/DerivedDataCache: Writable
[2018.05.09-14.04.08:111][  0]LogMaterial: Verifying Global Shaders for PCD3D_SM5
[2018.05.09-14.04.08:111][  0]LogSlate: Using Freetype 2.6.0
[2018.05.09-14.04.08:137][  0]LogSlate: SlateFontCache - WITH_FREETYPE: 1, WITH_HARFBUZZ: 1
[2018.05.09-14.04.08:137][  0]LogSlate: SlateFontCache - WITH_FREETYPE: 1, WITH_HARFBUZZ: 1
[2018.05.09-14.04.10:072][  0]LogInit: Selected Device Profile: [Windows]
[2018.05.09-14.04.10:354][  0]LogContentStreaming: Texture pool size is 0.00 MB
[2018.05.09-14.04.10:590][  0]LogMeshUtilities: Using QuadricMeshReduction for automatic static mesh reduction
[2018.05.09-14.04.10:653][  0]LogSimplygon: Simplygon DLL not present - disabling.
[2018.05.09-14.04.10:687][  0]LogMeshUtilities: Using SimplygonSwarm for distributed automatic mesh merging
[2018.05.09-14.04.10:687][  0]LogMeshUtilities: No automatic skeletal mesh reduction module available
[2018.05.09-14.04.10:687][  0]LogMeshUtilities: No automatic mesh merging module available
[2018.05.09-14.04.12:527][  0]LogNetVersion: RPG_Game , NetCL: 3452394, EngineNetVer: 2, GameNetVer: 0 (Checksum: 2586067795)
[2018.05.09-14.04.12:686][  0]LogAssetRegistry: FAssetRegistry took 0.0264 seconds to start up
[2018.05.09-14.04.12:816][  0]LogPackageLocalizationCache: Processed 4 localized package path(s) for 2 prioritized culture(s) in 0.083872 seconds
[2018.05.09-14.04.12:822][  0]LogUObjectArray: 34194 objects as part of root set at end of initial load.
[2018.05.09-14.04.12:822][  0]LogUObjectAllocator: 7260424 out of 0 bytes used by permanent object pool.
[2018.05.09-14.04.12:822][  0]LogUObjectArray: CloseDisregardForGC: 0/0 objects in disregard for GC pool
[2018.05.09-14.04.12:877][  0]LogInit: WinSock: version 1.1 (2.2), MaxSocks=32767, MaxUdp=65467
[2018.05.09-14.04.19:910][  0]LogSubstanceCoreModule: Substance [CPU] Engine Loaded, Max Texture Size = 2048
[2018.05.09-14.04.19:977][  0]LogTcpMessaging: Initializing TcpMessaging bridge
[2018.05.09-14.04.20:012][  0]LogUdpMessaging: Initializing bridge on interface 0.0.0.0:0 to multicast group 230.0.0.1:6666.
[2018.05.09-14.04.20:757][  0]LogMaterial: Uniform references updated for custom material expression Custom.
[2018.05.09-14.04.21:338][  0]SourceControl: Info Source control is disabled
[2018.05.09-14.04.22:259][  0]LogAndroidPermission: UAndroidPermissionCallbackProxy::GetInstance
[2018.05.09-14.04.22:787][  0]LogEngine: Initializing Engine...
[2018.05.09-14.04.22:787][  0]LogHMD: Failed to initialize OpenVR with code 110
[2018.05.09-14.04.23:394][  0]LogStats: UGameplayTagsManager::ConstructGameplayTagTree: Construct from data asset -  0.000 s
[2018.05.09-14.04.23:394][  0]LogStats: UGameplayTagsManager::ConstructGameplayTagTree: GameplayTagTreeChangedEvent.Broadcast -  0.000 s
[2018.05.09-14.04.23:483][  0]LogAIModule: Creating AISystem for world Untitled
[2018.05.09-14.04.23:488][  0]LogInit: XAudio2 using 'Speakers (Realtek High Definition Audio)' : 2 channels at 48 kHz using 32 bits per sample (channel mask 0x3)
[2018.05.09-14.04.23:530][  0]LogInit: FAudioDevice initialized.
[2018.05.09-14.04.23:554][  0]LogDerivedDataCache: Saved boot cache 0.02s 90MB C:/Users/jordan.boast/AppData/Local/UnrealEngine/4.16/DerivedDataCache/Boot.ddc.
[2018.05.09-14.04.23:560][  0]LogInit: Texture streaming: Enabled
[2018.05.09-14.04.23:628][  0]LogEngineSessionManager: EngineSessionManager initialized
[2018.05.09-14.04.23:840][  0]LogWindowsTextInputMethodSystem:Display: IME system now deactivated.
[2018.05.09-14.04.23:976][  0]LogInit: Transaction tracking system initialized
[2018.05.09-14.04.24:222][  0]BlueprintLog: New page: Editor Load
[2018.05.09-14.04.25:236][  0]LocalizationService: Info Localization service is disabled
[2018.05.09-14.04.26:086][  0]LogConsoleResponse:Display: 
[2018.05.09-14.04.29:365][  0]LogCook:Display: Max memory allowance for cook 16384mb min free memory 0mb
[2018.05.09-14.04.29:365][  0]LogCook:Display: Mobile HDR setting 1
[2018.05.09-14.04.30:004][  0]LogFileCache: Scanning file cache for directory 'E:/FMP/Fuse/Content/' took 0.02s
[2018.05.09-14.04.30:150][  0]LogLinker:Warning: The file '../../../Engine/Content/BasicShapes/Sphere.uasset' contains unrecognizable data, check that it is of the expected type.
[2018.05.09-14.04.30:150][  0]LogLinker:Warning: The file '../../../Engine/Content/BasicShapes/Sphere.uasset' contains unrecognizable data, check that it is of the expected type.
[2018.05.09-14.04.30:150][  0]LogUObjectGlobals:Warning: Failed to find object 'StaticMesh /Engine/BasicShapes/Sphere.Sphere'
[2018.05.09-14.04.31:151][  0]Cmd: MAP LOAD FILE="E:/FMP/Fuse/Content/Maps/RiverDale.umap" TEMPLATE=0 SHOWPROGRESS=1 FEATURELEVEL=3
[2018.05.09-14.04.31:151][  0]LightingResults: New page: Lighting Build
[2018.05.09-14.04.31:188][  0]MapCheck: New page: Map Check
[2018.05.09-14.04.31:188][  0]LightingResults: New page: Lighting Build
[2018.05.09-14.04.32:731][  0]LogLinker:Warning: Can't find file '/Game/Materials/ButtonMaterial'
[2018.05.09-14.04.32:731][  0]LogLinker:Warning: Can't find file for asset '/Game/Materials/ButtonMaterial' while loading E:/FMP/Fuse/Content/Assets/PressurePad/Button_Base.uasset.
[2018.05.09-14.04.32:731][  0]LoadErrors:Error: Error /Game/Assets/PressurePad/Button_Base : Can't find file for asset. /Game/Materials/ButtonMaterial
[2018.05.09-14.04.32:731][  0]LogLinker:Warning: Can't find file '/Game/Materials/ButtonMaterial'
[2018.05.09-14.04.32:731][  0]LogLinker:Warning: Can't find file for asset '/Game/Materials/ButtonMaterial' while loading E:/FMP/Fuse/Content/Assets/PressurePad/Button_Base.uasset.
[2018.05.09-14.04.32:731][  0]LoadErrors:Error: Error /Game/Assets/PressurePad/Button_Base : Can't find file for asset. /Game/Materials/ButtonMaterial
[2018.05.09-14.04.32:743][  0]LogLinker:Warning: Can't find file '/Game/Materials/ButtonMaterial'
[2018.05.09-14.04.32:743][  0]LogLinker:Warning: Can't find file for asset '/Game/Materials/ButtonMaterial' while loading E:/FMP/Fuse/Content/Assets/PressurePad/Button_Push.uasset.
[2018.05.09-14.04.32:743][  0]LoadErrors:Error: Error /Game/Assets/PressurePad/Button_Push : Can't find file for asset. /Game/Materials/ButtonMaterial
[2018.05.09-14.04.32:743][  0]LogLinker:Warning: Can't find file '/Game/Materials/ButtonMaterial'
[2018.05.09-14.04.32:743][  0]LogLinker:Warning: Can't find file for asset '/Game/Materials/ButtonMaterial' while loading E:/FMP/Fuse/Content/Assets/PressurePad/Button_Push.uasset.
[2018.05.09-14.04.32:743][  0]LoadErrors:Error: Error /Game/Assets/PressurePad/Button_Push : Can't find file for asset. /Game/Materials/ButtonMaterial
[2018.05.09-14.04.33:503][  0]LogLinker:Warning: Can't find file '/Game/Materials/ButtonMaterial'
[2018.05.09-14.04.33:503][  0]LoadErrors: Info Failed to load /Game/Materials/ButtonMaterial.ButtonMaterial Referenced by Button_Push
[2018.05.09-14.04.33:503][  0]LogLinker:Warning: Can't find file for asset '/Game/Materials/ButtonMaterial' while loading NULL.
[2018.05.09-14.04.33:503][  0]LoadErrors: Info Failed to load /Game/Materials/ButtonMaterial.ButtonMaterial Referenced by Button_Push
[2018.05.09-14.04.33:504][  0]LogLinker:Warning: Can't find file '/Game/Materials/ButtonMaterial'
[2018.05.09-14.04.33:504][  0]LoadErrors: Info Failed to load /Game/Materials/ButtonMaterial.ButtonMaterial Referenced by Button_Base
[2018.05.09-14.04.33:504][  0]LogLinker:Warning: Can't find file for asset '/Game/Materials/ButtonMaterial' while loading NULL.
[2018.05.09-14.04.33:504][  0]LoadErrors: Info Failed to load /Game/Materials/ButtonMaterial.ButtonMaterial Referenced by Button_Base
[2018.05.09-14.04.33:712][  0]LogTexture:Display: Building textures: Return_To_Menu (AutoDXT, 420X100)
[2018.05.09-14.04.33:716][  0]LogTexture:Display: Building textures: Resume_Game (AutoDXT, 420X100)
[2018.05.09-14.04.33:720][  0]LogTexture:Display: Building textures: Resume_Game_Line (AutoDXT, 420X100)
[2018.05.09-14.04.33:735][  0]LogTexture:Display: Building textures: Background (AutoDXT, 1920X1080)
[2018.05.09-14.04.33:850][  0]LogStaticMesh: Building static mesh LaunchPad...
[2018.05.09-14.04.33:863][  0]LogStaticMesh: Built static mesh [0.01s] /Game/Assets/LaunchPad/Model/LaunchPad.LaunchPad
[2018.05.09-14.04.33:921][  0]LogTexture:Display: Building textures: AO_LaunchPad_01 (AutoDXT, 2048X2048)
[2018.05.09-14.04.35:261][  0]LogTexture:Display: Building textures: Diffuse_LaunchPad (AutoDXT, 1024X1024)
[2018.05.09-14.04.35:404][  0]LogMaterial: Missing cached shader map for material LaunchPadMAT, compiling. 
[2018.05.09-14.04.35:429][  0]LogStaticMesh: Building static mesh PowerCube...
[2018.05.09-14.04.35:445][  0]LogStaticMesh: Built static mesh [0.02s] /Game/PowerCube.PowerCube
[2018.05.09-14.04.35:471][  0]LogMaterial: Missing cached shader map for material HazardLiquid, compiling. 
[2018.05.09-14.04.35:522][  0]LogStaticMesh: Building static mesh Hazard...
[2018.05.09-14.04.35:524][  0]LogStaticMesh: Built static mesh [0.00s] /Game/Assets/HazardLiquid/Hazard.Hazard
[2018.05.09-14.04.35:527][  0]LogMaterial: Missing cached shader map for material stone, compiling. 
[2018.05.09-14.04.35:546][  0]LogMaterial: Missing cached shader map for material lambert4, compiling. 
[2018.05.09-14.04.35:565][  0]LogMaterial: Missing cached shader map for material Metal, compiling. 
[2018.05.09-14.04.35:586][  0]LogTexture:Display: Building textures: AOMaterialMask0_1 (BC4, 1024X512)
[2018.05.09-14.04.35:610][  0]LogTexture:Display: Building textures: AOMaterialMask0_2 (BC4, 1024X512)
[2018.05.09-14.04.35:632][  0]LogTexture:Display: Building textures: AOMaterialMask0_3 (BC4, 128X64)
[2018.05.09-14.04.35:637][  0]LogTexture:Display: Building textures: AOMaterialMask0_4 (BC4, 1024X512)
[2018.05.09-14.04.35:658][  0]LogTexture:Display: Building textures: AOMaterialMask0_5 (BC4, 512X256)
[2018.05.09-14.04.35:667][  0]LogTexture:Display: Building textures: AOMaterialMask0_6 (BC4, 1024X512)
[2018.05.09-14.04.35:689][  0]LogTexture:Display: Building textures: AOMaterialMask0_7 (BC4, 64X32)
[2018.05.09-14.04.35:705][  0]LogTexture:Display: Building textures: HQ_Lightmap0_1 (AutoDXT, 1024X1024)
[2018.05.09-14.04.35:896][  0]LogTexture:Display: Building textures: HQ_Lightmap0_2 (AutoDXT, 1024X1024)
[2018.05.09-14.04.36:254][  0]LogTexture:Display: Building textures: HQ_Lightmap0_3 (AutoDXT, 128X128)
[2018.05.09-14.04.36:290][  0]LogTexture:Display: Building textures: HQ_Lightmap0_4 (AutoDXT, 1024X1024)
[2018.05.09-14.04.36:554][  0]LogTexture:Display: Building textures: HQ_Lightmap0_5 (AutoDXT, 512X512)
[2018.05.09-14.04.36:658][  0]LogTexture:Display: Building textures: HQ_Lightmap0_6 (AutoDXT, 1024X1024)
[2018.05.09-14.04.36:879][  0]LogTexture:Display: Building textures: HQ_Lightmap0_7 (AutoDXT, 64X64)
[2018.05.09-14.04.36:895][  0]LogTexture:Display: Building textures: LQ_Lightmap_0_1 (DXT1, 1024X1024)
[2018.05.09-14.04.37:003][  0]LogTexture:Display: Building textures: LQ_Lightmap_0_2 (DXT1, 1024X1024)
[2018.05.09-14.04.37:309][  0]LogTexture:Display: Building textures: LQ_Lightmap_0_3 (DXT1, 128X128)
[2018.05.09-14.04.37:344][  0]LogTexture:Display: Building textures: LQ_Lightmap_0_4 (DXT1, 1024X1024)
[2018.05.09-14.04.37:607][  0]LogTexture:Display: Building textures: LQ_Lightmap_0_5 (DXT1, 512X512)
[2018.05.09-14.04.37:695][  0]LogTexture:Display: Building textures: LQ_Lightmap_0_6 (DXT1, 1024X1024)
[2018.05.09-14.04.38:022][  0]LogTexture:Display: Building textures: LQ_Lightmap_0_7 (DXT1, 64X64)
[2018.05.09-14.04.38:034][  0]LogTexture:Display: Building textures: SkyOcclusion0_1 (AutoDXT, 1024X512)
[2018.05.09-14.04.38:133][  0]LogTexture:Display: Building textures: SkyOcclusion0_2 (AutoDXT, 1024X512)
[2018.05.09-14.04.38:192][  0]LogTexture:Display: Building textures: SkyOcclusion0_3 (AutoDXT, 128X64)
[2018.05.09-14.04.38:207][  0]LogTexture:Display: Building textures: SkyOcclusion0_4 (AutoDXT, 1024X512)
[2018.05.09-14.04.38:309][  0]LogTexture:Display: Building textures: SkyOcclusion0_5 (AutoDXT, 512X256)
[2018.05.09-14.04.38:350][  0]LogTexture:Display: Building textures: SkyOcclusion0_6 (AutoDXT, 1024X512)
[2018.05.09-14.04.38:456][  0]LogTexture:Display: Building textures: SkyOcclusion0_7 (AutoDXT, 64X32)
[2018.05.09-14.04.38:466][  0]LogTexture:Display: Building textures: ShadowMapTexture2D_3 (BGRA8, 512X1024)
[2018.05.09-14.04.38:498][  0]LogTexture:Display: Building textures: ShadowMapTexture2D_4 (BGRA8, 1024X512)
[2018.05.09-14.04.38:519][  0]LogTexture:Display: Building textures: ShadowMapTexture2D_5 (BGRA8, 64X64)
[2018.05.09-14.04.38:522][  0]LogMaterial: Missing cached shader map for material M_Ground, compiling. 
[2018.05.09-14.04.38:546][  0]LogStaticMesh: Building static mesh pileofbricks...
[2018.05.09-14.04.38:562][  0]LogStaticMesh: Built static mesh [0.02s] /Game/Assets/Debris/pileofbricks.pileofbricks
[2018.05.09-14.04.38:563][  0]LogStaticMesh: Building static mesh Button_Push...
[2018.05.09-14.04.38:564][  0]LogStaticMesh: Built static mesh [0.00s] /Game/Assets/PressurePad/Button_Push.Button_Push
[2018.05.09-14.04.38:565][  0]LogStaticMesh: Building static mesh Button_Base...
[2018.05.09-14.04.38:566][  0]LogStaticMesh: Built static mesh [0.00s] /Game/Assets/PressurePad/Button_Base.Button_Base
[2018.05.09-14.04.38:570][  0]LogStaticMesh: Building static mesh F_Frame_02...
[2018.05.09-14.04.38:572][  0]LogStaticMesh: Built static mesh [0.00s] /Game/F_Frame_02.F_Frame_02
[2018.05.09-14.04.38:572][  0]LogStaticMesh: Building static mesh F_Frame_01...
[2018.05.09-14.04.38:579][  0]LogStaticMesh: Built static mesh [0.01s] /Game/F_Frame_01.F_Frame_01
[2018.05.09-14.04.38:587][  0]LogMaterial: Missing cached shader map for material lambert1, compiling. 
[2018.05.09-14.04.38:607][  0]LogStaticMesh: Building static mesh Path_2...
[2018.05.09-14.04.38:610][  0]LogStaticMesh: Built static mesh [0.00s] /Game/Assets/Rocks/Path_2.Path_2
[2018.05.09-14.04.38:613][  0]LogMaterial: Missing cached shader map for material Rock, compiling. 
[2018.05.09-14.04.38:633][  0]LogStaticMesh: Building static mesh BigRock1NotBroke...
[2018.05.09-14.04.38:640][  0]LogStaticMesh: Built static mesh [0.01s] /Game/Assets/Rocks/BigRock1NotBroke.BigRock1NotBroke
[2018.05.09-14.04.38:642][  0]LogMaterial: Missing cached shader map for material wood, compiling. 
[2018.05.09-14.04.38:662][  0]LogStaticMesh: Building static mesh platform...
[2018.05.09-14.04.38:679][  0]LogStaticMesh: Built static mesh [0.02s] /Game/Assets/Platform/platform.platform
[2018.05.09-14.04.38:682][  0]LogMaterial: Missing cached shader map for material M_White, compiling. 
[2018.05.09-14.04.38:887][  0]LogTexture:Display: Building textures: MainBackground (AutoDXT, 1920X1080)
[2018.05.09-14.04.40:724][  0]LogTexture:Display: Building textures: Controls_Background (AutoDXT, 1920X1080)
[2018.05.09-14.04.43:921][  0]LogMaterial: Missing cached shader map for material lambert2, compiling. 
[2018.05.09-14.04.43:951][  0]LogMaterial: Missing cached shader map for material lambert1, compiling. 
[2018.05.09-14.04.43:976][  0]LogStaticMesh: Building static mesh Lab_Coats...
[2018.05.09-14.04.44:034][  0]LogStaticMesh: Built static mesh [0.06s] /Game/Assets/Misc_Objects/LabCoats/Lab_Coats.Lab_Coats
[2018.05.09-14.04.44:040][  0]LogMaterial: Missing cached shader map for material W_White, compiling. 
[2018.05.09-14.04.44:082][  0]LogStaticMesh: Building static mesh Cylinder_Brush_StaticMesh...
[2018.05.09-14.04.44:083][  0]LogMeshUtilities: Invalid vertex normals found for mesh. Forcing recomputation of vertex normals for MikkTSpace. Fix mesh or disable "Use MikkTSpace Tangent Space" to avoid forced recomputation of normals.
[2018.05.09-14.04.44:099][  0]LogStaticMesh: Built static mesh [0.02s] /Game/Cylinder_Brush_StaticMesh.Cylinder_Brush_StaticMesh
[2018.05.09-14.04.44:103][  0]LogMaterial: Missing cached shader map for material M_VolcanoTop, compiling. 
[2018.05.09-14.04.44:132][  0]LogMaterial: Missing cached shader map for material M_VolcanoMain, compiling. 
[2018.05.09-14.04.44:154][  0]LogStaticMesh: Building static mesh Volcano...
[2018.05.09-14.04.44:155][  0]LogMeshUtilities: Invalid vertex normals found for mesh. Forcing recomputation of vertex normals for MikkTSpace. Fix mesh or disable "Use MikkTSpace Tangent Space" to avoid forced recomputation of normals.
[2018.05.09-14.04.44:162][  0]LogStaticMesh: Built static mesh [0.01s] /Game/Assets/Volcano/Volcano.Volcano
[2018.05.09-14.04.44:163][  0]LogStaticMesh: Building static mesh Linear_Stair_StaticMesh...
[2018.05.09-14.04.44:163][  0]LogMeshUtilities: Invalid vertex normals found for mesh. Forcing recomputation of vertex normals for MikkTSpace. Fix mesh or disable "Use MikkTSpace Tangent Space" to avoid forced recomputation of normals.
[2018.05.09-14.04.44:179][  0]LogStaticMesh: Built static mesh [0.02s] /Game/Assets/Stairs/Linear_Stair_StaticMesh.Linear_Stair_StaticMesh
[2018.05.09-14.04.44:180][  0]LogStaticMesh: Building static mesh Curved_Stair_StaticMesh...
[2018.05.09-14.04.44:182][  0]LogMeshUtilities: Invalid vertex normals found for mesh. Forcing recomputation of vertex normals for MikkTSpace. Fix mesh or disable "Use MikkTSpace Tangent Space" to avoid forced recomputation of normals.
[2018.05.09-14.04.44:234][  0]LogStaticMesh: Built static mesh [0.05s] /Game/Assets/Stairs/Curved_Stair_StaticMesh.Curved_Stair_StaticMesh
[2018.05.09-14.04.44:238][  0]LogMaterial: Missing cached shader map for material M_Water, compiling. 
[2018.05.09-14.04.44:284][  0]LogStaticMesh: Building static mesh Enviroment...
[2018.05.09-14.04.44:297][  0]LogMeshUtilities: Invalid vertex normals found for mesh. Forcing recomputation of vertex normals for MikkTSpace. Fix mesh or disable "Use MikkTSpace Tangent Space" to avoid forced recomputation of normals.
[2018.05.09-14.04.44:417][  0]LogStaticMesh: Built static mesh [0.13s] /Game/Maps/Enviroment.Enviroment
[2018.05.09-14.04.44:437][  0]LogStaticMesh: Building static mesh Bucket...
[2018.05.09-14.04.44:437][  0]LogMeshUtilities: Invalid vertex normals found for mesh. Forcing recomputation of vertex normals for MikkTSpace. Fix mesh or disable "Use MikkTSpace Tangent Space" to avoid forced recomputation of normals.
[2018.05.09-14.04.44:462][  0]LogStaticMesh: Built static mesh [0.02s] /Game/Assets/Misc_Objects/Bucket/Bucket.Bucket
[2018.05.09-14.04.44:481][  0]LogTexture:Display: Building textures: Diffuse_Log (AutoDXT, 1024X1024)
[2018.05.09-14.04.44:666][  0]LogTexture:Display: Building textures: AO_Log (AutoDXT, 1024X1024)
[2018.05.09-14.04.45:040][  0]LogMaterial: Missing cached shader map for material MAT_log, compiling. 
[2018.05.09-14.04.45:064][  0]LogStaticMesh: Building static mesh SM_Log...
[2018.05.09-14.04.45:074][  0]LogStaticMesh: Built static mesh [0.01s] /Game/Assets/log/Models/SM_Log.SM_Log
[2018.05.09-14.04.45:075][  0]LogStaticMesh: Building static mesh Lift_PH...
[2018.05.09-14.04.45:075][  0]LogMeshUtilities: Invalid vertex normals found for mesh. Forcing recomputation of vertex normals for MikkTSpace. Fix mesh or disable "Use MikkTSpace Tangent Space" to avoid forced recomputation of normals.
[2018.05.09-14.04.45:077][  0]LogStaticMesh: Built static mesh [0.00s] /Game/Assets/Lift/Lift_PH.Lift_PH
[2018.05.09-14.04.45:080][  0]LogMaterial: Missing cached shader map for material M_Red, compiling. 
[2018.05.09-14.04.45:120][  0]LogMaterial: Missing cached shader map for material M_Grey, compiling. 
[2018.05.09-14.04.45:158][  0]LogMaterial: Missing cached shader map for material M_Copper, compiling. 
[2018.05.09-14.04.45:192][  0]LogMaterial: Missing cached shader map for material M_Chrome, compiling. 
[2018.05.09-14.04.45:233][  0]LogMaterial: Missing cached shader map for material M_Blue, compiling. 
[2018.05.09-14.04.45:272][  0]LogMaterial: Missing cached shader map for material M_Black, compiling. 
[2018.05.09-14.04.45:307][  0]LogMaterial: Missing cached shader map for material lambert2, compiling. 
[2018.05.09-14.04.45:341][  0]LogMaterial: Missing cached shader map for material lambert1, compiling. 
[2018.05.09-14.04.45:363][  0]LogStaticMesh: Building static mesh Fire_Extinguisher_1...
[2018.05.09-14.04.45:376][  0]LogStaticMesh: Built static mesh [0.01s] /Game/Assets/Misc_Objects/Fire_Extinguisher/Fire_Extinguisher_1.Fire_Extinguisher_1
[2018.05.09-14.04.45:380][  0]LogMaterial: Missing cached shader map for material lambert2, compiling. 
[2018.05.09-14.04.45:406][  0]LogAnimationCompression: Building Anim DDC data for AnimSequence /Game/Assets/Misc_Objects/Generators/Generator_1_Anim.Generator_1_Anim
[2018.05.09-14.04.45:439][  0]LogTexture:Display: Building textures: Return_To_Menu_Line (AutoDXT, 420X100)
[2018.05.09-14.04.45:445][  0]LogTexture:Display: Building textures: Start_Line (AutoDXT, 420X100)
[2018.05.09-14.04.45:451][  0]LogTexture:Display: Building textures: Start (AutoDXT, 420X100)
[2018.05.09-14.04.45:457][  0]LogTexture:Display: Building textures: Settings_Line (AutoDXT, 420X100)
[2018.05.09-14.04.45:464][  0]LogTexture:Display: Building textures: Settings (AutoDXT, 420X100)
[2018.05.09-14.04.45:470][  0]LogTexture:Display: Building textures: Quit_Line (AutoDXT, 420X100)
[2018.05.09-14.04.45:476][  0]LogTexture:Display: Building textures: Quit (AutoDXT, 420X100)
[2018.05.09-14.04.45:483][  0]LogTexture:Display: Building textures: Controls_Line (AutoDXT, 420X100)
[2018.05.09-14.04.45:488][  0]LogTexture:Display: Building textures: Controls (AutoDXT, 420X100)
[2018.05.09-14.04.45:493][  0]LogTexture:Display: Building textures: Title (BGRA8, 360X179)
[2018.05.09-14.04.45:501][  0]LogTexture:Display: Building textures: Settings_Heading (BGRA8, 1920X71)
[2018.05.09-14.04.45:506][  0]LogTexture:Display: Building textures: Menu_Icon (BGRA8, 55X40)
[2018.05.09-14.04.45:510][  0]LogTexture:Display: Building textures: Controls_Icons (BGRA8, 1259X264)
[2018.05.09-14.04.45:545][  0]LogTexture:Display: Building textures: Control_Heading (BGRA8, 1920X71)
[2018.05.09-14.04.45:685][  0]LogAIModule: Creating AISystem for world RiverDale
[2018.05.09-14.04.45:770][  0]LogEditorServer: Finished looking for orphan Actors (0.000 secs)
[2018.05.09-14.04.45:788][  0]Cmd: MAP CHECKDEP NOCLEARLOG
[2018.05.09-14.04.45:839][  0]MapCheck: Info Map check complete: 0 Error(s), 0 Warning(s), took 51.502ms to complete.
[2018.05.09-14.04.45:839][  0]LogFileHelpers: Loading map 'RiverDale' took 14.689
[2018.05.09-14.04.46:223][  0]LogCollectionManager: Loaded 0 collections in 0.001457 seconds
[2018.05.09-14.04.46:299][  0]LogFileCache: Scanning file cache for directory 'E:/FMP/Fuse/Saved/Collections/' took 0.01s
[2018.05.09-14.04.46:299][  0]LogFileCache: Scanning file cache for directory 'E:/FMP/Fuse/Content/Developers/jordanboast/Collections/' took 0.01s
[2018.05.09-14.04.46:299][  0]LogFileCache: Scanning file cache for directory 'E:/FMP/Fuse/Content/Collections/' took 0.01s
[2018.05.09-14.04.46:299][  0]LogCollectionManager: Rebuilt the GUID cache for 0 collections in 0.000001 seconds
[2018.05.09-14.04.46:307][  0]LogContentBrowser: Native class hierarchy populated in 0.0077 seconds. Added 2343 classes and 497 folders.
[2018.05.09-14.04.46:375][  0]LogContentBrowser: Native class hierarchy updated for 'WidgetCarousel' in 0.0004 seconds. Added 0 classes and 0 folders.
[2018.05.09-14.04.50:425][  0]LogContentBrowser: Native class hierarchy updated for 'AddContentDialog' in 0.0007 seconds. Added 0 classes and 0 folders.
[2018.05.09-14.04.50:482][  0]LogContentBrowser: Native class hierarchy updated for 'SceneOutliner' in 0.0005 seconds. Added 1 classes and 2 folders.
[2018.05.09-14.04.50:535][  0]LogLinker:Warning: The file '../../../Engine/Content/BasicShapes/Sphere.uasset' contains unrecognizable data, check that it is of the expected type.
[2018.05.09-14.04.50:535][  0]LogLinker:Warning: The file '../../../Engine/Content/BasicShapes/Sphere.uasset' contains unrecognizable data, check that it is of the expected type.
[2018.05.09-14.04.50:577][  0]LogCrashTracker: Crashtracker disabled due to settings.
[2018.05.09-14.04.50:716][  0]LogSlate: Took 0.135487 seconds to synchronously load lazily loaded font '../../../Engine/Content/Slate/Fonts/Roboto-Regular.ttf' (155K)
[2018.05.09-14.04.50:803][  0]LogSlate: Took 0.084299 seconds to synchronously load lazily loaded font '../../../Engine/Content/Slate/Fonts/Roboto-Bold.ttf' (160K)
[2018.05.09-14.04.50:858][  0]LogSlate: Took 0.049653 seconds to synchronously load lazily loaded font '../../../Engine/Content/Editor/Slate/Fonts/FontAwesome.ttf' (139K)
[2018.05.09-14.04.51:159][  0]LogRenderer: Reallocating scene render targets to support 1208x576 NumSamples 1 (Frame:1).
[2018.05.09-14.04.51:372][  0]LogSlate: Took 0.091945 seconds to synchronously load lazily loaded font '../../../Engine/Content/Slate/Fonts/Roboto-Light.ttf' (159K)
[2018.05.09-14.04.51:860][  0]LogContentBrowser: Native class hierarchy updated for 'HierarchicalLODOutliner' in 0.0007 seconds. Added 1 classes and 2 folders.
[2018.05.09-14.04.51:860][  0]LogLoad: (Engine Initialization) Total time: 53.82 seconds
[2018.05.09-14.04.51:860][  0]LogLoad: (Engine Initialization) Total Blueprint compile time: 0.26 seconds
[2018.05.09-14.04.51:860][  0]LogExternalProfiler: No external profilers were discovered.  External profiling features will not be available.
[2018.05.09-14.04.51:869][  0]LogOcInput: OculusInput pre-init called
[2018.05.09-14.04.51:870][  0]LogHMD: Starting GearVRController plugin
[2018.05.09-14.04.51:929][  0]LogContentStreaming: Texture pool size now 1000 MB
[2018.05.09-14.04.52:147][  1]LogAssetRegistry: Asset discovery search completed in 39.4825 seconds
[2018.05.09-14.04.52:150][  1]LogCollectionManager: Rebuilt the object cache for 0 collections in 0.000001 seconds (found 0 objects)
[2018.05.09-14.04.52:150][  1]LogCollectionManager: Fixed up redirectors for 0 collections in 0.000047 seconds (updated 0 objects)
[2018.05.09-14.05.02:058][ 92]LogStreaming:Warning: Failed to open ANSI TEXT file E:/FMP/Fuse/Saved/HardwareSurvey/dxdiag.txt
[2018.05.09-14.05.02:084][ 93]LogWindows:Warning: FWindowsPlatformSurvey::TickSurveyHardware() failed to parse available memory from dxdiag report
[2018.05.09-14.05.02:114][ 93]LogSynthBenchmark:Display: FSynthBenchmark (V0.95):  requested WorkScale=5.00
[2018.05.09-14.05.02:114][ 93]LogSynthBenchmark:Display: ===============
[2018.05.09-14.05.02:114][ 93]LogSynthBenchmark:Display: Main Processor:
[2018.05.09-14.05.02:323][ 93]LogSynthBenchmark:Display:          ... 0.023021 s/Run 'RayIntersect'
[2018.05.09-14.05.02:323][ 93]LogSynthBenchmark:Display:          ... 0.018865 s/Run 'Fractal'
[2018.05.09-14.05.02:323][ 93]LogSynthBenchmark:Display: 
[2018.05.09-14.05.02:323][ 93]LogSynthBenchmark:Display:   CompiledTarget_x_Bits: 64
[2018.05.09-14.05.02:323][ 93]LogSynthBenchmark:Display:   UE_BUILD_SHIPPING: 0
[2018.05.09-14.05.02:323][ 93]LogSynthBenchmark:Display:   UE_BUILD_TEST: 0
[2018.05.09-14.05.02:323][ 93]LogSynthBenchmark:Display:   UE_BUILD_DEBUG: 0
[2018.05.09-14.05.02:323][ 93]LogSynthBenchmark:Display:   TotalPhysicalGBRam: 16
[2018.05.09-14.05.02:323][ 93]LogSynthBenchmark:Display:   NumberOfCores (physical): 4
[2018.05.09-14.05.02:323][ 93]LogSynthBenchmark:Display:   NumberOfCores (logical): 8
[2018.05.09-14.05.02:323][ 93]LogSynthBenchmark:Display:   CPU Perf Index 0: 111.2 (weight 1.00)
[2018.05.09-14.05.02:323][ 93]LogSynthBenchmark:Display:   CPU Perf Index 1: 151.6 (weight 1.50)
[2018.05.09-14.05.02:323][ 93]LogSynthBenchmark:Display:  
[2018.05.09-14.05.02:323][ 93]LogSynthBenchmark:Display: Graphics:
[2018.05.09-14.05.02:323][ 93]LogSynthBenchmark:Display:   Adapter Name: 'NVIDIA Quadro K2200'
[2018.05.09-14.05.02:323][ 93]LogSynthBenchmark:Display:   (On Optimus the name might be wrong, memory should be ok)
[2018.05.09-14.05.02:323][ 93]LogSynthBenchmark:Display:   Vendor Id: 0x10DE
[2018.05.09-14.05.02:323][ 93]LogSynthBenchmark:Display:   Device Id: 0x13BA
[2018.05.09-14.05.02:323][ 93]LogSynthBenchmark:Display:   Device Revision: 0xA2
[2018.05.09-14.05.02:323][ 93]LogSynthBenchmark:Display:   GPU Memory: 4063/0/8153 MB
[2018.05.09-14.05.02:409][ 93]LogSynthBenchmark:Display:   GPU first test: 0.03s
[2018.05.09-14.05.02:409][ 93]LogSynthBenchmark:Display:          ... 2.734 s/GigaPix, Confidence=100% 'ALUHeavyNoise' (likely to be very inaccurate)
[2018.05.09-14.05.02:409][ 93]LogSynthBenchmark:Display:          ... 2.377 s/GigaPix, Confidence=100% 'TexHeavy' (likely to be very inaccurate)
[2018.05.09-14.05.02:409][ 93]LogSynthBenchmark:Display:          ... 2.091 s/GigaPix, Confidence=100% 'DepTexHeavy' (likely to be very inaccurate)
[2018.05.09-14.05.02:409][ 93]LogSynthBenchmark:Display:          ... 11.060 s/GigaPix, Confidence=100% 'FillOnly' (likely to be very inaccurate)
[2018.05.09-14.05.02:409][ 93]LogSynthBenchmark:Display:          ... 0.385 s/GigaPix, Confidence=100% 'Bandwidth' (likely to be very inaccurate)
[2018.05.09-14.05.02:409][ 93]LogSynthBenchmark:Display:          ... 2.447 s/GigaVert, Confidence=100% 'VertThroughPut1' (likely to be very inaccurate)
[2018.05.09-14.05.02:409][ 93]LogSynthBenchmark:Display:          ... 1.512 s/GigaVert, Confidence=100% 'VertThroughPut2' (likely to be very inaccurate)
[2018.05.09-14.05.02:727][ 93]LogSynthBenchmark:Display:   GPU second test: 0.27s
[2018.05.09-14.05.02:727][ 93]LogSynthBenchmark:Display:          ... 3.243 s/GigaPix, Confidence=100% 'ALUHeavyNoise' (likely to be inaccurate)
[2018.05.09-14.05.02:727][ 93]LogSynthBenchmark:Display:          ... 2.680 s/GigaPix, Confidence=100% 'TexHeavy' (likely to be inaccurate)
[2018.05.09-14.05.02:727][ 93]LogSynthBenchmark:Display:          ... 2.568 s/GigaPix, Confidence=100% 'DepTexHeavy' (likely to be inaccurate)
[2018.05.09-14.05.02:727][ 93]LogSynthBenchmark:Display:          ... 13.740 s/GigaPix, Confidence=100% 'FillOnly' (likely to be inaccurate)
[2018.05.09-14.05.02:727][ 93]LogSynthBenchmark:Display:          ... 0.404 s/GigaPix, Confidence=100% 'Bandwidth' (likely to be inaccurate)
[2018.05.09-14.05.02:727][ 93]LogSynthBenchmark:Display:          ... 1.758 s/GigaVert, Confidence=100% 'VertThroughPut1' (likely to be inaccurate)
[2018.05.09-14.05.02:727][ 93]LogSynthBenchmark:Display:          ... 1.338 s/GigaVert, Confidence=100% 'VertThroughPut2' (likely to be inaccurate)
[2018.05.09-14.05.02:727][ 93]LogSynthBenchmark:Display:   GPU Final Results:
[2018.05.09-14.05.02:727][ 93]LogSynthBenchmark:Display:          ... 3.243 s/GigaPix, Confidence=100% 'ALUHeavyNoise'
[2018.05.09-14.05.02:727][ 93]LogSynthBenchmark:Display:          ... 2.680 s/GigaPix, Confidence=100% 'TexHeavy'
[2018.05.09-14.05.02:727][ 93]LogSynthBenchmark:Display:          ... 2.568 s/GigaPix, Confidence=100% 'DepTexHeavy'
[2018.05.09-14.05.02:727][ 93]LogSynthBenchmark:Display:          ... 13.740 s/GigaPix, Confidence=100% 'FillOnly'
[2018.05.09-14.05.02:727][ 93]LogSynthBenchmark:Display:          ... 0.404 s/GigaPix, Confidence=100% 'Bandwidth'
[2018.05.09-14.05.02:727][ 93]LogSynthBenchmark:Display:          ... 1.758 s/GigaVert, Confidence=100% 'VertThroughPut1'
[2018.05.09-14.05.02:727][ 93]LogSynthBenchmark:Display:          ... 1.338 s/GigaVert, Confidence=100% 'VertThroughPut2'
[2018.05.09-14.05.02:727][ 93]LogSynthBenchmark:Display: 
[2018.05.09-14.05.02:727][ 93]LogSynthBenchmark:Display:   GPU Perf Index 0: 70.5 (weight 1.00)
[2018.05.09-14.05.02:727][ 93]LogSynthBenchmark:Display:   GPU Perf Index 1: 36.0 (weight 0.10)
[2018.05.09-14.05.02:727][ 93]LogSynthBenchmark:Display:   GPU Perf Index 2: 66.8 (weight 0.10)
[2018.05.09-14.05.02:727][ 93]LogSynthBenchmark:Display:   GPU Perf Index 3: 54.0 (weight 3.00)
[2018.05.09-14.05.02:727][ 93]LogSynthBenchmark:Display:   GPU Perf Index 4: 37.7 (weight 1.00)
[2018.05.09-14.05.02:727][ 93]LogSynthBenchmark:Display:   GPU Perf Index 5: 114.4 (weight 0.00)
[2018.05.09-14.05.02:727][ 93]LogSynthBenchmark:Display:   GPU Perf Index 6: 75.7 (weight 0.00)
[2018.05.09-14.05.02:727][ 93]LogSynthBenchmark:Display:   CPUIndex: 135.5
[2018.05.09-14.05.02:727][ 93]LogSynthBenchmark:Display:   GPUIndex: 53.9
[2018.05.09-14.05.02:727][ 93]LogSynthBenchmark:Display: 
[2018.05.09-14.05.02:727][ 93]LogSynthBenchmark:Display:          ... Total Time: 0.612930 sec
