Log file open, 07/05/18 15:29:14
LogInit:Display: Running engine for game: RPG_Game
LogPlatformFile: Not using cached read wrapper
LogInit:Display: RandInit(195948129) SRandInit(195948129).
LogTaskGraph: Started task graph with 5 named threads and 8 total threads with 1 sets of task threads.
LogStats: Stats thread started at 0.118582
LogInit: Using libcurl 7.47.1
LogInit:  - built for x86_64-pc-win32
LogInit:  - supports SSL with OpenSSL/1.0.2g
LogInit:  - supports HTTP deflate (compression) using libz 1.2.8
LogInit:  - other features:
LogInit:      CURL_VERSION_SSL
LogInit:      CURL_VERSION_LIBZ
LogInit:      CURL_VERSION_IPV6
LogInit:      CURL_VERSION_ASYNCHDNS
LogInit:      CURL_VERSION_LARGEFILE
LogInit:      CURL_VERSION_IDN
LogInit:  CurlRequestOptions (configurable via config and command line):
LogInit:  - bVerifyPeer = false  - Libcurl will NOT verify peer certificate
LogInit:  - bUseHttpProxy = false  - Libcurl will NOT use HTTP proxy
LogInit:  - bDontReuseConnections = false  - Libcurl will reuse connections
LogInit:  - CertBundlePath = nullptr  - Libcurl will use whatever was configured at build time.
LogInit: Build: ++UE4+Release-4.16-CL-3561208
LogInit: Engine Version: 4.16.3-3561208+++UE4+Release-4.16
LogInit: Compatible Engine Version: 4.16.0-3452394+++UE4+Release-4.16
LogInit: Net CL: 3452394
LogDevObjectVersion: Number of dev versions registered: 16
LogDevObjectVersion:   Dev-Blueprints (B0D832E4-1F89-4F0D-ACCF-7EB736FD4AA2): 9
LogDevObjectVersion:   Dev-Build (E1C64328-A22C-4D53-A36C-8E866417BD8C): 0
LogDevObjectVersion:   Dev-Core (375EC13C-06E4-48FB-B500-84F0262A717E): 2
LogDevObjectVersion:   Dev-Editor (E4B068ED-F494-42E9-A231-DA0B2E46BB41): 17
LogDevObjectVersion:   Dev-Framework (CFFC743F-43B0-4480-9391-14DF171D2073): 23
LogDevObjectVersion:   Dev-Mobile (B02B49B5-BB20-44E9-A304-32B752E40360): 0
LogDevObjectVersion:   Dev-Networking (A4E4105C-59A1-49B5-A7C5-40C4547EDFEE): 0
LogDevObjectVersion:   Dev-Online (39C831C9-5AE6-47DC-9A44-9C173E1C8E7C): 0
LogDevObjectVersion:   Dev-Physics (78F01B33-EBEA-4F98-B9B4-84EACCB95AA2): 0
LogDevObjectVersion:   Dev-Platform (6631380F-2D4D-43E0-8009-CF276956A95A): 0
LogDevObjectVersion:   Dev-Rendering (12F88B9F-8875-4AFC-A67C-D90C383ABD29): 15
LogDevObjectVersion:   Dev-Sequencer (7B5AE74C-D270-4C10-A958-57980B212A5A): 4
LogDevObjectVersion:   Dev-VR (D7296918-1DD6-4BDD-9DE2-64A83CC13884): 0
LogDevObjectVersion:   Dev-LoadTimes (C2A15278-BFE7-4AFE-6C17-90FF531DF755): 1
LogDevObjectVersion:   Private-Geometry (6EACA3D4-40EC-4CC1-B786-8BED09428FC5): 1
LogDevObjectVersion:   Dev-AnimPhys (29E575DD-E0A3-4627-9D10-D276232CDCEA): 3
LogInit: Compiled (64-bit): Jul 28 2017 11:49:47
LogInit: Compiled with Visual C++: 19.00.24215.01
LogInit: Build Configuration: Development
LogInit: Branch Name: ++UE4+Release-4.16
LogInit: Command line:  
LogInit: Base directory: C:/Program Files/Epic Games/UE_4.16/Engine/Binaries/Win64/
LogInit: Installed Engine Build: 1
LogInit: Presizing for max 8388607 objects, including 0 objects not considered by GC, pre-allocating 0 bytes for permanent pool.
LogInit: Object subsystem initialized
[2018.07.05-14.29.18:266][  0]LogInit: Selected Device Profile: [Windows]
[2018.07.05-14.29.18:266][  0]LogInit: Applying CVar settings loaded from the selected device profile: [Windows]
[2018.07.05-14.29.18:527][  0]LogInit: Computer: HB02-05
[2018.07.05-14.29.18:527][  0]LogInit: User: joshcontreras
[2018.07.05-14.29.18:527][  0]LogInit: CPU Page size=4096, Cores=4
[2018.07.05-14.29.18:527][  0]LogInit: High frequency timer resolution =3.507500 MHz
[2018.07.05-14.29.18:564][  0]LogMemory: Memory total: Physical=15.8GB (16GB approx)
[2018.07.05-14.29.18:564][  0]LogMemory: Platform Memory Stats for Windows
[2018.07.05-14.29.18:564][  0]LogMemory: Process Physical Memory: 274.27 MB used, 274.27 MB peak
[2018.07.05-14.29.18:565][  0]LogMemory: Process Virtual Memory: 261.63 MB used, 261.63 MB peak
[2018.07.05-14.29.18:565][  0]LogMemory: Physical Memory: 4045.61 MB used,  12091.16 MB free, 16136.77 MB total
[2018.07.05-14.29.18:565][  0]LogMemory: Virtual Memory: 640.39 MB used,  12091.16 MB free, 134217728.00 MB total
[2018.07.05-14.29.22:144][  0]LogInit: Using OS detected language (en-US).
[2018.07.05-14.29.22:144][  0]LogInit: Using OS detected locale (en-GB).
[2018.07.05-14.29.22:808][  0]LogTextLocalizationManager: No specific localization for 'en-US' exists, so the 'en' localization will be used.
[2018.07.05-14.29.30:502][  0]LogD3D11RHI: D3D11 adapters:
[2018.07.05-14.29.30:720][  0]LogD3D11RHI:    0. 'NVIDIA Quadro K2200' (Feature Level 11_0)
[2018.07.05-14.29.30:720][  0]LogD3D11RHI:       4062/0/8068 MB DedicatedVideo/DedicatedSystem/SharedSystem, Outputs:1, VendorId:0x10de
[2018.07.05-14.29.30:721][  0]LogD3D11RHI:    1. 'Microsoft Basic Render Driver' (Feature Level 11_0)
[2018.07.05-14.29.30:721][  0]LogD3D11RHI:       0/0/8068 MB DedicatedVideo/DedicatedSystem/SharedSystem, Outputs:0, VendorId:0x1414
[2018.07.05-14.29.30:721][  0]LogD3D11RHI: Chosen D3D11 Adapter: 0
[2018.07.05-14.29.30:790][  0]LogD3D11RHI: Creating new Direct3DDevice
[2018.07.05-14.29.30:790][  0]LogD3D11RHI:     GPU DeviceId: 0x13ba (for the marketing name, search the web for "GPU Device Id")
[2018.07.05-14.29.30:790][  0]LogWindows: EnumDisplayDevices:
[2018.07.05-14.29.30:791][  0]LogWindows:    0. 'NVIDIA Quadro K2200' (P:1 D:1)
[2018.07.05-14.29.30:792][  0]LogWindows:    1. 'NVIDIA Quadro K2200' (P:0 D:0)
[2018.07.05-14.29.30:792][  0]LogWindows:    2. 'NVIDIA Quadro K2200' (P:0 D:0)
[2018.07.05-14.29.30:793][  0]LogWindows:    3. 'NVIDIA Quadro K2200' (P:0 D:0)
[2018.07.05-14.29.30:794][  0]LogWindows: DebugString: FoundDriverCount:4 
[2018.07.05-14.29.30:794][  0]LogD3D11RHI:     Adapter Name: NVIDIA Quadro K2200
[2018.07.05-14.29.30:794][  0]LogD3D11RHI:   Driver Version: 385.69 (internal:22.21.13.8569, unified:385.69)
[2018.07.05-14.29.30:794][  0]LogD3D11RHI:      Driver Date: 9-16-2017
[2018.07.05-14.29.30:794][  0]LogRHI: Texture pool is 1361 MB (70% of 1945 MB)
[2018.07.05-14.29.31:006][  0]LogD3D11RHI: Async texture creation enabled
[2018.07.05-14.29.32:162][  0]LogD3D11RHI: GPU Timing Frequency: 1000.000000 (Debug: 2 1)
[2018.07.05-14.29.32:636][  0]LogShaderCompilers: Guid format shader working directory is -4 characters bigger than the processId version (../../../../../../Users/josh.contreras/Desktop/Fuse-master/Intermediate/Shaders/WorkingDirectory/10228/).
[2018.07.05-14.29.32:636][  0]LogShaderCompilers: Cleaned the shader compiler working directory 'C:/Users/josh.contreras/AppData/Local/Temp/UnrealShaderWorkingDir/9D2619864C9B1E87877045BFF945F21C/'.
[2018.07.05-14.29.32:657][  0]LogShaderCompilers:Display: Using Local Shader Compiler.
[2018.07.05-14.29.47:764][  0]LogTemp:Display: Loaded TP AllDesktopTargetPlatform
[2018.07.05-14.29.47:873][  0]LogTemp:Display: Loaded TP MacClientTargetPlatform
[2018.07.05-14.29.47:926][  0]LogTemp:Display: Loaded TP MacNoEditorTargetPlatform
[2018.07.05-14.29.47:997][  0]LogTemp:Display: Loaded TP MacServerTargetPlatform
[2018.07.05-14.29.48:322][  0]LogTemp:Display: Loaded TP MacTargetPlatform
[2018.07.05-14.29.48:421][  0]LogTemp:Display: Loaded TP WindowsClientTargetPlatform
[2018.07.05-14.29.48:473][  0]LogTemp:Display: Loaded TP WindowsNoEditorTargetPlatform
[2018.07.05-14.29.48:576][  0]LogTemp:Display: Loaded TP WindowsServerTargetPlatform
[2018.07.05-14.29.48:662][  0]LogTemp:Display: Loaded TP WindowsTargetPlatform
[2018.07.05-14.29.48:870][  0]LogTemp:Display: Loaded TP AndroidTargetPlatform
[2018.07.05-14.29.49:014][  0]LogTemp:Display: Loaded TP Android_ASTCTargetPlatform
[2018.07.05-14.29.49:121][  0]LogTemp:Display: Loaded TP Android_ATCTargetPlatform
[2018.07.05-14.29.49:242][  0]LogTemp:Display: Loaded TP Android_DXTTargetPlatform
[2018.07.05-14.29.49:347][  0]LogTemp:Display: Loaded TP Android_ETC1TargetPlatform
[2018.07.05-14.29.49:420][  0]LogTemp:Display: Loaded TP Android_ETC2TargetPlatform
[2018.07.05-14.29.49:686][  0]LogTemp:Display: Loaded TP Android_MultiTargetPlatform
[2018.07.05-14.29.49:686][  0]LogTemp:Display: Loaded TP Android_PVRTCTargetPlatform
[2018.07.05-14.29.49:758][  0]LogTemp:Display: Loaded TP HTML5TargetPlatform
[2018.07.05-14.29.50:426][  0]LogTemp:Display: Loaded TP IOSTargetPlatform
[2018.07.05-14.29.50:454][  0]LogTemp:Display: Loaded TP TVOSTargetPlatform
[2018.07.05-14.29.50:607][  0]LogTemp:Display: Loaded TP LinuxClientTargetPlatform
[2018.07.05-14.29.50:851][  0]LogTemp:Display: Loaded TP LinuxNoEditorTargetPlatform
[2018.07.05-14.29.50:968][  0]LogTemp:Display: Loaded TP LinuxServerTargetPlatform
[2018.07.05-14.29.51:130][  0]LogTemp:Display: Loaded TP LinuxTargetPlatform
[2018.07.05-14.29.51:130][  0]LogTargetPlatformManager:Display: Building Assets For Windows
[2018.07.05-14.29.57:651][  0]LogDerivedDataCache:Display: Max Cache Size: 512 MB
[2018.07.05-14.29.57:651][  0]LogDerivedDataCache:Display: Starting with empty Boot cache
[2018.07.05-14.29.57:651][  0]LogDerivedDataCache: FDerivedDataBackendGraph:  Pak pak cache file ../../../../../../Users/josh.contreras/Desktop/Fuse-master/DerivedDataCache/DDC.ddp not found, will not use a pak cache.
[2018.07.05-14.29.57:651][  0]LogDerivedDataCache: Unable to find inner node Pak for hierarchical cache Hierarchy.
[2018.07.05-14.29.57:652][  0]LogDerivedDataCache: FDerivedDataBackendGraph:  CompressedPak pak cache file ../../../../../../Users/josh.contreras/Desktop/Fuse-master/DerivedDataCache/Compressed.ddp not found, will not use a pak cache.
[2018.07.05-14.29.57:652][  0]LogDerivedDataCache: Unable to find inner node CompressedPak for hierarchical cache Hierarchy.
[2018.07.05-14.29.57:918][  0]LogDerivedDataCache:Display: Pak cache opened for reading ../../../Engine/DerivedDataCache/Compressed.ddp.
[2018.07.05-14.29.57:930][  0]LogDerivedDataCache: Using Local data cache path C:/Users/josh.contreras/AppData/Local/UnrealEngine/Common/DerivedDataCache: Writable
[2018.07.05-14.29.58:671][  0]LogMaterial: Verifying Global Shaders for PCD3D_SM5
[2018.07.05-14.29.58:941][  0]LogSlate: Using Freetype 2.6.0
[2018.07.05-14.29.59:186][  0]LogSlate: SlateFontCache - WITH_FREETYPE: 1, WITH_HARFBUZZ: 1
[2018.07.05-14.29.59:186][  0]LogSlate: SlateFontCache - WITH_FREETYPE: 1, WITH_HARFBUZZ: 1
[2018.07.05-14.30.31:251][  0]LogInit: Selected Device Profile: [Windows]
[2018.07.05-14.30.35:437][  0]LogContentStreaming: Texture pool size is 0.00 MB
[2018.07.05-14.30.37:849][  0]LogMeshUtilities: Using QuadricMeshReduction for automatic static mesh reduction
[2018.07.05-14.30.38:329][  0]LogSimplygon: Simplygon DLL not present - disabling.
[2018.07.05-14.30.38:495][  0]LogMeshUtilities: Using SimplygonSwarm for distributed automatic mesh merging
[2018.07.05-14.30.38:495][  0]LogMeshUtilities: No automatic skeletal mesh reduction module available
[2018.07.05-14.30.38:495][  0]LogMeshUtilities: No automatic mesh merging module available
[2018.07.05-14.30.59:368][  0]LogNetVersion: RPG_Game , NetCL: 3452394, EngineNetVer: 2, GameNetVer: 0 (Checksum: 2586067795)
[2018.07.05-14.31.00:638][  0]LogAssetRegistry: FAssetRegistry took 0.1227 seconds to start up
[2018.07.05-14.31.00:986][  0]LogPackageLocalizationCache: Processed 4 localized package path(s) for 2 prioritized culture(s) in 0.226651 seconds
[2018.07.05-14.31.01:122][  0]LogUObjectArray: 34194 objects as part of root set at end of initial load.
[2018.07.05-14.31.01:122][  0]LogUObjectAllocator: 7260424 out of 0 bytes used by permanent object pool.
[2018.07.05-14.31.01:122][  0]LogUObjectArray: CloseDisregardForGC: 0/0 objects in disregard for GC pool
[2018.07.05-14.31.01:228][  0]LogInit: WinSock: version 1.1 (2.2), MaxSocks=32767, MaxUdp=65467
[2018.07.05-14.31.52:597][  0]LogTcpMessaging: Initializing TcpMessaging bridge
[2018.07.05-14.31.52:741][  0]LogUdpMessaging: Initializing bridge on interface 0.0.0.0:0 to multicast group 230.0.0.1:6666.
[2018.07.05-14.31.56:936][  0]LogMaterial: Uniform references updated for custom material expression Custom.
[2018.07.05-14.31.59:795][  0]SourceControl: Info Source control is disabled
[2018.07.05-14.32.04:064][  0]LogAndroidPermission: UAndroidPermissionCallbackProxy::GetInstance
[2018.07.05-14.32.07:103][  0]LogEngine: Initializing Engine...
[2018.07.05-14.32.07:192][  0]LogHMD: Failed to initialize OpenVR with code 110
[2018.07.05-14.32.10:690][  0]LogStats: UGameplayTagsManager::ConstructGameplayTagTree: Construct from data asset -  0.000 s
[2018.07.05-14.32.10:762][  0]LogStats: UGameplayTagsManager::ConstructGameplayTagTree: GameplayTagTreeChangedEvent.Broadcast -  0.033 s
[2018.07.05-14.32.12:324][  0]LogAIModule: Creating AISystem for world Untitled
[2018.07.05-14.32.12:579][  0]LogInit: XAudio2 using 'Speakers (Realtek High Definition Audio)' : 2 channels at 48 kHz using 32 bits per sample (channel mask 0x3)
[2018.07.05-14.32.12:771][  0]LogInit: FAudioDevice initialized.
[2018.07.05-14.32.12:827][  0]LogDerivedDataCache: Saved boot cache 0.06s 90MB C:/Users/josh.contreras/AppData/Local/UnrealEngine/4.16/DerivedDataCache/Boot.ddc.
[2018.07.05-14.32.13:223][  0]LogInit: Texture streaming: Enabled
[2018.07.05-14.32.15:097][  0]LogEngineSessionManager: EngineSessionManager initialized
[2018.07.05-14.32.17:658][  0]LogInit: Transaction tracking system initialized
[2018.07.05-14.32.22:461][  0]BlueprintLog: New page: Editor Load
[2018.07.05-14.32.32:372][  0]LocalizationService: Info Localization service is disabled
[2018.07.05-14.32.35:623][  0]LogConsoleResponse:Display: 
[2018.07.05-14.32.38:600][  0]LogFileCache: Scanning file cache for directory 'C:/Users/josh.contreras/Desktop/Fuse-master/Content/' took 0.03s
[2018.07.05-14.32.38:600][  0]LogCook:Display: Max memory allowance for cook 16384mb min free memory 0mb
[2018.07.05-14.32.38:600][  0]LogCook:Display: Mobile HDR setting 1
[2018.07.05-14.32.42:671][  0]Cmd: MAP LOAD FILE="../../../../../../Users/josh.contreras/Desktop/Fuse-master/Content/Maps/RiverDale.umap" TEMPLATE=0 SHOWPROGRESS=1 FEATURELEVEL=3
[2018.07.05-14.32.42:680][  0]LightingResults: New page: Lighting Build
[2018.07.05-14.32.42:936][  0]MapCheck: New page: Map Check
[2018.07.05-14.32.42:936][  0]LightingResults: New page: Lighting Build
[2018.07.05-14.32.45:078][  0]LogStaticMesh: Building static mesh PowerCube...
[2018.07.05-14.32.45:132][  0]LogStaticMesh: Built static mesh [0.06s] /Game/Assets/IndoorMeshes/PowerCube.PowerCube
[2018.07.05-14.32.45:170][  0]LogMaterial: Missing cached shader map for material M_Floor, compiling. 
[2018.07.05-14.32.45:361][  0]LogTexture:Display: Building textures: Concreate (AutoDXT, 1024X1024)
[2018.07.05-14.32.46:109][  0]LogMaterial: Missing cached shader map for material M_Foundation1, compiling. 
[2018.07.05-14.32.46:136][  0]LogMaterial: Missing cached shader map for material Rock, compiling. 
[2018.07.05-14.32.46:156][  0]LogStaticMesh: Building static mesh Button_Push...
[2018.07.05-14.32.46:157][  0]LogStaticMesh: Built static mesh [0.00s] /Game/Assets/PressurePad/Button_Push.Button_Push
[2018.07.05-14.32.46:221][  0]LogMaterial: Missing cached shader map for material Glass, compiling. 
[2018.07.05-14.32.46:455][  0]LogTexture:Display: Building textures: HQ_Lightmap0_8 (AutoDXT, 1024X1024)
[2018.07.05-14.32.46:792][  0]LogTexture:Display: Building textures: HQ_Lightmap0_9 (AutoDXT, 64X64)
[2018.07.05-14.32.46:812][  0]LogTexture:Display: Building textures: HQ_Lightmap1_1 (AutoDXT, 1024X1024)
[2018.07.05-14.32.47:062][  0]LogTexture:Display: Building textures: HQ_Lightmap1_2 (AutoDXT, 1024X1024)
[2018.07.05-14.32.47:446][  0]LogTexture:Display: Building textures: HQ_Lightmap1_3 (AutoDXT, 1024X1024)
[2018.07.05-14.32.47:822][  0]LogTexture:Display: Building textures: HQ_Lightmap1_4 (AutoDXT, 128X128)
[2018.07.05-14.32.47:839][  0]LogTexture:Display: Building textures: HQ_Lightmap1_5 (AutoDXT, 256X256)
[2018.07.05-14.32.47:922][  0]LogTexture:Display: Building textures: HQ_Lightmap1_6 (AutoDXT, 1024X1024)
[2018.07.05-14.32.48:223][  0]LogTexture:Display: Building textures: HQ_Lightmap1_7 (AutoDXT, 512X512)
[2018.07.05-14.32.48:339][  0]LogTexture:Display: Building textures: LQ_Lightmap_0_8 (DXT1, 1024X1024)
[2018.07.05-14.32.48:632][  0]LogTexture:Display: Building textures: LQ_Lightmap_0_9 (DXT1, 64X64)
[2018.07.05-14.32.48:655][  0]LogTexture:Display: Building textures: LQ_Lightmap_1_1 (DXT1, 1024X1024)
[2018.07.05-14.32.48:779][  0]LogTexture:Display: Building textures: LQ_Lightmap_1_2 (DXT1, 1024X1024)
[2018.07.05-14.32.49:066][  0]LogTexture:Display: Building textures: LQ_Lightmap_1_3 (DXT1, 1024X1024)
[2018.07.05-14.32.49:372][  0]LogTexture:Display: Building textures: LQ_Lightmap_1_4 (DXT1, 128X128)
[2018.07.05-14.32.49:384][  0]LogTexture:Display: Building textures: LQ_Lightmap_1_5 (DXT1, 256X256)
[2018.07.05-14.32.49:427][  0]LogTexture:Display: Building textures: LQ_Lightmap_1_6 (DXT1, 1024X1024)
[2018.07.05-14.32.49:633][  0]LogTexture:Display: Building textures: LQ_Lightmap_1_7 (DXT1, 512X512)
[2018.07.05-14.32.49:719][  0]LogTexture:Display: Building textures: SkyOcclusion0_8 (AutoDXT, 1024X512)
[2018.07.05-14.32.49:822][  0]LogTexture:Display: Building textures: SkyOcclusion0_9 (AutoDXT, 64X32)
[2018.07.05-14.32.49:833][  0]LogTexture:Display: Building textures: SkyOcclusion1_1 (AutoDXT, 1024X512)
[2018.07.05-14.32.49:937][  0]LogTexture:Display: Building textures: SkyOcclusion1_2 (AutoDXT, 1024X512)
[2018.07.05-14.32.50:046][  0]LogTexture:Display: Building textures: SkyOcclusion1_3 (AutoDXT, 1024X512)
[2018.07.05-14.32.50:181][  0]LogTexture:Display: Building textures: SkyOcclusion1_4 (AutoDXT, 128X64)
[2018.07.05-14.32.50:191][  0]LogTexture:Display: Building textures: SkyOcclusion1_5 (AutoDXT, 256X128)
[2018.07.05-14.32.50:228][  0]LogTexture:Display: Building textures: SkyOcclusion1_6 (AutoDXT, 1024X512)
[2018.07.05-14.32.50:296][  0]LogTexture:Display: Building textures: SkyOcclusion1_7 (AutoDXT, 512X256)
[2018.07.05-14.32.50:320][  0]LogTexture:Display: Building textures: ShadowMapTexture2D_2 (BGRA8, 512X512)
[2018.07.05-14.32.50:341][  0]LogTexture:Display: Building textures: ShadowMapTexture2D_3 (BGRA8, 1024X512)
[2018.07.05-14.32.50:457][  0]LogStaticMesh: Building static mesh LaunchPad...
[2018.07.05-14.32.50:472][  0]LogStaticMesh: Built static mesh [0.01s] /Game/Assets/LaunchPad/Model/LaunchPad.LaunchPad
[2018.07.05-14.32.50:638][  0]LogStaticMesh: Building static mesh F_Frame_01...
[2018.07.05-14.32.50:646][  0]LogStaticMesh: Built static mesh [0.01s] /Game/Assets/IndoorMeshes/F_Frame_01.F_Frame_01
[2018.07.05-14.32.50:647][  0]LogStaticMesh: Building static mesh F_Frame_02...
[2018.07.05-14.32.50:649][  0]LogStaticMesh: Built static mesh [0.00s] /Game/Assets/IndoorMeshes/F_Frame_02.F_Frame_02
[2018.07.05-14.32.50:650][  0]LogStaticMesh: Building static mesh bridge...
[2018.07.05-14.32.50:678][  0]LogStaticMesh: Built static mesh [0.03s] /Game/Assets/Bridge/bridge.bridge
[2018.07.05-14.32.50:682][  0]LogStaticMesh: Building static mesh Bucket...
[2018.07.05-14.32.50:683][  0]LogMeshUtilities: Invalid vertex normals found for mesh. Forcing recomputation of vertex normals for MikkTSpace. Fix mesh or disable "Use MikkTSpace Tangent Space" to avoid forced recomputation of normals.
[2018.07.05-14.32.50:709][  0]LogStaticMesh: Built static mesh [0.03s] /Game/Assets/Misc_Objects/Bucket/Bucket.Bucket
[2018.07.05-14.32.50:710][  0]LogStaticMesh: Building static mesh Cabinet_02...
[2018.07.05-14.32.50:727][  0]LogStaticMesh: Built static mesh [0.02s] /Game/Assets/IndoorMeshes/Cabinet_02.Cabinet_02
[2018.07.05-14.32.50:728][  0]LogStaticMesh: Building static mesh Cabinet_03...
[2018.07.05-14.32.50:745][  0]LogStaticMesh: Built static mesh [0.02s] /Game/Assets/IndoorMeshes/Cabinet_03.Cabinet_03
[2018.07.05-14.32.50:746][  0]LogStaticMesh: Building static mesh Ceiling_Lights...
[2018.07.05-14.32.50:759][  0]LogStaticMesh: Built static mesh [0.01s] /Game/Assets/Lights/Ceiling_Lights.Ceiling_Lights
[2018.07.05-14.32.50:760][  0]LogStaticMesh: Building static mesh Curved_Stair_StaticMesh...
[2018.07.05-14.32.50:763][  0]LogMeshUtilities: Invalid vertex normals found for mesh. Forcing recomputation of vertex normals for MikkTSpace. Fix mesh or disable "Use MikkTSpace Tangent Space" to avoid forced recomputation of normals.
[2018.07.05-14.32.50:819][  0]LogStaticMesh: Built static mesh [0.06s] /Game/Assets/Stairs/Curved_Stair_StaticMesh.Curved_Stair_StaticMesh
[2018.07.05-14.32.50:820][  0]LogStaticMesh: Building static mesh Cylinder_Brush_StaticMesh...
[2018.07.05-14.32.50:821][  0]LogMeshUtilities: Invalid vertex normals found for mesh. Forcing recomputation of vertex normals for MikkTSpace. Fix mesh or disable "Use MikkTSpace Tangent Space" to avoid forced recomputation of normals.
[2018.07.05-14.32.50:838][  0]LogStaticMesh: Built static mesh [0.02s] /Game/Assets/IndoorMeshes/Cylinder_Brush_StaticMesh.Cylinder_Brush_StaticMesh
[2018.07.05-14.32.50:840][  0]LogStaticMesh: Building static mesh Electric_Sign...
[2018.07.05-14.32.50:843][  0]LogStaticMesh: Built static mesh [0.00s] /Game/Assets/Misc_Objects/Signs/Electric_Sign.Electric_Sign
[2018.07.05-14.32.50:844][  0]LogStaticMesh: Building static mesh Enviroment...
[2018.07.05-14.32.50:914][  0]LogStaticMesh: Built static mesh [0.07s] /Game/Assets/Enviroment/Enviroment.Enviroment
[2018.07.05-14.32.50:926][  0]LogStaticMesh: Building static mesh Fire_Extinguisher_1...
[2018.07.05-14.32.50:943][  0]LogStaticMesh: Built static mesh [0.02s] /Game/Assets/Misc_Objects/Fire_Extinguisher/Fire_Extinguisher_1.Fire_Extinguisher_1
[2018.07.05-14.32.50:945][  0]LogStaticMesh: Building static mesh Gas_Canister...
[2018.07.05-14.32.50:974][  0]LogStaticMesh: Built static mesh [0.03s] /Game/Assets/Misc_Objects/GasCanisters/Gas_Canister.Gas_Canister
[2018.07.05-14.32.50:977][  0]LogStaticMesh: Building static mesh Generator_2...
[2018.07.05-14.32.51:086][  0]LogStaticMesh: Built static mesh [0.11s] /Game/Assets/Misc_Objects/Generators/Generator_2.Generator_2
[2018.07.05-14.32.51:095][  0]LogStaticMesh: Building static mesh Hazard...
[2018.07.05-14.32.51:099][  0]LogStaticMesh: Built static mesh [0.00s] /Game/Assets/HazardLiquid/Hazard.Hazard
[2018.07.05-14.32.51:101][  0]LogStaticMesh: Building static mesh Lab_Coats...
[2018.07.05-14.32.51:165][  0]LogStaticMesh: Built static mesh [0.06s] /Game/Assets/Misc_Objects/LabCoats/Lab_Coats.Lab_Coats
[2018.07.05-14.32.51:170][  0]LogStaticMesh: Building static mesh Lift_PH...
[2018.07.05-14.32.51:170][  0]LogMeshUtilities: Invalid vertex normals found for mesh. Forcing recomputation of vertex normals for MikkTSpace. Fix mesh or disable "Use MikkTSpace Tangent Space" to avoid forced recomputation of normals.
[2018.07.05-14.32.51:172][  0]LogStaticMesh: Built static mesh [0.00s] /Game/Assets/Lift/Lift_PH.Lift_PH
[2018.07.05-14.32.51:172][  0]LogStaticMesh: Building static mesh liftRoomstairs...
[2018.07.05-14.32.51:173][  0]LogMeshUtilities: Invalid vertex normals found for mesh. Forcing recomputation of vertex normals for MikkTSpace. Fix mesh or disable "Use MikkTSpace Tangent Space" to avoid forced recomputation of normals.
[2018.07.05-14.32.51:208][  0]LogStaticMesh: Built static mesh [0.04s] /Game/Assets/Stairs/liftRoomstairs.liftRoomstairs
[2018.07.05-14.32.51:209][  0]LogStaticMesh: Building static mesh Linear_Stair_StaticMesh...
[2018.07.05-14.32.51:209][  0]LogMeshUtilities: Invalid vertex normals found for mesh. Forcing recomputation of vertex normals for MikkTSpace. Fix mesh or disable "Use MikkTSpace Tangent Space" to avoid forced recomputation of normals.
[2018.07.05-14.32.51:227][  0]LogStaticMesh: Built static mesh [0.02s] /Game/Assets/Stairs/Linear_Stair_StaticMesh.Linear_Stair_StaticMesh
[2018.07.05-14.32.51:246][  0]LogStaticMesh: Building static mesh pileofbricks...
[2018.07.05-14.32.51:262][  0]LogStaticMesh: Built static mesh [0.03s] /Game/Assets/Debris/pileofbricks.pileofbricks
[2018.07.05-14.32.51:263][  0]LogStaticMesh: Building static mesh platform...
[2018.07.05-14.32.51:286][  0]LogStaticMesh: Built static mesh [0.02s] /Game/Assets/Platform/platform.platform
[2018.07.05-14.32.51:287][  0]LogStaticMesh: Building static mesh Button_Base...
[2018.07.05-14.32.51:289][  0]LogStaticMesh: Built static mesh [0.00s] /Game/Assets/PressurePad/Button_Base.Button_Base
[2018.07.05-14.32.51:320][  0]LogStaticMesh: Building static mesh Volcano...
[2018.07.05-14.32.51:321][  0]LogMeshUtilities: Invalid vertex normals found for mesh. Forcing recomputation of vertex normals for MikkTSpace. Fix mesh or disable "Use MikkTSpace Tangent Space" to avoid forced recomputation of normals.
[2018.07.05-14.32.51:329][  0]LogStaticMesh: Built static mesh [0.04s] /Game/Assets/Volcano/Volcano.Volcano
[2018.07.05-14.32.51:410][  0]LogTexture:Display: Building textures: AO_LaunchPad_01 (AutoDXT, 2048X2048)
[2018.07.05-14.32.53:003][  0]LogTexture:Display: Building textures: Diffuse_LaunchPad (AutoDXT, 1024X1024)
[2018.07.05-14.32.53:224][  0]LogMaterial: Missing cached shader map for material LaunchPadMAT, compiling. 
[2018.07.05-14.32.53:243][  0]LogTexture:Display: Building textures: Return_To_Menu_Line (AutoDXT, 420X100)
[2018.07.05-14.32.53:252][  0]LogTexture:Display: Building textures: Return_To_Menu (AutoDXT, 420X100)
[2018.07.05-14.32.53:259][  0]LogTexture:Display: Building textures: Resume_Game_Line (AutoDXT, 420X100)
[2018.07.05-14.32.53:266][  0]LogTexture:Display: Building textures: Resume_Game (AutoDXT, 420X100)
[2018.07.05-14.32.53:294][  0]LogTexture:Display: Building textures: Background (AutoDXT, 1920X1080)
[2018.07.05-14.32.53:463][  0]LogTexture:Display: Building textures: Start_Line (AutoDXT, 420X100)
[2018.07.05-14.32.53:470][  0]LogTexture:Display: Building textures: Start (AutoDXT, 420X100)
[2018.07.05-14.32.53:477][  0]LogTexture:Display: Building textures: Settings_Line (AutoDXT, 420X100)
[2018.07.05-14.32.53:484][  0]LogTexture:Display: Building textures: Settings (AutoDXT, 420X100)
[2018.07.05-14.32.53:491][  0]LogTexture:Display: Building textures: Quit_Line (AutoDXT, 420X100)
[2018.07.05-14.32.53:498][  0]LogTexture:Display: Building textures: Quit (AutoDXT, 420X100)
[2018.07.05-14.32.53:505][  0]LogTexture:Display: Building textures: Controls_Line (AutoDXT, 420X100)
[2018.07.05-14.32.53:512][  0]LogTexture:Display: Building textures: Controls (AutoDXT, 420X100)
[2018.07.05-14.32.53:520][  0]LogTexture:Display: Building textures: Title (BGRA8, 360X179)
[2018.07.05-14.32.53:530][  0]LogTexture:Display: Building textures: Settings_Heading (BGRA8, 1920X71)
[2018.07.05-14.32.53:537][  0]LogTexture:Display: Building textures: Menu_Icon (BGRA8, 55X40)
[2018.07.05-14.32.53:541][  0]LogMaterial: Missing cached shader map for material M_Rock, compiling. 
[2018.07.05-14.32.53:570][  0]LogMaterial: Missing cached shader map for material M_Ground, compiling. 
[2018.07.05-14.32.53:602][  0]LogMaterial: Missing cached shader map for material stone, compiling. 
[2018.07.05-14.32.53:633][  0]LogMaterial: Missing cached shader map for material HazardLiquid, compiling. 
[2018.07.05-14.32.53:851][  0]LogMaterial: Missing cached shader map for material Base, compiling. 
[2018.07.05-14.32.54:038][  0]LogTexture:Display: Building textures: MainBackground (AutoDXT, 1920X1080)
[2018.07.05-14.32.55:854][  0]LogTexture:Display: Building textures: Controls_Background (AutoDXT, 1920X1080)
[2018.07.05-14.32.59:113][  0]LogTexture:Display: Building textures: Controls_Icons (BGRA8, 1694X612)
[2018.07.05-14.32.59:247][  0]LogTexture:Display: Building textures: Control_Heading (BGRA8, 1920X71)
[2018.07.05-14.32.59:328][  0]LogMaterial: Missing cached shader map for material lambert1, compiling. 
[2018.07.05-14.32.59:370][  0]LogMaterial: Missing cached shader map for material M_Bridge_03, compiling. 
[2018.07.05-14.32.59:400][  0]LogMaterial: Missing cached shader map for material M_Bridge_02, compiling. 
[2018.07.05-14.32.59:432][  0]LogMaterial: Missing cached shader map for material M_Bridge_01, compiling. 
[2018.07.05-14.32.59:462][  0]LogMaterial: Missing cached shader map for material M_Grey, compiling. 
[2018.07.05-14.32.59:556][  0]LogTexture:Display: Building textures: LightsTexture (AutoDXT, 1024X1024)
[2018.07.05-14.33.00:005][  0]LogMaterial: Missing cached shader map for material M_Metal, compiling. 
[2018.07.05-14.33.00:036][  0]LogMaterial: Missing cached shader map for material M_Glass, compiling. 
[2018.07.05-14.33.00:078][  0]LogMaterial: Missing cached shader map for material lambert1, compiling. 
[2018.07.05-14.33.00:111][  0]LogMaterial: Missing cached shader map for material lambert2, compiling. 
[2018.07.05-14.33.00:143][  0]LogMaterial: Missing cached shader map for material M_Blue, compiling. 
[2018.07.05-14.33.00:184][  0]LogMaterial: Missing cached shader map for material M_Black, compiling. 
[2018.07.05-14.33.00:231][  0]LogMaterial: Missing cached shader map for material lambert2, compiling. 
[2018.07.05-14.33.00:312][  0]LogMaterial: Missing cached shader map for material lambert1, compiling. 
[2018.07.05-14.33.00:335][  0]LogMaterial: Missing cached shader map for material M_Water, compiling. 
[2018.07.05-14.33.00:381][  0]LogTexture:Display: Building textures: Level_Complete (BGRA8, 438X138)
[2018.07.05-14.33.00:390][  0]LogTexture:Display: Building textures: Intro_Text (BGRA8, 1071X221)
[2018.07.05-14.33.00:407][  0]LogTexture:Display: Building textures: DeathText (BGRA8, 405X85)
[2018.07.05-14.33.00:413][  0]LogMaterial: Missing cached shader map for material M_VolcanoTop, compiling. 
[2018.07.05-14.33.00:444][  0]LogMaterial: Missing cached shader map for material M_VolcanoMain, compiling. 
[2018.07.05-14.33.00:475][  0]LogMaterial: Missing cached shader map for material Metal, compiling. 
[2018.07.05-14.33.00:502][  0]LogMaterial: Missing cached shader map for material wood, compiling. 
[2018.07.05-14.33.00:535][  0]LogTexture:Display: Building textures: Electric_Texture (AutoDXT, 1024X1024)
[2018.07.05-14.33.00:734][  0]LogMaterial: Missing cached shader map for material lambert4, compiling. 
[2018.07.05-14.33.00:767][  0]LogMaterial: Missing cached shader map for material M_White, compiling. 
[2018.07.05-14.33.00:797][  0]LogMaterial: Missing cached shader map for material lambert2, compiling. 
[2018.07.05-14.33.00:828][  0]LogMaterial: Missing cached shader map for material lambert1, compiling. 
[2018.07.05-14.33.00:857][  0]LogMaterial: Missing cached shader map for material lambert1, compiling. 
[2018.07.05-14.33.00:902][  0]LogMaterial: Missing cached shader map for material W_White, compiling. 
[2018.07.05-14.33.00:952][  0]LogMaterial: Missing cached shader map for material M_Red, compiling. 
[2018.07.05-14.33.01:001][  0]LogMaterial: Missing cached shader map for material M_Grey, compiling. 
[2018.07.05-14.33.01:047][  0]LogMaterial: Missing cached shader map for material M_Copper, compiling. 
[2018.07.05-14.33.01:091][  0]LogMaterial: Missing cached shader map for material M_Chrome, compiling. 
[2018.07.05-14.33.01:138][  0]LogAIModule: Creating AISystem for world RiverDale
[2018.07.05-14.33.01:710][  0]LogEditorServer: Finished looking for orphan Actors (0.000 secs)
[2018.07.05-14.33.01:842][  0]Cmd: MAP CHECKDEP NOCLEARLOG
[2018.07.05-14.33.01:939][  0]MapCheck: Info Map check complete: 0 Error(s), 0 Warning(s), took 91.471ms to complete.
[2018.07.05-14.33.01:939][  0]LogFileHelpers: Loading map 'RiverDale' took 19.281
[2018.07.05-14.33.03:167][  0]LogCollectionManager: Loaded 0 collections in 0.002594 seconds
[2018.07.05-14.33.03:404][  0]LogFileCache: Scanning file cache for directory 'C:/Users/josh.contreras/Desktop/Fuse-master/Saved/Collections/' took 0.01s
[2018.07.05-14.33.03:404][  0]LogFileCache: Scanning file cache for directory 'C:/Users/josh.contreras/Desktop/Fuse-master/Content/Developers/joshcontreras/Collections/' took 0.01s
[2018.07.05-14.33.03:404][  0]LogFileCache: Scanning file cache for directory 'C:/Users/josh.contreras/Desktop/Fuse-master/Content/Collections/' took 0.01s
[2018.07.05-14.33.03:404][  0]LogCollectionManager: Rebuilt the GUID cache for 0 collections in 0.000003 seconds
[2018.07.05-14.33.03:423][  0]LogContentBrowser: Native class hierarchy populated in 0.0155 seconds. Added 2329 classes and 491 folders.
[2018.07.05-14.33.03:594][  0]LogContentBrowser: Native class hierarchy updated for 'WidgetCarousel' in 0.0010 seconds. Added 0 classes and 0 folders.
[2018.07.05-14.33.04:848][  0]LogContentBrowser: Native class hierarchy updated for 'AddContentDialog' in 0.0008 seconds. Added 0 classes and 0 folders.
[2018.07.05-14.33.05:015][  0]LogContentBrowser: Native class hierarchy updated for 'SceneOutliner' in 0.0012 seconds. Added 1 classes and 2 folders.
[2018.07.05-14.33.05:429][  0]LogCrashTracker: Crashtracker disabled due to settings.
[2018.07.05-14.33.05:531][  0]LogSlate: Took 0.015414 seconds to synchronously load lazily loaded font '../../../Engine/Content/Slate/Fonts/Roboto-Regular.ttf' (155K)
[2018.07.05-14.33.05:549][  0]LogSlate: Took 0.015690 seconds to synchronously load lazily loaded font '../../../Engine/Content/Slate/Fonts/Roboto-Bold.ttf' (160K)
[2018.07.05-14.33.05:592][  0]LogSlate: Took 0.016840 seconds to synchronously load lazily loaded font '../../../Engine/Content/Editor/Slate/Fonts/FontAwesome.ttf' (139K)
[2018.07.05-14.33.06:059][  0]LogRenderer: Reallocating scene render targets to support 1208x576 NumSamples 1 (Frame:1).
[2018.07.05-14.33.07:015][  0]LogContentBrowser: Native class hierarchy updated for 'HierarchicalLODOutliner' in 0.0015 seconds. Added 1 classes and 2 folders.
[2018.07.05-14.33.07:015][  0]LogLoad: (Engine Initialization) Total time: 234.98 seconds
[2018.07.05-14.33.07:015][  0]LogLoad: (Engine Initialization) Total Blueprint compile time: 2.20 seconds
[2018.07.05-14.33.07:015][  0]LogExternalProfiler: No external profilers were discovered.  External profiling features will not be available.
[2018.07.05-14.33.07:388][  0]LogOcInput: OculusInput pre-init called
[2018.07.05-14.33.07:388][  0]LogHMD: Starting GearVRController plugin
[2018.07.05-14.33.07:473][  0]LogContentStreaming: Texture pool size now 1000 MB
[2018.07.05-14.33.07:741][  0]LogSlate: Took 0.017700 seconds to synchronously load lazily loaded font '../../../Engine/Content/Slate/Fonts/Roboto-Light.ttf' (159K)
[2018.07.05-14.33.08:496][  3]LogAssetRegistry: Asset discovery search completed in 127.8848 seconds
[2018.07.05-14.33.08:501][  3]LogCollectionManager: Rebuilt the object cache for 0 collections in 0.000002 seconds (found 0 objects)
[2018.07.05-14.33.08:501][  3]LogCollectionManager: Fixed up redirectors for 0 collections in 0.000057 seconds (updated 0 objects)
[2018.07.05-14.33.53:461][ 41]LogTemp: Repeting last play command: Selected Viewport
[2018.07.05-14.33.53:727][ 41]LogBlueprintUserMessages: Early PlayInEditor Detection: Level '/Game/Maps/RiverDale.RiverDale:PersistentLevel' has LevelScriptBlueprint '/Game/Maps/RiverDale.RiverDale:PersistentLevel.RiverDale' with GeneratedClass '/Game/Maps/RiverDale.RiverDale_C' with ClassGeneratedBy '/Game/Maps/RiverDale.RiverDale:PersistentLevel.RiverDale'
[2018.07.05-14.33.53:727][ 41]LogPlayLevel: PlayLevel: No blueprints needed recompiling
[2018.07.05-14.33.53:799][ 41]PIE: New page: PIE session: RiverDale (5 Jul 2018 16:33:53)
[2018.07.05-14.33.53:800][ 41]LogPlayLevel: Creating play world package: /Game/Maps/UEDPIE_0_RiverDale
[2018.07.05-14.33.53:923][ 41]LogPlayLevel: PIE: StaticDuplicateObject took: (0.123220s)
[2018.07.05-14.33.53:924][ 41]LogAIModule: Creating AISystem for world RiverDale
[2018.07.05-14.33.53:924][ 41]LogPlayLevel: PIE: World Init took: (0.001692s)
[2018.07.05-14.33.53:925][ 41]LogPlayLevel: PIE: Created PIE world by copying editor world from /Game/Maps/RiverDale.RiverDale to /Game/Maps/UEDPIE_0_RiverDale.RiverDale (0.125855s)
[2018.07.05-14.33.53:952][ 41]LogInit: XAudio2 using 'Speakers (Realtek High Definition Audio)' : 2 channels at 48 kHz using 32 bits per sample (channel mask 0x3)
[2018.07.05-14.33.53:969][ 41]LogInit: FAudioDevice initialized.
[2018.07.05-14.33.54:059][ 41]LogLoad: Game class is 'FuseGM_C'
[2018.07.05-14.33.54:096][ 41]LogWorld: Bringing World /Game/Maps/UEDPIE_0_RiverDale.RiverDale up for play (max tick rate 0) at 2018.07.05-15.33.54
[2018.07.05-14.33.54:116][ 41]LogWorld: Bringing up level for play took: 0.037006
[2018.07.05-14.33.54:248][ 41]LogContentBrowser: Native class hierarchy updated for 'MovieSceneCapture' in 0.0008 seconds. Added 11 classes and 0 folders.
[2018.07.05-14.33.54:303][ 41]PIE: Info Play in editor start time for /Game/Maps/UEDPIE_0_RiverDale -0.238
[2018.07.05-14.33.54:304][ 41]LogBlueprintUserMessages: Late PlayInEditor Detection: Level '/Game/Maps/RiverDale.RiverDale:PersistentLevel' has LevelScriptBlueprint '/Game/Maps/RiverDale.RiverDale:PersistentLevel.RiverDale' with GeneratedClass '/Game/Maps/RiverDale.RiverDale_C' with ClassGeneratedBy '/Game/Maps/RiverDale.RiverDale:PersistentLevel.RiverDale'
[2018.07.05-14.33.56:006][155]LogBlueprintUserMessages: Early EndPlayMap Detection: Level '/Game/Maps/RiverDale.RiverDale:PersistentLevel' has LevelScriptBlueprint '/Game/Maps/RiverDale.RiverDale:PersistentLevel.RiverDale' with GeneratedClass '/Game/Maps/RiverDale.RiverDale_C' with ClassGeneratedBy '/Game/Maps/RiverDale.RiverDale:PersistentLevel.RiverDale'
[2018.07.05-14.33.56:088][155]LogBlueprintUserMessages: Late EndPlayMap Detection: Level '/Game/Maps/RiverDale.RiverDale:PersistentLevel' has LevelScriptBlueprint '/Game/Maps/RiverDale.RiverDale:PersistentLevel.RiverDale' with GeneratedClass '/Game/Maps/RiverDale.RiverDale_C' with ClassGeneratedBy '/Game/Maps/RiverDale.RiverDale:PersistentLevel.RiverDale'
[2018.07.05-14.34.10:256][396]LogSlate: Took 0.000142 seconds to synchronously load lazily loaded font '../../../Engine/Content/Slate/Fonts/Roboto-Light.ttf' (159K)
[2018.07.05-14.34.10:938][396]LogContentBrowser: Native class hierarchy updated for 'BlueprintGraph' in 0.0011 seconds. Added 112 classes and 0 folders.
[2018.07.05-14.34.12:387][396]LogSlate: Took 0.000269 seconds to synchronously load lazily loaded font '../../../Engine/Content/Slate/Fonts/Roboto-Light.ttf' (159K)
[2018.07.05-14.34.12:408][396]LogSlate: Took 0.015751 seconds to synchronously load lazily loaded font '../../../Engine/Content/Editor/Slate/Fonts/Roboto-BoldCondensed.ttf' (158K)
[2018.07.05-14.36.25:074][962]LogSlate: Took 0.013993 seconds to synchronously load lazily loaded font '../../../Engine/Content/Editor/Slate/Fonts/Roboto-Italic.ttf' (157K)
[2018.07.05-14.36.53:643][250]BlueprintLog: New page: Compile Pause
[2018.07.05-14.36.54:100][250]BlueprintEditorCompileResults: Info Fast Template Successfully Created.
[2018.07.05-14.37.30:435][547]BlueprintLog: New page: Compile Pause
[2018.07.05-14.37.30:559][547]BlueprintEditorCompileResults: Info Fast Template Successfully Created.
[2018.07.05-14.37.31:497][652]Cmd: OBJ SAVEPACKAGE PACKAGE="/Game/Gameplay/HUD/PauseMenu/Pause" FILE="../../../../../../Users/josh.contreras/Desktop/Fuse-master/Content/Gameplay/HUD/PauseMenu/Pause.uasset" SILENT=true
[2018.07.05-14.37.31:600][652]LogSavePackage: Save=71.80ms
[2018.07.05-14.37.31:600][652]LogSavePackage: Moving '../../../../../../Users/josh.contreras/Desktop/Fuse-master/Saved/Pause757C933341B7E3C7AD2DEFA718806EA3.tmp' to '../../../../../../Users/josh.contreras/Desktop/Fuse-master/Content/Gameplay/HUD/PauseMenu/Pause.uasset'
[2018.07.05-14.37.31:603][652]LogSavePackage:Display: Finished SavePackage ../../../../../../Users/josh.contreras/Desktop/Fuse-master/Content/Gameplay/HUD/PauseMenu/Pause.uasset
[2018.07.05-14.37.45:915][360]LogEditorTransaction: Undo Edit A
[2018.07.05-14.37.48:991][713]BlueprintLog: New page: Compile Pause
[2018.07.05-14.37.49:130][713]BlueprintEditorCompileResults: Info Fast Template Successfully Created.
[2018.07.05-14.37.49:326][733]Cmd: OBJ SAVEPACKAGE PACKAGE="/Game/Gameplay/HUD/PauseMenu/Pause" FILE="../../../../../../Users/josh.contreras/Desktop/Fuse-master/Content/Gameplay/HUD/PauseMenu/Pause.uasset" SILENT=true
[2018.07.05-14.37.49:384][733]LogSavePackage: Save=53.39ms
[2018.07.05-14.37.49:384][733]LogSavePackage: Moving '../../../../../../Users/josh.contreras/Desktop/Fuse-master/Saved/PauseC840E1854BEC56971B8F268D11D64C5D.tmp' to '../../../../../../Users/josh.contreras/Desktop/Fuse-master/Content/Gameplay/HUD/PauseMenu/Pause.uasset'
[2018.07.05-14.37.49:386][733]LogSavePackage:Display: Finished SavePackage ../../../../../../Users/josh.contreras/Desktop/Fuse-master/Content/Gameplay/HUD/PauseMenu/Pause.uasset
[2018.07.05-14.39.04:821][402]BlueprintLog: New page: Compile Pause
[2018.07.05-14.39.05:001][402]BlueprintEditorCompileResults: Info Fast Template Successfully Created.
[2018.07.05-14.39.44:814][772]LogEditorTransaction: Undo Move Node
[2018.07.05-14.40.05:936][165]BlueprintLog: New page: Compile Pause
[2018.07.05-14.40.06:067][165]BlueprintEditorCompileResults: Info Fast Template Successfully Created.
[2018.07.05-14.40.15:483][123]BlueprintLog: New page: Compile Pause
[2018.07.05-14.40.15:602][123]BlueprintEditorCompileResults: Info Fast Template Successfully Created.
[2018.07.05-14.40.30:663][639]BlueprintLog: New page: Compile Pause
[2018.07.05-14.40.30:795][639]BlueprintEditorCompileResults: Info Fast Template Successfully Created.
[2018.07.05-14.40.37:835][ 94]Cmd: OBJ SAVEPACKAGE PACKAGE="/Game/Gameplay/HUD/PauseMenu/Pause" FILE="../../../../../../Users/josh.contreras/Desktop/Fuse-master/Content/Gameplay/HUD/PauseMenu/Pause.uasset" SILENT=true
[2018.07.05-14.40.37:917][ 94]LogSavePackage: Save=78.26ms
[2018.07.05-14.40.37:917][ 94]LogSavePackage: Moving '../../../../../../Users/josh.contreras/Desktop/Fuse-master/Saved/Pause2E606B5F45BE659D8F0C17AF5EDE87AF.tmp' to '../../../../../../Users/josh.contreras/Desktop/Fuse-master/Content/Gameplay/HUD/PauseMenu/Pause.uasset'
[2018.07.05-14.40.37:921][ 94]LogSavePackage:Display: Finished SavePackage ../../../../../../Users/josh.contreras/Desktop/Fuse-master/Content/Gameplay/HUD/PauseMenu/Pause.uasset
[2018.07.05-14.40.38:731][ 94]LogSavePackage: Save=754.12ms
[2018.07.05-14.40.38:731][ 94]LogSavePackage: Moving '../../../../../../Users/josh.contreras/Desktop/Fuse-master/Saved/UEDPCRiverDale4CD239BD42EB0291A970439CC384C9BC.tmp' to '../../../../../../Users/josh.contreras/Desktop/Fuse-master/Saved/Autosaves/Game/Maps/UEDPCRiverDale.umap'
[2018.07.05-14.40.38:733][ 94]LogSavePackage:Display: Finished SavePackage ../../../../../../Users/josh.contreras/Desktop/Fuse-master/Saved/Autosaves/Game/Maps/UEDPCRiverDale.umap
[2018.07.05-14.40.38:737][ 94]Cmd: OBJ SAVEPACKAGE PACKAGE="/Game/Maps/RiverDale_BuiltData" FILE="../../../../../../Users/josh.contreras/Desktop/Fuse-master/Content/Maps/RiverDale_BuiltData.uasset" SILENT=true
[2018.07.05-14.40.39:617][ 94]LogSavePackage: Save=854.69ms
[2018.07.05-14.40.39:617][ 94]LogSavePackage: Moving '../../../../../../Users/josh.contreras/Desktop/Fuse-master/Saved/RiverDale_BuiltData9D63A8EC4F9FF94BE2653693EFE81743.tmp' to '../../../../../../Users/josh.contreras/Desktop/Fuse-master/Content/Maps/RiverDale_BuiltData.uasset'
[2018.07.05-14.40.39:629][ 94]LogSavePackage:Display: Finished SavePackage ../../../../../../Users/josh.contreras/Desktop/Fuse-master/Content/Maps/RiverDale_BuiltData.uasset
[2018.07.05-14.40.39:630][ 94]LogSlate: Took 0.000149 seconds to synchronously load lazily loaded font '../../../Engine/Content/Slate/Fonts/Roboto-Regular.ttf' (155K)
[2018.07.05-14.40.39:635][ 94]LogEditorTransaction: Undo Spawn Play From Here Start
[2018.07.05-14.41.23:625][418]BlueprintLog: New page: Compile Pause
[2018.07.05-14.41.23:749][418]BlueprintEditorCompileResults: Info Fast Template Successfully Created.
[2018.07.05-14.41.41:865][552]Cmd: OBJ SAVEPACKAGE PACKAGE="/Game/Gameplay/HUD/PauseMenu/Pause" FILE="../../../../../../Users/josh.contreras/Desktop/Fuse-master/Content/Gameplay/HUD/PauseMenu/Pause.uasset" SILENT=true
[2018.07.05-14.41.41:937][552]LogSavePackage: Save=69.12ms
[2018.07.05-14.41.41:937][552]LogSavePackage: Moving '../../../../../../Users/josh.contreras/Desktop/Fuse-master/Saved/Pause15A807FC4B8770703B1BFE9B0A9BFD34.tmp' to '../../../../../../Users/josh.contreras/Desktop/Fuse-master/Content/Gameplay/HUD/PauseMenu/Pause.uasset'
[2018.07.05-14.41.41:939][552]LogSavePackage:Display: Finished SavePackage ../../../../../../Users/josh.contreras/Desktop/Fuse-master/Content/Gameplay/HUD/PauseMenu/Pause.uasset
[2018.07.05-14.42.24:025][516]BlueprintLog: New page: Compile Pause
[2018.07.05-14.42.24:158][516]BlueprintEditorCompileResults: Info Fast Template Successfully Created.
[2018.07.05-14.42.25:159][634]LogTemp: Repeting last play command: Standalone Game
[2018.07.05-14.42.26:592][634]Cmd: OBJ SAVEPACKAGE PACKAGE="/Game/Gameplay/HUD/PauseMenu/Pause" FILE="../../../../../../Users/josh.contreras/Desktop/Fuse-master/Content/Gameplay/HUD/PauseMenu/Pause.uasset" SILENT=true
[2018.07.05-14.42.26:673][634]LogSavePackage: Save=78.03ms
[2018.07.05-14.42.26:673][634]LogSavePackage: Moving '../../../../../../Users/josh.contreras/Desktop/Fuse-master/Saved/Pause624D04EF41269C3A9CEF6EA9330C7BE5.tmp' to '../../../../../../Users/josh.contreras/Desktop/Fuse-master/Content/Gameplay/HUD/PauseMenu/Pause.uasset'
[2018.07.05-14.42.26:675][634]LogSavePackage:Display: Finished SavePackage ../../../../../../Users/josh.contreras/Desktop/Fuse-master/Content/Gameplay/HUD/PauseMenu/Pause.uasset
[2018.07.05-14.42.27:462][634]LogSavePackage: Save=756.41ms
[2018.07.05-14.42.27:462][634]LogSavePackage: Moving '../../../../../../Users/josh.contreras/Desktop/Fuse-master/Saved/UEDPCRiverDale7A1252264DC86CDEFD0A54A85BC34581.tmp' to '../../../../../../Users/josh.contreras/Desktop/Fuse-master/Saved/Autosaves/Game/Maps/UEDPCRiverDale.umap'
[2018.07.05-14.42.27:465][634]LogSavePackage:Display: Finished SavePackage ../../../../../../Users/josh.contreras/Desktop/Fuse-master/Saved/Autosaves/Game/Maps/UEDPCRiverDale.umap
[2018.07.05-14.42.27:471][634]Cmd: OBJ SAVEPACKAGE PACKAGE="/Game/Maps/RiverDale_BuiltData" FILE="../../../../../../Users/josh.contreras/Desktop/Fuse-master/Content/Maps/RiverDale_BuiltData.uasset" SILENT=true
[2018.07.05-14.42.28:298][634]LogSavePackage: Save=824.67ms
[2018.07.05-14.42.28:298][634]LogSavePackage: Moving '../../../../../../Users/josh.contreras/Desktop/Fuse-master/Saved/RiverDale_BuiltData44ABF00E4D936AA2E16DEB9146892520.tmp' to '../../../../../../Users/josh.contreras/Desktop/Fuse-master/Content/Maps/RiverDale_BuiltData.uasset'
[2018.07.05-14.42.28:301][634]LogSavePackage:Display: Finished SavePackage ../../../../../../Users/josh.contreras/Desktop/Fuse-master/Content/Maps/RiverDale_BuiltData.uasset
[2018.07.05-14.42.28:305][634]LogEditorTransaction: Undo Spawn Play From Here Start
[2018.07.05-14.43.40:705][924]BlueprintLog: New page: Compile Pause
[2018.07.05-14.43.40:862][924]BlueprintEditorCompileResults: Info Fast Template Successfully Created.
[2018.07.05-14.44.35:676][336]BlueprintLog: New page: Compile Pause
[2018.07.05-14.44.35:835][336]BlueprintEditorCompileResults: Info Fast Template Successfully Created.
[2018.07.05-14.44.36:332][389]Cmd: OBJ SAVEPACKAGE PACKAGE="/Game/Gameplay/HUD/PauseMenu/Pause" FILE="../../../../../../Users/josh.contreras/Desktop/Fuse-master/Content/Gameplay/HUD/PauseMenu/Pause.uasset" SILENT=true
[2018.07.05-14.44.36:418][389]LogSavePackage: Save=76.45ms
[2018.07.05-14.44.36:418][389]LogSavePackage: Moving '../../../../../../Users/josh.contreras/Desktop/Fuse-master/Saved/PauseCABAE8594AA3F9EB1470A1BDFD76A4DE.tmp' to '../../../../../../Users/josh.contreras/Desktop/Fuse-master/Content/Gameplay/HUD/PauseMenu/Pause.uasset'
[2018.07.05-14.44.36:420][389]LogSavePackage:Display: Finished SavePackage ../../../../../../Users/josh.contreras/Desktop/Fuse-master/Content/Gameplay/HUD/PauseMenu/Pause.uasset
[2018.07.05-14.44.37:617][530]LogTemp: Repeting last play command: Standalone Game
[2018.07.05-14.44.38:492][530]LogSavePackage: Save=747.52ms
[2018.07.05-14.44.38:492][530]LogSavePackage: Moving '../../../../../../Users/josh.contreras/Desktop/Fuse-master/Saved/UEDPCRiverDaleA2F3BE8C456F5B0CE3132AA0F5E6C469.tmp' to '../../../../../../Users/josh.contreras/Desktop/Fuse-master/Saved/Autosaves/Game/Maps/UEDPCRiverDale.umap'
[2018.07.05-14.44.38:494][530]LogSavePackage:Display: Finished SavePackage ../../../../../../Users/josh.contreras/Desktop/Fuse-master/Saved/Autosaves/Game/Maps/UEDPCRiverDale.umap
[2018.07.05-14.44.38:498][530]Cmd: OBJ SAVEPACKAGE PACKAGE="/Game/Maps/RiverDale_BuiltData" FILE="../../../../../../Users/josh.contreras/Desktop/Fuse-master/Content/Maps/RiverDale_BuiltData.uasset" SILENT=true
[2018.07.05-14.44.39:339][530]LogSavePackage: Save=837.99ms
[2018.07.05-14.44.39:339][530]LogSavePackage: Moving '../../../../../../Users/josh.contreras/Desktop/Fuse-master/Saved/RiverDale_BuiltData49EA94474D8F56A33069B2A1E670B80B.tmp' to '../../../../../../Users/josh.contreras/Desktop/Fuse-master/Content/Maps/RiverDale_BuiltData.uasset'
[2018.07.05-14.44.39:342][530]LogSavePackage:Display: Finished SavePackage ../../../../../../Users/josh.contreras/Desktop/Fuse-master/Content/Maps/RiverDale_BuiltData.uasset
[2018.07.05-14.44.39:346][530]LogEditorTransaction: Undo Spawn Play From Here Start
[2018.07.05-14.45.38:028][351]BlueprintLog: New page: Compile Pause
[2018.07.05-14.45.38:178][351]BlueprintEditorCompileResults: Info Fast Template Successfully Created.
[2018.07.05-14.45.57:161][513]BlueprintLog: New page: Compile Pause
[2018.07.05-14.45.57:327][513]BlueprintEditorCompileResults: Info Fast Template Successfully Created.
[2018.07.05-14.45.57:651][544]Cmd: OBJ SAVEPACKAGE PACKAGE="/Game/Gameplay/HUD/PauseMenu/Pause" FILE="../../../../../../Users/josh.contreras/Desktop/Fuse-master/Content/Gameplay/HUD/PauseMenu/Pause.uasset" SILENT=true
[2018.07.05-14.45.57:733][544]LogSavePackage: Save=78.24ms
[2018.07.05-14.45.57:733][544]LogSavePackage: Moving '../../../../../../Users/josh.contreras/Desktop/Fuse-master/Saved/Pause9DD751594C3325B48955B395BE466C3A.tmp' to '../../../../../../Users/josh.contreras/Desktop/Fuse-master/Content/Gameplay/HUD/PauseMenu/Pause.uasset'
[2018.07.05-14.45.57:735][544]LogSavePackage:Display: Finished SavePackage ../../../../../../Users/josh.contreras/Desktop/Fuse-master/Content/Gameplay/HUD/PauseMenu/Pause.uasset
[2018.07.05-14.45.59:268][726]LogTemp: Repeting last play command: Standalone Game
[2018.07.05-14.46.00:173][726]LogSavePackage: Save=766.88ms
[2018.07.05-14.46.00:173][726]LogSavePackage: Moving '../../../../../../Users/josh.contreras/Desktop/Fuse-master/Saved/UEDPCRiverDale1F4998664E628F7AF662B18867290C7A.tmp' to '../../../../../../Users/josh.contreras/Desktop/Fuse-master/Saved/Autosaves/Game/Maps/UEDPCRiverDale.umap'
[2018.07.05-14.46.00:175][726]LogSavePackage:Display: Finished SavePackage ../../../../../../Users/josh.contreras/Desktop/Fuse-master/Saved/Autosaves/Game/Maps/UEDPCRiverDale.umap
[2018.07.05-14.46.00:180][726]Cmd: OBJ SAVEPACKAGE PACKAGE="/Game/Maps/RiverDale_BuiltData" FILE="../../../../../../Users/josh.contreras/Desktop/Fuse-master/Content/Maps/RiverDale_BuiltData.uasset" SILENT=true
[2018.07.05-14.46.01:030][726]LogSavePackage: Save=824.57ms
[2018.07.05-14.46.01:030][726]LogSavePackage: Moving '../../../../../../Users/josh.contreras/Desktop/Fuse-master/Saved/RiverDale_BuiltData5FCEC4754F35F52D7A9112ABFFFEB8CE.tmp' to '../../../../../../Users/josh.contreras/Desktop/Fuse-master/Content/Maps/RiverDale_BuiltData.uasset'
[2018.07.05-14.46.01:033][726]LogSavePackage:Display: Finished SavePackage ../../../../../../Users/josh.contreras/Desktop/Fuse-master/Content/Maps/RiverDale_BuiltData.uasset
[2018.07.05-14.46.01:040][726]LogEditorTransaction: Undo Spawn Play From Here Start
[2018.07.05-14.47.11:470][220]LogEditorTransaction: Undo Resize Node
[2018.07.05-14.47.20:914][223]BlueprintLog: New page: Compile Pause
[2018.07.05-14.47.21:060][223]BlueprintEditorCompileResults: Info Fast Template Successfully Created.
[2018.07.05-14.47.21:235][238]Cmd: OBJ SAVEPACKAGE PACKAGE="/Game/Gameplay/HUD/PauseMenu/Pause" FILE="../../../../../../Users/josh.contreras/Desktop/Fuse-master/Content/Gameplay/HUD/PauseMenu/Pause.uasset" SILENT=true
[2018.07.05-14.47.21:319][238]LogSavePackage: Save=80.44ms
[2018.07.05-14.47.21:319][238]LogSavePackage: Moving '../../../../../../Users/josh.contreras/Desktop/Fuse-master/Saved/PauseAFCE329549716C0EA2C22C8B6E3F3492.tmp' to '../../../../../../Users/josh.contreras/Desktop/Fuse-master/Content/Gameplay/HUD/PauseMenu/Pause.uasset'
[2018.07.05-14.47.21:322][238]LogSavePackage:Display: Finished SavePackage ../../../../../../Users/josh.contreras/Desktop/Fuse-master/Content/Gameplay/HUD/PauseMenu/Pause.uasset
[2018.07.05-14.47.28:826][ 86]Cmd: OBJ SAVEPACKAGE PACKAGE="/Game/Maps/RiverDale" FILE="../../../../../../Users/josh.contreras/Desktop/Fuse-master/Content/Maps/RiverDale.umap" SILENT=true AUTOSAVING=false KEEPDIRTY=false
[2018.07.05-14.47.29:625][ 86]LogSavePackage: Save=779.95ms
[2018.07.05-14.47.29:625][ 86]LogSavePackage: Moving '../../../../../../Users/josh.contreras/Desktop/Fuse-master/Saved/RiverDale6C25D3954F6C73A2B026B0BFC9032703.tmp' to '../../../../../../Users/josh.contreras/Desktop/Fuse-master/Content/Maps/RiverDale.umap'
[2018.07.05-14.47.29:628][ 86]LogSavePackage:Display: Finished SavePackage ../../../../../../Users/josh.contreras/Desktop/Fuse-master/Content/Maps/RiverDale.umap
[2018.07.05-14.47.29:673][ 86]Cmd: OBJ SAVEPACKAGE PACKAGE="/Game/Maps/RiverDale_BuiltData" FILE="../../../../../../Users/josh.contreras/Desktop/Fuse-master/Content/Maps/RiverDale_BuiltData.uasset" SILENT=true
[2018.07.05-14.47.30:511][ 86]LogSavePackage: Save=835.60ms
[2018.07.05-14.47.30:511][ 86]LogSavePackage: Moving '../../../../../../Users/josh.contreras/Desktop/Fuse-master/Saved/RiverDale_BuiltData6806B836426238BFF26100832B52B940.tmp' to '../../../../../../Users/josh.contreras/Desktop/Fuse-master/Content/Maps/RiverDale_BuiltData.uasset'
[2018.07.05-14.47.30:515][ 86]LogSavePackage:Display: Finished SavePackage ../../../../../../Users/josh.contreras/Desktop/Fuse-master/Content/Maps/RiverDale_BuiltData.uasset
[2018.07.05-14.47.48:843][233]Cmd: QUIT_EDITOR
[2018.07.05-14.47.48:992][233]LogWindowsTextInputMethodSystem:Display: IME system now deactivated.
[2018.07.05-14.47.49:035][233]LogExit: Preparing to exit.
[2018.07.05-14.47.50:200][233]LogDirectoryWatcher: A directory notification for 'C:/Users/josh.contreras/Desktop/Fuse-master/Content/' was aborted.
[2018.07.05-14.47.50:263][233]LogExit: Editor shut down
[2018.07.05-14.47.50:266][233]LogExit: Transaction tracking system shut down
[2018.07.05-14.47.50:434][233]LogObj: Freed 0b from 0 cluster array pools.
[2018.07.05-14.47.50:434][233]LogExit: Object subsystem successfully closed.
[2018.07.05-14.47.50:451][233]LogD3D11RHI: Shutdown
[2018.07.05-14.47.50:451][233]LogD3D11RHI: CleanupD3DDevice
[2018.07.05-14.47.50:520][233]LogD3D11RHI: ~FD3D11DynamicRHI
[2018.07.05-14.47.50:628][233]LogModuleManager: Shutting down and abandoning module SequencerWidgets (532)
[2018.07.05-14.47.50:628][233]LogModuleManager: Shutting down and abandoning module BlueprintGraph (530)
[2018.07.05-14.47.50:628][233]LogModuleManager: Shutting down and abandoning module BlueprintProfiler (528)
[2018.07.05-14.47.50:634][233]LogModuleManager: Shutting down and abandoning module MovieSceneCapture (526)
[2018.07.05-14.47.50:634][233]LogModuleManager: Shutting down and abandoning module HierarchicalLODOutliner (524)
[2018.07.05-14.47.50:634][233]LogModuleManager: Shutting down and abandoning module CrashTracker (522)
[2018.07.05-14.47.50:634][233]LogModuleManager: Shutting down and abandoning module SceneOutliner (520)
[2018.07.05-14.47.50:634][233]LogModuleManager: Shutting down and abandoning module AddContentDialog (518)
[2018.07.05-14.47.50:634][233]LogDirectoryWatcher: A directory notification for 'C:/Program Files/Epic Games/UE_4.16/FeaturePacks/' was aborted.
[2018.07.05-14.47.50:635][233]LogModuleManager: Shutting down and abandoning module WidgetCarousel (517)
[2018.07.05-14.47.50:635][233]LogModuleManager: Shutting down and abandoning module EditorWidgets (514)
[2018.07.05-14.47.50:635][233]LogModuleManager: Shutting down and abandoning module CollectionManager (512)
[2018.07.05-14.47.50:635][233]LogDirectoryWatcher: A directory notification for 'C:/Users/josh.contreras/Desktop/Fuse-master/Content/Collections/' was aborted.
[2018.07.05-14.47.50:636][233]LogDirectoryWatcher: A directory notification for 'C:/Users/josh.contreras/Desktop/Fuse-master/Content/Developers/joshcontreras/Collections/' was aborted.
[2018.07.05-14.47.50:636][233]LogDirectoryWatcher: A directory notification for 'C:/Users/josh.contreras/Desktop/Fuse-master/Saved/Collections/' was aborted.
[2018.07.05-14.47.50:636][233]LogModuleManager: Shutting down and abandoning module StatsViewer (510)
[2018.07.05-14.47.50:636][233]LogModuleManager: Shutting down and abandoning module FoliageEdit (508)
[2018.07.05-14.47.50:636][233]LogModuleManager: Shutting down and abandoning module LandscapeEditor (506)
[2018.07.05-14.47.50:636][233]LogModuleManager: Shutting down and abandoning module MeshPaintMode (504)
[2018.07.05-14.47.50:636][233]LogModuleManager: Shutting down and abandoning module SceneDepthPickerMode (502)
[2018.07.05-14.47.50:636][233]LogModuleManager: Shutting down and abandoning module ActorPickerMode (500)
[2018.07.05-14.47.50:636][233]LogModuleManager: Shutting down and abandoning module GeometryMode (498)
[2018.07.05-14.47.50:636][233]LogModuleManager: Shutting down and abandoning module TextureAlignMode (496)
[2018.07.05-14.47.50:636][233]LogModuleManager: Shutting down and abandoning module BspMode (494)
[2018.07.05-14.47.50:636][233]LogModuleManager: Shutting down and abandoning module HardwareSurvey (492)
[2018.07.05-14.47.50:636][233]LogModuleManager: Shutting down and abandoning module SequenceRecorderSections (490)
[2018.07.05-14.47.50:636][233]LogModuleManager: Shutting down and abandoning module AutomationWorker (488)
[2018.07.05-14.47.50:636][233]LogModuleManager: Shutting down and abandoning module MatineeToLevelSequence (486)
[2018.07.05-14.47.50:636][233]LogModuleManager: Shutting down and abandoning module LevelSequenceEditor (484)
[2018.07.05-14.47.50:645][233]LogModuleManager: Shutting down and abandoning module PlacementMode (483)
[2018.07.05-14.47.50:645][233]LogModuleManager: Shutting down and abandoning module WmfMediaFactory (480)
[2018.07.05-14.47.50:645][233]LogModuleManager: Shutting down and abandoning module WmfMediaEditor (478)
[2018.07.05-14.47.50:645][233]LogModuleManager: Shutting down and abandoning module AvfMediaFactory (476)
[2018.07.05-14.47.50:645][233]LogModuleManager: Shutting down and abandoning module AvfMediaEditor (474)
[2018.07.05-14.47.50:645][233]LogModuleManager: Shutting down and abandoning module AndroidMediaFactory (472)
[2018.07.05-14.47.50:645][233]LogModuleManager: Shutting down and abandoning module Media (471)
[2018.07.05-14.47.50:645][233]LogModuleManager: Shutting down and abandoning module AndroidMediaEditor (468)
[2018.07.05-14.47.50:645][233]LogModuleManager: Shutting down and abandoning module CharacterAI (466)
[2018.07.05-14.47.50:645][233]LogModuleManager: Shutting down and abandoning module AudioCapture (464)
[2018.07.05-14.47.50:645][233]LogModuleManager: Shutting down and abandoning module SequenceRecorder (463)
[2018.07.05-14.47.50:645][233]LogModuleManager: Shutting down and abandoning module SmartSnapping (460)
[2018.07.05-14.47.50:645][233]LogModuleManager: Shutting down and abandoning module SessionServices (458)
[2018.07.05-14.47.50:645][233]LogModuleManager: Shutting down and abandoning module ViewportSnapping (456)
[2018.07.05-14.47.50:645][233]LogModuleManager: Shutting down and abandoning module ViewportInteraction (454)
[2018.07.05-14.47.50:645][233]LogModuleManager: Shutting down and abandoning module ClothPainter (452)
[2018.07.05-14.47.50:646][233]LogModuleManager: Shutting down and abandoning module LogVisualizer (450)
[2018.07.05-14.47.50:657][233]LogModuleManager: Shutting down and abandoning module IntroTutorials (448)
[2018.07.05-14.47.50:657][233]LogModuleManager: Shutting down and abandoning module GameProjectGeneration (447)
[2018.07.05-14.47.50:661][233]LogModuleManager: Shutting down and abandoning module EditorLiveStreaming (444)
[2018.07.05-14.47.50:661][233]LogModuleManager: Shutting down and abandoning module IOSPlatformEditor (442)
[2018.07.05-14.47.50:669][233]LogModuleManager: Shutting down and abandoning module HTML5PlatformEditor (440)
[2018.07.05-14.47.50:670][233]LogModuleManager: Shutting down and abandoning module AndroidPlatformEditor (438)
[2018.07.05-14.47.50:670][233]LogModuleManager: Shutting down and abandoning module AndroidDeviceDetection (437)
[2018.07.05-14.47.50:990][233]LogModuleManager: Shutting down and abandoning module IOSRuntimeSettings (434)
[2018.07.05-14.47.50:990][233]LogModuleManager: Shutting down and abandoning module AndroidRuntimeSettings (432)
[2018.07.05-14.47.50:990][233]LogModuleManager: Shutting down and abandoning module InputBindingEditor (430)
[2018.07.05-14.47.51:005][233]LogModuleManager: Shutting down and abandoning module MergeActors (428)
[2018.07.05-14.47.51:011][233]LogModuleManager: Shutting down and abandoning module SizeMap (426)
[2018.07.05-14.47.51:011][233]LogModuleManager: Shutting down and abandoning module TreeMap (424)
[2018.07.05-14.47.51:020][233]LogModuleManager: Shutting down and abandoning module ReferenceViewer (422)
[2018.07.05-14.47.51:020][233]LogModuleManager: Shutting down and abandoning module LocalizationDashboard (420)
[2018.07.05-14.47.51:027][233]LogModuleManager: Shutting down and abandoning module LocalizationService (419)
[2018.07.05-14.47.51:027][233]LogModuleManager: Shutting down and abandoning module HardwareTargeting (416)
[2018.07.05-14.47.51:027][233]LogModuleManager: Shutting down and abandoning module DeviceProfileEditor (414)
[2018.07.05-14.47.51:029][233]LogModuleManager: Shutting down and abandoning module UndoHistory (412)
[2018.07.05-14.47.51:030][233]LogModuleManager: Shutting down and abandoning module UserFeedback (410)
[2018.07.05-14.47.51:030][233]LogModuleManager: Shutting down and abandoning module XmlParser (408)
[2018.07.05-14.47.51:030][233]LogModuleManager: Shutting down and abandoning module Blutility (406)
[2018.07.05-14.47.51:030][233]LogModuleManager: Shutting down and abandoning module ProjectSettingsViewer (404)
[2018.07.05-14.47.51:030][233]LogModuleManager: Shutting down and abandoning module ProjectTargetPlatformEditor (403)
[2018.07.05-14.47.51:030][233]LogModuleManager: Shutting down and abandoning module EditorSettingsViewer (400)
[2018.07.05-14.47.51:031][233]LogModuleManager: Shutting down and abandoning module SettingsEditor (398)
[2018.07.05-14.47.51:031][233]LogModuleManager: Shutting down and abandoning module ProjectLauncher (396)
[2018.07.05-14.47.51:046][233]LogModuleManager: Shutting down and abandoning module SessionFrontend (394)
[2018.07.05-14.47.51:052][233]LogModuleManager: Shutting down and abandoning module ProfilerClient (392)
[2018.07.05-14.47.51:064][233]LogModuleManager: Shutting down and abandoning module DeviceManager (390)
[2018.07.05-14.47.51:074][233]LogModuleManager: Shutting down and abandoning module TargetDeviceServices (389)
[2018.07.05-14.47.51:127][233]LogModuleManager: Shutting down and abandoning module AutomationController (386)
[2018.07.05-14.47.51:127][233]LogModuleManager: Shutting down and abandoning module AutomationWindow (384)
[2018.07.05-14.47.51:136][233]LogModuleManager: Shutting down and abandoning module Layers (382)
[2018.07.05-14.47.51:138][233]LogModuleManager: Shutting down and abandoning module ComponentVisualizers (380)
[2018.07.05-14.47.51:138][233]LogModuleManager: Shutting down and abandoning module DetailCustomizations (378)
[2018.07.05-14.47.51:138][233]LogModuleManager: Shutting down and abandoning module PackagesDialog (376)
[2018.07.05-14.47.51:139][233]LogModuleManager: Shutting down and abandoning module Persona (374)
[2018.07.05-14.47.51:148][233]LogModuleManager: Shutting down and abandoning module AdvancedPreviewScene (373)
[2018.07.05-14.47.51:149][233]LogModuleManager: Shutting down and abandoning module AnimGraph (371)
[2018.07.05-14.47.51:149][233]LogModuleManager: Shutting down and abandoning module Kismet (368)
[2018.07.05-14.47.51:170][233]LogModuleManager: Shutting down and abandoning module ClassViewer (366)
[2018.07.05-14.47.51:170][233]LogModuleManager: Shutting down and abandoning module Toolbox (364)
[2018.07.05-14.47.51:170][233]LogModuleManager: Shutting down and abandoning module ModuleUI (362)
[2018.07.05-14.47.51:184][233]LogModuleManager: Shutting down and abandoning module MovieSceneTools (360)
[2018.07.05-14.47.51:197][233]LogModuleManager: Shutting down and abandoning module OutputLog (358)
[2018.07.05-14.47.51:197][233]LogModuleManager: Shutting down and abandoning module GammaUI (356)
[2018.07.05-14.47.51:208][233]LogModuleManager: Shutting down and abandoning module Documentation (354)
[2018.07.05-14.47.51:208][233]LogModuleManager: Shutting down and abandoning module MovieSceneTracks (352)
[2018.07.05-14.47.51:208][233]LogModuleManager: Shutting down and abandoning module MovieScene (350)
[2018.07.05-14.47.51:208][233]LogModuleManager: Shutting down and abandoning module Niagara (348)
[2018.07.05-14.47.51:208][233]LogModuleManager: Shutting down and abandoning module NiagaraEditor (347)
[2018.07.05-14.47.51:208][233]LogModuleManager: Shutting down and abandoning module StreamingPauseRendering (344)
[2018.07.05-14.47.51:208][233]LogModuleManager: Shutting down and abandoning module AnalyticsET (342)
[2018.07.05-14.47.51:208][233]LogModuleManager: Shutting down and abandoning module PortalServices (340)
[2018.07.05-14.47.51:208][233]LogModuleManager: Shutting down and abandoning module PortalRpc (338)
[2018.07.05-14.47.51:208][233]LogModuleManager: Shutting down and abandoning module MessagingRpc (336)
[2018.07.05-14.47.51:208][233]LogModuleManager: Shutting down and abandoning module AIModule (334)
[2018.07.05-14.47.51:208][233]LogModuleManager: Shutting down and abandoning module GameplayDebugger (333)
[2018.07.05-14.47.51:208][233]LogModuleManager: Shutting down and abandoning module AITestSuite (331)
[2018.07.05-14.47.51:208][233]LogModuleManager: Shutting down and abandoning module ProfilerService (328)
[2018.07.05-14.47.51:383][233]LogModuleManager: Shutting down and abandoning module TaskGraph (326)
[2018.07.05-14.47.51:383][233]LogModuleManager: Shutting down and abandoning module SteamVRController (324)
[2018.07.05-14.47.51:383][233]LogModuleManager: Shutting down and abandoning module SteamVR (322)
[2018.07.05-14.47.51:383][233]LogModuleManager: Shutting down and abandoning module ProceduralMeshComponentEditor (320)
[2018.07.05-14.47.51:383][233]LogModuleManager: Shutting down and abandoning module ProceduralMeshComponent (318)
[2018.07.05-14.47.51:383][233]LogModuleManager: Shutting down and abandoning module OculusLibrary (316)
[2018.07.05-14.47.51:383][233]LogModuleManager: Shutting down and abandoning module OculusInput (314)
[2018.07.05-14.47.51:383][233]LogModuleManager: Shutting down and abandoning module MobilePatchingUtils (312)
[2018.07.05-14.47.51:383][233]LogModuleManager: Shutting down and abandoning module CustomMeshComponent (310)
[2018.07.05-14.47.51:383][233]LogModuleManager: Shutting down and abandoning module CableComponent (308)
[2018.07.05-14.47.51:383][233]LogModuleManager: Shutting down and abandoning module ArchVisCharacter (306)
[2018.07.05-14.47.51:383][233]LogModuleManager: Shutting down and abandoning module AndroidPermission (304)
[2018.07.05-14.47.51:383][233]LogModuleManager: Shutting down and abandoning module MediaPlayerEditor (300)
[2018.07.05-14.47.51:476][233]LogModuleManager: Shutting down and abandoning module HTML5Networking (298)
[2018.07.05-14.47.51:477][233]LogModuleManager: Shutting down and abandoning module AlembicImporter (296)
[2018.07.05-14.47.51:489][233]LogModuleManager: Shutting down and abandoning module AlembicLibrary (295)
[2018.07.05-14.47.51:489][233]LogModuleManager: Shutting down and abandoning module GeometryCache (294)
[2018.07.05-14.47.51:489][233]LogModuleManager: Shutting down and abandoning module GeometryCacheEd (293)
[2018.07.05-14.47.51:489][233]LogModuleManager: Shutting down and abandoning module SuperSearchEditor (288)
[2018.07.05-14.47.51:489][233]LogModuleManager: Shutting down and abandoning module SuperSearch (287)
[2018.07.05-14.47.51:489][233]LogModuleManager: Shutting down and abandoning module SpeedTreeImporter (284)
[2018.07.05-14.47.51:489][233]LogModuleManager: Shutting down and abandoning module PluginBrowser (282)
[2018.07.05-14.47.51:489][233]LogModuleManager: Shutting down and abandoning module MobileLauncherProfileWizard (280)
[2018.07.05-14.47.51:489][233]LogModuleManager: Shutting down and abandoning module VisualStudioSourceCodeAccess (278)
[2018.07.05-14.47.51:490][233]LogModuleManager: Shutting down and abandoning module DesktopPlatform (277)
[2018.07.05-14.47.51:490][233]LogModuleManager: Shutting down and abandoning module UObjectPlugin (274)
[2018.07.05-14.47.51:490][233]LogModuleManager: Shutting down and abandoning module SubversionSourceControl (272)
[2018.07.05-14.47.51:490][233]LogModuleManager: Shutting down and abandoning module PerforceSourceControl (270)
[2018.07.05-14.47.51:490][233]LogModuleManager: Shutting down and abandoning module GitSourceControl (268)
[2018.07.05-14.47.51:490][233]LogModuleManager: Shutting down and abandoning module SourceControl (267)
[2018.07.05-14.47.51:490][233]LogModuleManager: Shutting down and abandoning module LightPropagationVolumeEditor (264)
[2018.07.05-14.47.51:490][233]LogModuleManager: Shutting down and abandoning module PaperTiledImporter (262)
[2018.07.05-14.47.51:490][233]LogModuleManager: Shutting down and abandoning module PaperSpriteSheetImporter (260)
[2018.07.05-14.47.51:490][233]LogModuleManager: Shutting down and abandoning module Paper2DEditor (258)
[2018.07.05-14.47.51:491][233]LogModuleManager: Shutting down and abandoning module MeshPaint (257)
[2018.07.05-14.47.51:491][233]LogModuleManager: Shutting down and abandoning module LevelEditor (255)
[2018.07.05-14.47.51:491][233]LogModuleManager: Shutting down and abandoning module PixelInspectorModule (254)
[2018.07.05-14.47.51:491][233]LogModuleManager: Shutting down and abandoning module MainFrame (252)
[2018.07.05-14.47.51:491][233]LogModuleManager: Shutting down and abandoning module HotReload (251)
[2018.07.05-14.47.51:493][233]LogModuleManager: Shutting down and abandoning module PhysXVehiclesEditor (246)
[2018.07.05-14.47.51:493][233]LogModuleManager: Shutting down and abandoning module PhysXVehicles (244)
[2018.07.05-14.47.51:493][233]LogModuleManager: Shutting down and abandoning module LocationServicesBPLibrary (242)
[2018.07.05-14.47.51:493][233]LogModuleManager: Shutting down and abandoning module ImmediatePhysicsEditor (240)
[2018.07.05-14.47.51:493][233]LogModuleManager: Shutting down and abandoning module ImmediatePhysics (238)
[2018.07.05-14.47.51:493][233]LogModuleManager: Shutting down and abandoning module UdpMessaging (236)
[2018.07.05-14.47.51:594][233]LogModuleManager: Shutting down and abandoning module TcpMessaging (234)
[2018.07.05-14.47.51:695][233]LogModuleManager: Shutting down and abandoning module GameplayTagsEditor (232)
[2018.07.05-14.47.51:702][233]LogModuleManager: Shutting down and abandoning module FacialAnimationEditor (230)
[2018.07.05-14.47.51:702][233]LogModuleManager: Shutting down and abandoning module FacialAnimation (228)
[2018.07.05-14.47.51:702][233]LogModuleManager: Shutting down and abandoning module AssetManagerEditor (226)
[2018.07.05-14.47.51:703][233]LogModuleManager: Shutting down and abandoning module GraphEditor (225)
[2018.07.05-14.47.51:703][233]LogModuleManager: Shutting down and abandoning module ContentBrowser (223)
[2018.07.05-14.47.51:709][233]LogModuleManager: Shutting down and abandoning module LightPropagationVolumeRuntime (220)
[2018.07.05-14.47.51:709][233]LogModuleManager: Shutting down and abandoning module Paper2D (218)
[2018.07.05-14.47.51:709][233]LogModuleManager: Shutting down and abandoning module WindowsMoviePlayer (216)
[2018.07.05-14.47.51:709][233]LogModuleManager: Shutting down and abandoning module WmfMedia (214)
[2018.07.05-14.47.51:709][233]LogModuleManager: Shutting down and abandoning module ClothingSystemEditor (212)
[2018.07.05-14.47.51:709][233]LogModuleManager: Shutting down and abandoning module ClothingSystemRuntime (210)
[2018.07.05-14.47.51:709][233]LogModuleManager: Shutting down and abandoning module MediaAssets (208)
[2018.07.05-14.47.51:709][233]LogModuleManager: Shutting down and abandoning module GameLiveStreaming (206)
[2018.07.05-14.47.51:710][233]LogModuleManager: Shutting down and abandoning module VREditor (204)
[2018.07.05-14.47.51:710][233]LogModuleManager: Shutting down and abandoning module StringTableEditor (202)
[2018.07.05-14.47.51:710][233]LogModuleManager: Shutting down and abandoning module GameplayTasksEditor (200)
[2018.07.05-14.47.51:710][233]LogModuleManager: Shutting down and abandoning module BehaviorTreeEditor (198)
[2018.07.05-14.47.51:710][233]LogModuleManager: Shutting down and abandoning module FunctionalTesting (196)
[2018.07.05-14.47.51:710][233]LogModuleManager: Shutting down and abandoning module CollisionAnalyzer (194)
[2018.07.05-14.47.51:710][233]LogModuleManager: Shutting down and abandoning module UMG (192)
[2018.07.05-14.47.51:710][233]LogModuleManager: Shutting down and abandoning module UMGEditor (191)
[2018.07.05-14.47.51:710][233]LogModuleManager: Shutting down and abandoning module Sequencer (190)
[2018.07.05-14.47.51:710][233]LogModuleManager: Shutting down and abandoning module AssetTools (188)
[2018.07.05-14.47.51:710][233]LogModuleManager: Shutting down and abandoning module MessageLog (187)
[2018.07.05-14.47.51:711][233]LogModuleManager: Shutting down and abandoning module WorkspaceMenuStructure (186)
[2018.07.05-14.47.51:711][233]LogModuleManager: Shutting down and abandoning module SlateReflector (180)
[2018.07.05-14.47.51:711][233]LogModuleManager: Shutting down and abandoning module Slate (178)
[2018.07.05-14.47.51:711][233]LogModuleManager: Shutting down and abandoning module EditorStyle (176)
[2018.07.05-14.47.51:719][233]LogModuleManager: Shutting down and abandoning module SourceCodeAccess (174)
[2018.07.05-14.47.51:719][233]LogModuleManager: Shutting down and abandoning module HeadMountedDisplay (172)
[2018.07.05-14.47.51:719][233]LogModuleManager: Shutting down and abandoning module XAudio2 (170)
[2018.07.05-14.47.51:719][233]LogModuleManager: Shutting down and abandoning module Networking (168)
[2018.07.05-14.47.51:719][233]LogModuleManager: Shutting down and abandoning module Core (164)
[2018.07.05-14.47.51:719][233]LogModuleManager: Shutting down and abandoning module AssetRegistry (162)
[2018.07.05-14.47.51:850][233]LogDirectoryWatcher: A directory notification for '../../../Engine/Content/' was aborted.
[2018.07.05-14.47.51:850][233]LogDirectoryWatcher: A directory notification for '../../../../../../Users/josh.contreras/Desktop/Fuse-master/Content/' was aborted.
[2018.07.05-14.47.51:850][233]LogDirectoryWatcher: A directory notification for '../../../Engine/Plugins/2D/Paper2D/Content/' was aborted.
[2018.07.05-14.47.51:850][233]LogDirectoryWatcher: A directory notification for '../../../Engine/Plugins/Runtime/GearVR/Content/' was aborted.
[2018.07.05-14.47.51:853][233]LogModuleManager: Shutting down and abandoning module DirectoryWatcher (161)
[2018.07.05-14.47.51:853][233]LogModuleManager: Shutting down and abandoning module KismetCompiler (158)
[2018.07.05-14.47.51:853][233]LogModuleManager: Shutting down and abandoning module LevelSequence (156)
[2018.07.05-14.47.51:853][233]LogModuleManager: Shutting down and abandoning module PhysXFormats (154)
[2018.07.05-14.47.51:853][233]LogModuleManager: Shutting down and abandoning module MeshUtilities (152)
[2018.07.05-14.47.51:853][233]LogModuleManager: Shutting down and abandoning module SimplygonSwarm (151)
[2018.07.05-14.47.51:853][233]LogModuleManager: Shutting down and abandoning module SimplygonMeshReduction (149)
[2018.07.05-14.47.51:853][233]LogModuleManager: Shutting down and abandoning module QuadricMeshReduction (147)
[2018.07.05-14.47.51:853][233]LogModuleManager: Shutting down and abandoning module DerivedDataCache (144)
[2018.07.05-14.47.51:882][233]LogDerivedDataCache: Shutdown
[2018.07.05-14.47.51:882][233]LogModuleManager: Shutting down and abandoning module TargetPlatform (142)
[2018.07.05-14.47.51:882][233]LogModuleManager: Shutting down and abandoning module VulkanShaderFormat (141)
[2018.07.05-14.47.51:882][233]LogModuleManager: Shutting down and abandoning module ShaderFormatVectorVM (139)
[2018.07.05-14.47.51:882][233]LogModuleManager: Shutting down and abandoning module ShaderFormatOpenGL (137)
[2018.07.05-14.47.51:882][233]LogModuleManager: Shutting down and abandoning module ShaderFormatD3D (135)
[2018.07.05-14.47.51:882][233]LogModuleManager: Shutting down and abandoning module MetalShaderFormat (133)
[2018.07.05-14.47.51:882][233]LogModuleManager: Shutting down and abandoning module TextureFormatUncompressed (131)
[2018.07.05-14.47.51:882][233]LogModuleManager: Shutting down and abandoning module TextureFormatPVR (129)
[2018.07.05-14.47.51:882][233]LogModuleManager: Shutting down and abandoning module TextureFormatDXT (127)
[2018.07.05-14.47.51:882][233]LogModuleManager: Shutting down and abandoning module TextureFormatIntelISPCTexComp (125)
[2018.07.05-14.47.51:882][233]LogModuleManager: Shutting down and abandoning module TextureFormatASTC (123)
[2018.07.05-14.47.51:882][233]LogModuleManager: Shutting down and abandoning module ImageWrapper (122)
[2018.07.05-14.47.51:882][233]LogModuleManager: Shutting down and abandoning module TextureFormatAndroid (119)
[2018.07.05-14.47.51:882][233]LogModuleManager: Shutting down and abandoning module AudioFormatOpus (117)
[2018.07.05-14.47.51:882][233]LogModuleManager: Shutting down and abandoning module AudioFormatOgg (115)
[2018.07.05-14.47.51:882][233]LogModuleManager: Shutting down and abandoning module AudioFormatADPCM (113)
[2018.07.05-14.47.51:882][233]LogModuleManager: Shutting down and abandoning module LinuxTargetPlatform (111)
[2018.07.05-14.47.51:882][233]LogModuleManager: Shutting down and abandoning module LinuxServerTargetPlatform (109)
[2018.07.05-14.47.51:882][233]LogModuleManager: Shutting down and abandoning module LinuxNoEditorTargetPlatform (107)
[2018.07.05-14.47.51:882][233]LogModuleManager: Shutting down and abandoning module LinuxClientTargetPlatform (105)
[2018.07.05-14.47.51:882][233]LogModuleManager: Shutting down and abandoning module TVOSTargetPlatform (103)
[2018.07.05-14.47.51:882][233]LogModuleManager: Shutting down and abandoning module Messaging (101)
[2018.07.05-14.47.51:882][233]LogModuleManager: Shutting down and abandoning module IOSTargetPlatform (99)
[2018.07.05-14.47.51:883][233]LogModuleManager: Shutting down and abandoning module HTML5TargetPlatform (97)
[2018.07.05-14.47.51:883][233]LogModuleManager: Shutting down and abandoning module Android_PVRTCTargetPlatform (95)
[2018.07.05-14.47.51:883][233]LogModuleManager: Shutting down and abandoning module Android_MultiTargetPlatform (93)
[2018.07.05-14.47.51:883][233]LogModuleManager: Shutting down and abandoning module Android_ETC2TargetPlatform (91)
[2018.07.05-14.47.51:883][233]LogModuleManager: Shutting down and abandoning module Android_ETC1TargetPlatform (89)
[2018.07.05-14.47.51:883][233]LogModuleManager: Shutting down and abandoning module Android_DXTTargetPlatform (87)
[2018.07.05-14.47.51:883][233]LogModuleManager: Shutting down and abandoning module Android_ATCTargetPlatform (85)
[2018.07.05-14.47.51:883][233]LogModuleManager: Shutting down and abandoning module Android_ASTCTargetPlatform (83)
[2018.07.05-14.47.51:883][233]LogModuleManager: Shutting down and abandoning module AndroidTargetPlatform (81)
[2018.07.05-14.47.51:883][233]LogModuleManager: Shutting down and abandoning module WindowsTargetPlatform (79)
[2018.07.05-14.47.51:883][233]LogModuleManager: Shutting down and abandoning module WindowsServerTargetPlatform (77)
[2018.07.05-14.47.51:883][233]LogModuleManager: Shutting down and abandoning module WindowsNoEditorTargetPlatform (75)
[2018.07.05-14.47.51:883][233]LogModuleManager: Shutting down and abandoning module WindowsClientTargetPlatform (73)
[2018.07.05-14.47.51:883][233]LogModuleManager: Shutting down and abandoning module MacTargetPlatform (71)
[2018.07.05-14.47.51:883][233]LogModuleManager: Shutting down and abandoning module MacServerTargetPlatform (69)
[2018.07.05-14.47.51:883][233]LogModuleManager: Shutting down and abandoning module MacNoEditorTargetPlatform (67)
[2018.07.05-14.47.51:883][233]LogModuleManager: Shutting down and abandoning module MacClientTargetPlatform (65)
[2018.07.05-14.47.51:883][233]LogModuleManager: Shutting down and abandoning module AllDesktopTargetPlatform (63)
[2018.07.05-14.47.51:883][233]LogModuleManager: Shutting down and abandoning module InputCore (60)
[2018.07.05-14.47.51:883][233]LogModuleManager: Shutting down and abandoning module Settings (58)
[2018.07.05-14.47.51:883][233]LogModuleManager: Shutting down and abandoning module OculusRift (56)
[2018.07.05-14.47.51:883][233]LogModuleManager: Shutting down and abandoning module GearVRController (54)
[2018.07.05-14.47.51:883][233]LogModuleManager: Shutting down and abandoning module GearVR (52)
[2018.07.05-14.47.51:883][233]LogModuleManager: Shutting down and abandoning module ExampleDeviceProfileSelector (50)
[2018.07.05-14.47.51:883][233]LogModuleManager: Shutting down and abandoning module OnlineBlueprintSupport (48)
[2018.07.05-14.47.51:883][233]LogModuleManager: Shutting down and abandoning module OnlineSubsystem (44)
[2018.07.05-14.47.51:883][233]LogOnline:Display: Unloading online subsystem: NULL
[2018.07.05-14.47.51:883][233]LogModuleManager: Shutting down and abandoning module XMPP (43)
[2018.07.05-14.47.51:883][233]LogModuleManager: Shutting down and abandoning module HTTP (41)
[2018.07.05-14.47.51:883][233]LogHttp:Display: Http module shutting down, but needs to wait on 1 outstanding Http requests:
[2018.07.05-14.47.51:883][233]LogHttp:Display: 	verb=[POST] url=[https://datarouter.ol.epicgames.com/datarouter/api/v1/public/data?SessionID=%7B116AC00A-410A-2792-88AB-9E9702788CC7%7D&AppID=UEEditor.Rocket.Release&AppVersion=4.16.3-3561208%2B%2B%2BUE4%2BRelease-4.16&UserID=f7adcfee480587e46a6f9faa7d3cf87a%7C%7Cdad121f4-d488-438e-b7bc-b4bd5cc3ac3e&AppEnvironment=datacollector-binary&UploadType=eteventstream] status=Processing
[2018.07.05-14.47.51:909][233]LogModuleManager: Shutting down and abandoning module SSL (40)
[2018.07.05-14.47.51:910][233]LogModuleManager: Shutting down and abandoning module HTTPChunkInstaller (36)
[2018.07.05-14.47.51:910][233]LogModuleManager: Shutting down and abandoning module AnimationModifiers (34)
[2018.07.05-14.47.51:910][233]LogModuleManager: Shutting down and abandoning module PropertyEditor (33)
[2018.07.05-14.47.51:910][233]LogModuleManager: Shutting down and abandoning module AudioEditor (30)
[2018.07.05-14.47.51:910][233]LogModuleManager: Shutting down and abandoning module TextureCompressor (28)
[2018.07.05-14.47.51:910][233]LogModuleManager: Shutting down and abandoning module ShaderCore (26)
[2018.07.05-14.47.51:910][233]LogModuleManager: Shutting down and abandoning module Landscape (24)
[2018.07.05-14.47.51:910][233]LogModuleManager: Shutting down and abandoning module SlateRHIRenderer (22)
[2018.07.05-14.47.51:911][233]LogModuleManager: Shutting down and abandoning module OpenGLDrv (20)
[2018.07.05-14.47.51:911][233]LogModuleManager: Shutting down and abandoning module D3D11RHI (18)
[2018.07.05-14.47.51:911][233]LogModuleManager: Shutting down and abandoning module AnimGraphRuntime (16)
[2018.07.05-14.47.51:911][233]LogModuleManager: Shutting down and abandoning module Renderer (14)
[2018.07.05-14.47.51:912][233]LogModuleManager: Shutting down and abandoning module Engine (12)
[2018.07.05-14.47.51:912][233]LogModuleManager: Shutting down and abandoning module CoreUObject (10)
[2018.07.05-14.47.51:912][233]LogModuleManager: Shutting down and abandoning module NetworkFile (8)
[2018.07.05-14.47.51:912][233]LogModuleManager: Shutting down and abandoning module StreamingFile (6)
[2018.07.05-14.47.51:912][233]LogModuleManager: Shutting down and abandoning module SandboxFile (4)
[2018.07.05-14.47.51:912][233]LogModuleManager: Shutting down and abandoning module PakFile (2)
[2018.07.05-14.47.51:913][233]LogExit: Exiting.
[2018.07.05-14.47.51:937][233]Log file closed, 07/05/18 15:47:51
