Log file open, 04/25/18 15:03:53
LogInit:Display: Running engine for game: RPG_Game
LogPlatformFile: Not using cached read wrapper
LogInit:Display: RandInit(76471068) SRandInit(76471068).
LogTaskGraph: Started task graph with 5 named threads and 8 total threads with 1 sets of task threads.
LogStats: Stats thread started at 0.104661
LogInit: Using libcurl 7.47.1
LogInit:  - built for x86_64-pc-win32
LogInit:  - supports SSL with OpenSSL/1.0.2g
LogInit:  - supports HTTP deflate (compression) using libz 1.2.8
LogInit:  - other features:
LogInit:      CURL_VERSION_SSL
LogInit:      CURL_VERSION_LIBZ
LogInit:      CURL_VERSION_IPV6
LogInit:      CURL_VERSION_ASYNCHDNS
LogInit:      CURL_VERSION_LARGEFILE
LogInit:      CURL_VERSION_IDN
LogInit:  CurlRequestOptions (configurable via config and command line):
LogInit:  - bVerifyPeer = false  - Libcurl will NOT verify peer certificate
LogInit:  - bUseHttpProxy = false  - Libcurl will NOT use HTTP proxy
LogInit:  - bDontReuseConnections = false  - Libcurl will reuse connections
LogInit:  - CertBundlePath = nullptr  - Libcurl will use whatever was configured at build time.
LogInit: Build: ++UE4+Release-4.16-CL-3561208
LogInit: Engine Version: 4.16.3-3561208+++UE4+Release-4.16
LogInit: Compatible Engine Version: 4.16.0-3452394+++UE4+Release-4.16
LogInit: Net CL: 3452394
LogDevObjectVersion: Number of dev versions registered: 16
LogDevObjectVersion:   Dev-Blueprints (B0D832E4-1F89-4F0D-ACCF-7EB736FD4AA2): 9
LogDevObjectVersion:   Dev-Build (E1C64328-A22C-4D53-A36C-8E866417BD8C): 0
LogDevObjectVersion:   Dev-Core (375EC13C-06E4-48FB-B500-84F0262A717E): 2
LogDevObjectVersion:   Dev-Editor (E4B068ED-F494-42E9-A231-DA0B2E46BB41): 17
LogDevObjectVersion:   Dev-Framework (CFFC743F-43B0-4480-9391-14DF171D2073): 23
LogDevObjectVersion:   Dev-Mobile (B02B49B5-BB20-44E9-A304-32B752E40360): 0
LogDevObjectVersion:   Dev-Networking (A4E4105C-59A1-49B5-A7C5-40C4547EDFEE): 0
LogDevObjectVersion:   Dev-Online (39C831C9-5AE6-47DC-9A44-9C173E1C8E7C): 0
LogDevObjectVersion:   Dev-Physics (78F01B33-EBEA-4F98-B9B4-84EACCB95AA2): 0
LogDevObjectVersion:   Dev-Platform (6631380F-2D4D-43E0-8009-CF276956A95A): 0
LogDevObjectVersion:   Dev-Rendering (12F88B9F-8875-4AFC-A67C-D90C383ABD29): 15
LogDevObjectVersion:   Dev-Sequencer (7B5AE74C-D270-4C10-A958-57980B212A5A): 4
LogDevObjectVersion:   Dev-VR (D7296918-1DD6-4BDD-9DE2-64A83CC13884): 0
LogDevObjectVersion:   Dev-LoadTimes (C2A15278-BFE7-4AFE-6C17-90FF531DF755): 1
LogDevObjectVersion:   Private-Geometry (6EACA3D4-40EC-4CC1-B786-8BED09428FC5): 1
LogDevObjectVersion:   Dev-AnimPhys (29E575DD-E0A3-4627-9D10-D276232CDCEA): 3
LogInit: Compiled (64-bit): Jul 28 2017 11:49:47
LogInit: Compiled with Visual C++: 19.00.24215.01
LogInit: Build Configuration: Development
LogInit: Branch Name: ++UE4+Release-4.16
LogInit: Command line:  /Temp/Autosaves/Game/Maps/UEDPCHelloWorld -game -PIEVIACONSOLE -ResX=1280 -ResY=720  -Multiprocess -messaging -SessionName="Play in Standalone Game" -windowed 
LogInit: Base directory: C:/Program Files/Epic Games/UE_4.16/Engine/Binaries/Win64/
LogInit: Installed Engine Build: 1
LogInit: Presizing for max 8388607 objects, including 0 objects not considered by GC, pre-allocating 0 bytes for permanent pool.
LogInit: Object subsystem initialized
[2018.04.25-14.03.54:181][  0]LogInit: Selected Device Profile: [Windows]
[2018.04.25-14.03.54:181][  0]LogInit: Applying CVar settings loaded from the selected device profile: [Windows]
[2018.04.25-14.03.54:184][  0]LogInit: Computer: C217-37
[2018.04.25-14.03.54:184][  0]LogInit: User: jordanboast
[2018.04.25-14.03.54:184][  0]LogInit: CPU Page size=4096, Cores=4
[2018.04.25-14.03.54:184][  0]LogInit: High frequency timer resolution =3.328124 MHz
[2018.04.25-14.03.54:185][  0]LogMemory: Memory total: Physical=15.9GB (16GB approx)
[2018.04.25-14.03.54:185][  0]LogMemory: Platform Memory Stats for Windows
[2018.04.25-14.03.54:185][  0]LogMemory: Process Physical Memory: 278.34 MB used, 278.34 MB peak
[2018.04.25-14.03.54:185][  0]LogMemory: Process Virtual Memory: 262.07 MB used, 262.07 MB peak
[2018.04.25-14.03.54:185][  0]LogMemory: Physical Memory: 6535.43 MB used,  9769.12 MB free, 16304.54 MB total
[2018.04.25-14.03.54:185][  0]LogMemory: Virtual Memory: 675.63 MB used,  9769.12 MB free, 134217728.00 MB total
[2018.04.25-14.03.54:259][  0]LogInit: Using OS detected language (en-US).
[2018.04.25-14.03.54:259][  0]LogInit: Using OS detected locale (en-GB).
[2018.04.25-14.03.54:262][  0]LogTextLocalizationManager: No specific localization for 'en-US' exists, so the 'en' localization will be used.
[2018.04.25-14.03.54:962][  0]LogD3D11RHI: D3D11 adapters:
[2018.04.25-14.03.54:978][  0]LogD3D11RHI:    0. 'NVIDIA Quadro K2200' (Feature Level 11_0)
[2018.04.25-14.03.54:978][  0]LogD3D11RHI:       4062/0/8152 MB DedicatedVideo/DedicatedSystem/SharedSystem, Outputs:1, VendorId:0x10de
[2018.04.25-14.03.54:980][  0]LogD3D11RHI:    1. 'Microsoft Basic Render Driver' (Feature Level 11_0)
[2018.04.25-14.03.54:980][  0]LogD3D11RHI:       0/0/8152 MB DedicatedVideo/DedicatedSystem/SharedSystem, Outputs:0, VendorId:0x1414
[2018.04.25-14.03.54:980][  0]LogD3D11RHI: Chosen D3D11 Adapter: 0
[2018.04.25-14.03.54:987][  0]LogD3D11RHI: Creating new Direct3DDevice
[2018.04.25-14.03.54:987][  0]LogD3D11RHI:     GPU DeviceId: 0x13ba (for the marketing name, search the web for "GPU Device Id")
[2018.04.25-14.03.54:987][  0]LogWindows: EnumDisplayDevices:
[2018.04.25-14.03.54:988][  0]LogWindows:    0. 'NVIDIA Quadro K2200' (P:1 D:1)
[2018.04.25-14.03.54:988][  0]LogWindows:    1. 'NVIDIA Quadro K2200' (P:0 D:0)
[2018.04.25-14.03.54:988][  0]LogWindows:    2. 'NVIDIA Quadro K2200' (P:0 D:0)
[2018.04.25-14.03.54:988][  0]LogWindows:    3. 'NVIDIA Quadro K2200' (P:0 D:0)
[2018.04.25-14.03.54:988][  0]LogWindows: DebugString: FoundDriverCount:4 
[2018.04.25-14.03.54:988][  0]LogD3D11RHI:     Adapter Name: NVIDIA Quadro K2200
[2018.04.25-14.03.54:988][  0]LogD3D11RHI:   Driver Version: 377.11 (internal:21.21.13.7711, unified:377.11)
[2018.04.25-14.03.54:988][  0]LogD3D11RHI:      Driver Date: 3-17-2017
[2018.04.25-14.03.54:988][  0]LogRHI: Texture pool is 1361 MB (70% of 1945 MB)
[2018.04.25-14.03.55:003][  0]LogD3D11RHI: Async texture creation enabled
[2018.04.25-14.03.55:019][  0]LogD3D11RHI: GPU Timing Frequency: 1000.000000 (Debug: 2 2)
[2018.04.25-14.03.55:062][  0]LogShaderCompilers: Guid format shader working directory is 37 characters bigger than the processId version (E:/FMP/RPG_Game/Intermediate/Shaders/WorkingDirectory/56064/).
[2018.04.25-14.03.55:062][  0]LogShaderCompilers: Cleaned the shader compiler working directory 'C:/Users/jordan.boast/AppData/Local/Temp/UnrealShaderWorkingDir/714E66EC498F1A9A63512799144B0F0B/'.
[2018.04.25-14.03.55:062][  0]LogShaderCompilers:Display: Using Local Shader Compiler.
[2018.04.25-14.03.56:082][  0]LogTemp:Display: Loaded TP WindowsClientTargetPlatform
[2018.04.25-14.03.56:124][  0]LogTemp:Display: Loaded TP WindowsNoEditorTargetPlatform
[2018.04.25-14.03.56:167][  0]LogTemp:Display: Loaded TP WindowsServerTargetPlatform
[2018.04.25-14.03.56:203][  0]LogTemp:Display: Loaded TP WindowsTargetPlatform
[2018.04.25-14.03.56:203][  0]LogTargetPlatformManager:Display: Building Assets For Windows
[2018.04.25-14.03.56:633][  0]LogDerivedDataCache:Display: Max Cache Size: 512 MB
[2018.04.25-14.03.56:712][  0]LogDerivedDataCache: Loaded boot cache 0.08s 90MB C:/Users/jordan.boast/AppData/Local/UnrealEngine/4.16/DerivedDataCache/Boot.ddc.
[2018.04.25-14.03.56:712][  0]LogDerivedDataCache:Display: Loaded Boot cache: C:/Users/jordan.boast/AppData/Local/UnrealEngine/4.16/DerivedDataCache/Boot.ddc
[2018.04.25-14.03.56:712][  0]LogDerivedDataCache: FDerivedDataBackendGraph:  Pak pak cache file E:/FMP/RPG_Game/DerivedDataCache/DDC.ddp not found, will not use a pak cache.
[2018.04.25-14.03.56:712][  0]LogDerivedDataCache: Unable to find inner node Pak for hierarchical cache Hierarchy.
[2018.04.25-14.03.56:712][  0]LogDerivedDataCache: FDerivedDataBackendGraph:  CompressedPak pak cache file E:/FMP/RPG_Game/DerivedDataCache/Compressed.ddp not found, will not use a pak cache.
[2018.04.25-14.03.56:712][  0]LogDerivedDataCache: Unable to find inner node CompressedPak for hierarchical cache Hierarchy.
[2018.04.25-14.03.56:730][  0]LogDerivedDataCache:Display: Pak cache opened for reading ../../../Engine/DerivedDataCache/Compressed.ddp.
[2018.04.25-14.03.56:741][  0]LogDerivedDataCache: Using Local data cache path C:/Users/jordan.boast/AppData/Local/UnrealEngine/Common/DerivedDataCache: Writable
[2018.04.25-14.03.56:750][  0]LogMaterial: Verifying Global Shaders for PCD3D_SM5
[2018.04.25-14.03.56:750][  0]LogSlate: Using Freetype 2.6.0
[2018.04.25-14.03.56:751][  0]LogSlate: SlateFontCache - WITH_FREETYPE: 1, WITH_HARFBUZZ: 1
[2018.04.25-14.03.56:751][  0]LogSlate: SlateFontCache - WITH_FREETYPE: 1, WITH_HARFBUZZ: 1
[2018.04.25-14.03.57:022][  0]LogAssetRegistry: FAssetRegistry took 0.0032 seconds to start up
[2018.04.25-14.03.57:030][  0]LogPackageLocalizationCache: Processed 4 localized package path(s) for 2 prioritized culture(s) in 0.007250 seconds
[2018.04.25-14.03.57:095][  0]LogInit: Selected Device Profile: [Windows]
[2018.04.25-14.03.57:154][  0]LogContentStreaming: Texture pool size is 1000.00 MB
[2018.04.25-14.03.57:286][  0]LogMeshUtilities: Using QuadricMeshReduction for automatic static mesh reduction
[2018.04.25-14.03.57:322][  0]LogSimplygon: Simplygon DLL not present - disabling.
[2018.04.25-14.03.57:363][  0]LogMeshUtilities: Using SimplygonSwarm for distributed automatic mesh merging
[2018.04.25-14.03.57:363][  0]LogMeshUtilities: No automatic skeletal mesh reduction module available
[2018.04.25-14.03.57:363][  0]LogMeshUtilities: No automatic mesh merging module available
[2018.04.25-14.03.57:660][  0]LogLinker:Warning: The file '../../../Engine/Content/EditorMaterials/Thumbnails/SkySphereMaterial.uasset' contains unrecognizable data, check that it is of the expected type.
[2018.04.25-14.03.57:660][  0]LogLinker:Warning: The file '../../../Engine/Content/EditorMaterials/Thumbnails/SkySphereMaterial.uasset' contains unrecognizable data, check that it is of the expected type.
[2018.04.25-14.03.57:812][  0]LogNetVersion: RPG_Game , NetCL: 3452394, EngineNetVer: 2, GameNetVer: 0 (Checksum: 2586067795)
[2018.04.25-14.03.57:877][  0]LogInit: WinSock: version 1.1 (2.2), MaxSocks=32767, MaxUdp=65467
[2018.04.25-14.03.58:814][  0]LogMoviePlayer: Initializing movie player
[2018.04.25-14.03.58:885][  0]LogWindowsTextInputMethodSystem:Display: IME system now deactivated.
[2018.04.25-14.03.59:114][  0]LogCollectionManager: Loaded 0 collections in 0.001509 seconds
[2018.04.25-14.03.59:165][  0]LogFileCache: Scanning file cache for directory 'E:/FMP/RPG_Game/Saved/Collections/' took 0.01s
[2018.04.25-14.03.59:165][  0]LogFileCache: Scanning file cache for directory 'E:/FMP/RPG_Game/Content/Developers/jordanboast/Collections/' took 0.01s
[2018.04.25-14.03.59:165][  0]LogFileCache: Scanning file cache for directory 'E:/FMP/RPG_Game/Content/Collections/' took 0.01s
[2018.04.25-14.03.59:165][  0]LogCollectionManager: Rebuilt the object cache for 0 collections in 0.000002 seconds (found 0 objects)
[2018.04.25-14.03.59:165][  0]LogCollectionManager: Fixed up redirectors for 0 collections in 0.000028 seconds (updated 0 objects)
[2018.04.25-14.03.59:318][  0]LogTcpMessaging: Initializing TcpMessaging bridge
[2018.04.25-14.03.59:355][  0]LogUdpMessaging: Initializing bridge on interface 0.0.0.0:0 to multicast group 230.0.0.1:6666.
[2018.04.25-14.03.59:715][  0]SourceControl: Info Source control is disabled
[2018.04.25-14.03.59:715][  0]SourceControl: Info Source control is disabled
[2018.04.25-14.03.59:757][  0]SourceControl: Info Source control is disabled
[2018.04.25-14.03.59:978][  0]LogAndroidPermission: UAndroidPermissionCallbackProxy::GetInstance
[2018.04.25-14.04.00:354][  0]LogUObjectArray: 37217 objects as part of root set at end of initial load.
[2018.04.25-14.04.00:354][  0]LogUObjectAllocator: 8395696 out of 0 bytes used by permanent object pool.
[2018.04.25-14.04.00:354][  0]LogUObjectArray: CloseDisregardForGC: 0/0 objects in disregard for GC pool
[2018.04.25-14.04.00:454][  0]LogEngine: Initializing Engine...
[2018.04.25-14.04.00:454][  0]LogHMD: Failed to initialize OpenVR with code 110
[2018.04.25-14.04.00:631][  0]LogStats: UGameplayTagsManager::ConstructGameplayTagTree: Construct from data asset -  0.000 s
[2018.04.25-14.04.00:631][  0]LogStats: UGameplayTagsManager::ConstructGameplayTagTree: GameplayTagTreeChangedEvent.Broadcast -  0.000 s
[2018.04.25-14.04.00:637][  0]LogInit: XAudio2 using 'Speakers (Realtek High Definition Audio)' : 2 channels at 48 kHz using 32 bits per sample (channel mask 0x3)
[2018.04.25-14.04.00:651][  0]LogInit: FAudioDevice initialized.
[2018.04.25-14.04.00:667][  0]LogInit: Texture streaming: Enabled
[2018.04.25-14.04.00:678][  0]LogMaterial: Uniform references updated for custom material expression Custom.
[2018.04.25-14.04.00:891][  0]LogSlateStyle:Warning: Unable to find Slate Widget Style 'NormalText'. Using FTextBlockStyle defaults instead.
[2018.04.25-14.04.00:891][  0]LogSlateStyle:Warning: Unable to find Slate Widget Style 'SpinBox'. Using FSpinBoxStyle defaults instead.
[2018.04.25-14.04.01:086][  0]LogInit:Display: Game Engine Initialized.
[2018.04.25-14.04.01:226][  0]LogInit:Display: Starting Game.
[2018.04.25-14.04.01:228][  0]LogNet: Browse: /Temp/Autosaves/Game/Maps/UEDPCHelloWorld?Name=Player
[2018.04.25-14.04.01:228][  0]LogLoad: LoadMap: /Temp/Autosaves/Game/Maps/UEDPCHelloWorld?Name=Player
[2018.04.25-14.04.01:243][  0]LogMemory: Platform Memory Stats for Windows
[2018.04.25-14.04.01:243][  0]LogMemory: Process Physical Memory: 790.13 MB used, 893.24 MB peak
[2018.04.25-14.04.01:243][  0]LogMemory: Process Virtual Memory: 902.86 MB used, 951.17 MB peak
[2018.04.25-14.04.01:243][  0]LogMemory: Physical Memory: 6838.05 MB used,  9466.49 MB free, 16304.54 MB total
[2018.04.25-14.04.01:243][  0]LogMemory: Virtual Memory: 1527.16 MB used,  9466.49 MB free, 134217728.00 MB total
[2018.04.25-14.04.01:243][  0]LogMemory: 
[2018.04.25-14.04.01:243][  0]Allocator Stats for TBB: (not implemented)
[2018.04.25-14.04.01:612][  0]LogLinker:Warning: Can't find file '/Game/Materials/ButtonMaterial'
[2018.04.25-14.04.01:612][  0]LoadErrors: Info Failed to load /Game/Materials/ButtonMaterial.ButtonMaterial Referenced by Button_Push
[2018.04.25-14.04.01:612][  0]LogUObjectGlobals:Warning: Failed to load '/Game/Materials/ButtonMaterial': Can't find file '/Game/Materials/ButtonMaterial'
[2018.04.25-14.04.01:612][  0]LogLinker:Warning: Can't find file for asset '/Game/Materials/ButtonMaterial' while loading NULL.
[2018.04.25-14.04.01:612][  0]LoadErrors: Info Failed to load /Game/Materials/ButtonMaterial.ButtonMaterial Referenced by Button_Push
[2018.04.25-14.04.01:612][  0]LogUObjectGlobals:Warning: Failed to load '/Game/Materials/ButtonMaterial': Can't find file for asset '/Game/Materials/ButtonMaterial' while loading NULL.
[2018.04.25-14.04.01:612][  0]LogLinker:Warning: Can't find file '/Game/Materials/ButtonMaterial'
[2018.04.25-14.04.01:612][  0]LoadErrors: Info Failed to load /Game/Materials/ButtonMaterial.ButtonMaterial Referenced by Button_Base
[2018.04.25-14.04.01:613][  0]LogUObjectGlobals:Warning: Failed to load '/Game/Materials/ButtonMaterial': Can't find file '/Game/Materials/ButtonMaterial'
[2018.04.25-14.04.01:613][  0]LogLinker:Warning: Can't find file for asset '/Game/Materials/ButtonMaterial' while loading NULL.
[2018.04.25-14.04.01:613][  0]LoadErrors: Info Failed to load /Game/Materials/ButtonMaterial.ButtonMaterial Referenced by Button_Base
[2018.04.25-14.04.01:613][  0]LogUObjectGlobals:Warning: Failed to load '/Game/Materials/ButtonMaterial': Can't find file for asset '/Game/Materials/ButtonMaterial' while loading NULL.
[2018.04.25-14.04.01:882][  0]LogAIModule: Creating AISystem for world HelloWorld
[2018.04.25-14.04.01:886][  0]LogLoad: Game class is 'FuseGM_C'
[2018.04.25-14.04.01:928][  0]LogWorld: Bringing World /Temp/Autosaves/Game/Maps/UEDPCHelloWorld.HelloWorld up for play (max tick rate 0) at 2018.04.25-15.04.01
[2018.04.25-14.04.01:948][  0]LogWorld: Bringing up level for play took: 0.046643
[2018.04.25-14.04.01:960][  0]LogLoad: Took 0.732155 seconds to LoadMap(/Temp/Autosaves/Game/Maps/UEDPCHelloWorld)
[2018.04.25-14.04.02:132][  0]LogRenderer: Reallocating scene render targets to support 1280x720 NumSamples 1 (Frame:1).
[2018.04.25-14.04.02:132][  0]LogLoad: (Engine Initialization) Total time: 11.24 seconds
[2018.04.25-14.04.02:132][  0]LogLoad: (Engine Initialization) Total Blueprint compile time: 0.14 seconds
[2018.04.25-14.04.02:132][  0]LogExternalProfiler: No external profilers were discovered.  External profiling features will not be available.
[2018.04.25-14.04.02:149][  0]LogOcInput: OculusInput pre-init called
[2018.04.25-14.04.02:149][  0]LogHMD: Starting GearVRController plugin
[2018.04.25-14.04.04:719][153]LogPackageName: SearchForPackageOnDisk took   0.086s to resolve Menu.umap.
[2018.04.25-14.04.04:810][153]LogPackageName: SearchForPackageOnDisk took   0.091s to resolve Menu.umap.
[2018.04.25-14.04.04:810][153]LogNet: Browse: /Game/Maps/Menu
[2018.04.25-14.04.04:810][153]LogLoad: LoadMap: /Game/Maps/Menu
[2018.04.25-14.04.04:844][153]LogMemory: Platform Memory Stats for Windows
[2018.04.25-14.04.04:844][153]LogMemory: Process Physical Memory: 949.46 MB used, 951.54 MB peak
[2018.04.25-14.04.04:844][153]LogMemory: Process Virtual Memory: 1188.38 MB used, 1189.90 MB peak
[2018.04.25-14.04.04:844][153]LogMemory: Physical Memory: 7025.81 MB used,  9278.73 MB free, 16304.54 MB total
[2018.04.25-14.04.04:844][153]LogMemory: Virtual Memory: 1809.68 MB used,  9278.73 MB free, 134217728.00 MB total
[2018.04.25-14.04.04:844][153]LogMemory: 
[2018.04.25-14.04.04:844][153]Allocator Stats for TBB: (not implemented)
[2018.04.25-14.04.05:056][153]LogAIModule: Creating AISystem for world Menu
[2018.04.25-14.04.05:060][153]LogLoad: Game class is 'FuseGM_C'
[2018.04.25-14.04.05:062][153]LogWorld: Bringing World /Game/Maps/Menu.Menu up for play (max tick rate 0) at 2018.04.25-15.04.05
[2018.04.25-14.04.05:063][153]LogWorld: Bringing up level for play took: 0.000700
[2018.04.25-14.04.05:063][153]LogGameMode: FindPlayerStart: PATHS NOT DEFINED or NO PLAYERSTART with positive rating
[2018.04.25-14.04.05:068][153]LogLoad: Took 0.257507 seconds to LoadMap(/Game/Maps/Menu)
[2018.04.25-14.04.06:561][204]LogRenderer: Reallocating scene render targets to support 960x1008 NumSamples 1 (Frame:54).
[2018.04.25-14.04.39:676][254]LogWindowsTextInputMethodSystem:Display: IME system now deactivated.
[2018.04.25-14.04.39:678][254]LogEngine: All Windows Closed
[2018.04.25-14.04.39:678][254]LogWindows: FPlatformMisc::RequestExit(0)
