Log file open, 05/17/18 18:50:39
LogInit:Display: Running engine for game: RPG_Game
LogPlatformFile: Not using cached read wrapper
LogInit:Display: RandInit(402996242) SRandInit(402996242).
LogTaskGraph: Started task graph with 5 named threads and 8 total threads with 1 sets of task threads.
LogStats: Stats thread started at 3.224691
LogInit: Using libcurl 7.47.1
LogInit:  - built for x86_64-pc-win32
LogInit:  - supports SSL with OpenSSL/1.0.2g
LogInit:  - supports HTTP deflate (compression) using libz 1.2.8
LogInit:  - other features:
LogInit:      CURL_VERSION_SSL
LogInit:      CURL_VERSION_LIBZ
LogInit:      CURL_VERSION_IPV6
LogInit:      CURL_VERSION_ASYNCHDNS
LogInit:      CURL_VERSION_LARGEFILE
LogInit:      CURL_VERSION_IDN
LogInit:  CurlRequestOptions (configurable via config and command line):
LogInit:  - bVerifyPeer = false  - Libcurl will NOT verify peer certificate
LogInit:  - bUseHttpProxy = false  - Libcurl will NOT use HTTP proxy
LogInit:  - bDontReuseConnections = false  - Libcurl will reuse connections
LogInit:  - CertBundlePath = nullptr  - Libcurl will use whatever was configured at build time.
LogInit: Build: ++UE4+Release-4.16-CL-3561208
LogInit: Engine Version: 4.16.3-3561208+++UE4+Release-4.16
LogInit: Compatible Engine Version: 4.16.0-3452394+++UE4+Release-4.16
LogInit: Net CL: 3452394
LogDevObjectVersion: Number of dev versions registered: 16
LogDevObjectVersion:   Dev-Blueprints (B0D832E4-1F89-4F0D-ACCF-7EB736FD4AA2): 9
LogDevObjectVersion:   Dev-Build (E1C64328-A22C-4D53-A36C-8E866417BD8C): 0
LogDevObjectVersion:   Dev-Core (375EC13C-06E4-48FB-B500-84F0262A717E): 2
LogDevObjectVersion:   Dev-Editor (E4B068ED-F494-42E9-A231-DA0B2E46BB41): 17
LogDevObjectVersion:   Dev-Framework (CFFC743F-43B0-4480-9391-14DF171D2073): 23
LogDevObjectVersion:   Dev-Mobile (B02B49B5-BB20-44E9-A304-32B752E40360): 0
LogDevObjectVersion:   Dev-Networking (A4E4105C-59A1-49B5-A7C5-40C4547EDFEE): 0
LogDevObjectVersion:   Dev-Online (39C831C9-5AE6-47DC-9A44-9C173E1C8E7C): 0
LogDevObjectVersion:   Dev-Physics (78F01B33-EBEA-4F98-B9B4-84EACCB95AA2): 0
LogDevObjectVersion:   Dev-Platform (6631380F-2D4D-43E0-8009-CF276956A95A): 0
LogDevObjectVersion:   Dev-Rendering (12F88B9F-8875-4AFC-A67C-D90C383ABD29): 15
LogDevObjectVersion:   Dev-Sequencer (7B5AE74C-D270-4C10-A958-57980B212A5A): 4
LogDevObjectVersion:   Dev-VR (D7296918-1DD6-4BDD-9DE2-64A83CC13884): 0
LogDevObjectVersion:   Dev-LoadTimes (C2A15278-BFE7-4AFE-6C17-90FF531DF755): 1
LogDevObjectVersion:   Private-Geometry (6EACA3D4-40EC-4CC1-B786-8BED09428FC5): 1
LogDevObjectVersion:   Dev-AnimPhys (29E575DD-E0A3-4627-9D10-D276232CDCEA): 3
LogInit: Compiled (64-bit): Jul 28 2017 11:49:47
LogInit: Compiled with Visual C++: 19.00.24215.01
LogInit: Build Configuration: Development
LogInit: Branch Name: ++UE4+Release-4.16
LogInit: Command line:  
LogInit: Base directory: D:/Program Files/UE_4.16/Engine/Binaries/Win64/
LogInit: Installed Engine Build: 1
LogInit: Presizing for max 8388607 objects, including 0 objects not considered by GC, pre-allocating 0 bytes for permanent pool.
LogInit: Object subsystem initialized
[2018.05.17-17.50.40:860][  0]LogInit: Selected Device Profile: [Windows]
[2018.05.17-17.50.40:860][  0]LogInit: Applying CVar settings loaded from the selected device profile: [Windows]
[2018.05.17-17.50.40:937][  0]LogInit: Computer: DESKTOP-46CB9MQ
[2018.05.17-17.50.40:937][  0]LogInit: User: JoshR
[2018.05.17-17.50.40:937][  0]LogInit: CPU Page size=4096, Cores=4
[2018.05.17-17.50.40:937][  0]LogInit: High frequency timer resolution =3.421875 MHz
[2018.05.17-17.50.40:948][  0]LogMemory: Memory total: Physical=16.0GB (16GB approx)
[2018.05.17-17.50.40:948][  0]LogMemory: Platform Memory Stats for Windows
[2018.05.17-17.50.40:948][  0]LogMemory: Process Physical Memory: 273.09 MB used, 273.09 MB peak
[2018.05.17-17.50.40:948][  0]LogMemory: Process Virtual Memory: 266.57 MB used, 266.57 MB peak
[2018.05.17-17.50.40:948][  0]LogMemory: Physical Memory: 2937.77 MB used,  13406.23 MB free, 16344.00 MB total
[2018.05.17-17.50.40:948][  0]LogMemory: Virtual Memory: 662.72 MB used,  13406.23 MB free, 134217728.00 MB total
[2018.05.17-17.50.41:594][  0]LogInit: Using OS detected language (en-GB).
[2018.05.17-17.50.41:594][  0]LogInit: Using OS detected locale (en-GB).
[2018.05.17-17.50.41:753][  0]LogTextLocalizationManager: No specific localization for 'en-GB' exists, so the 'en' localization will be used.
[2018.05.17-17.50.43:713][  0]LogD3D11RHI: D3D11 adapters:
[2018.05.17-17.50.43:759][  0]LogD3D11RHI:    0. 'NVIDIA GeForce GTX 970' (Feature Level 11_0)
[2018.05.17-17.50.43:759][  0]LogD3D11RHI:       4043/0/8172 MB DedicatedVideo/DedicatedSystem/SharedSystem, Outputs:1, VendorId:0x10de
[2018.05.17-17.50.43:762][  0]LogD3D11RHI:    1. 'Microsoft Basic Render Driver' (Feature Level 11_0)
[2018.05.17-17.50.43:762][  0]LogD3D11RHI:       0/0/8172 MB DedicatedVideo/DedicatedSystem/SharedSystem, Outputs:0, VendorId:0x1414
[2018.05.17-17.50.43:762][  0]LogD3D11RHI: Chosen D3D11 Adapter: 0
[2018.05.17-17.50.43:767][  0]LogD3D11RHI: Creating new Direct3DDevice
[2018.05.17-17.50.43:767][  0]LogD3D11RHI:     GPU DeviceId: 0x13c2 (for the marketing name, search the web for "GPU Device Id")
[2018.05.17-17.50.43:767][  0]LogWindows: EnumDisplayDevices:
[2018.05.17-17.50.43:767][  0]LogWindows:    0. 'NVIDIA GeForce GTX 970' (P:1 D:1)
[2018.05.17-17.50.43:767][  0]LogWindows:    1. 'NVIDIA GeForce GTX 970' (P:0 D:0)
[2018.05.17-17.50.43:768][  0]LogWindows:    2. 'NVIDIA GeForce GTX 970' (P:0 D:0)
[2018.05.17-17.50.43:768][  0]LogWindows:    3. 'NVIDIA GeForce GTX 970' (P:0 D:0)
[2018.05.17-17.50.43:768][  0]LogWindows: DebugString: GetVideoDriverDetailsInvalid PrimaryIsNotTheChoosenAdapter GetVideoDriverDetailsInvalid PrimaryIsNotTheChoosenAdapter GetVideoDriverDetailsInvalid PrimaryIsNotTheChoosenAdapter GetVideoDriverDetailsInvalid PrimaryIsNotTheChoosenAdapter FoundDriverCount:0 
[2018.05.17-17.50.43:768][  0]LogD3D11RHI:     Adapter Name: NVIDIA GeForce GTX 970
[2018.05.17-17.50.43:768][  0]LogD3D11RHI:   Driver Version: Unknown (internal:Unknown, unified:Unknown)
[2018.05.17-17.50.43:768][  0]LogD3D11RHI:      Driver Date: Unknown
[2018.05.17-17.50.43:768][  0]LogRHI: Texture pool is 1361 MB (70% of 1945 MB)
[2018.05.17-17.50.43:797][  0]LogD3D11RHI: Async texture creation enabled
[2018.05.17-17.50.44:055][  0]LogD3D11RHI: GPU Timing Frequency: 1000.000000 (Debug: 2 2)
[2018.05.17-17.50.44:179][  0]LogShaderCompilers: Guid format shader working directory is 0 characters bigger than the processId version (../../../../../Users/JoshR/Desktop/Fuse-master/Intermediate/Shaders/WorkingDirectory/1680/).
[2018.05.17-17.50.44:179][  0]LogShaderCompilers: Cleaned the shader compiler working directory 'C:/Users/JoshR/AppData/Local/Temp/UnrealShaderWorkingDir/D5103DD3402AB75B399448949FDB91E1/'.
[2018.05.17-17.50.44:192][  0]LogShaderCompilers:Display: Using Local Shader Compiler.
[2018.05.17-17.50.47:385][  0]LogTemp:Display: Loaded TP AllDesktopTargetPlatform
[2018.05.17-17.50.47:438][  0]LogTemp:Display: Loaded TP MacClientTargetPlatform
[2018.05.17-17.50.47:476][  0]LogTemp:Display: Loaded TP MacNoEditorTargetPlatform
[2018.05.17-17.50.47:515][  0]LogTemp:Display: Loaded TP MacServerTargetPlatform
[2018.05.17-17.50.47:562][  0]LogTemp:Display: Loaded TP MacTargetPlatform
[2018.05.17-17.50.47:602][  0]LogTemp:Display: Loaded TP WindowsClientTargetPlatform
[2018.05.17-17.50.47:641][  0]LogTemp:Display: Loaded TP WindowsNoEditorTargetPlatform
[2018.05.17-17.50.47:680][  0]LogTemp:Display: Loaded TP WindowsServerTargetPlatform
[2018.05.17-17.50.47:714][  0]LogTemp:Display: Loaded TP WindowsTargetPlatform
[2018.05.17-17.50.47:776][  0]LogTemp:Display: Loaded TP AndroidTargetPlatform
[2018.05.17-17.50.47:815][  0]LogTemp:Display: Loaded TP Android_ASTCTargetPlatform
[2018.05.17-17.50.47:853][  0]LogTemp:Display: Loaded TP Android_ATCTargetPlatform
[2018.05.17-17.50.47:891][  0]LogTemp:Display: Loaded TP Android_DXTTargetPlatform
[2018.05.17-17.50.47:929][  0]LogTemp:Display: Loaded TP Android_ETC1TargetPlatform
[2018.05.17-17.50.47:967][  0]LogTemp:Display: Loaded TP Android_ETC2TargetPlatform
[2018.05.17-17.50.48:044][  0]LogTemp:Display: Loaded TP Android_MultiTargetPlatform
[2018.05.17-17.50.48:044][  0]LogTemp:Display: Loaded TP Android_PVRTCTargetPlatform
[2018.05.17-17.50.48:076][  0]LogTemp:Display: Loaded TP HTML5TargetPlatform
[2018.05.17-17.50.48:175][  0]LogTemp:Display: Loaded TP IOSTargetPlatform
[2018.05.17-17.50.48:195][  0]LogTemp:Display: Loaded TP TVOSTargetPlatform
[2018.05.17-17.50.48:238][  0]LogTemp:Display: Loaded TP LinuxClientTargetPlatform
[2018.05.17-17.50.48:281][  0]LogTemp:Display: Loaded TP LinuxNoEditorTargetPlatform
[2018.05.17-17.50.48:329][  0]LogTemp:Display: Loaded TP LinuxServerTargetPlatform
[2018.05.17-17.50.48:375][  0]LogTemp:Display: Loaded TP LinuxTargetPlatform
[2018.05.17-17.50.48:375][  0]LogTargetPlatformManager:Display: Building Assets For Windows
[2018.05.17-17.50.49:316][  0]LogDerivedDataCache:Display: Max Cache Size: 512 MB
[2018.05.17-17.50.49:597][  0]LogDerivedDataCache: Loaded boot cache 0.28s 90MB C:/Users/JoshR/AppData/Local/UnrealEngine/4.16/DerivedDataCache/Boot.ddc.
[2018.05.17-17.50.49:597][  0]LogDerivedDataCache:Display: Loaded Boot cache: C:/Users/JoshR/AppData/Local/UnrealEngine/4.16/DerivedDataCache/Boot.ddc
[2018.05.17-17.50.49:597][  0]LogDerivedDataCache: FDerivedDataBackendGraph:  Pak pak cache file ../../../../../Users/JoshR/Desktop/Fuse-master/DerivedDataCache/DDC.ddp not found, will not use a pak cache.
[2018.05.17-17.50.49:597][  0]LogDerivedDataCache: Unable to find inner node Pak for hierarchical cache Hierarchy.
[2018.05.17-17.50.49:597][  0]LogDerivedDataCache: FDerivedDataBackendGraph:  CompressedPak pak cache file ../../../../../Users/JoshR/Desktop/Fuse-master/DerivedDataCache/Compressed.ddp not found, will not use a pak cache.
[2018.05.17-17.50.49:597][  0]LogDerivedDataCache: Unable to find inner node CompressedPak for hierarchical cache Hierarchy.
[2018.05.17-17.50.49:673][  0]LogDerivedDataCache:Display: Pak cache opened for reading ../../../Engine/DerivedDataCache/Compressed.ddp.
[2018.05.17-17.50.49:685][  0]LogDerivedDataCache: Using Local data cache path C:/Users/JoshR/AppData/Local/UnrealEngine/Common/DerivedDataCache: Writable
[2018.05.17-17.50.49:730][  0]LogMaterial: Verifying Global Shaders for PCD3D_SM5
[2018.05.17-17.50.49:776][  0]LogSlate: Using Freetype 2.6.0
[2018.05.17-17.50.49:845][  0]LogSlate: SlateFontCache - WITH_FREETYPE: 1, WITH_HARFBUZZ: 1
[2018.05.17-17.50.49:845][  0]LogSlate: SlateFontCache - WITH_FREETYPE: 1, WITH_HARFBUZZ: 1
[2018.05.17-17.50.54:191][  0]LogInit: Selected Device Profile: [Windows]
[2018.05.17-17.50.54:960][  0]LogContentStreaming: Texture pool size is 0.00 MB
[2018.05.17-17.50.55:452][  0]LogMeshUtilities: Using QuadricMeshReduction for automatic static mesh reduction
[2018.05.17-17.50.55:583][  0]LogSimplygon: Simplygon DLL not present - disabling.
[2018.05.17-17.50.55:652][  0]LogMeshUtilities: Using SimplygonSwarm for distributed automatic mesh merging
[2018.05.17-17.50.55:652][  0]LogMeshUtilities: No automatic skeletal mesh reduction module available
[2018.05.17-17.50.55:652][  0]LogMeshUtilities: No automatic mesh merging module available
[2018.05.17-17.50.59:518][  0]LogNetVersion: RPG_Game , NetCL: 3452394, EngineNetVer: 2, GameNetVer: 0 (Checksum: 2586067795)
[2018.05.17-17.50.59:894][  0]LogAssetRegistry: FAssetRegistry took 0.0276 seconds to start up
[2018.05.17-17.51.00:083][  0]LogPackageLocalizationCache: Processed 4 localized package path(s) for 2 prioritized culture(s) in 0.086441 seconds
[2018.05.17-17.51.00:087][  0]LogUObjectArray: 34194 objects as part of root set at end of initial load.
[2018.05.17-17.51.00:087][  0]LogUObjectAllocator: 7260416 out of 0 bytes used by permanent object pool.
[2018.05.17-17.51.00:087][  0]LogUObjectArray: CloseDisregardForGC: 0/0 objects in disregard for GC pool
[2018.05.17-17.51.00:136][  0]LogInit: WinSock: version 1.1 (2.2), MaxSocks=32767, MaxUdp=65467
[2018.05.17-17.51.21:285][  0]LogSubstanceCoreModule: Substance [CPU] Engine Loaded, Max Texture Size = 2048
[2018.05.17-17.51.21:465][  0]LogTcpMessaging: Initializing TcpMessaging bridge
[2018.05.17-17.51.21:530][  0]LogUdpMessaging: Initializing bridge on interface 0.0.0.0:0 to multicast group 230.0.0.1:6666.
[2018.05.17-17.51.23:199][  0]LogMaterial: Uniform references updated for custom material expression Custom.
[2018.05.17-17.51.23:791][  0]SourceControl: Info Source control is disabled
[2018.05.17-17.51.24:325][  0]LogSourceControl:Error: '../../../../../Users/JoshR/Desktop/Fuse-master/' is not part of a Git repository
[2018.05.17-17.51.24:610][  0]LogSourceControl:Error: '../../../../../Users/JoshR/Desktop/Fuse-master/' is not part of a Git repository
[2018.05.17-17.51.24:902][  0]LogSourceControl:Error: '../../../../../Users/JoshR/Desktop/Fuse-master/' is not part of a Git repository
[2018.05.17-17.51.26:113][  0]LogAndroidPermission: UAndroidPermissionCallbackProxy::GetInstance
[2018.05.17-17.51.27:193][  0]LogEngine: Initializing Engine...
[2018.05.17-17.51.27:240][  0]LogHMD: Failed to initialize OpenVR with code 110
[2018.05.17-17.51.27:461][  0]LogStats: UGameplayTagsManager::ConstructGameplayTagTree: Construct from data asset -  0.000 s
[2018.05.17-17.51.27:461][  0]LogStats: UGameplayTagsManager::ConstructGameplayTagTree: GameplayTagTreeChangedEvent.Broadcast -  0.000 s
[2018.05.17-17.51.27:756][  0]LogAIModule: Creating AISystem for world Untitled
[2018.05.17-17.51.27:825][  0]LogInit: XAudio2 using 'Speakers (High Definition Audio Device)' : 2 channels at 44.1 kHz using 16 bits per sample (channel mask 0x3)
[2018.05.17-17.51.27:836][  0]LogInit: FAudioDevice initialized.
[2018.05.17-17.51.27:871][  0]LogDerivedDataCache: Saved boot cache 0.03s 90MB C:/Users/JoshR/AppData/Local/UnrealEngine/4.16/DerivedDataCache/Boot.ddc.
[2018.05.17-17.51.27:877][  0]LogInit: Texture streaming: Enabled
[2018.05.17-17.51.27:990][  0]LogEngineSessionManager: EngineSessionManager initialized
[2018.05.17-17.51.28:606][  0]LogInit: Transaction tracking system initialized
[2018.05.17-17.51.31:590][  0]BlueprintLog: New page: Editor Load
[2018.05.17-17.51.34:125][  0]LocalizationService: Info Localization service is disabled
[2018.05.17-17.51.35:649][  0]LogConsoleResponse:Display: 
[2018.05.17-17.51.41:878][  0]LogFileCache: Scanning file cache for directory 'D:/Users/JoshR/Desktop/Fuse-master/Content/' took 0.02s
[2018.05.17-17.51.41:878][  0]LogCook:Display: Max memory allowance for cook 16384mb min free memory 0mb
[2018.05.17-17.51.41:878][  0]LogCook:Display: Mobile HDR setting 1
[2018.05.17-17.51.47:229][  0]LogSourceControl:Error: '../../../../../Users/JoshR/Desktop/Fuse-master/' is not part of a Git repository
[2018.05.17-17.51.47:272][  0]Cmd: MAP LOAD FILE="../../../../../Users/JoshR/Desktop/Fuse-master/Content/Maps/RiverDale.umap" TEMPLATE=0 SHOWPROGRESS=1 FEATURELEVEL=3
[2018.05.17-17.51.47:281][  0]LightingResults: New page: Lighting Build
[2018.05.17-17.51.47:391][  0]MapCheck: New page: Map Check
[2018.05.17-17.51.47:391][  0]LightingResults: New page: Lighting Build
[2018.05.17-17.51.48:471][  0]LogLinker:Warning: Can't find file '/Game/Materials/ButtonMaterial'
[2018.05.17-17.51.48:471][  0]LogLinker:Warning: Can't find file for asset '/Game/Materials/ButtonMaterial' while loading ../../../../../Users/JoshR/Desktop/Fuse-master/Content/Assets/PressurePad/Button_Base.uasset.
[2018.05.17-17.51.48:471][  0]LoadErrors:Error: Error /Game/Assets/PressurePad/Button_Base : Can't find file for asset. /Game/Materials/ButtonMaterial
[2018.05.17-17.51.48:471][  0]LogLinker:Warning: Can't find file '/Game/Materials/ButtonMaterial'
[2018.05.17-17.51.48:471][  0]LogLinker:Warning: Can't find file for asset '/Game/Materials/ButtonMaterial' while loading ../../../../../Users/JoshR/Desktop/Fuse-master/Content/Assets/PressurePad/Button_Base.uasset.
[2018.05.17-17.51.48:471][  0]LoadErrors:Error: Error /Game/Assets/PressurePad/Button_Base : Can't find file for asset. /Game/Materials/ButtonMaterial
[2018.05.17-17.51.48:472][  0]LogLinker:Warning: Can't find file '/Game/Materials/ButtonMaterial'
[2018.05.17-17.51.48:472][  0]LogLinker:Warning: Can't find file for asset '/Game/Materials/ButtonMaterial' while loading ../../../../../Users/JoshR/Desktop/Fuse-master/Content/Assets/PressurePad/Button_Push.uasset.
[2018.05.17-17.51.48:472][  0]LoadErrors:Error: Error /Game/Assets/PressurePad/Button_Push : Can't find file for asset. /Game/Materials/ButtonMaterial
[2018.05.17-17.51.48:472][  0]LogLinker:Warning: Can't find file '/Game/Materials/ButtonMaterial'
[2018.05.17-17.51.48:472][  0]LogLinker:Warning: Can't find file for asset '/Game/Materials/ButtonMaterial' while loading ../../../../../Users/JoshR/Desktop/Fuse-master/Content/Assets/PressurePad/Button_Push.uasset.
[2018.05.17-17.51.48:472][  0]LoadErrors:Error: Error /Game/Assets/PressurePad/Button_Push : Can't find file for asset. /Game/Materials/ButtonMaterial
[2018.05.17-17.51.48:834][  0]LogLinker:Warning: Can't find file '/Game/Materials/ButtonMaterial'
[2018.05.17-17.51.48:834][  0]LoadErrors: Info Failed to load /Game/Materials/ButtonMaterial.ButtonMaterial Referenced by Button_Base
[2018.05.17-17.51.48:834][  0]LogLinker:Warning: Can't find file for asset '/Game/Materials/ButtonMaterial' while loading NULL.
[2018.05.17-17.51.48:834][  0]LoadErrors: Info Failed to load /Game/Materials/ButtonMaterial.ButtonMaterial Referenced by Button_Base
[2018.05.17-17.51.48:853][  0]LogLinker:Warning: Can't find file '/Game/Materials/ButtonMaterial'
[2018.05.17-17.51.48:853][  0]LoadErrors: Info Failed to load /Game/Materials/ButtonMaterial.ButtonMaterial Referenced by Button_Push
[2018.05.17-17.51.48:853][  0]LogLinker:Warning: Can't find file for asset '/Game/Materials/ButtonMaterial' while loading NULL.
[2018.05.17-17.51.48:853][  0]LoadErrors: Info Failed to load /Game/Materials/ButtonMaterial.ButtonMaterial Referenced by Button_Push
[2018.05.17-17.51.49:161][  0]LogStaticMesh: Building static mesh Enviroment...
[2018.05.17-17.51.49:228][  0]LogStaticMesh: Built static mesh [0.09s] /Game/Assets/Enviroment/Enviroment.Enviroment
[2018.05.17-17.51.49:320][  0]LogMaterial: Missing cached shader map for material lambert1, compiling. 
[2018.05.17-17.51.49:544][  0]LogTexture:Display: Building textures: Concreate (AutoDXT, 1024X1024)
[2018.05.17-17.51.50:834][  0]LogMaterial: Missing cached shader map for material M_Foundation, compiling. 
[2018.05.17-17.51.50:857][  0]LogMaterial: Missing cached shader map for material M_Floor, compiling. 
[2018.05.17-17.51.50:914][  0]LogTexture:Display: Building textures: HQ_Lightmap0_8 (AutoDXT, 128X128)
[2018.05.17-17.51.50:926][  0]LogTexture:Display: Building textures: HQ_Lightmap0_9 (AutoDXT, 64X64)
[2018.05.17-17.51.50:944][  0]LogTexture:Display: Building textures: HQ_Lightmap1_1 (AutoDXT, 1024X1024)
[2018.05.17-17.51.51:553][  0]LogTexture:Display: Building textures: HQ_Lightmap1_2 (AutoDXT, 1024X1024)
[2018.05.17-17.51.52:386][  0]LogTexture:Display: Building textures: HQ_Lightmap1_3 (AutoDXT, 1024X1024)
[2018.05.17-17.51.53:026][  0]LogTexture:Display: Building textures: HQ_Lightmap1_4 (AutoDXT, 256X256)
[2018.05.17-17.51.53:079][  0]LogTexture:Display: Building textures: HQ_Lightmap1_5 (AutoDXT, 1024X1024)
[2018.05.17-17.51.53:617][  0]LogTexture:Display: Building textures: HQ_Lightmap1_6 (AutoDXT, 512X512)
[2018.05.17-17.51.53:752][  0]LogTexture:Display: Building textures: HQ_Lightmap1_7 (AutoDXT, 1024X1024)
[2018.05.17-17.51.54:018][  0]LogTexture:Display: Building textures: LQ_Lightmap_0_8 (DXT1, 128X128)
[2018.05.17-17.51.54:032][  0]LogTexture:Display: Building textures: LQ_Lightmap_0_9 (DXT1, 64X64)
[2018.05.17-17.51.54:047][  0]LogTexture:Display: Building textures: LQ_Lightmap_1_1 (DXT1, 1024X1024)
[2018.05.17-17.51.54:263][  0]LogTexture:Display: Building textures: LQ_Lightmap_1_2 (DXT1, 1024X1024)
[2018.05.17-17.51.54:947][  0]LogTexture:Display: Building textures: LQ_Lightmap_1_3 (DXT1, 1024X1024)
[2018.05.17-17.51.55:610][  0]LogTexture:Display: Building textures: LQ_Lightmap_1_4 (DXT1, 256X256)
[2018.05.17-17.51.55:653][  0]LogTexture:Display: Building textures: LQ_Lightmap_1_5 (DXT1, 1024X1024)
[2018.05.17-17.51.56:357][  0]LogTexture:Display: Building textures: LQ_Lightmap_1_6 (DXT1, 512X512)
[2018.05.17-17.51.56:549][  0]LogTexture:Display: Building textures: LQ_Lightmap_1_7 (DXT1, 1024X1024)
[2018.05.17-17.51.56:865][  0]LogTexture:Display: Building textures: SkyOcclusion0_8 (AutoDXT, 128X64)
[2018.05.17-17.51.56:871][  0]LogTexture:Display: Building textures: SkyOcclusion0_9 (AutoDXT, 64X32)
[2018.05.17-17.51.56:879][  0]LogTexture:Display: Building textures: SkyOcclusion1_1 (AutoDXT, 1024X512)
[2018.05.17-17.51.57:039][  0]LogTexture:Display: Building textures: SkyOcclusion1_2 (AutoDXT, 1024X512)
[2018.05.17-17.51.57:229][  0]LogTexture:Display: Building textures: SkyOcclusion1_3 (AutoDXT, 1024X512)
[2018.05.17-17.51.57:602][  0]LogTexture:Display: Building textures: SkyOcclusion1_4 (AutoDXT, 256X128)
[2018.05.17-17.51.57:625][  0]LogTexture:Display: Building textures: SkyOcclusion1_5 (AutoDXT, 1024X512)
[2018.05.17-17.51.57:811][  0]LogTexture:Display: Building textures: SkyOcclusion1_6 (AutoDXT, 512X256)
[2018.05.17-17.51.57:851][  0]LogTexture:Display: Building textures: SkyOcclusion1_7 (AutoDXT, 1024X512)
[2018.05.17-17.51.57:960][  0]LogTexture:Display: Building textures: ShadowMapTexture2D_14 (BGRA8, 512X1024)
[2018.05.17-17.51.57:986][  0]LogTexture:Display: Building textures: ShadowMapTexture2D_15 (BGRA8, 1024X512)
[2018.05.17-17.51.58:017][  0]LogMaterial: Missing cached shader map for material M_White, compiling. 
[2018.05.17-17.51.58:316][  0]LogAIModule: Creating AISystem for world RiverDale
[2018.05.17-17.51.58:661][  0]LogEditorServer: Finished looking for orphan Actors (0.000 secs)
[2018.05.17-17.51.58:746][  0]Cmd: MAP CHECKDEP NOCLEARLOG
[2018.05.17-17.51.58:854][  0]MapCheck: Info Map check complete: 0 Error(s), 0 Warning(s), took 108.245ms to complete.
[2018.05.17-17.51.58:854][  0]LogFileHelpers: Loading map 'RiverDale' took 11.598
[2018.05.17-17.51.59:896][  0]LogCollectionManager: Loaded 0 collections in 0.001246 seconds
[2018.05.17-17.52.00:081][  0]LogFileCache: Scanning file cache for directory 'D:/Users/JoshR/Desktop/Fuse-master/Saved/Collections/' took 0.01s
[2018.05.17-17.52.00:081][  0]LogFileCache: Scanning file cache for directory 'D:/Users/JoshR/Desktop/Fuse-master/Content/Developers/JoshR/Collections/' took 0.01s
[2018.05.17-17.52.00:081][  0]LogFileCache: Scanning file cache for directory 'D:/Users/JoshR/Desktop/Fuse-master/Content/Collections/' took 0.01s
[2018.05.17-17.52.00:081][  0]LogCollectionManager: Rebuilt the GUID cache for 0 collections in 0.000002 seconds
[2018.05.17-17.52.00:095][  0]LogContentBrowser: Native class hierarchy populated in 0.0087 seconds. Added 2343 classes and 497 folders.
[2018.05.17-17.52.00:212][  0]LogContentBrowser: Native class hierarchy updated for 'WidgetCarousel' in 0.0007 seconds. Added 0 classes and 0 folders.
[2018.05.17-17.52.00:949][  0]LogContentBrowser: Native class hierarchy updated for 'AddContentDialog' in 0.0006 seconds. Added 0 classes and 0 folders.
[2018.05.17-17.52.01:041][  0]LogContentBrowser: Native class hierarchy updated for 'SceneOutliner' in 0.0007 seconds. Added 1 classes and 2 folders.
[2018.05.17-17.52.01:621][  0]LogCrashTracker: Crashtracker disabled due to settings.
[2018.05.17-17.52.01:707][  0]LogSlate: Took 0.013287 seconds to synchronously load lazily loaded font '../../../Engine/Content/Slate/Fonts/Roboto-Regular.ttf' (155K)
[2018.05.17-17.52.01:725][  0]LogSlate: Took 0.016207 seconds to synchronously load lazily loaded font '../../../Engine/Content/Slate/Fonts/Roboto-Bold.ttf' (160K)
[2018.05.17-17.52.01:744][  0]LogSlate: Took 0.007669 seconds to synchronously load lazily loaded font '../../../Engine/Content/Editor/Slate/Fonts/FontAwesome.ttf' (139K)
[2018.05.17-17.52.02:035][  0]LogRenderer: Reallocating scene render targets to support 1692x692 NumSamples 1 (Frame:1).
[2018.05.17-17.52.02:334][  0]LogSlate: Took 0.011796 seconds to synchronously load lazily loaded font '../../../Engine/Content/Slate/Fonts/Roboto-Light.ttf' (159K)
[2018.05.17-17.52.02:454][  0]LogUObjectGlobals:Warning: Failed to find object 'Class None.'
[2018.05.17-17.52.02:559][  0]LogContentBrowser: Native class hierarchy updated for 'HierarchicalLODOutliner' in 0.0007 seconds. Added 1 classes and 2 folders.
[2018.05.17-17.52.02:559][  0]LogLoad: (Engine Initialization) Total time: 92.83 seconds
[2018.05.17-17.52.02:559][  0]LogLoad: (Engine Initialization) Total Blueprint compile time: 0.90 seconds
[2018.05.17-17.52.02:559][  0]LogExternalProfiler: Found external profiler: VSPerf
[2018.05.17-17.52.02:559][  0]LogExternalProfiler: Using external profiler: VSPerf
[2018.05.17-17.52.02:899][  0]LogOcInput: OculusInput pre-init called
[2018.05.17-17.52.02:899][  0]LogHMD: Starting GearVRController plugin
[2018.05.17-17.52.03:126][  0]LogContentStreaming: Texture pool size now 1000 MB
[2018.05.17-17.52.03:973][  3]LogAssetRegistry: Asset discovery search completed in 64.1020 seconds
[2018.05.17-17.52.03:976][  3]LogCollectionManager: Rebuilt the object cache for 0 collections in 0.000000 seconds (found 0 objects)
[2018.05.17-17.52.03:976][  3]LogCollectionManager: Fixed up redirectors for 0 collections in 0.000032 seconds (updated 0 objects)
[2018.05.17-17.52.37:661][797]LogTemp: Repeting last play command: Selected Viewport
[2018.05.17-17.52.37:731][797]LogBlueprintUserMessages: Early PlayInEditor Detection: Level '/Game/Maps/RiverDale.RiverDale:PersistentLevel' has LevelScriptBlueprint '/Game/Maps/RiverDale.RiverDale:PersistentLevel.RiverDale' with GeneratedClass '/Game/Maps/RiverDale.RiverDale_C' with ClassGeneratedBy '/Game/Maps/RiverDale.RiverDale:PersistentLevel.RiverDale'
[2018.05.17-17.52.37:731][797]LogPlayLevel: PlayLevel: No blueprints needed recompiling
[2018.05.17-17.52.37:756][797]PIE: New page: PIE session: RiverDale (17 May 2018 19:52:37)
[2018.05.17-17.52.37:756][797]LogPlayLevel: Creating play world package: /Game/Maps/UEDPIE_0_RiverDale
[2018.05.17-17.52.37:807][797]LogPlayLevel: PIE: StaticDuplicateObject took: (0.051117s)
[2018.05.17-17.52.37:808][797]LogAIModule: Creating AISystem for world RiverDale
[2018.05.17-17.52.37:808][797]LogPlayLevel: PIE: World Init took: (0.001130s)
[2018.05.17-17.52.37:808][797]LogPlayLevel: PIE: Created PIE world by copying editor world from /Game/Maps/RiverDale.RiverDale to /Game/Maps/UEDPIE_0_RiverDale.RiverDale (0.052740s)
[2018.05.17-17.52.37:841][797]LogInit: XAudio2 using 'Speakers (High Definition Audio Device)' : 2 channels at 44.1 kHz using 16 bits per sample (channel mask 0x3)
[2018.05.17-17.52.37:849][797]LogInit: FAudioDevice initialized.
[2018.05.17-17.52.37:911][797]LogLoad: Game class is 'FuseGM_C'
[2018.05.17-17.52.37:934][797]LogWorld: Bringing World /Game/Maps/UEDPIE_0_RiverDale.RiverDale up for play (max tick rate 0) at 2018.05.17-18.52.37
[2018.05.17-17.52.37:934][797]LogWorld: Bringing up level for play took: 0.008116
[2018.05.17-17.52.38:010][797]LogContentBrowser: Native class hierarchy updated for 'MovieSceneCapture' in 0.0007 seconds. Added 11 classes and 0 folders.
[2018.05.17-17.52.38:040][797]PIE: Info Play in editor start time for /Game/Maps/UEDPIE_0_RiverDale 0.934
[2018.05.17-17.52.38:040][797]LogBlueprintUserMessages: Late PlayInEditor Detection: Level '/Game/Maps/RiverDale.RiverDale:PersistentLevel' has LevelScriptBlueprint '/Game/Maps/RiverDale.RiverDale:PersistentLevel.RiverDale' with GeneratedClass '/Game/Maps/RiverDale.RiverDale_C' with ClassGeneratedBy '/Game/Maps/RiverDale.RiverDale:PersistentLevel.RiverDale'
[2018.05.17-17.52.39:917][ 11]LogBlueprintUserMessages: Early EndPlayMap Detection: Level '/Game/Maps/RiverDale.RiverDale:PersistentLevel' has LevelScriptBlueprint '/Game/Maps/RiverDale.RiverDale:PersistentLevel.RiverDale' with GeneratedClass '/Game/Maps/RiverDale.RiverDale_C' with ClassGeneratedBy '/Game/Maps/RiverDale.RiverDale:PersistentLevel.RiverDale'
[2018.05.17-17.52.39:984][ 11]LogBlueprintUserMessages: Late EndPlayMap Detection: Level '/Game/Maps/RiverDale.RiverDale:PersistentLevel' has LevelScriptBlueprint '/Game/Maps/RiverDale.RiverDale:PersistentLevel.RiverDale' with GeneratedClass '/Game/Maps/RiverDale.RiverDale_C' with ClassGeneratedBy '/Game/Maps/RiverDale.RiverDale:PersistentLevel.RiverDale'
[2018.05.17-17.52.50:326][196]LogSlate: Took 0.000194 seconds to synchronously load lazily loaded font '../../../Engine/Content/Slate/Fonts/Roboto-Light.ttf' (159K)
[2018.05.17-17.52.50:419][196]Cmd: OBJ SAVEPACKAGE PACKAGE="/Game/Materials/Facility/M_Grey" FILE="../../../../../Users/JoshR/Desktop/Fuse-master/Content/Materials/Facility/M_Grey.uasset" SILENT=true
[2018.05.17-17.52.50:444][196]LogSavePackage: Save=21.08ms
[2018.05.17-17.52.50:444][196]LogSavePackage: Moving '../../../../../Users/JoshR/Desktop/Fuse-master/Saved/M_Grey28EC83E74585C65CC4D5C4A85EF82060.tmp' to '../../../../../Users/JoshR/Desktop/Fuse-master/Content/Materials/Facility/M_Grey.uasset'
[2018.05.17-17.52.50:458][196]LogSavePackage:Display: Finished SavePackage ../../../../../Users/JoshR/Desktop/Fuse-master/Content/Materials/Facility/M_Grey.uasset
[2018.05.17-17.52.50:460][196]Cmd: OBJ SAVEPACKAGE PACKAGE="/Game/Materials/Facility/M_Foundation" FILE="../../../../../Users/JoshR/Desktop/Fuse-master/Content/Materials/Facility/M_Foundation.uasset" SILENT=true
[2018.05.17-17.52.50:478][196]LogSavePackage: Save=14.29ms
[2018.05.17-17.52.50:478][196]LogSavePackage: Moving '../../../../../Users/JoshR/Desktop/Fuse-master/Saved/M_FoundationD64ACF8D4C2FEE773887E29BA8A30984.tmp' to '../../../../../Users/JoshR/Desktop/Fuse-master/Content/Materials/Facility/M_Foundation.uasset'
[2018.05.17-17.52.50:482][196]LogSavePackage:Display: Finished SavePackage ../../../../../Users/JoshR/Desktop/Fuse-master/Content/Materials/Facility/M_Foundation.uasset
[2018.05.17-17.52.54:612][680]SourceControl:Error: Error fatal: Not a git repository: 'D:/Users/JoshR/Desktop/Fuse-master/.git'
[2018.05.17-17.52.54:613][680]SourceControl:Error: Error Failed to enable Git source control. You need to initialize the project as a Git repository first.
[2018.05.17-17.53.00:219][352]SourceControl:Error: Error fatal: Not a git repository: 'D:/Users/JoshR/Desktop/Fuse-master/.git'
[2018.05.17-17.53.00:219][352]SourceControl:Error: Error Failed to enable Git source control. You need to initialize the project as a Git repository first.
[2018.05.17-17.53.03:300][668]SourceControl: Info Source control is disabled
[2018.05.17-17.53.21:522][464]LogEditorViewport: Clicking on Actor (LMB): BP_Sky_Sphere_C (SkySphereBlueprint)
[2018.05.17-17.53.26:729][ 37]LogTemp: Repeting last play command: Selected Viewport
[2018.05.17-17.53.26:746][ 37]LogBlueprintUserMessages: Early PlayInEditor Detection: Level '/Game/Maps/RiverDale.RiverDale:PersistentLevel' has LevelScriptBlueprint '/Game/Maps/RiverDale.RiverDale:PersistentLevel.RiverDale' with GeneratedClass '/Game/Maps/RiverDale.RiverDale_C' with ClassGeneratedBy '/Game/Maps/RiverDale.RiverDale:PersistentLevel.RiverDale'
[2018.05.17-17.53.26:746][ 37]BlueprintLog: New page: Pre-Play auto-recompile
[2018.05.17-17.53.26:746][ 37]LogPlayLevel: [PlayLevel] Compiling RiverDale before play...
[2018.05.17-17.53.26:835][ 37]LogPlayLevel: PlayLevel: Blueprint regeneration took 89 ms (1 blueprints)
[2018.05.17-17.53.26:835][ 37]PIE: New page: PIE session: RiverDale (17 May 2018 19:53:26)
[2018.05.17-17.53.26:835][ 37]LogPlayLevel: Creating play world package: /Game/Maps/UEDPIE_0_RiverDale
[2018.05.17-17.53.26:874][ 37]LogPlayLevel: PIE: StaticDuplicateObject took: (0.039177s)
[2018.05.17-17.53.26:875][ 37]LogAIModule: Creating AISystem for world RiverDale
[2018.05.17-17.53.26:875][ 37]LogPlayLevel: PIE: World Init took: (0.000980s)
[2018.05.17-17.53.26:875][ 37]LogPlayLevel: PIE: Created PIE world by copying editor world from /Game/Maps/RiverDale.RiverDale to /Game/Maps/UEDPIE_0_RiverDale.RiverDale (0.040519s)
[2018.05.17-17.53.26:889][ 37]LogInit: XAudio2 using 'Speakers (High Definition Audio Device)' : 2 channels at 44.1 kHz using 16 bits per sample (channel mask 0x3)
[2018.05.17-17.53.27:479][ 37]LogInit: FAudioDevice initialized.
[2018.05.17-17.53.27:510][ 37]LogLoad: Game class is 'FuseGM_C'
[2018.05.17-17.53.27:520][ 37]LogWorld: Bringing World /Game/Maps/UEDPIE_0_RiverDale.RiverDale up for play (max tick rate 0) at 2018.05.17-18.53.27
[2018.05.17-17.53.27:520][ 37]LogWorld: Bringing up level for play took: 0.008921
[2018.05.17-17.53.27:522][ 37]PIE: Info Play in editor start time for /Game/Maps/UEDPIE_0_RiverDale 0.415
[2018.05.17-17.53.27:522][ 37]LogBlueprintUserMessages: Late PlayInEditor Detection: Level '/Game/Maps/RiverDale.RiverDale:PersistentLevel' has LevelScriptBlueprint '/Game/Maps/RiverDale.RiverDale:PersistentLevel.RiverDale' with GeneratedClass '/Game/Maps/RiverDale.RiverDale_C' with ClassGeneratedBy '/Game/Maps/RiverDale.RiverDale:PersistentLevel.RiverDale'
[2018.05.17-17.54.03:946][352]LogBlueprintUserMessages: Early EndPlayMap Detection: Level '/Game/Maps/RiverDale.RiverDale:PersistentLevel' has LevelScriptBlueprint '/Game/Maps/RiverDale.RiverDale:PersistentLevel.RiverDale' with GeneratedClass '/Game/Maps/RiverDale.RiverDale_C' with ClassGeneratedBy '/Game/Maps/RiverDale.RiverDale:PersistentLevel.RiverDale'
[2018.05.17-17.54.03:984][352]LogBlueprintUserMessages: Late EndPlayMap Detection: Level '/Game/Maps/RiverDale.RiverDale:PersistentLevel' has LevelScriptBlueprint '/Game/Maps/RiverDale.RiverDale:PersistentLevel.RiverDale' with GeneratedClass '/Game/Maps/RiverDale.RiverDale_C' with ClassGeneratedBy '/Game/Maps/RiverDale.RiverDale:PersistentLevel.RiverDale'
[2018.05.17-17.54.57:934][338]LogSourceControl:Error: '../../../../../Users/JoshR/Desktop/Fuse-master/' is not part of a Git repository
[2018.05.17-17.55.00:822][684]SourceControl:Error: Error fatal: Not a git repository: 'D:/Users/JoshR/Desktop/Fuse-master/.git'
[2018.05.17-17.55.00:822][684]SourceControl:Error: Error Failed to enable Git source control. You need to initialize the project as a Git repository first.
[2018.05.17-17.55.11:147][917]SourceControl: Info Source control is disabled
[2018.05.17-17.55.30:108][162]LogEditorViewport: Clicking on Actor (LMB): StaticMeshActor (WaterGrid341)
[2018.05.17-17.55.35:077][721]Cmd: DELETE
[2018.05.17-17.55.35:077][721]Cmd: ACTOR DELETE
[2018.05.17-17.55.35:146][721]LogEditorActor: Deleted Actor: StaticMeshActor
[2018.05.17-17.55.35:153][721]LogEditorActor: Deleted 1 Actors (0.022 secs)
[2018.05.17-17.55.38:662][126]LogEditorViewport: Clicking on Actor (LMB): StaticMeshActor (WaterGrid339)
[2018.05.17-17.55.40:196][291]LogEditorViewport: Clicking on Actor (LMB): BP_Sky_Sphere_C (SkySphereBlueprint)
[2018.05.17-17.55.56:824][221]LogEditorViewport: Clicking on Actor (LMB): StaticMeshActor (Enviroment)
[2018.05.17-17.56.41:676][287]LogEditorViewport: Clicking on Actor (LMB): BP_Sky_Sphere_C (SkySphereBlueprint)
[2018.05.17-17.56.58:016][164]Cmd: TRANSACTION UNDO
[2018.05.17-17.56.58:016][164]LogEditorTransaction: Undo Apply Material to Selected Surfaces
[2018.05.17-17.56.58:039][164]LogSlate: Took 0.000230 seconds to synchronously load lazily loaded font '../../../Engine/Content/Slate/Fonts/Roboto-Light.ttf' (159K)
[2018.05.17-17.57.01:745][549]Cmd: TRANSACTION UNDO
[2018.05.17-17.57.01:745][549]LogEditorTransaction: Undo Move Actors
[2018.05.17-17.57.01:753][549]LogActorComponent: ~FComponentReregisterContext: (/Game/Maps/RiverDale.RiverDale:PersistentLevel.BoxBrush18.BrushComponent0) Component already registered.
[2018.05.17-17.57.01:753][549]LogActorComponent: ~FComponentReregisterContext: (/Game/Maps/RiverDale.RiverDale:PersistentLevel.BoxBrush19.BrushComponent0) Component already registered.
[2018.05.17-17.57.01:753][549]LogActorComponent: ~FComponentReregisterContext: (/Game/Maps/RiverDale.RiverDale:PersistentLevel.BoxBrush14.BrushComponent0) Component already registered.
[2018.05.17-17.57.01:753][549]LogActorComponent: ~FComponentReregisterContext: (/Game/Maps/RiverDale.RiverDale:PersistentLevel.BoxBrush25.BrushComponent0) Component already registered.
[2018.05.17-17.57.01:753][549]LogActorComponent: ~FComponentReregisterContext: (/Game/Maps/RiverDale.RiverDale:PersistentLevel.BoxBrush26.BrushComponent0) Component already registered.
[2018.05.17-17.57.01:753][549]LogActorComponent: ~FComponentReregisterContext: (/Game/Maps/RiverDale.RiverDale:PersistentLevel.BoxBrush22.BrushComponent0) Component already registered.
[2018.05.17-17.57.01:756][549]LogActorComponent: ~FComponentReregisterContext: (/Game/Maps/RiverDale.RiverDale:PersistentLevel.BoxBrush10.BrushComponent0) Component already registered.
[2018.05.17-17.57.01:756][549]LogActorComponent: ~FComponentReregisterContext: (/Game/Maps/RiverDale.RiverDale:PersistentLevel.BoxBrush53.BrushComponent0) Component already registered.
[2018.05.17-17.57.01:756][549]LogActorComponent: ~FComponentReregisterContext: (/Game/Maps/RiverDale.RiverDale:PersistentLevel.BoxBrush50.BrushComponent0) Component already registered.
[2018.05.17-17.57.01:756][549]LogActorComponent: ~FComponentReregisterContext: (/Game/Maps/RiverDale.RiverDale:PersistentLevel.BoxBrush34.BrushComponent0) Component already registered.
[2018.05.17-17.57.01:757][549]LogActorComponent: ~FComponentReregisterContext: (/Game/Maps/RiverDale.RiverDale:PersistentLevel.BoxBrush40.BrushComponent0) Component already registered.
[2018.05.17-17.57.23:343][ 30]Cmd: TRANSACTION UNDO
[2018.05.17-17.57.23:343][ 30]LogEditorTransaction: Undo Move Actors
[2018.05.17-17.57.23:350][ 30]LogActorComponent: ~FComponentReregisterContext: (/Game/Maps/RiverDale.RiverDale:PersistentLevel.BoxBrush18.BrushComponent0) Component already registered.
[2018.05.17-17.57.23:350][ 30]LogActorComponent: ~FComponentReregisterContext: (/Game/Maps/RiverDale.RiverDale:PersistentLevel.BoxBrush19.BrushComponent0) Component already registered.
[2018.05.17-17.57.23:350][ 30]LogActorComponent: ~FComponentReregisterContext: (/Game/Maps/RiverDale.RiverDale:PersistentLevel.BoxBrush14.BrushComponent0) Component already registered.
[2018.05.17-17.57.23:350][ 30]LogActorComponent: ~FComponentReregisterContext: (/Game/Maps/RiverDale.RiverDale:PersistentLevel.BoxBrush25.BrushComponent0) Component already registered.
[2018.05.17-17.57.23:350][ 30]LogActorComponent: ~FComponentReregisterContext: (/Game/Maps/RiverDale.RiverDale:PersistentLevel.BoxBrush26.BrushComponent0) Component already registered.
[2018.05.17-17.57.23:351][ 30]LogActorComponent: ~FComponentReregisterContext: (/Game/Maps/RiverDale.RiverDale:PersistentLevel.BoxBrush22.BrushComponent0) Component already registered.
[2018.05.17-17.57.23:353][ 30]LogActorComponent: ~FComponentReregisterContext: (/Game/Maps/RiverDale.RiverDale:PersistentLevel.BoxBrush47.BrushComponent0) Component already registered.
[2018.05.17-17.57.23:353][ 30]LogActorComponent: ~FComponentReregisterContext: (/Game/Maps/RiverDale.RiverDale:PersistentLevel.BoxBrush10.BrushComponent0) Component already registered.
[2018.05.17-17.57.23:353][ 30]LogActorComponent: ~FComponentReregisterContext: (/Game/Maps/RiverDale.RiverDale:PersistentLevel.BoxBrush53.BrushComponent0) Component already registered.
[2018.05.17-17.57.23:353][ 30]LogActorComponent: ~FComponentReregisterContext: (/Game/Maps/RiverDale.RiverDale:PersistentLevel.BoxBrush50.BrushComponent0) Component already registered.
[2018.05.17-17.57.23:353][ 30]LogActorComponent: ~FComponentReregisterContext: (/Game/Maps/RiverDale.RiverDale:PersistentLevel.BoxBrush34.BrushComponent0) Component already registered.
[2018.05.17-17.57.23:354][ 30]LogActorComponent: ~FComponentReregisterContext: (/Game/Maps/RiverDale.RiverDale:PersistentLevel.BoxBrush40.BrushComponent0) Component already registered.
[2018.05.17-17.57.24:643][142]LogEditorViewport: Clicking on Actor (LMB): BP_Sky_Sphere_C (SkySphereBlueprint)
