Log file open, 05/16/18 22:32:43
LogInit:Display: Running engine for game: RPG_Game
LogPlatformFile: Not using cached read wrapper
LogInit:Display: RandInit(1333573602) SRandInit(1333573602).
LogTaskGraph: Started task graph with 5 named threads and 8 total threads with 1 sets of task threads.
LogStats: Stats thread started at 2.884040
LogInit: Using libcurl 7.47.1
LogInit:  - built for x86_64-pc-win32
LogInit:  - supports SSL with OpenSSL/1.0.2g
LogInit:  - supports HTTP deflate (compression) using libz 1.2.8
LogInit:  - other features:
LogInit:      CURL_VERSION_SSL
LogInit:      CURL_VERSION_LIBZ
LogInit:      CURL_VERSION_IPV6
LogInit:      CURL_VERSION_ASYNCHDNS
LogInit:      CURL_VERSION_LARGEFILE
LogInit:      CURL_VERSION_IDN
LogInit:  CurlRequestOptions (configurable via config and command line):
LogInit:  - bVerifyPeer = false  - Libcurl will NOT verify peer certificate
LogInit:  - bUseHttpProxy = false  - Libcurl will NOT use HTTP proxy
LogInit:  - bDontReuseConnections = false  - Libcurl will reuse connections
LogInit:  - CertBundlePath = nullptr  - Libcurl will use whatever was configured at build time.
LogInit: Build: ++UE4+Release-4.16-CL-3561208
LogInit: Engine Version: 4.16.3-3561208+++UE4+Release-4.16
LogInit: Compatible Engine Version: 4.16.0-3452394+++UE4+Release-4.16
LogInit: Net CL: 3452394
LogDevObjectVersion: Number of dev versions registered: 16
LogDevObjectVersion:   Dev-Blueprints (B0D832E4-1F89-4F0D-ACCF-7EB736FD4AA2): 9
LogDevObjectVersion:   Dev-Build (E1C64328-A22C-4D53-A36C-8E866417BD8C): 0
LogDevObjectVersion:   Dev-Core (375EC13C-06E4-48FB-B500-84F0262A717E): 2
LogDevObjectVersion:   Dev-Editor (E4B068ED-F494-42E9-A231-DA0B2E46BB41): 17
LogDevObjectVersion:   Dev-Framework (CFFC743F-43B0-4480-9391-14DF171D2073): 23
LogDevObjectVersion:   Dev-Mobile (B02B49B5-BB20-44E9-A304-32B752E40360): 0
LogDevObjectVersion:   Dev-Networking (A4E4105C-59A1-49B5-A7C5-40C4547EDFEE): 0
LogDevObjectVersion:   Dev-Online (39C831C9-5AE6-47DC-9A44-9C173E1C8E7C): 0
LogDevObjectVersion:   Dev-Physics (78F01B33-EBEA-4F98-B9B4-84EACCB95AA2): 0
LogDevObjectVersion:   Dev-Platform (6631380F-2D4D-43E0-8009-CF276956A95A): 0
LogDevObjectVersion:   Dev-Rendering (12F88B9F-8875-4AFC-A67C-D90C383ABD29): 15
LogDevObjectVersion:   Dev-Sequencer (7B5AE74C-D270-4C10-A958-57980B212A5A): 4
LogDevObjectVersion:   Dev-VR (D7296918-1DD6-4BDD-9DE2-64A83CC13884): 0
LogDevObjectVersion:   Dev-LoadTimes (C2A15278-BFE7-4AFE-6C17-90FF531DF755): 1
LogDevObjectVersion:   Private-Geometry (6EACA3D4-40EC-4CC1-B786-8BED09428FC5): 1
LogDevObjectVersion:   Dev-AnimPhys (29E575DD-E0A3-4627-9D10-D276232CDCEA): 3
LogInit: Compiled (64-bit): Jul 28 2017 11:49:47
LogInit: Compiled with Visual C++: 19.00.24215.01
LogInit: Build Configuration: Development
LogInit: Branch Name: ++UE4+Release-4.16
LogInit: Command line:  
LogInit: Base directory: D:/Program Files/UE_4.16/Engine/Binaries/Win64/
LogInit: Installed Engine Build: 1
LogInit: Presizing for max 8388607 objects, including 0 objects not considered by GC, pre-allocating 0 bytes for permanent pool.
LogInit: Object subsystem initialized
[2018.05.16-21.32.44:501][  0]LogInit: Selected Device Profile: [Windows]
[2018.05.16-21.32.44:501][  0]LogInit: Applying CVar settings loaded from the selected device profile: [Windows]
[2018.05.16-21.32.44:569][  0]LogInit: Computer: DESKTOP-46CB9MQ
[2018.05.16-21.32.44:569][  0]LogInit: User: JoshR
[2018.05.16-21.32.44:569][  0]LogInit: CPU Page size=4096, Cores=4
[2018.05.16-21.32.44:569][  0]LogInit: High frequency timer resolution =3.421879 MHz
[2018.05.16-21.32.44:573][  0]LogMemory: Memory total: Physical=16.0GB (16GB approx)
[2018.05.16-21.32.44:573][  0]LogMemory: Platform Memory Stats for Windows
[2018.05.16-21.32.44:573][  0]LogMemory: Process Physical Memory: 272.79 MB used, 272.79 MB peak
[2018.05.16-21.32.44:573][  0]LogMemory: Process Virtual Memory: 258.69 MB used, 258.69 MB peak
[2018.05.16-21.32.44:573][  0]LogMemory: Physical Memory: 4042.25 MB used,  12301.76 MB free, 16344.00 MB total
[2018.05.16-21.32.44:573][  0]LogMemory: Virtual Memory: 654.72 MB used,  12301.76 MB free, 134217728.00 MB total
[2018.05.16-21.32.45:152][  0]LogInit: Using OS detected language (en-GB).
[2018.05.16-21.32.45:152][  0]LogInit: Using OS detected locale (en-GB).
[2018.05.16-21.32.45:294][  0]LogTextLocalizationManager: No specific localization for 'en-GB' exists, so the 'en' localization will be used.
[2018.05.16-21.32.47:587][  0]LogD3D11RHI: D3D11 adapters:
[2018.05.16-21.32.47:631][  0]LogD3D11RHI:    0. 'NVIDIA GeForce GTX 970' (Feature Level 11_0)
[2018.05.16-21.32.47:631][  0]LogD3D11RHI:       4043/0/8172 MB DedicatedVideo/DedicatedSystem/SharedSystem, Outputs:1, VendorId:0x10de
[2018.05.16-21.32.47:633][  0]LogD3D11RHI:    1. 'Microsoft Basic Render Driver' (Feature Level 11_0)
[2018.05.16-21.32.47:633][  0]LogD3D11RHI:       0/0/8172 MB DedicatedVideo/DedicatedSystem/SharedSystem, Outputs:0, VendorId:0x1414
[2018.05.16-21.32.47:633][  0]LogD3D11RHI: Chosen D3D11 Adapter: 0
[2018.05.16-21.32.47:638][  0]LogD3D11RHI: Creating new Direct3DDevice
[2018.05.16-21.32.47:639][  0]LogD3D11RHI:     GPU DeviceId: 0x13c2 (for the marketing name, search the web for "GPU Device Id")
[2018.05.16-21.32.47:639][  0]LogWindows: EnumDisplayDevices:
[2018.05.16-21.32.47:639][  0]LogWindows:    0. 'NVIDIA GeForce GTX 970' (P:1 D:1)
[2018.05.16-21.32.47:639][  0]LogWindows:    1. 'NVIDIA GeForce GTX 970' (P:0 D:0)
[2018.05.16-21.32.47:639][  0]LogWindows:    2. 'NVIDIA GeForce GTX 970' (P:0 D:0)
[2018.05.16-21.32.47:639][  0]LogWindows:    3. 'NVIDIA GeForce GTX 970' (P:0 D:0)
[2018.05.16-21.32.47:639][  0]LogWindows: DebugString: GetVideoDriverDetailsInvalid PrimaryIsNotTheChoosenAdapter GetVideoDriverDetailsInvalid PrimaryIsNotTheChoosenAdapter GetVideoDriverDetailsInvalid PrimaryIsNotTheChoosenAdapter GetVideoDriverDetailsInvalid PrimaryIsNotTheChoosenAdapter FoundDriverCount:0 
[2018.05.16-21.32.47:639][  0]LogD3D11RHI:     Adapter Name: NVIDIA GeForce GTX 970
[2018.05.16-21.32.47:639][  0]LogD3D11RHI:   Driver Version: Unknown (internal:Unknown, unified:Unknown)
[2018.05.16-21.32.47:639][  0]LogD3D11RHI:      Driver Date: Unknown
[2018.05.16-21.32.47:640][  0]LogRHI: Texture pool is 1361 MB (70% of 1945 MB)
[2018.05.16-21.32.47:670][  0]LogD3D11RHI: Async texture creation enabled
[2018.05.16-21.32.47:920][  0]LogD3D11RHI: GPU Timing Frequency: 1000.000000 (Debug: 2 2)
[2018.05.16-21.32.48:028][  0]LogShaderCompilers: Guid format shader working directory is -3 characters bigger than the processId version (../../../../../Users/JoshR/Documents/GitHub/Fuse/Intermediate/Shaders/WorkingDirectory/11384/).
[2018.05.16-21.32.48:029][  0]LogShaderCompilers: Cleaned the shader compiler working directory 'C:/Users/JoshR/AppData/Local/Temp/UnrealShaderWorkingDir/58AF969049389E6BE14533A6962B4F69/'.
[2018.05.16-21.32.48:041][  0]LogShaderCompilers:Display: Using Local Shader Compiler.
[2018.05.16-21.32.51:043][  0]LogTemp:Display: Loaded TP AllDesktopTargetPlatform
[2018.05.16-21.32.51:097][  0]LogTemp:Display: Loaded TP MacClientTargetPlatform
[2018.05.16-21.32.51:139][  0]LogTemp:Display: Loaded TP MacNoEditorTargetPlatform
[2018.05.16-21.32.51:180][  0]LogTemp:Display: Loaded TP MacServerTargetPlatform
[2018.05.16-21.32.51:228][  0]LogTemp:Display: Loaded TP MacTargetPlatform
[2018.05.16-21.32.51:268][  0]LogTemp:Display: Loaded TP WindowsClientTargetPlatform
[2018.05.16-21.32.51:309][  0]LogTemp:Display: Loaded TP WindowsNoEditorTargetPlatform
[2018.05.16-21.32.51:349][  0]LogTemp:Display: Loaded TP WindowsServerTargetPlatform
[2018.05.16-21.32.51:385][  0]LogTemp:Display: Loaded TP WindowsTargetPlatform
[2018.05.16-21.32.51:433][  0]LogTemp:Display: Loaded TP AndroidTargetPlatform
[2018.05.16-21.32.51:473][  0]LogTemp:Display: Loaded TP Android_ASTCTargetPlatform
[2018.05.16-21.32.51:513][  0]LogTemp:Display: Loaded TP Android_ATCTargetPlatform
[2018.05.16-21.32.51:553][  0]LogTemp:Display: Loaded TP Android_DXTTargetPlatform
[2018.05.16-21.32.51:594][  0]LogTemp:Display: Loaded TP Android_ETC1TargetPlatform
[2018.05.16-21.32.51:635][  0]LogTemp:Display: Loaded TP Android_ETC2TargetPlatform
[2018.05.16-21.32.51:717][  0]LogTemp:Display: Loaded TP Android_MultiTargetPlatform
[2018.05.16-21.32.51:717][  0]LogTemp:Display: Loaded TP Android_PVRTCTargetPlatform
[2018.05.16-21.32.51:750][  0]LogTemp:Display: Loaded TP HTML5TargetPlatform
[2018.05.16-21.32.51:849][  0]LogTemp:Display: Loaded TP IOSTargetPlatform
[2018.05.16-21.32.51:870][  0]LogTemp:Display: Loaded TP TVOSTargetPlatform
[2018.05.16-21.32.51:910][  0]LogTemp:Display: Loaded TP LinuxClientTargetPlatform
[2018.05.16-21.32.51:950][  0]LogTemp:Display: Loaded TP LinuxNoEditorTargetPlatform
[2018.05.16-21.32.51:991][  0]LogTemp:Display: Loaded TP LinuxServerTargetPlatform
[2018.05.16-21.32.52:034][  0]LogTemp:Display: Loaded TP LinuxTargetPlatform
[2018.05.16-21.32.52:034][  0]LogTargetPlatformManager:Display: Building Assets For Windows
[2018.05.16-21.32.53:089][  0]LogDerivedDataCache:Display: Max Cache Size: 512 MB
[2018.05.16-21.32.53:492][  0]LogDerivedDataCache: Loaded boot cache 0.40s 90MB C:/Users/JoshR/AppData/Local/UnrealEngine/4.16/DerivedDataCache/Boot.ddc.
[2018.05.16-21.32.53:492][  0]LogDerivedDataCache:Display: Loaded Boot cache: C:/Users/JoshR/AppData/Local/UnrealEngine/4.16/DerivedDataCache/Boot.ddc
[2018.05.16-21.32.53:492][  0]LogDerivedDataCache: FDerivedDataBackendGraph:  Pak pak cache file ../../../../../Users/JoshR/Documents/GitHub/Fuse/DerivedDataCache/DDC.ddp not found, will not use a pak cache.
[2018.05.16-21.32.53:492][  0]LogDerivedDataCache: Unable to find inner node Pak for hierarchical cache Hierarchy.
[2018.05.16-21.32.53:492][  0]LogDerivedDataCache: FDerivedDataBackendGraph:  CompressedPak pak cache file ../../../../../Users/JoshR/Documents/GitHub/Fuse/DerivedDataCache/Compressed.ddp not found, will not use a pak cache.
[2018.05.16-21.32.53:492][  0]LogDerivedDataCache: Unable to find inner node CompressedPak for hierarchical cache Hierarchy.
[2018.05.16-21.32.53:566][  0]LogDerivedDataCache:Display: Pak cache opened for reading ../../../Engine/DerivedDataCache/Compressed.ddp.
[2018.05.16-21.32.53:590][  0]LogDerivedDataCache: Using Local data cache path C:/Users/JoshR/AppData/Local/UnrealEngine/Common/DerivedDataCache: Writable
[2018.05.16-21.32.53:637][  0]LogMaterial: Verifying Global Shaders for PCD3D_SM5
[2018.05.16-21.32.53:675][  0]LogSlate: Using Freetype 2.6.0
[2018.05.16-21.32.53:724][  0]LogSlate: SlateFontCache - WITH_FREETYPE: 1, WITH_HARFBUZZ: 1
[2018.05.16-21.32.53:724][  0]LogSlate: SlateFontCache - WITH_FREETYPE: 1, WITH_HARFBUZZ: 1
[2018.05.16-21.32.59:942][  0]LogInit: Selected Device Profile: [Windows]
[2018.05.16-21.33.01:024][  0]LogContentStreaming: Texture pool size is 0.00 MB
[2018.05.16-21.33.01:719][  0]LogMeshUtilities: Using QuadricMeshReduction for automatic static mesh reduction
[2018.05.16-21.33.01:916][  0]LogSimplygon: Simplygon DLL not present - disabling.
[2018.05.16-21.33.01:994][  0]LogMeshUtilities: Using SimplygonSwarm for distributed automatic mesh merging
[2018.05.16-21.33.01:994][  0]LogMeshUtilities: No automatic skeletal mesh reduction module available
[2018.05.16-21.33.01:994][  0]LogMeshUtilities: No automatic mesh merging module available
[2018.05.16-21.33.05:960][  0]LogNetVersion: RPG_Game , NetCL: 3452394, EngineNetVer: 2, GameNetVer: 0 (Checksum: 2586067795)
[2018.05.16-21.33.06:265][  0]LogAssetRegistry: FAssetRegistry took 0.0324 seconds to start up
[2018.05.16-21.33.06:697][  0]LogPackageLocalizationCache: Processed 4 localized package path(s) for 2 prioritized culture(s) in 0.250914 seconds
[2018.05.16-21.33.06:702][  0]LogUObjectArray: 34194 objects as part of root set at end of initial load.
[2018.05.16-21.33.06:702][  0]LogUObjectAllocator: 7260424 out of 0 bytes used by permanent object pool.
[2018.05.16-21.33.06:702][  0]LogUObjectArray: CloseDisregardForGC: 0/0 objects in disregard for GC pool
[2018.05.16-21.33.06:762][  0]LogInit: WinSock: version 1.1 (2.2), MaxSocks=32767, MaxUdp=65467
[2018.05.16-21.33.19:639][  0]LogSubstanceCoreModule: Substance [CPU] Engine Loaded, Max Texture Size = 2048
[2018.05.16-21.33.19:737][  0]LogTcpMessaging: Initializing TcpMessaging bridge
[2018.05.16-21.33.19:788][  0]LogUdpMessaging: Initializing bridge on interface 0.0.0.0:0 to multicast group 230.0.0.1:6666.
[2018.05.16-21.33.21:087][  0]LogMaterial: Uniform references updated for custom material expression Custom.
[2018.05.16-21.33.21:823][  0]SourceControl: Info Source control is disabled
[2018.05.16-21.33.24:261][  0]LogAndroidPermission: UAndroidPermissionCallbackProxy::GetInstance
[2018.05.16-21.33.25:433][  0]LogEngine: Initializing Engine...
[2018.05.16-21.33.25:479][  0]LogHMD: Failed to initialize OpenVR with code 110
[2018.05.16-21.33.26:025][  0]LogStats: UGameplayTagsManager::ConstructGameplayTagTree: Construct from data asset -  0.000 s
[2018.05.16-21.33.26:025][  0]LogStats: UGameplayTagsManager::ConstructGameplayTagTree: GameplayTagTreeChangedEvent.Broadcast -  0.000 s
[2018.05.16-21.33.26:338][  0]LogAIModule: Creating AISystem for world Untitled
[2018.05.16-21.33.26:430][  0]LogInit: XAudio2 using 'Speakers (Razer Seiren X)' : 2 channels at 48 kHz using 16 bits per sample (channel mask 0x3)
[2018.05.16-21.33.26:440][  0]LogInit: FAudioDevice initialized.
[2018.05.16-21.33.26:475][  0]LogDerivedDataCache: Saved boot cache 0.04s 90MB C:/Users/JoshR/AppData/Local/UnrealEngine/4.16/DerivedDataCache/Boot.ddc.
[2018.05.16-21.33.26:482][  0]LogInit: Texture streaming: Enabled
[2018.05.16-21.33.26:596][  0]LogEngineSessionManager: EngineSessionManager initialized
[2018.05.16-21.33.27:181][  0]LogInit: Transaction tracking system initialized
[2018.05.16-21.33.27:645][  0]BlueprintLog: New page: Editor Load
[2018.05.16-21.33.29:422][  0]LocalizationService: Info Localization service is disabled
[2018.05.16-21.33.30:387][  0]LogConsoleResponse:Display: 
[2018.05.16-21.33.33:240][  0]LogCook:Display: Max memory allowance for cook 16384mb min free memory 0mb
[2018.05.16-21.33.33:240][  0]LogFileCache: Scanning file cache for directory 'D:/Users/JoshR/Documents/GitHub/Fuse/Content/' took 0.02s
[2018.05.16-21.33.33:240][  0]LogCook:Display: Mobile HDR setting 1
[2018.05.16-21.33.36:651][  0]Cmd: MAP LOAD FILE="../../../../../Users/JoshR/Documents/GitHub/Fuse/Content/Maps/RiverDale.umap" TEMPLATE=0 SHOWPROGRESS=1 FEATURELEVEL=3
[2018.05.16-21.33.36:660][  0]LightingResults: New page: Lighting Build
[2018.05.16-21.33.36:770][  0]MapCheck: New page: Map Check
[2018.05.16-21.33.36:770][  0]LightingResults: New page: Lighting Build
[2018.05.16-21.33.38:116][  0]LogLinker:Warning: Can't find file '/Game/Materials/ButtonMaterial'
[2018.05.16-21.33.38:116][  0]LogLinker:Warning: Can't find file for asset '/Game/Materials/ButtonMaterial' while loading ../../../../../Users/JoshR/Documents/GitHub/Fuse/Content/Assets/PressurePad/Button_Base.uasset.
[2018.05.16-21.33.38:116][  0]LoadErrors:Error: Error /Game/Assets/PressurePad/Button_Base : Can't find file for asset. /Game/Materials/ButtonMaterial
[2018.05.16-21.33.38:116][  0]LogLinker:Warning: Can't find file '/Game/Materials/ButtonMaterial'
[2018.05.16-21.33.38:116][  0]LogLinker:Warning: Can't find file for asset '/Game/Materials/ButtonMaterial' while loading ../../../../../Users/JoshR/Documents/GitHub/Fuse/Content/Assets/PressurePad/Button_Base.uasset.
[2018.05.16-21.33.38:116][  0]LoadErrors:Error: Error /Game/Assets/PressurePad/Button_Base : Can't find file for asset. /Game/Materials/ButtonMaterial
[2018.05.16-21.33.38:129][  0]LogLinker:Warning: Can't find file '/Game/Materials/ButtonMaterial'
[2018.05.16-21.33.38:129][  0]LogLinker:Warning: Can't find file for asset '/Game/Materials/ButtonMaterial' while loading ../../../../../Users/JoshR/Documents/GitHub/Fuse/Content/Assets/PressurePad/Button_Push.uasset.
[2018.05.16-21.33.38:130][  0]LoadErrors:Error: Error /Game/Assets/PressurePad/Button_Push : Can't find file for asset. /Game/Materials/ButtonMaterial
[2018.05.16-21.33.38:130][  0]LogLinker:Warning: Can't find file '/Game/Materials/ButtonMaterial'
[2018.05.16-21.33.38:130][  0]LogLinker:Warning: Can't find file for asset '/Game/Materials/ButtonMaterial' while loading ../../../../../Users/JoshR/Documents/GitHub/Fuse/Content/Assets/PressurePad/Button_Push.uasset.
[2018.05.16-21.33.38:130][  0]LoadErrors:Error: Error /Game/Assets/PressurePad/Button_Push : Can't find file for asset. /Game/Materials/ButtonMaterial
[2018.05.16-21.33.38:980][  0]LogLinker:Warning: Can't find file '/Game/Materials/ButtonMaterial'
[2018.05.16-21.33.38:980][  0]LoadErrors: Info Failed to load /Game/Materials/ButtonMaterial.ButtonMaterial Referenced by Button_Push
[2018.05.16-21.33.38:980][  0]LogLinker:Warning: Can't find file for asset '/Game/Materials/ButtonMaterial' while loading NULL.
[2018.05.16-21.33.38:980][  0]LoadErrors: Info Failed to load /Game/Materials/ButtonMaterial.ButtonMaterial Referenced by Button_Push
[2018.05.16-21.33.38:981][  0]LogLinker:Warning: Can't find file '/Game/Materials/ButtonMaterial'
[2018.05.16-21.33.38:981][  0]LoadErrors: Info Failed to load /Game/Materials/ButtonMaterial.ButtonMaterial Referenced by Button_Base
[2018.05.16-21.33.38:981][  0]LogLinker:Warning: Can't find file for asset '/Game/Materials/ButtonMaterial' while loading NULL.
[2018.05.16-21.33.38:981][  0]LoadErrors: Info Failed to load /Game/Materials/ButtonMaterial.ButtonMaterial Referenced by Button_Base
[2018.05.16-21.33.39:672][  0]LogAIModule: Creating AISystem for world RiverDale
[2018.05.16-21.33.40:088][  0]LogEditorServer: Finished looking for orphan Actors (0.000 secs)
[2018.05.16-21.33.40:151][  0]Cmd: MAP CHECKDEP NOCLEARLOG
[2018.05.16-21.33.40:239][  0]MapCheck: Info Map check complete: 0 Error(s), 0 Warning(s), took 87.661ms to complete.
[2018.05.16-21.33.40:239][  0]LogFileHelpers: Loading map 'RiverDale' took 3.604
[2018.05.16-21.33.41:620][  0]LogCollectionManager: Loaded 0 collections in 0.001349 seconds
[2018.05.16-21.33.41:767][  0]LogFileCache: Scanning file cache for directory 'D:/Users/JoshR/Documents/GitHub/Fuse/Saved/Collections/' took 0.01s
[2018.05.16-21.33.41:768][  0]LogFileCache: Scanning file cache for directory 'D:/Users/JoshR/Documents/GitHub/Fuse/Content/Developers/JoshR/Collections/' took 0.01s
[2018.05.16-21.33.41:768][  0]LogFileCache: Scanning file cache for directory 'D:/Users/JoshR/Documents/GitHub/Fuse/Content/Collections/' took 0.01s
[2018.05.16-21.33.41:768][  0]LogCollectionManager: Rebuilt the GUID cache for 0 collections in 0.000001 seconds
[2018.05.16-21.33.41:778][  0]LogContentBrowser: Native class hierarchy populated in 0.0078 seconds. Added 2343 classes and 497 folders.
[2018.05.16-21.33.41:895][  0]LogContentBrowser: Native class hierarchy updated for 'WidgetCarousel' in 0.0006 seconds. Added 0 classes and 0 folders.
[2018.05.16-21.33.42:585][  0]LogContentBrowser: Native class hierarchy updated for 'AddContentDialog' in 0.0006 seconds. Added 0 classes and 0 folders.
[2018.05.16-21.33.42:676][  0]LogContentBrowser: Native class hierarchy updated for 'SceneOutliner' in 0.0006 seconds. Added 1 classes and 2 folders.
[2018.05.16-21.33.43:255][  0]LogCrashTracker: Crashtracker disabled due to settings.
[2018.05.16-21.33.43:335][  0]LogSlate: Took 0.013326 seconds to synchronously load lazily loaded font '../../../Engine/Content/Slate/Fonts/Roboto-Regular.ttf' (155K)
[2018.05.16-21.33.43:344][  0]LogSlate: Took 0.007991 seconds to synchronously load lazily loaded font '../../../Engine/Content/Slate/Fonts/Roboto-Bold.ttf' (160K)
[2018.05.16-21.33.43:380][  0]LogSlate: Took 0.007786 seconds to synchronously load lazily loaded font '../../../Engine/Content/Editor/Slate/Fonts/FontAwesome.ttf' (139K)
[2018.05.16-21.33.43:666][  0]LogRenderer: Reallocating scene render targets to support 1692x692 NumSamples 1 (Frame:1).
[2018.05.16-21.33.43:970][  0]LogSlate: Took 0.011276 seconds to synchronously load lazily loaded font '../../../Engine/Content/Slate/Fonts/Roboto-Light.ttf' (159K)
[2018.05.16-21.33.44:114][  0]LogUObjectGlobals:Warning: Failed to find object 'Class None.'
[2018.05.16-21.33.44:211][  0]LogContentBrowser: Native class hierarchy updated for 'HierarchicalLODOutliner' in 0.0007 seconds. Added 1 classes and 2 folders.
[2018.05.16-21.33.44:212][  0]LogLoad: (Engine Initialization) Total time: 70.24 seconds
[2018.05.16-21.33.44:212][  0]LogLoad: (Engine Initialization) Total Blueprint compile time: 0.65 seconds
[2018.05.16-21.33.44:212][  0]LogExternalProfiler: Found external profiler: VSPerf
[2018.05.16-21.33.44:212][  0]LogExternalProfiler: Using external profiler: VSPerf
[2018.05.16-21.33.44:248][  0]LogOcInput: OculusInput pre-init called
[2018.05.16-21.33.44:248][  0]LogHMD: Starting GearVRController plugin
[2018.05.16-21.33.44:328][  0]SourceControl: Info On branch master
[2018.05.16-21.33.44:328][  0]SourceControl: Info Your branch is up to date with 'origin/master'.
[2018.05.16-21.33.44:328][  0]SourceControl: Info Changes not staged for commit:
[2018.05.16-21.33.44:328][  0]SourceControl: Info   (use "git add <file>..." to update what will be committed)
[2018.05.16-21.33.44:328][  0]SourceControl: Info   (use "git checkout -- <file>..." to discard changes in working directory)
[2018.05.16-21.33.44:328][  0]SourceControl: Info 	modified:   Intermediate/CachedAssetRegistry.bin
[2018.05.16-21.33.44:328][  0]SourceControl: Info 	modified:   Saved/Config/Windows/Editor.ini
[2018.05.16-21.33.44:328][  0]SourceControl: Info 	modified:   Saved/Config/Windows/Engine.ini
[2018.05.16-21.33.44:328][  0]SourceControl: Info 	modified:   Saved/Logs/RPG_Game.log
[2018.05.16-21.33.44:328][  0]SourceControl: Info Untracked files:
[2018.05.16-21.33.44:328][  0]SourceControl: Info   (use "git add <file>..." to include in what will be committed)
[2018.05.16-21.33.44:328][  0]SourceControl: Info 	Saved/Config/CrashReportClient/UE4CC-Windows-331744474C98509C2AA92B8E8356F599/
[2018.05.16-21.33.44:328][  0]SourceControl: Info 	Saved/Logs/RPG_Game-backup-2018.05.16-22.32.43.log
[2018.05.16-21.33.44:328][  0]SourceControl: Info no changes added to commit (use "git add" and/or "git commit -a")
[2018.05.16-21.33.44:333][  0]LogContentStreaming: Texture pool size now 1000 MB
[2018.05.16-21.33.44:788][  2]LogAssetRegistry: Asset discovery search completed in 38.5445 seconds
[2018.05.16-21.33.44:790][  2]LogCollectionManager: Rebuilt the object cache for 0 collections in 0.000000 seconds (found 0 objects)
[2018.05.16-21.33.44:790][  2]LogCollectionManager: Fixed up redirectors for 0 collections in 0.000024 seconds (updated 0 objects)
[2018.05.16-21.34.55:942][493]LogSlate: Took 0.000272 seconds to synchronously load lazily loaded font '../../../Engine/Content/Slate/Fonts/Roboto-Light.ttf' (159K)
[2018.05.16-21.34.56:050][493]LogFactory: FactoryCreateFile: StaticMesh with FbxFactory (0 0 E:/FMP/3D/FBX/Misc/Wall Light.fbx)
[2018.05.16-21.34.56:127][493]LogFbx: ItemName: GlobalSettings, ItemCount : 1
[2018.05.16-21.34.56:127][493]LogFbx: ItemName: AnimationStack, ItemCount : 1
[2018.05.16-21.34.56:127][493]LogFbx: ItemName: AnimationLayer, ItemCount : 1
[2018.05.16-21.34.56:127][493]LogFbx: ItemName: NodeAttribute, ItemCount : 6
[2018.05.16-21.34.56:127][493]LogFbx: ItemName: Model, ItemCount : 13
[2018.05.16-21.34.56:127][493]LogFbx: ItemName: Geometry, ItemCount : 7
[2018.05.16-21.34.56:127][493]LogFbx: ItemName: Material, ItemCount : 3
[2018.05.16-21.34.56:135][493]LogFbx: Loading FBX Scene from E:/FMP/3D/FBX/Misc/Wall Light.fbx
[2018.05.16-21.34.56:147][493]LogFbx: FBX Scene Loaded Succesfully
[2018.05.16-21.34.59:591][493]LogFbx: Loading FBX Scene from E:/FMP/3D/FBX/Misc/Wall Light.fbx
[2018.05.16-21.34.59:598][493]LogFbx: FBX Scene Loaded Succesfully
[2018.05.16-21.34.59:625][493]LogLinker: Can't find file '/Game/Assets/Lights/M_Grey'
[2018.05.16-21.34.59:625][493]LogLinker: Can't find file '/Game/Assets/Lights/M_Grey'
[2018.05.16-21.34.59:668][493]LogMaterial: Missing cached shader map for material M_Grey, compiling. 
[2018.05.16-21.34.59:706][493]LogFbx:Warning: Triangulating static mesh polySurface1
[2018.05.16-21.34.59:723][493]LogStaticMesh: Building static mesh Wall_Light_polySurface1...
[2018.05.16-21.34.59:768][493]LogStaticMesh: Built static mesh [0.05s] /Game/Assets/Lights/Wall_Light_polySurface1.Wall_Light_polySurface1
[2018.05.16-21.34.59:794][493]LogFbx:Warning: Triangulating static mesh polySurface2
[2018.05.16-21.34.59:799][493]LogStaticMesh: Building static mesh Wall_Light_polySurface2...
[2018.05.16-21.34.59:801][493]LogStaticMesh: Built static mesh [0.00s] /Game/Assets/Lights/Wall_Light_polySurface2.Wall_Light_polySurface2
[2018.05.16-21.34.59:807][493]LogLinker: Can't find file '/Game/Assets/Lights/M_White'
[2018.05.16-21.34.59:807][493]LogLinker: Can't find file '/Game/Assets/Lights/M_White'
[2018.05.16-21.34.59:811][493]LogMaterial: Missing cached shader map for material M_White, compiling. 
[2018.05.16-21.34.59:825][493]LogFbx:Warning: Triangulating static mesh polySurface3
[2018.05.16-21.34.59:835][493]LogStaticMesh: Building static mesh Wall_Light_polySurface3...
[2018.05.16-21.34.59:836][493]LogStaticMesh: Built static mesh [0.00s] /Game/Assets/Lights/Wall_Light_polySurface3.Wall_Light_polySurface3
[2018.05.16-21.34.59:843][493]LogFbx:Warning: Triangulating static mesh polySurface4
[2018.05.16-21.34.59:847][493]LogStaticMesh: Building static mesh Wall_Light_polySurface4...
[2018.05.16-21.34.59:849][493]LogStaticMesh: Built static mesh [0.00s] /Game/Assets/Lights/Wall_Light_polySurface4.Wall_Light_polySurface4
[2018.05.16-21.34.59:857][493]LogFbx:Warning: Triangulating static mesh polySurface5
[2018.05.16-21.34.59:879][493]LogStaticMesh: Building static mesh Wall_Light_polySurface5...
[2018.05.16-21.34.59:887][493]LogStaticMesh: Built static mesh [0.01s] /Game/Assets/Lights/Wall_Light_polySurface5.Wall_Light_polySurface5
[2018.05.16-21.34.59:896][493]LogFbx:Warning: Triangulating static mesh pCylinder11
[2018.05.16-21.34.59:898][493]LogStaticMesh: Building static mesh Wall_Light_pCylinder11...
[2018.05.16-21.34.59:899][493]LogStaticMesh: Built static mesh [0.00s] /Game/Assets/Lights/Wall_Light_pCylinder11.Wall_Light_pCylinder11
[2018.05.16-21.34.59:905][493]LogFbx:Warning: Triangulating static mesh pCylinder12
[2018.05.16-21.34.59:907][493]LogStaticMesh: Building static mesh Wall_Light_pCylinder12...
[2018.05.16-21.34.59:909][493]LogStaticMesh: Built static mesh [0.00s] /Game/Assets/Lights/Wall_Light_pCylinder12.Wall_Light_pCylinder12
[2018.05.16-21.34.59:927][493]FBXImport:Warning: Warning Warning: The imported mesh is very small. This is most likely an issue with the units used when exporting to FBX. 
[2018.05.16-21.34.59:927][493]FBXImport:Warning: Warning Warning: The imported mesh is very small. This is most likely an issue with the units used when exporting to FBX. 
[2018.05.16-21.34.59:927][493]FBXImport:Warning: Warning Warning: The imported mesh is very small. This is most likely an issue with the units used when exporting to FBX. 
[2018.05.16-21.34.59:927][493]FBXImport:Warning: Warning Warning: The imported mesh is very small. This is most likely an issue with the units used when exporting to FBX. 
[2018.05.16-21.34.59:927][493]FBXImport:Warning: Warning Warning: The imported mesh is very small. This is most likely an issue with the units used when exporting to FBX. 
[2018.05.16-21.36.13:694][267]LogFactory: FactoryCreateFile: StaticMesh with FbxFactory (0 0 E:/FMP/3D/FBX/Misc/Wall Light.fbx)
[2018.05.16-21.36.13:697][267]LogFbx: ItemName: GlobalSettings, ItemCount : 1
[2018.05.16-21.36.13:697][267]LogFbx: ItemName: AnimationStack, ItemCount : 1
[2018.05.16-21.36.13:697][267]LogFbx: ItemName: AnimationLayer, ItemCount : 1
[2018.05.16-21.36.13:697][267]LogFbx: ItemName: NodeAttribute, ItemCount : 15
[2018.05.16-21.36.13:697][267]LogFbx: ItemName: Model, ItemCount : 16
[2018.05.16-21.36.13:697][267]LogFbx: ItemName: Geometry, ItemCount : 1
[2018.05.16-21.36.13:697][267]LogFbx: ItemName: Material, ItemCount : 3
[2018.05.16-21.36.13:701][267]LogFbx: Loading FBX Scene from E:/FMP/3D/FBX/Misc/Wall Light.fbx
[2018.05.16-21.36.13:709][267]LogFbx: FBX Scene Loaded Succesfully
[2018.05.16-21.36.14:553][267]LogFbx: Loading FBX Scene from E:/FMP/3D/FBX/Misc/Wall Light.fbx
[2018.05.16-21.36.14:561][267]LogFbx: FBX Scene Loaded Succesfully
[2018.05.16-21.36.14:565][267]LogMaterial: Missing cached shader map for material M_Grey, compiling. 
[2018.05.16-21.36.14:585][267]LogMaterial: Missing cached shader map for material M_White, compiling. 
[2018.05.16-21.36.14:605][267]LogFbx:Warning: Triangulating static mesh polySurface2
[2018.05.16-21.36.14:638][267]LogStaticMesh: Building static mesh Wall_Light...
[2018.05.16-21.36.14:652][267]LogStaticMesh: Built static mesh [0.01s] /Game/Assets/Lights/Wall_Light.Wall_Light
[2018.05.16-21.36.17:823][476]LogSlate: Took 0.000302 seconds to synchronously load lazily loaded font '../../../Engine/Content/Slate/Fonts/Roboto-Regular.ttf' (155K)
[2018.05.16-21.36.18:014][476]LogRenderer: Reallocating scene render targets to support 1912x912 NumSamples 1 (Frame:1).
[2018.05.16-21.36.32:251][989]LogActorFactory: Actor Factory created Wall_Light
[2018.05.16-21.36.32:721][ 31]LogActorFactory: Actor Factory created Wall_Light
[2018.05.16-21.36.34:340][177]Cmd: DELETE
[2018.05.16-21.36.34:350][177]Cmd: ACTOR DELETE
[2018.05.16-21.36.34:563][177]LogEditorActor: Deleted Actor: StaticMeshActor
[2018.05.16-21.36.34:590][177]LogEditorActor: Deleted 1 Actors (0.074 secs)
[2018.05.16-21.36.47:138][550]LogActorFactory: Actor Factory created Wall_Light
[2018.05.16-21.36.47:765][617]LogActorFactory: Actor Factory created Wall_Light
[2018.05.16-21.36.54:659][364]Cmd: CAMERA ALIGN ACTIVEVIEWPORTONLY
[2018.05.16-21.37.00:554][ 43]Cmd: CAMERA ALIGN ACTIVEVIEWPORTONLY
[2018.05.16-21.37.06:774][726]LogEditorViewport: Clicking on Actor (LMB): PointLight (PointLight2)
[2018.05.16-21.37.14:844][667]LogEditorViewport: Clicking on Actor (LMB): StaticMeshActor (Wall_Light)
[2018.05.16-21.37.16:397][811]LogTemp: Repeting last play command: Selected Viewport
[2018.05.16-21.37.16:624][811]LogBlueprintUserMessages: Early PlayInEditor Detection: Level '/Game/Maps/RiverDale.RiverDale:PersistentLevel' has LevelScriptBlueprint '/Game/Maps/RiverDale.RiverDale:PersistentLevel.RiverDale' with GeneratedClass '/Game/Maps/RiverDale.RiverDale_C' with ClassGeneratedBy '/Game/Maps/RiverDale.RiverDale:PersistentLevel.RiverDale'
[2018.05.16-21.37.16:641][811]LogPlayLevel: PlayLevel: No blueprints needed recompiling
[2018.05.16-21.37.16:695][811]PIE: New page: PIE session: RiverDale (16 May 2018 23:37:16)
[2018.05.16-21.37.16:704][811]LogPlayLevel: Creating play world package: /Game/Maps/UEDPIE_0_RiverDale
[2018.05.16-21.37.16:791][811]LogPlayLevel: PIE: StaticDuplicateObject took: (0.087119s)
[2018.05.16-21.37.16:792][811]LogAIModule: Creating AISystem for world RiverDale
[2018.05.16-21.37.16:792][811]LogPlayLevel: PIE: World Init took: (0.000545s)
[2018.05.16-21.37.16:803][811]LogPlayLevel: PIE: Created PIE world by copying editor world from /Game/Maps/RiverDale.RiverDale to /Game/Maps/UEDPIE_0_RiverDale.RiverDale (0.098957s)
[2018.05.16-21.37.16:839][811]LogInit: XAudio2 using 'Speakers (Razer Seiren X)' : 2 channels at 48 kHz using 16 bits per sample (channel mask 0x3)
[2018.05.16-21.37.16:845][811]LogInit: FAudioDevice initialized.
[2018.05.16-21.37.16:924][811]LogLoad: Game class is 'FuseGM_C'
[2018.05.16-21.37.17:003][811]LogWorld: Bringing World /Game/Maps/UEDPIE_0_RiverDale.RiverDale up for play (max tick rate 0) at 2018.05.16-22.37.17
[2018.05.16-21.37.17:062][811]LogWorld: Bringing up level for play took: 0.080236
[2018.05.16-21.37.17:243][811]LogContentBrowser: Native class hierarchy updated for 'MovieSceneCapture' in 0.0007 seconds. Added 11 classes and 0 folders.
[2018.05.16-21.37.17:338][811]PIE: Info Play in editor start time for /Game/Maps/UEDPIE_0_RiverDale -0.265
[2018.05.16-21.37.17:339][811]LogBlueprintUserMessages: Late PlayInEditor Detection: Level '/Game/Maps/RiverDale.RiverDale:PersistentLevel' has LevelScriptBlueprint '/Game/Maps/RiverDale.RiverDale:PersistentLevel.RiverDale' with GeneratedClass '/Game/Maps/RiverDale.RiverDale_C' with ClassGeneratedBy '/Game/Maps/RiverDale.RiverDale:PersistentLevel.RiverDale'
[2018.05.16-21.37.17:486][812]Cmd: LevelEditor.ToggleImmersive
[2018.05.16-21.37.17:657][813]LogRenderer: Reallocating scene render targets to support 2476x1016 NumSamples 1 (Frame:3).
[2018.05.16-21.37.17:720][814]LogRenderer: Reallocating scene render targets to support 2560x1052 NumSamples 1 (Frame:5).
[2018.05.16-21.37.28:786][973]LogBlueprintUserMessages: Early EndPlayMap Detection: Level '/Game/Maps/RiverDale.RiverDale:PersistentLevel' has LevelScriptBlueprint '/Game/Maps/RiverDale.RiverDale:PersistentLevel.RiverDale' with GeneratedClass '/Game/Maps/RiverDale.RiverDale_C' with ClassGeneratedBy '/Game/Maps/RiverDale.RiverDale:PersistentLevel.RiverDale'
[2018.05.16-21.37.28:898][973]LogBlueprintUserMessages: Late EndPlayMap Detection: Level '/Game/Maps/RiverDale.RiverDale:PersistentLevel' has LevelScriptBlueprint '/Game/Maps/RiverDale.RiverDale:PersistentLevel.RiverDale' with GeneratedClass '/Game/Maps/RiverDale.RiverDale_C' with ClassGeneratedBy '/Game/Maps/RiverDale.RiverDale:PersistentLevel.RiverDale'
[2018.05.16-21.37.30:295][ 93]LogEditorViewport: Clicking on Actor (LMB): PointLight (PointLight2)
[2018.05.16-21.37.36:524][743]Cmd: CAMERA ALIGN ACTIVEVIEWPORTONLY
[2018.05.16-21.37.44:207][576]LogEditorViewport: Clicking on Actor (LMB): PointLight (PointLight2)
[2018.05.16-21.37.51:131][375]LogSlate: Took 0.012519 seconds to synchronously load lazily loaded font '../../../Engine/Content/Editor/Slate/Fonts/Roboto-Italic.ttf' (157K)
[2018.05.16-21.38.07:440][308]Cmd: CAMERA ALIGN ACTIVEVIEWPORTONLY
[2018.05.16-21.38.12:942][921]LogTemp: Repeting last play command: Selected Viewport
[2018.05.16-21.38.12:956][921]LogBlueprintUserMessages: Early PlayInEditor Detection: Level '/Game/Maps/RiverDale.RiverDale:PersistentLevel' has LevelScriptBlueprint '/Game/Maps/RiverDale.RiverDale:PersistentLevel.RiverDale' with GeneratedClass '/Game/Maps/RiverDale.RiverDale_C' with ClassGeneratedBy '/Game/Maps/RiverDale.RiverDale:PersistentLevel.RiverDale'
[2018.05.16-21.38.12:957][921]LogPlayLevel: PlayLevel: No blueprints needed recompiling
[2018.05.16-21.38.12:957][921]PIE: New page: PIE session: RiverDale (16 May 2018 23:38:12)
[2018.05.16-21.38.12:957][921]LogPlayLevel: Creating play world package: /Game/Maps/UEDPIE_0_RiverDale
[2018.05.16-21.38.12:995][921]LogPlayLevel: PIE: StaticDuplicateObject took: (0.037840s)
[2018.05.16-21.38.12:995][921]LogAIModule: Creating AISystem for world RiverDale
[2018.05.16-21.38.12:996][921]LogPlayLevel: PIE: World Init took: (0.000700s)
[2018.05.16-21.38.12:996][921]LogPlayLevel: PIE: Created PIE world by copying editor world from /Game/Maps/RiverDale.RiverDale to /Game/Maps/UEDPIE_0_RiverDale.RiverDale (0.038854s)
[2018.05.16-21.38.13:010][921]LogInit: XAudio2 using 'Speakers (Razer Seiren X)' : 2 channels at 48 kHz using 16 bits per sample (channel mask 0x3)
[2018.05.16-21.38.13:015][921]LogInit: FAudioDevice initialized.
[2018.05.16-21.38.13:048][921]LogLoad: Game class is 'FuseGM_C'
[2018.05.16-21.38.13:057][921]LogWorld: Bringing World /Game/Maps/UEDPIE_0_RiverDale.RiverDale up for play (max tick rate 0) at 2018.05.16-22.38.13
[2018.05.16-21.38.13:057][921]LogWorld: Bringing up level for play took: 0.008716
[2018.05.16-21.38.13:059][921]PIE: Info Play in editor start time for /Game/Maps/UEDPIE_0_RiverDale -0.544
[2018.05.16-21.38.13:064][921]LogBlueprintUserMessages: Late PlayInEditor Detection: Level '/Game/Maps/RiverDale.RiverDale:PersistentLevel' has LevelScriptBlueprint '/Game/Maps/RiverDale.RiverDale:PersistentLevel.RiverDale' with GeneratedClass '/Game/Maps/RiverDale.RiverDale_C' with ClassGeneratedBy '/Game/Maps/RiverDale.RiverDale:PersistentLevel.RiverDale'
[2018.05.16-21.38.13:566][974]Cmd: LevelEditor.ToggleImmersive
[2018.05.16-21.38.22:282][825]LogBlueprintUserMessages: Early EndPlayMap Detection: Level '/Game/Maps/RiverDale.RiverDale:PersistentLevel' has LevelScriptBlueprint '/Game/Maps/RiverDale.RiverDale:PersistentLevel.RiverDale' with GeneratedClass '/Game/Maps/RiverDale.RiverDale_C' with ClassGeneratedBy '/Game/Maps/RiverDale.RiverDale:PersistentLevel.RiverDale'
[2018.05.16-21.38.22:382][825]LogBlueprintUserMessages: Late EndPlayMap Detection: Level '/Game/Maps/RiverDale.RiverDale:PersistentLevel' has LevelScriptBlueprint '/Game/Maps/RiverDale.RiverDale:PersistentLevel.RiverDale' with GeneratedClass '/Game/Maps/RiverDale.RiverDale_C' with ClassGeneratedBy '/Game/Maps/RiverDale.RiverDale:PersistentLevel.RiverDale'
[2018.05.16-21.38.24:024][966]LogEditorViewport: Clicking on Actor (LMB): PointLight (PointLight3)
[2018.05.16-21.38.29:078][565]LogEditorViewport: Clicking on Actor (LMB): PointLight (PointLight2)
[2018.05.16-21.38.33:119][ 37]LogEditorViewport: Clicking on Actor (LMB): StaticMeshActor (Wall_Light)
[2018.05.16-21.38.34:852][229]LogEditorViewport: Clicking on Actor (LMB): PointLight (PointLight2)
[2018.05.16-21.38.38:292][634]LogEditorViewport: Clicking on Actor (LMB): PointLight (PointLight3)
[2018.05.16-21.38.49:629][965]LogEditorViewport: Clicking on Actor (LMB): PointLight (PointLight2)
[2018.05.16-21.38.53:284][396]LogTemp: Repeting last play command: Selected Viewport
[2018.05.16-21.38.53:298][396]LogBlueprintUserMessages: Early PlayInEditor Detection: Level '/Game/Maps/RiverDale.RiverDale:PersistentLevel' has LevelScriptBlueprint '/Game/Maps/RiverDale.RiverDale:PersistentLevel.RiverDale' with GeneratedClass '/Game/Maps/RiverDale.RiverDale_C' with ClassGeneratedBy '/Game/Maps/RiverDale.RiverDale:PersistentLevel.RiverDale'
[2018.05.16-21.38.53:298][396]LogPlayLevel: PlayLevel: No blueprints needed recompiling
[2018.05.16-21.38.53:298][396]PIE: New page: PIE session: RiverDale (16 May 2018 23:38:53)
[2018.05.16-21.38.53:298][396]LogPlayLevel: Creating play world package: /Game/Maps/UEDPIE_0_RiverDale
[2018.05.16-21.38.53:336][396]LogPlayLevel: PIE: StaticDuplicateObject took: (0.037547s)
[2018.05.16-21.38.53:336][396]LogAIModule: Creating AISystem for world RiverDale
[2018.05.16-21.38.53:336][396]LogPlayLevel: PIE: World Init took: (0.000736s)
[2018.05.16-21.38.53:337][396]LogPlayLevel: PIE: Created PIE world by copying editor world from /Game/Maps/RiverDale.RiverDale to /Game/Maps/UEDPIE_0_RiverDale.RiverDale (0.038670s)
[2018.05.16-21.38.53:349][396]LogInit: XAudio2 using 'Speakers (Razer Seiren X)' : 2 channels at 48 kHz using 16 bits per sample (channel mask 0x3)
[2018.05.16-21.38.53:355][396]LogInit: FAudioDevice initialized.
[2018.05.16-21.38.53:388][396]LogLoad: Game class is 'FuseGM_C'
[2018.05.16-21.38.53:397][396]LogWorld: Bringing World /Game/Maps/UEDPIE_0_RiverDale.RiverDale up for play (max tick rate 0) at 2018.05.16-22.38.53
[2018.05.16-21.38.53:398][396]LogWorld: Bringing up level for play took: 0.008798
[2018.05.16-21.38.53:399][396]PIE: Info Play in editor start time for /Game/Maps/UEDPIE_0_RiverDale -0.204
[2018.05.16-21.38.53:399][396]LogBlueprintUserMessages: Late PlayInEditor Detection: Level '/Game/Maps/RiverDale.RiverDale:PersistentLevel' has LevelScriptBlueprint '/Game/Maps/RiverDale.RiverDale:PersistentLevel.RiverDale' with GeneratedClass '/Game/Maps/RiverDale.RiverDale_C' with ClassGeneratedBy '/Game/Maps/RiverDale.RiverDale:PersistentLevel.RiverDale'
[2018.05.16-21.38.54:552][531]Cmd: LevelEditor.ToggleImmersive
[2018.05.16-21.39.06:672][689]LogBlueprintUserMessages: Early EndPlayMap Detection: Level '/Game/Maps/RiverDale.RiverDale:PersistentLevel' has LevelScriptBlueprint '/Game/Maps/RiverDale.RiverDale:PersistentLevel.RiverDale' with GeneratedClass '/Game/Maps/RiverDale.RiverDale_C' with ClassGeneratedBy '/Game/Maps/RiverDale.RiverDale:PersistentLevel.RiverDale'
[2018.05.16-21.39.06:747][689]LogBlueprintUserMessages: Late EndPlayMap Detection: Level '/Game/Maps/RiverDale.RiverDale:PersistentLevel' has LevelScriptBlueprint '/Game/Maps/RiverDale.RiverDale:PersistentLevel.RiverDale' with GeneratedClass '/Game/Maps/RiverDale.RiverDale_C' with ClassGeneratedBy '/Game/Maps/RiverDale.RiverDale:PersistentLevel.RiverDale'
[2018.05.16-21.39.08:204][793]Cmd: CAMERA ALIGN ACTIVEVIEWPORTONLY
[2018.05.16-21.39.09:024][838]LogEditorViewport: Clicking on Actor (LMB): PointLight (PointLight2)
[2018.05.16-21.39.30:387][375]Cmd: CAMERA ALIGN ACTIVEVIEWPORTONLY
[2018.05.16-21.39.36:834][825]LogEditorViewport: Clicking on Actor (LMB): PointLight (PointLight3)
[2018.05.16-21.39.42:547][249]Cmd: CAMERA ALIGN ACTIVEVIEWPORTONLY
[2018.05.16-21.39.51:943][926]LogEditorViewport: Clicking on Actor (LMB): PointLight (PointLight2)
[2018.05.16-21.39.52:651][977]Cmd: DELETE
[2018.05.16-21.39.52:651][977]Cmd: ACTOR DELETE
[2018.05.16-21.39.52:652][977]LogEditorActor: Deleted Actor: PointLight
[2018.05.16-21.39.52:669][977]LogEditorActor: Deleted 1 Actors (0.019 secs)
[2018.05.16-21.39.53:186][ 29]LogEditorViewport: Clicking on Actor (LMB): StaticMeshActor (Wall_Light)
[2018.05.16-21.39.53:325][ 39]Cmd: DELETE
[2018.05.16-21.39.53:326][ 39]Cmd: ACTOR DELETE
[2018.05.16-21.39.53:327][ 39]LogEditorActor: Deleted Actor: StaticMeshActor
[2018.05.16-21.39.53:336][ 39]LogEditorActor: Deleted 1 Actors (0.010 secs)
[2018.05.16-21.39.53:742][ 81]LogEditorViewport: Clicking on Actor (LMB): PointLight (PointLight3)
[2018.05.16-21.39.53:802][ 82]Cmd: DELETE
[2018.05.16-21.39.53:802][ 82]Cmd: ACTOR DELETE
[2018.05.16-21.39.53:803][ 82]LogEditorActor: Deleted Actor: PointLight
[2018.05.16-21.39.53:810][ 82]LogEditorActor: Deleted 1 Actors (0.008 secs)
[2018.05.16-21.39.57:999][381]Cmd: OBJ SAVEPACKAGE PACKAGE="/Game/Assets/Lights/M_Grey" FILE="../../../../../Users/JoshR/Documents/GitHub/Fuse/Content/Assets/Lights/M_Grey.uasset" SILENT=true
[2018.05.16-21.39.58:132][381]LogSavePackage: Save=114.72ms
[2018.05.16-21.39.58:132][381]LogSavePackage: Moving '../../../../../Users/JoshR/Documents/GitHub/Fuse/Saved/M_Grey6115E9AB4FA081CD0DA8819ADCF3C086.tmp' to '../../../../../Users/JoshR/Documents/GitHub/Fuse/Content/Assets/Lights/M_Grey.uasset'
[2018.05.16-21.39.58:137][381]LogSavePackage:Display: Finished SavePackage ../../../../../Users/JoshR/Documents/GitHub/Fuse/Content/Assets/Lights/M_Grey.uasset
[2018.05.16-21.39.58:539][381]Cmd: OBJ SAVEPACKAGE PACKAGE="/Game/Assets/Lights/M_White" FILE="../../../../../Users/JoshR/Documents/GitHub/Fuse/Content/Assets/Lights/M_White.uasset" SILENT=true
[2018.05.16-21.39.58:549][381]LogSavePackage: Save=8.63ms
[2018.05.16-21.39.58:549][381]LogSavePackage: Moving '../../../../../Users/JoshR/Documents/GitHub/Fuse/Saved/M_WhiteB8E85CA748F1AE92905D3B92845CCFCE.tmp' to '../../../../../Users/JoshR/Documents/GitHub/Fuse/Content/Assets/Lights/M_White.uasset'
[2018.05.16-21.39.58:553][381]LogSavePackage:Display: Finished SavePackage ../../../../../Users/JoshR/Documents/GitHub/Fuse/Content/Assets/Lights/M_White.uasset
[2018.05.16-21.39.58:860][381]Cmd: OBJ SAVEPACKAGE PACKAGE="/Game/Assets/Lights/Wall_Light" FILE="../../../../../Users/JoshR/Documents/GitHub/Fuse/Content/Assets/Lights/Wall_Light.uasset" SILENT=true
[2018.05.16-21.39.58:870][381]LogSavePackage: Save=8.80ms
[2018.05.16-21.39.58:870][381]LogSavePackage: Moving '../../../../../Users/JoshR/Documents/GitHub/Fuse/Saved/Wall_LightA59214A6400E6E40CCA0E1BB3EFBEC19.tmp' to '../../../../../Users/JoshR/Documents/GitHub/Fuse/Content/Assets/Lights/Wall_Light.uasset'
[2018.05.16-21.39.58:874][381]LogSavePackage:Display: Finished SavePackage ../../../../../Users/JoshR/Documents/GitHub/Fuse/Content/Assets/Lights/Wall_Light.uasset
[2018.05.16-21.39.59:457][381]Cmd: OBJ SAVEPACKAGE PACKAGE="/Game/Maps/RiverDale" FILE="../../../../../Users/JoshR/Documents/GitHub/Fuse/Content/Maps/RiverDale.umap" SILENT=true AUTOSAVING=false KEEPDIRTY=false
[2018.05.16-21.40.00:229][381]LogSavePackage: Save=740.26ms
[2018.05.16-21.40.00:229][381]LogSavePackage: Moving '../../../../../Users/JoshR/Documents/GitHub/Fuse/Saved/RiverDaleF04326074B13C8BF02CB1FB41F6F4752.tmp' to '../../../../../Users/JoshR/Documents/GitHub/Fuse/Content/Maps/RiverDale.umap'
[2018.05.16-21.40.00:234][381]LogSavePackage:Display: Finished SavePackage ../../../../../Users/JoshR/Documents/GitHub/Fuse/Content/Maps/RiverDale.umap
[2018.05.16-21.40.00:273][381]LogFileHelpers: Saving map 'RiverDale' took 1.114
[2018.05.16-21.40.04:941][897]Cmd: OBJ SAVEPACKAGE PACKAGE="/Game/Maps/RiverDale" FILE="../../../../../Users/JoshR/Documents/GitHub/Fuse/Content/Maps/RiverDale.umap" SILENT=true AUTOSAVING=false KEEPDIRTY=false
[2018.05.16-21.40.05:522][897]LogSavePackage: Save=570.73ms
[2018.05.16-21.40.05:522][897]LogSavePackage: Moving '../../../../../Users/JoshR/Documents/GitHub/Fuse/Saved/RiverDaleA2AE8FBC4E269862EB329F9EB986F46C.tmp' to '../../../../../Users/JoshR/Documents/GitHub/Fuse/Content/Maps/RiverDale.umap'
[2018.05.16-21.40.05:525][897]LogSavePackage:Display: Finished SavePackage ../../../../../Users/JoshR/Documents/GitHub/Fuse/Content/Maps/RiverDale.umap
[2018.05.16-21.40.05:621][897]Cmd: OBJ SAVEPACKAGE PACKAGE="/Game/Maps/RiverDale_BuiltData" FILE="../../../../../Users/JoshR/Documents/GitHub/Fuse/Content/Maps/RiverDale_BuiltData.uasset" SILENT=true
[2018.05.16-21.40.06:717][897]LogSavePackage: Save=941.88ms
[2018.05.16-21.40.06:717][897]LogSavePackage: Moving '../../../../../Users/JoshR/Documents/GitHub/Fuse/Saved/RiverDale_BuiltData88A836F749092D956EB65CA025D24F7E.tmp' to '../../../../../Users/JoshR/Documents/GitHub/Fuse/Content/Maps/RiverDale_BuiltData.uasset'
[2018.05.16-21.40.06:721][897]LogSavePackage:Display: Finished SavePackage ../../../../../Users/JoshR/Documents/GitHub/Fuse/Content/Maps/RiverDale_BuiltData.uasset
[2018.05.16-21.40.09:289][175]SourceControl: Info fatal: D:/Program Files/UE_4.16/Engine/Content/: 'D:/Program Files/UE_4.16/Engine/Content/' is outside repository
[2018.05.16-21.40.20:000][175]LogSourceControl: FGitCheckInWorker: commit successful
[2018.05.16-21.40.20:116][175]SourceControl: Info [master c5c2789] Added Wall Light Asset
[2018.05.16-21.40.20:116][175]SourceControl: Info  5 files changed, 0 insertions(+), 0 deletions(-)
[2018.05.16-21.40.20:116][175]SourceControl: Info  create mode 100644 Content/Assets/Lights/M_Grey.uasset
[2018.05.16-21.40.20:116][175]SourceControl: Info  create mode 100644 Content/Assets/Lights/M_White.uasset
[2018.05.16-21.40.20:116][175]SourceControl: Info  create mode 100644 Content/Assets/Lights/Wall_Light.uasset
[2018.05.16-21.40.20:121][175]SourceControl: Info Commited [master c5c2789] Added Wall Light Asset.
[2018.05.16-21.40.21:928][377]LogWindowsTextInputMethodSystem:Display: IME system now deactivated.
[2018.05.16-21.40.22:273][378]Cmd: QUIT_EDITOR
[2018.05.16-21.40.23:129][378]LogExit: Preparing to exit.
[2018.05.16-21.40.24:367][378]LogDirectoryWatcher: A directory notification for 'D:/Users/JoshR/Documents/GitHub/Fuse/Content/' was aborted.
[2018.05.16-21.40.24:468][378]LogExit: Editor shut down
[2018.05.16-21.40.24:472][378]LogExit: Transaction tracking system shut down
[2018.05.16-21.40.25:460][378]LogObj: Freed 0b from 0 cluster array pools.
[2018.05.16-21.40.25:460][378]LogExit: Object subsystem successfully closed.
[2018.05.16-21.40.25:547][378]LogD3D11RHI: Shutdown
[2018.05.16-21.40.25:547][378]LogD3D11RHI: CleanupD3DDevice
[2018.05.16-21.40.25:659][378]LogD3D11RHI: ~FD3D11DynamicRHI
[2018.05.16-21.40.26:368][378]LogModuleManager: Shutting down and abandoning module MovieSceneCapture (532)
[2018.05.16-21.40.26:368][378]LogModuleManager: Shutting down and abandoning module StaticMeshEditor (530)
[2018.05.16-21.40.26:368][378]LogModuleManager: Shutting down and abandoning module HierarchicalLODOutliner (528)
[2018.05.16-21.40.26:376][378]LogModuleManager: Shutting down and abandoning module CrashTracker (526)
[2018.05.16-21.40.26:376][378]LogModuleManager: Shutting down and abandoning module SceneOutliner (524)
[2018.05.16-21.40.26:376][378]LogModuleManager: Shutting down and abandoning module AddContentDialog (522)
[2018.05.16-21.40.26:392][378]LogDirectoryWatcher: A directory notification for 'D:/Program Files/UE_4.16/FeaturePacks/' was aborted.
[2018.05.16-21.40.26:393][378]LogModuleManager: Shutting down and abandoning module WidgetCarousel (521)
[2018.05.16-21.40.26:393][378]LogModuleManager: Shutting down and abandoning module EditorWidgets (518)
[2018.05.16-21.40.26:393][378]LogModuleManager: Shutting down and abandoning module CollectionManager (516)
[2018.05.16-21.40.26:393][378]LogDirectoryWatcher: A directory notification for 'D:/Users/JoshR/Documents/GitHub/Fuse/Content/Collections/' was aborted.
[2018.05.16-21.40.26:393][378]LogDirectoryWatcher: A directory notification for 'D:/Users/JoshR/Documents/GitHub/Fuse/Content/Developers/JoshR/Collections/' was aborted.
[2018.05.16-21.40.26:393][378]LogDirectoryWatcher: A directory notification for 'D:/Users/JoshR/Documents/GitHub/Fuse/Saved/Collections/' was aborted.
[2018.05.16-21.40.26:393][378]LogModuleManager: Shutting down and abandoning module StatsViewer (514)
[2018.05.16-21.40.26:406][378]LogModuleManager: Shutting down and abandoning module FoliageEdit (512)
[2018.05.16-21.40.26:406][378]LogModuleManager: Shutting down and abandoning module LandscapeEditor (510)
[2018.05.16-21.40.26:431][378]LogModuleManager: Shutting down and abandoning module MeshPaintMode (508)
[2018.05.16-21.40.26:431][378]LogModuleManager: Shutting down and abandoning module SceneDepthPickerMode (506)
[2018.05.16-21.40.26:431][378]LogModuleManager: Shutting down and abandoning module ActorPickerMode (504)
[2018.05.16-21.40.26:431][378]LogModuleManager: Shutting down and abandoning module GeometryMode (502)
[2018.05.16-21.40.26:431][378]LogModuleManager: Shutting down and abandoning module TextureAlignMode (500)
[2018.05.16-21.40.26:431][378]LogModuleManager: Shutting down and abandoning module BspMode (498)
[2018.05.16-21.40.26:434][378]LogModuleManager: Shutting down and abandoning module HardwareSurvey (496)
[2018.05.16-21.40.26:434][378]LogModuleManager: Shutting down and abandoning module SequenceRecorderSections (494)
[2018.05.16-21.40.26:434][378]LogModuleManager: Shutting down and abandoning module AutomationWorker (492)
[2018.05.16-21.40.26:443][378]LogModuleManager: Shutting down and abandoning module MatineeToLevelSequence (490)
[2018.05.16-21.40.26:454][378]LogModuleManager: Shutting down and abandoning module LevelSequenceEditor (488)
[2018.05.16-21.40.26:488][378]LogModuleManager: Shutting down and abandoning module PlacementMode (487)
[2018.05.16-21.40.26:488][378]LogModuleManager: Shutting down and abandoning module WmfMediaFactory (484)
[2018.05.16-21.40.26:488][378]LogModuleManager: Shutting down and abandoning module WmfMediaEditor (482)
[2018.05.16-21.40.26:488][378]LogModuleManager: Shutting down and abandoning module AvfMediaFactory (480)
[2018.05.16-21.40.26:489][378]LogModuleManager: Shutting down and abandoning module AvfMediaEditor (478)
[2018.05.16-21.40.26:489][378]LogModuleManager: Shutting down and abandoning module AndroidMediaFactory (476)
[2018.05.16-21.40.26:489][378]LogModuleManager: Shutting down and abandoning module Media (475)
[2018.05.16-21.40.26:489][378]LogModuleManager: Shutting down and abandoning module AndroidMediaEditor (472)
[2018.05.16-21.40.26:489][378]LogModuleManager: Shutting down and abandoning module CharacterAI (470)
[2018.05.16-21.40.26:489][378]LogModuleManager: Shutting down and abandoning module AudioCapture (468)
[2018.05.16-21.40.26:499][378]LogModuleManager: Shutting down and abandoning module SequenceRecorder (467)
[2018.05.16-21.40.26:507][378]LogModuleManager: Shutting down and abandoning module SmartSnapping (464)
[2018.05.16-21.40.26:507][378]LogModuleManager: Shutting down and abandoning module SessionServices (462)
[2018.05.16-21.40.26:507][378]LogModuleManager: Shutting down and abandoning module ViewportSnapping (460)
[2018.05.16-21.40.26:507][378]LogModuleManager: Shutting down and abandoning module ViewportInteraction (458)
[2018.05.16-21.40.26:507][378]LogModuleManager: Shutting down and abandoning module ClothPainter (456)
[2018.05.16-21.40.26:528][378]LogModuleManager: Shutting down and abandoning module LogVisualizer (454)
[2018.05.16-21.40.26:541][378]LogModuleManager: Shutting down and abandoning module IntroTutorials (452)
[2018.05.16-21.40.26:572][378]LogModuleManager: Shutting down and abandoning module GameProjectGeneration (451)
[2018.05.16-21.40.26:586][378]LogModuleManager: Shutting down and abandoning module EditorLiveStreaming (448)
[2018.05.16-21.40.26:586][378]LogModuleManager: Shutting down and abandoning module IOSPlatformEditor (446)
[2018.05.16-21.40.26:598][378]LogModuleManager: Shutting down and abandoning module HTML5PlatformEditor (444)
[2018.05.16-21.40.26:598][378]LogModuleManager: Shutting down and abandoning module AndroidPlatformEditor (442)
[2018.05.16-21.40.26:598][378]LogModuleManager: Shutting down and abandoning module AndroidDeviceDetection (441)
[2018.05.16-21.40.26:947][378]LogModuleManager: Shutting down and abandoning module IOSRuntimeSettings (438)
[2018.05.16-21.40.26:947][378]LogModuleManager: Shutting down and abandoning module AndroidRuntimeSettings (436)
[2018.05.16-21.40.26:947][378]LogModuleManager: Shutting down and abandoning module InputBindingEditor (434)
[2018.05.16-21.40.27:160][378]LogModuleManager: Shutting down and abandoning module MergeActors (432)
[2018.05.16-21.40.27:165][378]LogModuleManager: Shutting down and abandoning module SizeMap (430)
[2018.05.16-21.40.27:165][378]LogModuleManager: Shutting down and abandoning module TreeMap (428)
[2018.05.16-21.40.27:169][378]LogModuleManager: Shutting down and abandoning module ReferenceViewer (426)
[2018.05.16-21.40.27:177][378]LogModuleManager: Shutting down and abandoning module LocalizationDashboard (424)
[2018.05.16-21.40.27:190][378]LogModuleManager: Shutting down and abandoning module LocalizationService (423)
[2018.05.16-21.40.27:198][378]LogModuleManager: Shutting down and abandoning module HardwareTargeting (420)
[2018.05.16-21.40.27:198][378]LogModuleManager: Shutting down and abandoning module DeviceProfileEditor (418)
[2018.05.16-21.40.27:205][378]LogModuleManager: Shutting down and abandoning module UndoHistory (416)
[2018.05.16-21.40.27:205][378]LogModuleManager: Shutting down and abandoning module UserFeedback (414)
[2018.05.16-21.40.27:205][378]LogModuleManager: Shutting down and abandoning module XmlParser (412)
[2018.05.16-21.40.27:205][378]LogModuleManager: Shutting down and abandoning module Blutility (410)
[2018.05.16-21.40.27:215][378]LogModuleManager: Shutting down and abandoning module ProjectSettingsViewer (408)
[2018.05.16-21.40.27:215][378]LogModuleManager: Shutting down and abandoning module ProjectTargetPlatformEditor (407)
[2018.05.16-21.40.27:215][378]LogModuleManager: Shutting down and abandoning module EditorSettingsViewer (404)
[2018.05.16-21.40.27:215][378]LogModuleManager: Shutting down and abandoning module SettingsEditor (402)
[2018.05.16-21.40.27:222][378]LogModuleManager: Shutting down and abandoning module ProjectLauncher (400)
[2018.05.16-21.40.27:238][378]LogModuleManager: Shutting down and abandoning module SessionFrontend (398)
[2018.05.16-21.40.27:256][378]LogModuleManager: Shutting down and abandoning module ProfilerClient (396)
[2018.05.16-21.40.27:275][378]LogModuleManager: Shutting down and abandoning module DeviceManager (394)
[2018.05.16-21.40.27:289][378]LogModuleManager: Shutting down and abandoning module TargetDeviceServices (393)
[2018.05.16-21.40.27:339][378]LogModuleManager: Shutting down and abandoning module AutomationController (390)
[2018.05.16-21.40.27:349][378]LogModuleManager: Shutting down and abandoning module AutomationWindow (388)
[2018.05.16-21.40.27:354][378]LogModuleManager: Shutting down and abandoning module Layers (386)
[2018.05.16-21.40.27:365][378]LogModuleManager: Shutting down and abandoning module ComponentVisualizers (384)
[2018.05.16-21.40.27:365][378]LogModuleManager: Shutting down and abandoning module DetailCustomizations (382)
[2018.05.16-21.40.27:373][378]LogModuleManager: Shutting down and abandoning module PackagesDialog (380)
[2018.05.16-21.40.27:373][378]LogModuleManager: Shutting down and abandoning module Persona (378)
[2018.05.16-21.40.27:424][378]LogModuleManager: Shutting down and abandoning module AdvancedPreviewScene (377)
[2018.05.16-21.40.27:424][378]LogModuleManager: Shutting down and abandoning module AnimGraph (375)
[2018.05.16-21.40.27:424][378]LogModuleManager: Shutting down and abandoning module Kismet (372)
[2018.05.16-21.40.27:439][378]LogModuleManager: Shutting down and abandoning module ClassViewer (370)
[2018.05.16-21.40.27:439][378]LogModuleManager: Shutting down and abandoning module Toolbox (368)
[2018.05.16-21.40.27:439][378]LogModuleManager: Shutting down and abandoning module ModuleUI (366)
[2018.05.16-21.40.27:450][378]LogModuleManager: Shutting down and abandoning module MovieSceneTools (364)
[2018.05.16-21.40.27:470][378]LogModuleManager: Shutting down and abandoning module OutputLog (362)
[2018.05.16-21.40.27:483][378]LogModuleManager: Shutting down and abandoning module GammaUI (360)
[2018.05.16-21.40.27:489][378]LogModuleManager: Shutting down and abandoning module Documentation (358)
[2018.05.16-21.40.27:489][378]LogModuleManager: Shutting down and abandoning module MovieSceneTracks (356)
[2018.05.16-21.40.27:489][378]LogModuleManager: Shutting down and abandoning module MovieScene (354)
[2018.05.16-21.40.27:489][378]LogModuleManager: Shutting down and abandoning module Niagara (352)
[2018.05.16-21.40.27:489][378]LogModuleManager: Shutting down and abandoning module NiagaraEditor (351)
[2018.05.16-21.40.27:524][378]LogModuleManager: Shutting down and abandoning module StreamingPauseRendering (348)
[2018.05.16-21.40.27:524][378]LogModuleManager: Shutting down and abandoning module AnalyticsET (346)
[2018.05.16-21.40.27:524][378]LogModuleManager: Shutting down and abandoning module PortalServices (344)
[2018.05.16-21.40.27:524][378]LogModuleManager: Shutting down and abandoning module PortalRpc (342)
[2018.05.16-21.40.27:524][378]LogModuleManager: Shutting down and abandoning module MessagingRpc (340)
[2018.05.16-21.40.27:524][378]LogModuleManager: Shutting down and abandoning module AIModule (338)
[2018.05.16-21.40.27:524][378]LogModuleManager: Shutting down and abandoning module GameplayDebugger (337)
[2018.05.16-21.40.27:524][378]LogModuleManager: Shutting down and abandoning module AITestSuite (335)
[2018.05.16-21.40.27:533][378]LogModuleManager: Shutting down and abandoning module ProfilerService (332)
[2018.05.16-21.40.27:695][378]LogModuleManager: Shutting down and abandoning module TaskGraph (330)
[2018.05.16-21.40.27:714][378]LogModuleManager: Shutting down and abandoning module SubstanceEditor (328)
[2018.05.16-21.40.27:725][378]LogModuleManager: Shutting down and abandoning module SteamVRController (326)
[2018.05.16-21.40.27:726][378]LogModuleManager: Shutting down and abandoning module SteamVR (324)
[2018.05.16-21.40.27:726][378]LogModuleManager: Shutting down and abandoning module ProceduralMeshComponentEditor (322)
[2018.05.16-21.40.27:726][378]LogModuleManager: Shutting down and abandoning module ProceduralMeshComponent (320)
[2018.05.16-21.40.27:737][378]LogModuleManager: Shutting down and abandoning module OculusLibrary (318)
[2018.05.16-21.40.27:737][378]LogModuleManager: Shutting down and abandoning module OculusInput (316)
[2018.05.16-21.40.27:737][378]LogModuleManager: Shutting down and abandoning module MobilePatchingUtils (314)
[2018.05.16-21.40.27:737][378]LogModuleManager: Shutting down and abandoning module CustomMeshComponent (312)
[2018.05.16-21.40.27:737][378]LogModuleManager: Shutting down and abandoning module CableComponent (310)
[2018.05.16-21.40.27:737][378]LogModuleManager: Shutting down and abandoning module ArchVisCharacter (308)
[2018.05.16-21.40.27:738][378]LogModuleManager: Shutting down and abandoning module AndroidPermission (306)
[2018.05.16-21.40.27:738][378]LogModuleManager: Shutting down and abandoning module MediaPlayerEditor (302)
[2018.05.16-21.40.27:760][378]LogModuleManager: Shutting down and abandoning module HTML5Networking (300)
[2018.05.16-21.40.27:760][378]LogModuleManager: Shutting down and abandoning module AlembicImporter (298)
[2018.05.16-21.40.27:768][378]LogModuleManager: Shutting down and abandoning module AlembicLibrary (297)
[2018.05.16-21.40.27:768][378]LogModuleManager: Shutting down and abandoning module GeometryCache (296)
[2018.05.16-21.40.27:768][378]LogModuleManager: Shutting down and abandoning module GeometryCacheEd (295)
[2018.05.16-21.40.27:768][378]LogModuleManager: Shutting down and abandoning module SuperSearchEditor (290)
[2018.05.16-21.40.27:768][378]LogModuleManager: Shutting down and abandoning module SuperSearch (289)
[2018.05.16-21.40.27:768][378]LogModuleManager: Shutting down and abandoning module SpeedTreeImporter (286)
[2018.05.16-21.40.27:768][378]LogModuleManager: Shutting down and abandoning module PluginBrowser (284)
[2018.05.16-21.40.27:795][378]LogModuleManager: Shutting down and abandoning module MobileLauncherProfileWizard (282)
[2018.05.16-21.40.27:813][378]LogModuleManager: Shutting down and abandoning module VisualStudioSourceCodeAccess (280)
[2018.05.16-21.40.27:813][378]LogModuleManager: Shutting down and abandoning module DesktopPlatform (279)
[2018.05.16-21.40.27:813][378]LogModuleManager: Shutting down and abandoning module UObjectPlugin (276)
[2018.05.16-21.40.27:813][378]LogModuleManager: Shutting down and abandoning module SubversionSourceControl (274)
[2018.05.16-21.40.27:829][378]LogModuleManager: Shutting down and abandoning module PerforceSourceControl (272)
[2018.05.16-21.40.27:849][378]LogModuleManager: Shutting down and abandoning module GitSourceControl (270)
[2018.05.16-21.40.27:857][378]LogModuleManager: Shutting down and abandoning module SourceControl (269)
[2018.05.16-21.40.27:857][378]LogModuleManager: Shutting down and abandoning module LightPropagationVolumeEditor (266)
[2018.05.16-21.40.27:857][378]LogModuleManager: Shutting down and abandoning module PaperTiledImporter (264)
[2018.05.16-21.40.27:857][378]LogModuleManager: Shutting down and abandoning module PaperSpriteSheetImporter (262)
[2018.05.16-21.40.27:857][378]LogModuleManager: Shutting down and abandoning module Paper2DEditor (260)
[2018.05.16-21.40.27:877][378]LogModuleManager: Shutting down and abandoning module MeshPaint (259)
[2018.05.16-21.40.27:887][378]LogModuleManager: Shutting down and abandoning module LevelEditor (257)
[2018.05.16-21.40.27:894][378]LogModuleManager: Shutting down and abandoning module PixelInspectorModule (256)
[2018.05.16-21.40.27:908][378]LogModuleManager: Shutting down and abandoning module MainFrame (254)
[2018.05.16-21.40.27:916][378]LogModuleManager: Shutting down and abandoning module HotReload (253)
[2018.05.16-21.40.27:925][378]LogModuleManager: Shutting down and abandoning module PhysXVehiclesEditor (248)
[2018.05.16-21.40.27:929][378]LogModuleManager: Shutting down and abandoning module PhysXVehicles (246)
[2018.05.16-21.40.27:929][378]LogModuleManager: Shutting down and abandoning module LocationServicesBPLibrary (244)
[2018.05.16-21.40.27:929][378]LogModuleManager: Shutting down and abandoning module ImmediatePhysicsEditor (242)
[2018.05.16-21.40.27:929][378]LogModuleManager: Shutting down and abandoning module ImmediatePhysics (240)
[2018.05.16-21.40.27:939][378]LogModuleManager: Shutting down and abandoning module UdpMessaging (238)
[2018.05.16-21.40.28:039][378]LogModuleManager: Shutting down and abandoning module TcpMessaging (236)
[2018.05.16-21.40.28:145][378]LogModuleManager: Shutting down and abandoning module SubstanceCore (234)
[2018.05.16-21.40.28:145][378]LogModuleManager: Shutting down and abandoning module GameplayTagsEditor (232)
[2018.05.16-21.40.28:164][378]LogModuleManager: Shutting down and abandoning module FacialAnimationEditor (230)
[2018.05.16-21.40.28:164][378]LogModuleManager: Shutting down and abandoning module FacialAnimation (228)
[2018.05.16-21.40.28:164][378]LogModuleManager: Shutting down and abandoning module AssetManagerEditor (226)
[2018.05.16-21.40.28:179][378]LogModuleManager: Shutting down and abandoning module GraphEditor (225)
[2018.05.16-21.40.28:216][378]LogModuleManager: Shutting down and abandoning module ContentBrowser (223)
[2018.05.16-21.40.28:217][378]LogModuleManager: Shutting down and abandoning module LightPropagationVolumeRuntime (220)
[2018.05.16-21.40.28:217][378]LogModuleManager: Shutting down and abandoning module Paper2D (218)
[2018.05.16-21.40.28:225][378]LogModuleManager: Shutting down and abandoning module WindowsMoviePlayer (216)
[2018.05.16-21.40.28:225][378]LogModuleManager: Shutting down and abandoning module WmfMedia (214)
[2018.05.16-21.40.28:230][378]LogModuleManager: Shutting down and abandoning module ClothingSystemEditor (212)
[2018.05.16-21.40.28:230][378]LogModuleManager: Shutting down and abandoning module ClothingSystemRuntime (210)
[2018.05.16-21.40.28:230][378]LogModuleManager: Shutting down and abandoning module MediaAssets (208)
[2018.05.16-21.40.28:230][378]LogModuleManager: Shutting down and abandoning module GameLiveStreaming (206)
[2018.05.16-21.40.28:240][378]LogModuleManager: Shutting down and abandoning module VREditor (204)
[2018.05.16-21.40.28:249][378]LogModuleManager: Shutting down and abandoning module StringTableEditor (202)
[2018.05.16-21.40.28:267][378]LogModuleManager: Shutting down and abandoning module GameplayTasksEditor (200)
[2018.05.16-21.40.28:267][378]LogModuleManager: Shutting down and abandoning module BehaviorTreeEditor (198)
[2018.05.16-21.40.28:287][378]LogModuleManager: Shutting down and abandoning module FunctionalTesting (196)
[2018.05.16-21.40.28:287][378]LogModuleManager: Shutting down and abandoning module CollisionAnalyzer (194)
[2018.05.16-21.40.28:299][378]LogModuleManager: Shutting down and abandoning module UMG (192)
[2018.05.16-21.40.28:313][378]LogModuleManager: Shutting down and abandoning module UMGEditor (191)
[2018.05.16-21.40.28:334][378]LogModuleManager: Shutting down and abandoning module Sequencer (190)
[2018.05.16-21.40.28:357][378]LogModuleManager: Shutting down and abandoning module AssetTools (188)
[2018.05.16-21.40.28:383][378]LogModuleManager: Shutting down and abandoning module MessageLog (187)
[2018.05.16-21.40.28:383][378]LogModuleManager: Shutting down and abandoning module WorkspaceMenuStructure (186)
[2018.05.16-21.40.28:383][378]LogModuleManager: Shutting down and abandoning module SlateReflector (180)
[2018.05.16-21.40.28:400][378]LogModuleManager: Shutting down and abandoning module Slate (178)
[2018.05.16-21.40.28:400][378]LogModuleManager: Shutting down and abandoning module EditorStyle (176)
[2018.05.16-21.40.28:402][378]LogModuleManager: Shutting down and abandoning module SourceCodeAccess (174)
[2018.05.16-21.40.28:402][378]LogModuleManager: Shutting down and abandoning module HeadMountedDisplay (172)
[2018.05.16-21.40.28:402][378]LogModuleManager: Shutting down and abandoning module XAudio2 (170)
[2018.05.16-21.40.28:402][378]LogModuleManager: Shutting down and abandoning module Networking (168)
[2018.05.16-21.40.28:402][378]LogModuleManager: Shutting down and abandoning module Core (164)
[2018.05.16-21.40.28:402][378]LogModuleManager: Shutting down and abandoning module AssetRegistry (162)
[2018.05.16-21.40.28:545][378]LogDirectoryWatcher: A directory notification for '../../../Engine/Content/' was aborted.
[2018.05.16-21.40.28:545][378]LogDirectoryWatcher: A directory notification for '../../../../../Users/JoshR/Documents/GitHub/Fuse/Content/' was aborted.
[2018.05.16-21.40.28:545][378]LogDirectoryWatcher: A directory notification for '../../../Engine/Plugins/2D/Paper2D/Content/' was aborted.
[2018.05.16-21.40.28:545][378]LogDirectoryWatcher: A directory notification for '../../../Engine/Plugins/Runtime/GearVR/Content/' was aborted.
[2018.05.16-21.40.28:558][378]LogModuleManager: Shutting down and abandoning module DirectoryWatcher (161)
[2018.05.16-21.40.28:558][378]LogModuleManager: Shutting down and abandoning module KismetCompiler (158)
[2018.05.16-21.40.28:558][378]LogModuleManager: Shutting down and abandoning module LevelSequence (156)
[2018.05.16-21.40.28:558][378]LogModuleManager: Shutting down and abandoning module PhysXFormats (154)
[2018.05.16-21.40.28:558][378]LogModuleManager: Shutting down and abandoning module MeshUtilities (152)
[2018.05.16-21.40.28:563][378]LogModuleManager: Shutting down and abandoning module SimplygonSwarm (151)
[2018.05.16-21.40.28:577][378]LogModuleManager: Shutting down and abandoning module SimplygonMeshReduction (149)
[2018.05.16-21.40.28:577][378]LogModuleManager: Shutting down and abandoning module QuadricMeshReduction (147)
[2018.05.16-21.40.28:583][378]LogModuleManager: Shutting down and abandoning module DerivedDataCache (144)
[2018.05.16-21.40.28:616][378]LogDerivedDataCache: Shutdown
[2018.05.16-21.40.28:616][378]LogModuleManager: Shutting down and abandoning module TargetPlatform (142)
[2018.05.16-21.40.28:616][378]LogModuleManager: Shutting down and abandoning module VulkanShaderFormat (141)
[2018.05.16-21.40.28:634][378]LogModuleManager: Shutting down and abandoning module ShaderFormatVectorVM (139)
[2018.05.16-21.40.28:642][378]LogModuleManager: Shutting down and abandoning module ShaderFormatOpenGL (137)
[2018.05.16-21.40.28:655][378]LogModuleManager: Shutting down and abandoning module ShaderFormatD3D (135)
[2018.05.16-21.40.28:655][378]LogModuleManager: Shutting down and abandoning module MetalShaderFormat (133)
[2018.05.16-21.40.28:662][378]LogModuleManager: Shutting down and abandoning module TextureFormatUncompressed (131)
[2018.05.16-21.40.28:662][378]LogModuleManager: Shutting down and abandoning module TextureFormatPVR (129)
[2018.05.16-21.40.28:662][378]LogModuleManager: Shutting down and abandoning module TextureFormatDXT (127)
[2018.05.16-21.40.28:662][378]LogModuleManager: Shutting down and abandoning module TextureFormatIntelISPCTexComp (125)
[2018.05.16-21.40.28:662][378]LogModuleManager: Shutting down and abandoning module TextureFormatASTC (123)
[2018.05.16-21.40.28:662][378]LogModuleManager: Shutting down and abandoning module ImageWrapper (122)
[2018.05.16-21.40.28:662][378]LogModuleManager: Shutting down and abandoning module TextureFormatAndroid (119)
[2018.05.16-21.40.28:662][378]LogModuleManager: Shutting down and abandoning module AudioFormatOpus (117)
[2018.05.16-21.40.28:662][378]LogModuleManager: Shutting down and abandoning module AudioFormatOgg (115)
[2018.05.16-21.40.28:662][378]LogModuleManager: Shutting down and abandoning module AudioFormatADPCM (113)
[2018.05.16-21.40.28:662][378]LogModuleManager: Shutting down and abandoning module LinuxTargetPlatform (111)
[2018.05.16-21.40.28:662][378]LogModuleManager: Shutting down and abandoning module LinuxServerTargetPlatform (109)
[2018.05.16-21.40.28:662][378]LogModuleManager: Shutting down and abandoning module LinuxNoEditorTargetPlatform (107)
[2018.05.16-21.40.28:662][378]LogModuleManager: Shutting down and abandoning module LinuxClientTargetPlatform (105)
[2018.05.16-21.40.28:662][378]LogModuleManager: Shutting down and abandoning module TVOSTargetPlatform (103)
[2018.05.16-21.40.28:662][378]LogModuleManager: Shutting down and abandoning module Messaging (101)
[2018.05.16-21.40.28:662][378]LogModuleManager: Shutting down and abandoning module IOSTargetPlatform (99)
[2018.05.16-21.40.28:662][378]LogModuleManager: Shutting down and abandoning module HTML5TargetPlatform (97)
[2018.05.16-21.40.28:662][378]LogModuleManager: Shutting down and abandoning module Android_PVRTCTargetPlatform (95)
[2018.05.16-21.40.28:662][378]LogModuleManager: Shutting down and abandoning module Android_MultiTargetPlatform (93)
[2018.05.16-21.40.28:662][378]LogModuleManager: Shutting down and abandoning module Android_ETC2TargetPlatform (91)
[2018.05.16-21.40.28:662][378]LogModuleManager: Shutting down and abandoning module Android_ETC1TargetPlatform (89)
[2018.05.16-21.40.28:662][378]LogModuleManager: Shutting down and abandoning module Android_DXTTargetPlatform (87)
[2018.05.16-21.40.28:662][378]LogModuleManager: Shutting down and abandoning module Android_ATCTargetPlatform (85)
[2018.05.16-21.40.28:662][378]LogModuleManager: Shutting down and abandoning module Android_ASTCTargetPlatform (83)
[2018.05.16-21.40.28:662][378]LogModuleManager: Shutting down and abandoning module AndroidTargetPlatform (81)
[2018.05.16-21.40.28:662][378]LogModuleManager: Shutting down and abandoning module WindowsTargetPlatform (79)
[2018.05.16-21.40.28:662][378]LogModuleManager: Shutting down and abandoning module WindowsServerTargetPlatform (77)
[2018.05.16-21.40.28:663][378]LogModuleManager: Shutting down and abandoning module WindowsNoEditorTargetPlatform (75)
[2018.05.16-21.40.28:663][378]LogModuleManager: Shutting down and abandoning module WindowsClientTargetPlatform (73)
[2018.05.16-21.40.28:663][378]LogModuleManager: Shutting down and abandoning module MacTargetPlatform (71)
[2018.05.16-21.40.28:663][378]LogModuleManager: Shutting down and abandoning module MacServerTargetPlatform (69)
[2018.05.16-21.40.28:663][378]LogModuleManager: Shutting down and abandoning module MacNoEditorTargetPlatform (67)
[2018.05.16-21.40.28:663][378]LogModuleManager: Shutting down and abandoning module MacClientTargetPlatform (65)
[2018.05.16-21.40.28:663][378]LogModuleManager: Shutting down and abandoning module AllDesktopTargetPlatform (63)
[2018.05.16-21.40.28:663][378]LogModuleManager: Shutting down and abandoning module InputCore (60)
[2018.05.16-21.40.28:663][378]LogModuleManager: Shutting down and abandoning module Settings (58)
[2018.05.16-21.40.28:663][378]LogModuleManager: Shutting down and abandoning module OculusRift (56)
[2018.05.16-21.40.28:673][378]LogModuleManager: Shutting down and abandoning module GearVRController (54)
[2018.05.16-21.40.28:673][378]LogModuleManager: Shutting down and abandoning module GearVR (52)
[2018.05.16-21.40.28:696][378]LogModuleManager: Shutting down and abandoning module ExampleDeviceProfileSelector (50)
[2018.05.16-21.40.28:696][378]LogModuleManager: Shutting down and abandoning module OnlineBlueprintSupport (48)
[2018.05.16-21.40.28:696][378]LogModuleManager: Shutting down and abandoning module OnlineSubsystem (44)
[2018.05.16-21.40.28:696][378]LogOnline:Display: Unloading online subsystem: NULL
[2018.05.16-21.40.28:725][378]LogModuleManager: Shutting down and abandoning module XMPP (43)
[2018.05.16-21.40.28:741][378]LogModuleManager: Shutting down and abandoning module HTTP (41)
[2018.05.16-21.40.28:741][378]LogHttp:Display: Http module shutting down, but needs to wait on 1 outstanding Http requests:
[2018.05.16-21.40.28:748][378]LogHttp:Display: 	verb=[POST] url=[https://datarouter.ol.epicgames.com/datarouter/api/v1/public/data?SessionID=%7BCBC99F4B-4198-9C17-6395-9BAD91B22EC0%7D&AppID=UEEditor.Rocket.Release&AppVersion=4.16.3-3561208%2B%2B%2BUE4%2BRelease-4.16&UserID=f0737b824c736c28631198aee30172af%7C8019e3778a0b4ba78522874ce4acdb0a%7C8a4654aa-9b80-41bd-a943-1725ad37d445&AppEnvironment=datacollector-binary&UploadType=eteventstream] status=Processing
[2018.05.16-21.40.28:778][378]LogModuleManager: Shutting down and abandoning module SSL (40)
[2018.05.16-21.40.28:794][378]LogModuleManager: Shutting down and abandoning module HTTPChunkInstaller (36)
[2018.05.16-21.40.28:801][378]LogModuleManager: Shutting down and abandoning module AnimationModifiers (34)
[2018.05.16-21.40.28:810][378]LogModuleManager: Shutting down and abandoning module PropertyEditor (33)
[2018.05.16-21.40.28:810][378]LogModuleManager: Shutting down and abandoning module AudioEditor (30)
[2018.05.16-21.40.28:812][378]LogModuleManager: Shutting down and abandoning module TextureCompressor (28)
[2018.05.16-21.40.28:812][378]LogModuleManager: Shutting down and abandoning module ShaderCore (26)
[2018.05.16-21.40.28:812][378]LogModuleManager: Shutting down and abandoning module Landscape (24)
[2018.05.16-21.40.28:812][378]LogModuleManager: Shutting down and abandoning module SlateRHIRenderer (22)
[2018.05.16-21.40.28:830][378]LogModuleManager: Shutting down and abandoning module OpenGLDrv (20)
[2018.05.16-21.40.28:851][378]LogModuleManager: Shutting down and abandoning module D3D11RHI (18)
[2018.05.16-21.40.28:851][378]LogModuleManager: Shutting down and abandoning module AnimGraphRuntime (16)
[2018.05.16-21.40.28:858][378]LogModuleManager: Shutting down and abandoning module Renderer (14)
[2018.05.16-21.40.28:858][378]LogModuleManager: Shutting down and abandoning module Engine (12)
[2018.05.16-21.40.28:858][378]LogModuleManager: Shutting down and abandoning module CoreUObject (10)
[2018.05.16-21.40.28:858][378]LogModuleManager: Shutting down and abandoning module NetworkFile (8)
[2018.05.16-21.40.28:858][378]LogModuleManager: Shutting down and abandoning module StreamingFile (6)
[2018.05.16-21.40.28:858][378]LogModuleManager: Shutting down and abandoning module SandboxFile (4)
[2018.05.16-21.40.28:858][378]LogModuleManager: Shutting down and abandoning module PakFile (2)
[2018.05.16-21.40.28:867][378]LogExit: Exiting.
[2018.05.16-21.40.28:882][378]Log file closed, 05/16/18 22:40:28
