Log file open, 07/06/18 14:03:09
LogInit:Display: Running engine for game: RPG_Game
LogPlatformFile: Not using cached read wrapper
LogInit:Display: RandInit(-2110735274) SRandInit(-2110735274).
LogTaskGraph: Started task graph with 5 named threads and 8 total threads with 1 sets of task threads.
LogStats: Stats thread started at 0.095496
LogInit: Using libcurl 7.47.1
LogInit:  - built for x86_64-pc-win32
LogInit:  - supports SSL with OpenSSL/1.0.2g
LogInit:  - supports HTTP deflate (compression) using libz 1.2.8
LogInit:  - other features:
LogInit:      CURL_VERSION_SSL
LogInit:      CURL_VERSION_LIBZ
LogInit:      CURL_VERSION_IPV6
LogInit:      CURL_VERSION_ASYNCHDNS
LogInit:      CURL_VERSION_LARGEFILE
LogInit:      CURL_VERSION_IDN
LogInit:  CurlRequestOptions (configurable via config and command line):
LogInit:  - bVerifyPeer = false  - Libcurl will NOT verify peer certificate
LogInit:  - bUseHttpProxy = false  - Libcurl will NOT use HTTP proxy
LogInit:  - bDontReuseConnections = false  - Libcurl will reuse connections
LogInit:  - CertBundlePath = nullptr  - Libcurl will use whatever was configured at build time.
LogInit: Build: ++UE4+Release-4.16-CL-3561208
LogInit: Engine Version: 4.16.3-3561208+++UE4+Release-4.16
LogInit: Compatible Engine Version: 4.16.0-3452394+++UE4+Release-4.16
LogInit: Net CL: 3452394
LogDevObjectVersion: Number of dev versions registered: 16
LogDevObjectVersion:   Dev-Blueprints (B0D832E4-1F89-4F0D-ACCF-7EB736FD4AA2): 9
LogDevObjectVersion:   Dev-Build (E1C64328-A22C-4D53-A36C-8E866417BD8C): 0
LogDevObjectVersion:   Dev-Core (375EC13C-06E4-48FB-B500-84F0262A717E): 2
LogDevObjectVersion:   Dev-Editor (E4B068ED-F494-42E9-A231-DA0B2E46BB41): 17
LogDevObjectVersion:   Dev-Framework (CFFC743F-43B0-4480-9391-14DF171D2073): 23
LogDevObjectVersion:   Dev-Mobile (B02B49B5-BB20-44E9-A304-32B752E40360): 0
LogDevObjectVersion:   Dev-Networking (A4E4105C-59A1-49B5-A7C5-40C4547EDFEE): 0
LogDevObjectVersion:   Dev-Online (39C831C9-5AE6-47DC-9A44-9C173E1C8E7C): 0
LogDevObjectVersion:   Dev-Physics (78F01B33-EBEA-4F98-B9B4-84EACCB95AA2): 0
LogDevObjectVersion:   Dev-Platform (6631380F-2D4D-43E0-8009-CF276956A95A): 0
LogDevObjectVersion:   Dev-Rendering (12F88B9F-8875-4AFC-A67C-D90C383ABD29): 15
LogDevObjectVersion:   Dev-Sequencer (7B5AE74C-D270-4C10-A958-57980B212A5A): 4
LogDevObjectVersion:   Dev-VR (D7296918-1DD6-4BDD-9DE2-64A83CC13884): 0
LogDevObjectVersion:   Dev-LoadTimes (C2A15278-BFE7-4AFE-6C17-90FF531DF755): 1
LogDevObjectVersion:   Private-Geometry (6EACA3D4-40EC-4CC1-B786-8BED09428FC5): 1
LogDevObjectVersion:   Dev-AnimPhys (29E575DD-E0A3-4627-9D10-D276232CDCEA): 3
LogInit: Compiled (64-bit): Jul 28 2017 11:49:47
LogInit: Compiled with Visual C++: 19.00.24215.01
LogInit: Build Configuration: Development
LogInit: Branch Name: ++UE4+Release-4.16
LogInit: Command line:  /Temp/Autosaves/Game/Maps/UEDPCRiverDale -game -PIEVIACONSOLE -ResX=1280 -ResY=720  -Multiprocess -messaging -SessionName="Play in Standalone Game" -windowed 
LogInit: Base directory: D:/Program Files/UE_4.16/Engine/Binaries/Win64/
LogInit: Installed Engine Build: 1
LogInit: Presizing for max 8388607 objects, including 0 objects not considered by GC, pre-allocating 0 bytes for permanent pool.
LogInit: Object subsystem initialized
[2018.07.06-13.03.09:616][  0]LogInit: Selected Device Profile: [Windows]
[2018.07.06-13.03.09:616][  0]LogInit: Applying CVar settings loaded from the selected device profile: [Windows]
[2018.07.06-13.03.09:619][  0]LogInit: Computer: DESKTOP-46CB9MQ
[2018.07.06-13.03.09:619][  0]LogInit: User: JoshR
[2018.07.06-13.03.09:619][  0]LogInit: CPU Page size=4096, Cores=4
[2018.07.06-13.03.09:619][  0]LogInit: High frequency timer resolution =3.421874 MHz
[2018.07.06-13.03.09:619][  0]LogMemory: Memory total: Physical=16.0GB (16GB approx)
[2018.07.06-13.03.09:619][  0]LogMemory: Platform Memory Stats for Windows
[2018.07.06-13.03.09:619][  0]LogMemory: Process Physical Memory: 273.52 MB used, 273.52 MB peak
[2018.07.06-13.03.09:619][  0]LogMemory: Process Virtual Memory: 266.65 MB used, 266.65 MB peak
[2018.07.06-13.03.09:619][  0]LogMemory: Physical Memory: 7277.80 MB used,  9066.20 MB free, 16344.00 MB total
[2018.07.06-13.03.09:619][  0]LogMemory: Virtual Memory: 4759.29 MB used,  9066.20 MB free, 134217728.00 MB total
[2018.07.06-13.03.09:670][  0]LogInit: Using OS detected language (en-GB).
[2018.07.06-13.03.09:670][  0]LogInit: Using OS detected locale (en-GB).
[2018.07.06-13.03.09:675][  0]LogTextLocalizationManager: No specific localization for 'en-GB' exists, so the 'en' localization will be used.
[2018.07.06-13.03.10:247][  0]LogD3D11RHI: D3D11 adapters:
[2018.07.06-13.03.10:286][  0]LogD3D11RHI:    0. 'NVIDIA GeForce GTX 970' (Feature Level 11_0)
[2018.07.06-13.03.10:286][  0]LogD3D11RHI:       4043/0/8172 MB DedicatedVideo/DedicatedSystem/SharedSystem, Outputs:1, VendorId:0x10de
[2018.07.06-13.03.10:288][  0]LogD3D11RHI:    1. 'Microsoft Basic Render Driver' (Feature Level 11_0)
[2018.07.06-13.03.10:288][  0]LogD3D11RHI:       0/0/8172 MB DedicatedVideo/DedicatedSystem/SharedSystem, Outputs:0, VendorId:0x1414
[2018.07.06-13.03.10:288][  0]LogD3D11RHI: Chosen D3D11 Adapter: 0
[2018.07.06-13.03.10:293][  0]LogD3D11RHI: Creating new Direct3DDevice
[2018.07.06-13.03.10:293][  0]LogD3D11RHI:     GPU DeviceId: 0x13c2 (for the marketing name, search the web for "GPU Device Id")
[2018.07.06-13.03.10:293][  0]LogWindows: EnumDisplayDevices:
[2018.07.06-13.03.10:293][  0]LogWindows:    0. 'NVIDIA GeForce GTX 970' (P:1 D:1)
[2018.07.06-13.03.10:293][  0]LogWindows:    1. 'NVIDIA GeForce GTX 970' (P:0 D:0)
[2018.07.06-13.03.10:293][  0]LogWindows:    2. 'NVIDIA GeForce GTX 970' (P:0 D:0)
[2018.07.06-13.03.10:293][  0]LogWindows:    3. 'NVIDIA GeForce GTX 970' (P:0 D:0)
[2018.07.06-13.03.10:293][  0]LogWindows: DebugString: GetVideoDriverDetailsInvalid PrimaryIsNotTheChoosenAdapter GetVideoDriverDetailsInvalid PrimaryIsNotTheChoosenAdapter GetVideoDriverDetailsInvalid PrimaryIsNotTheChoosenAdapter GetVideoDriverDetailsInvalid PrimaryIsNotTheChoosenAdapter FoundDriverCount:0 
[2018.07.06-13.03.10:293][  0]LogD3D11RHI:     Adapter Name: NVIDIA GeForce GTX 970
[2018.07.06-13.03.10:293][  0]LogD3D11RHI:   Driver Version: Unknown (internal:Unknown, unified:Unknown)
[2018.07.06-13.03.10:293][  0]LogD3D11RHI:      Driver Date: Unknown
[2018.07.06-13.03.10:293][  0]LogRHI: Texture pool is 1361 MB (70% of 1945 MB)
[2018.07.06-13.03.10:322][  0]LogD3D11RHI: Async texture creation enabled
[2018.07.06-13.03.10:340][  0]LogD3D11RHI: GPU Timing Frequency: 1000.000000 (Debug: 2 2)
[2018.07.06-13.03.10:388][  0]LogShaderCompilers: Guid format shader working directory is -3 characters bigger than the processId version (../../../../../Users/JoshR/Documents/GitHub/Fuse/Intermediate/Shaders/WorkingDirectory/10788/).
[2018.07.06-13.03.10:388][  0]LogShaderCompilers: Cleaned the shader compiler working directory 'C:/Users/JoshR/AppData/Local/Temp/UnrealShaderWorkingDir/CC279CDB4799FB54A3997EA949BBEFED/'.
[2018.07.06-13.03.10:388][  0]LogShaderCompilers:Display: Using Local Shader Compiler.
[2018.07.06-13.03.11:195][  0]LogTemp:Display: Loaded TP WindowsClientTargetPlatform
[2018.07.06-13.03.11:236][  0]LogTemp:Display: Loaded TP WindowsNoEditorTargetPlatform
[2018.07.06-13.03.11:277][  0]LogTemp:Display: Loaded TP WindowsServerTargetPlatform
[2018.07.06-13.03.11:318][  0]LogTemp:Display: Loaded TP WindowsTargetPlatform
[2018.07.06-13.03.11:318][  0]LogTargetPlatformManager:Display: Building Assets For Windows
[2018.07.06-13.03.11:691][  0]LogDerivedDataCache:Display: Max Cache Size: 512 MB
[2018.07.06-13.03.11:764][  0]LogDerivedDataCache: Loaded boot cache 0.07s 90MB C:/Users/JoshR/AppData/Local/UnrealEngine/4.16/DerivedDataCache/Boot.ddc.
[2018.07.06-13.03.11:764][  0]LogDerivedDataCache:Display: Loaded Boot cache: C:/Users/JoshR/AppData/Local/UnrealEngine/4.16/DerivedDataCache/Boot.ddc
[2018.07.06-13.03.11:764][  0]LogDerivedDataCache: FDerivedDataBackendGraph:  Pak pak cache file ../../../../../Users/JoshR/Documents/GitHub/Fuse/DerivedDataCache/DDC.ddp not found, will not use a pak cache.
[2018.07.06-13.03.11:764][  0]LogDerivedDataCache: Unable to find inner node Pak for hierarchical cache Hierarchy.
[2018.07.06-13.03.11:764][  0]LogDerivedDataCache: FDerivedDataBackendGraph:  CompressedPak pak cache file ../../../../../Users/JoshR/Documents/GitHub/Fuse/DerivedDataCache/Compressed.ddp not found, will not use a pak cache.
[2018.07.06-13.03.11:764][  0]LogDerivedDataCache: Unable to find inner node CompressedPak for hierarchical cache Hierarchy.
[2018.07.06-13.03.11:776][  0]LogDerivedDataCache:Display: Pak cache opened for reading ../../../Engine/DerivedDataCache/Compressed.ddp.
[2018.07.06-13.03.11:789][  0]LogDerivedDataCache: Using Local data cache path C:/Users/JoshR/AppData/Local/UnrealEngine/Common/DerivedDataCache: Writable
[2018.07.06-13.03.11:796][  0]LogMaterial: Verifying Global Shaders for PCD3D_SM5
[2018.07.06-13.03.11:797][  0]LogSlate: Using Freetype 2.6.0
[2018.07.06-13.03.11:798][  0]LogSlate: SlateFontCache - WITH_FREETYPE: 1, WITH_HARFBUZZ: 1
[2018.07.06-13.03.11:798][  0]LogSlate: SlateFontCache - WITH_FREETYPE: 1, WITH_HARFBUZZ: 1
[2018.07.06-13.03.12:045][  0]LogAssetRegistry: FAssetRegistry took 0.0036 seconds to start up
[2018.07.06-13.03.12:053][  0]LogPackageLocalizationCache: Processed 4 localized package path(s) for 2 prioritized culture(s) in 0.008079 seconds
[2018.07.06-13.03.12:122][  0]LogInit: Selected Device Profile: [Windows]
[2018.07.06-13.03.12:177][  0]LogContentStreaming: Texture pool size is 1000.00 MB
[2018.07.06-13.03.12:309][  0]LogMeshUtilities: Using QuadricMeshReduction for automatic static mesh reduction
[2018.07.06-13.03.12:345][  0]LogSimplygon: Simplygon DLL not present - disabling.
[2018.07.06-13.03.12:395][  0]LogMeshUtilities: Using SimplygonSwarm for distributed automatic mesh merging
[2018.07.06-13.03.12:395][  0]LogMeshUtilities: No automatic skeletal mesh reduction module available
[2018.07.06-13.03.12:395][  0]LogMeshUtilities: No automatic mesh merging module available
[2018.07.06-13.03.12:787][  0]LogNetVersion: RPG_Game , NetCL: 3452394, EngineNetVer: 2, GameNetVer: 0 (Checksum: 2586067795)
[2018.07.06-13.03.12:838][  0]LogInit: WinSock: version 1.1 (2.2), MaxSocks=32767, MaxUdp=65467
[2018.07.06-13.03.13:689][  0]LogMoviePlayer: Initializing movie player
[2018.07.06-13.03.13:996][  0]LogCollectionManager: Loaded 0 collections in 0.001354 seconds
[2018.07.06-13.03.14:045][  0]LogFileCache: Scanning file cache for directory 'D:/Users/JoshR/Documents/GitHub/Fuse/Saved/Collections/' took 0.01s
[2018.07.06-13.03.14:045][  0]LogFileCache: Scanning file cache for directory 'D:/Users/JoshR/Documents/GitHub/Fuse/Content/Developers/JoshR/Collections/' took 0.01s
[2018.07.06-13.03.14:045][  0]LogFileCache: Scanning file cache for directory 'D:/Users/JoshR/Documents/GitHub/Fuse/Content/Collections/' took 0.01s
[2018.07.06-13.03.14:045][  0]LogCollectionManager: Rebuilt the object cache for 0 collections in 0.000001 seconds (found 0 objects)
[2018.07.06-13.03.14:045][  0]LogCollectionManager: Fixed up redirectors for 0 collections in 0.000030 seconds (updated 0 objects)
[2018.07.06-13.03.14:199][  0]LogTcpMessaging: Initializing TcpMessaging bridge
[2018.07.06-13.03.14:238][  0]LogUdpMessaging: Initializing bridge on interface 0.0.0.0:0 to multicast group 230.0.0.1:6666.
[2018.07.06-13.03.14:630][  0]SourceControl: Info Source control is disabled
[2018.07.06-13.03.14:630][  0]SourceControl: Info Source control is disabled
[2018.07.06-13.03.14:676][  0]SourceControl: Info Source control is disabled
[2018.07.06-13.03.14:920][  0]LogAndroidPermission: UAndroidPermissionCallbackProxy::GetInstance
[2018.07.06-13.03.15:350][  0]LogUObjectArray: 37220 objects as part of root set at end of initial load.
[2018.07.06-13.03.15:350][  0]LogUObjectAllocator: 8398840 out of 0 bytes used by permanent object pool.
[2018.07.06-13.03.15:350][  0]LogUObjectArray: CloseDisregardForGC: 0/0 objects in disregard for GC pool
[2018.07.06-13.03.15:434][  0]LogEngine: Initializing Engine...
[2018.07.06-13.03.15:435][  0]LogHMD: Failed to initialize OpenVR with code 110
[2018.07.06-13.03.15:579][  0]LogStats: UGameplayTagsManager::ConstructGameplayTagTree: Construct from data asset -  0.000 s
[2018.07.06-13.03.15:580][  0]LogStats: UGameplayTagsManager::ConstructGameplayTagTree: GameplayTagTreeChangedEvent.Broadcast -  0.000 s
[2018.07.06-13.03.15:592][  0]LogInit: XAudio2 using 'Speakers (High Definition Audio Device)' : 2 channels at 44.1 kHz using 16 bits per sample (channel mask 0x3)
[2018.07.06-13.03.15:607][  0]LogInit: FAudioDevice initialized.
[2018.07.06-13.03.15:629][  0]LogInit: Texture streaming: Enabled
[2018.07.06-13.03.15:639][  0]LogMaterial: Uniform references updated for custom material expression Custom.
[2018.07.06-13.03.15:841][  0]LogSlateStyle:Warning: Unable to find Slate Widget Style 'NormalText'. Using FTextBlockStyle defaults instead.
[2018.07.06-13.03.15:841][  0]LogSlateStyle:Warning: Unable to find Slate Widget Style 'SpinBox'. Using FSpinBoxStyle defaults instead.
[2018.07.06-13.03.16:018][  0]LogInit:Display: Game Engine Initialized.
[2018.07.06-13.03.16:149][  0]LogInit:Display: Starting Game.
[2018.07.06-13.03.16:149][  0]LogNet: Browse: /Temp/Autosaves/Game/Maps/UEDPCRiverDale?Name=Player
[2018.07.06-13.03.16:149][  0]LogLoad: LoadMap: /Temp/Autosaves/Game/Maps/UEDPCRiverDale?Name=Player
[2018.07.06-13.03.16:162][  0]LogMemory: Platform Memory Stats for Windows
[2018.07.06-13.03.16:162][  0]LogMemory: Process Physical Memory: 796.05 MB used, 895.29 MB peak
[2018.07.06-13.03.16:162][  0]LogMemory: Process Virtual Memory: 917.16 MB used, 969.59 MB peak
[2018.07.06-13.03.16:162][  0]LogMemory: Physical Memory: 7613.07 MB used,  8730.93 MB free, 16344.00 MB total
[2018.07.06-13.03.16:162][  0]LogMemory: Virtual Memory: 5658.43 MB used,  8730.93 MB free, 134217728.00 MB total
[2018.07.06-13.03.16:162][  0]LogMemory: 
[2018.07.06-13.03.16:162][  0]Allocator Stats for TBB: (not implemented)
[2018.07.06-13.03.16:831][  0]LogAIModule: Creating AISystem for world RiverDale
[2018.07.06-13.03.16:834][  0]LogLoad: Game class is 'FuseGM_C'
[2018.07.06-13.03.16:853][  0]LogWorld: Bringing World /Temp/Autosaves/Game/Maps/UEDPCRiverDale.RiverDale up for play (max tick rate 0) at 2018.07.06-14.03.16
[2018.07.06-13.03.16:853][  0]LogWorld: Bringing up level for play took: 0.017849
[2018.07.06-13.03.16:855][  0]LogLoad: Took 0.705910 seconds to LoadMap(/Temp/Autosaves/Game/Maps/UEDPCRiverDale)
[2018.07.06-13.03.17:021][  0]LogRenderer: Reallocating scene render targets to support 1280x720 NumSamples 1 (Frame:1).
[2018.07.06-13.03.17:021][  0]LogLoad: (Engine Initialization) Total time: 8.95 seconds
[2018.07.06-13.03.17:021][  0]LogLoad: (Engine Initialization) Total Blueprint compile time: 0.17 seconds
[2018.07.06-13.03.17:021][  0]LogExternalProfiler: Found external profiler: VSPerf
[2018.07.06-13.03.17:021][  0]LogExternalProfiler: Using external profiler: VSPerf
[2018.07.06-13.03.17:038][  0]LogOcInput: OculusInput pre-init called
[2018.07.06-13.03.17:038][  0]LogHMD: Starting GearVRController plugin
[2018.07.06-13.03.29:815][791]LogRenderer: Reallocating scene render targets to support 2560x1080 NumSamples 1 (Frame:793).
[2018.07.06-13.03.37:756][269]LogRenderer: Reallocating scene render targets to support 1280x720 NumSamples 1 (Frame:1272).
[2018.07.06-13.03.38:835][335]LogRenderer: Reallocating scene render targets to support 2560x1080 NumSamples 1 (Frame:1339).
[2018.07.06-13.04.26:245][264]LogPackageName: SearchForPackageOnDisk took   0.141s to resolve Inside.umap.
[2018.07.06-13.04.26:386][265]LogPackageName: SearchForPackageOnDisk took   0.137s to resolve Inside.umap.
[2018.07.06-13.04.26:386][265]LogNet: Browse: /Game/Maps/Inside
[2018.07.06-13.04.26:386][265]LogLoad: LoadMap: /Game/Maps/Inside
[2018.07.06-13.04.26:412][265]LogMemory: Platform Memory Stats for Windows
[2018.07.06-13.04.26:412][265]LogMemory: Process Physical Memory: 832.28 MB used, 914.84 MB peak
[2018.07.06-13.04.26:412][265]LogMemory: Process Virtual Memory: 1388.98 MB used, 1605.78 MB peak
[2018.07.06-13.04.26:412][265]LogMemory: Physical Memory: 7455.41 MB used,  8888.59 MB free, 16344.00 MB total
[2018.07.06-13.04.26:412][265]LogMemory: Virtual Memory: 6341.75 MB used,  8888.59 MB free, 134217728.00 MB total
[2018.07.06-13.04.26:412][265]LogMemory: 
[2018.07.06-13.04.26:412][265]Allocator Stats for TBB: (not implemented)
[2018.07.06-13.04.26:590][265]LogStaticMesh: Building static mesh Inside_BoxBrush8...
[2018.07.06-13.04.26:593][265]LogStaticMesh: Built static mesh [0.00s] /Game/Assets/Door_02/Inside_BoxBrush8.Inside_BoxBrush8
[2018.07.06-13.04.26:620][265]LogTexture:Display: Building textures: M_DOOR_2 (AutoDXT, 1024X1024)
[2018.07.06-13.04.26:747][265]LogMaterial: Missing cached shader map for material Door, compiling. 
[2018.07.06-13.04.26:794][265]LogStaticMesh: Building static mesh Door2...
[2018.07.06-13.04.26:806][265]LogStaticMesh: Built static mesh [0.01s] /Game/Assets/Door_02/Door2.Door2
[2018.07.06-13.04.26:809][265]LogMaterial: Missing cached shader map for material DoorFrame, compiling. 
[2018.07.06-13.04.26:830][265]LogStaticMesh: Building static mesh Inside_BoxBrush7...
[2018.07.06-13.04.26:832][265]LogStaticMesh: Built static mesh [0.00s] /Game/Assets/Door_02/Inside_BoxBrush7.Inside_BoxBrush7
[2018.07.06-13.04.26:839][265]LogAIModule: Creating AISystem for world Inside
[2018.07.06-13.04.26:999][265]LogLoad: Game class is 'FuseGM_C'
[2018.07.06-13.04.27:006][265]LogWorld: Bringing World /Game/Maps/Inside.Inside up for play (max tick rate 0) at 2018.07.06-14.04.27
[2018.07.06-13.04.27:006][265]LogWorld: Bringing up level for play took: 0.006225
[2018.07.06-13.04.27:012][265]LogLoad: Took 0.625475 seconds to LoadMap(/Game/Maps/Inside)
[2018.07.06-13.04.32:411][597]LogScript:Warning: Accessed None trying to read property CallFunc_BreakHitResult_HitActor
	PlayerCharacter_C /Game/Maps/Inside.Inside:PersistentLevel.PlayerCharacter_C_0
	Function /Game/Assets/PlayerCharacter.PlayerCharacter_C:ExecuteUbergraph_PlayerCharacter:02F2
[2018.07.06-13.04.32:411][597]LogScript:Warning: Script call stack:
	Function /Game/Assets/PlayerCharacter.PlayerCharacter_C:InpActEvt_Use_K2Node_InputActionEvent_3
	Function /Game/Assets/PlayerCharacter.PlayerCharacter_C:ExecuteUbergraph_PlayerCharacter

[2018.07.06-13.04.54:809][978]LogPackageName: SearchForPackageOnDisk took   0.138s to resolve Menu.umap.
[2018.07.06-13.04.54:946][978]LogPackageName: SearchForPackageOnDisk took   0.136s to resolve Menu.umap.
[2018.07.06-13.04.54:946][978]LogNet: Browse: /Game/Maps/Menu
[2018.07.06-13.04.54:946][978]LogLoad: LoadMap: /Game/Maps/Menu
[2018.07.06-13.04.54:964][978]LogMemory: Platform Memory Stats for Windows
[2018.07.06-13.04.54:964][978]LogMemory: Process Physical Memory: 830.16 MB used, 914.84 MB peak
[2018.07.06-13.04.54:964][978]LogMemory: Process Virtual Memory: 1391.99 MB used, 1611.67 MB peak
[2018.07.06-13.04.54:964][978]LogMemory: Physical Memory: 7508.53 MB used,  8835.47 MB free, 16344.00 MB total
[2018.07.06-13.04.54:964][978]LogMemory: Virtual Memory: 6352.68 MB used,  8835.47 MB free, 134217728.00 MB total
[2018.07.06-13.04.54:964][978]LogMemory: 
[2018.07.06-13.04.54:964][978]Allocator Stats for TBB: (not implemented)
[2018.07.06-13.04.55:116][978]LogAIModule: Creating AISystem for world Menu
[2018.07.06-13.04.55:120][978]LogLoad: Game class is 'FuseGM_C'
[2018.07.06-13.04.55:122][978]LogWorld: Bringing World /Game/Maps/Menu.Menu up for play (max tick rate 0) at 2018.07.06-14.04.55
[2018.07.06-13.04.55:122][978]LogWorld: Bringing up level for play took: 0.000428
[2018.07.06-13.04.55:122][978]LogGameMode: FindPlayerStart: PATHS NOT DEFINED or NO PLAYERSTART with positive rating
[2018.07.06-13.04.55:125][978]LogLoad: Took 0.178492 seconds to LoadMap(/Game/Maps/Menu)
[2018.07.06-13.04.55:982][ 32]Closing by request
[2018.07.06-13.04.55:982][ 32]LogWindows: FPlatformMisc::RequestExit(0)
[2018.07.06-13.04.56:526][ 33]LogWindowsTextInputMethodSystem:Display: IME system now deactivated.
[2018.07.06-13.04.56:533][ 33]LogExit: Preparing to exit.
[2018.07.06-13.04.56:533][ 33]LogMoviePlayer: Shutting down movie player
[2018.07.06-13.04.57:422][ 33]LogExit: Game engine shut down
[2018.07.06-13.04.57:462][ 33]LogObj: Freed 0b from 0 cluster array pools.
[2018.07.06-13.04.57:462][ 33]LogExit: Object subsystem successfully closed.
[2018.07.06-13.04.57:472][ 33]LogD3D11RHI: Shutdown
[2018.07.06-13.04.57:472][ 33]LogD3D11RHI: CleanupD3DDevice
[2018.07.06-13.04.57:518][ 33]LogD3D11RHI: ~FD3D11DynamicRHI
[2018.07.06-13.04.57:522][ 33]LogModuleManager: Shutting down and abandoning module SequenceRecorderSections (296)
[2018.07.06-13.04.57:522][ 33]LogModuleManager: Shutting down and abandoning module SequenceRecorder (294)
[2018.07.06-13.04.57:522][ 33]LogModuleManager: Shutting down and abandoning module AutomationController (292)
[2018.07.06-13.04.57:522][ 33]LogModuleManager: Shutting down and abandoning module AutomationWorker (290)
[2018.07.06-13.04.57:522][ 33]LogModuleManager: Shutting down and abandoning module AIModule (288)
[2018.07.06-13.04.57:522][ 33]LogModuleManager: Shutting down and abandoning module GameplayDebugger (287)
[2018.07.06-13.04.57:522][ 33]LogModuleManager: Shutting down and abandoning module AITestSuite (285)
[2018.07.06-13.04.57:522][ 33]LogModuleManager: Shutting down and abandoning module WmfMediaFactory (282)
[2018.07.06-13.04.57:522][ 33]LogModuleManager: Shutting down and abandoning module AvfMediaFactory (280)
[2018.07.06-13.04.57:522][ 33]LogModuleManager: Shutting down and abandoning module AndroidMediaFactory (278)
[2018.07.06-13.04.57:522][ 33]LogModuleManager: Shutting down and abandoning module Media (277)
[2018.07.06-13.04.57:522][ 33]LogModuleManager: Shutting down and abandoning module CharacterAI (274)
[2018.07.06-13.04.57:522][ 33]LogModuleManager: Shutting down and abandoning module SessionServices (272)
[2018.07.06-13.04.57:522][ 33]LogModuleManager: Shutting down and abandoning module MovieSceneCapture (270)
[2018.07.06-13.04.57:522][ 33]LogModuleManager: Shutting down and abandoning module MovieSceneTracks (268)
[2018.07.06-13.04.57:522][ 33]LogModuleManager: Shutting down and abandoning module MovieScene (266)
[2018.07.06-13.04.57:522][ 33]LogModuleManager: Shutting down and abandoning module GeometryCache (264)
[2018.07.06-13.04.57:522][ 33]LogModuleManager: Shutting down and abandoning module GeometryCacheEd (263)
[2018.07.06-13.04.57:522][ 33]LogModuleManager: Shutting down and abandoning module Niagara (260)
[2018.07.06-13.04.57:522][ 33]LogModuleManager: Shutting down and abandoning module NiagaraEditor (259)
[2018.07.06-13.04.57:523][ 33]LogModuleManager: Shutting down and abandoning module StreamingPauseRendering (256)
[2018.07.06-13.04.57:523][ 33]LogModuleManager: Shutting down and abandoning module PortalServices (254)
[2018.07.06-13.04.57:523][ 33]LogModuleManager: Shutting down and abandoning module PortalRpc (252)
[2018.07.06-13.04.57:523][ 33]LogModuleManager: Shutting down and abandoning module MessagingRpc (250)
[2018.07.06-13.04.57:523][ 33]LogModuleManager: Shutting down and abandoning module ProfilerService (248)
[2018.07.06-13.04.57:609][ 33]LogModuleManager: Shutting down and abandoning module TaskGraph (246)
[2018.07.06-13.04.57:609][ 33]LogModuleManager: Shutting down and abandoning module SteamVRController (244)
[2018.07.06-13.04.57:609][ 33]LogModuleManager: Shutting down and abandoning module SteamVR (242)
[2018.07.06-13.04.57:609][ 33]LogModuleManager: Shutting down and abandoning module ProceduralMeshComponent (240)
[2018.07.06-13.04.57:609][ 33]LogModuleManager: Shutting down and abandoning module OculusLibrary (238)
[2018.07.06-13.04.57:609][ 33]LogModuleManager: Shutting down and abandoning module OculusInput (236)
[2018.07.06-13.04.57:609][ 33]LogModuleManager: Shutting down and abandoning module MobilePatchingUtils (234)
[2018.07.06-13.04.57:609][ 33]LogModuleManager: Shutting down and abandoning module CustomMeshComponent (232)
[2018.07.06-13.04.57:609][ 33]LogModuleManager: Shutting down and abandoning module CableComponent (230)
[2018.07.06-13.04.57:609][ 33]LogModuleManager: Shutting down and abandoning module ArchVisCharacter (228)
[2018.07.06-13.04.57:609][ 33]LogModuleManager: Shutting down and abandoning module AndroidPermission (226)
[2018.07.06-13.04.57:609][ 33]LogModuleManager: Shutting down and abandoning module HTML5Networking (222)
[2018.07.06-13.04.57:609][ 33]LogModuleManager: Shutting down and abandoning module VisualStudioSourceCodeAccess (220)
[2018.07.06-13.04.57:609][ 33]LogModuleManager: Shutting down and abandoning module DesktopPlatform (219)
[2018.07.06-13.04.57:609][ 33]LogModuleManager: Shutting down and abandoning module HotReload (217)
[2018.07.06-13.04.57:609][ 33]LogModuleManager: Shutting down and abandoning module UObjectPlugin (214)
[2018.07.06-13.04.57:609][ 33]LogModuleManager: Shutting down and abandoning module SubversionSourceControl (212)
[2018.07.06-13.04.57:609][ 33]LogModuleManager: Shutting down and abandoning module PerforceSourceControl (210)
[2018.07.06-13.04.57:609][ 33]LogModuleManager: Shutting down and abandoning module SourceControl (209)
[2018.07.06-13.04.57:609][ 33]LogModuleManager: Shutting down and abandoning module PhysXVehiclesEditor (206)
[2018.07.06-13.04.57:609][ 33]LogModuleManager: Shutting down and abandoning module PhysXVehicles (204)
[2018.07.06-13.04.57:609][ 33]LogModuleManager: Shutting down and abandoning module LocationServicesBPLibrary (202)
[2018.07.06-13.04.57:609][ 33]LogModuleManager: Shutting down and abandoning module ImmediatePhysicsEditor (200)
[2018.07.06-13.04.57:609][ 33]LogModuleManager: Shutting down and abandoning module ImmediatePhysics (198)
[2018.07.06-13.04.57:609][ 33]LogModuleManager: Shutting down and abandoning module UdpMessaging (196)
[2018.07.06-13.04.57:711][ 33]LogModuleManager: Shutting down and abandoning module TcpMessaging (194)
[2018.07.06-13.04.58:261][ 33]LogModuleManager: Shutting down and abandoning module GameplayTagsEditor (192)
[2018.07.06-13.04.58:261][ 33]LogModuleManager: Shutting down and abandoning module FacialAnimation (190)
[2018.07.06-13.04.58:261][ 33]LogModuleManager: Shutting down and abandoning module AssetManagerEditor (188)
[2018.07.06-13.04.58:261][ 33]LogModuleManager: Shutting down and abandoning module GraphEditor (187)
[2018.07.06-13.04.58:261][ 33]LogModuleManager: Shutting down and abandoning module ContentBrowser (185)
[2018.07.06-13.04.58:261][ 33]LogModuleManager: Shutting down and abandoning module CollectionManager (184)
[2018.07.06-13.04.58:261][ 33]LogDirectoryWatcher: A directory notification for 'D:/Users/JoshR/Documents/GitHub/Fuse/Content/Collections/' was aborted.
[2018.07.06-13.04.58:261][ 33]LogDirectoryWatcher: A directory notification for 'D:/Users/JoshR/Documents/GitHub/Fuse/Content/Developers/JoshR/Collections/' was aborted.
[2018.07.06-13.04.58:261][ 33]LogDirectoryWatcher: A directory notification for 'D:/Users/JoshR/Documents/GitHub/Fuse/Saved/Collections/' was aborted.
[2018.07.06-13.04.58:261][ 33]LogModuleManager: Shutting down and abandoning module DirectoryWatcher (183)
[2018.07.06-13.04.58:261][ 33]LogModuleManager: Shutting down and abandoning module LightPropagationVolumeRuntime (178)
[2018.07.06-13.04.58:261][ 33]LogModuleManager: Shutting down and abandoning module Paper2D (176)
[2018.07.06-13.04.58:261][ 33]LogModuleManager: Shutting down and abandoning module WindowsMoviePlayer (174)
[2018.07.06-13.04.58:261][ 33]LogModuleManager: Shutting down and abandoning module WmfMedia (172)
[2018.07.06-13.04.58:263][ 33]LogModuleManager: Shutting down and abandoning module ClothingSystemEditor (170)
[2018.07.06-13.04.58:263][ 33]LogModuleManager: Shutting down and abandoning module ClothingSystemRuntime (168)
[2018.07.06-13.04.58:263][ 33]LogModuleManager: Shutting down and abandoning module MediaAssets (166)
[2018.07.06-13.04.58:263][ 33]LogModuleManager: Shutting down and abandoning module GameLiveStreaming (164)
[2018.07.06-13.04.58:263][ 33]LogModuleManager: Shutting down and abandoning module VREditor (162)
[2018.07.06-13.04.58:263][ 33]LogModuleManager: Shutting down and abandoning module StringTableEditor (160)
[2018.07.06-13.04.58:263][ 33]LogModuleManager: Shutting down and abandoning module GameplayTasksEditor (158)
[2018.07.06-13.04.58:263][ 33]LogModuleManager: Shutting down and abandoning module BehaviorTreeEditor (156)
[2018.07.06-13.04.58:263][ 33]LogModuleManager: Shutting down and abandoning module FunctionalTesting (154)
[2018.07.06-13.04.58:263][ 33]LogModuleManager: Shutting down and abandoning module CollisionAnalyzer (152)
[2018.07.06-13.04.58:263][ 33]LogModuleManager: Shutting down and abandoning module UMG (150)
[2018.07.06-13.04.58:263][ 33]LogModuleManager: Shutting down and abandoning module UMGEditor (149)
[2018.07.06-13.04.58:263][ 33]LogModuleManager: Shutting down and abandoning module Sequencer (148)
[2018.07.06-13.04.58:263][ 33]LogModuleManager: Shutting down and abandoning module AssetTools (146)
[2018.07.06-13.04.58:263][ 33]LogModuleManager: Shutting down and abandoning module MessageLog (145)
[2018.07.06-13.04.58:263][ 33]LogModuleManager: Shutting down and abandoning module WorkspaceMenuStructure (144)
[2018.07.06-13.04.58:263][ 33]LogModuleManager: Shutting down and abandoning module SlateReflector (138)
[2018.07.06-13.04.58:263][ 33]LogModuleManager: Shutting down and abandoning module Slate (136)
[2018.07.06-13.04.58:263][ 33]LogModuleManager: Shutting down and abandoning module EditorStyle (134)
[2018.07.06-13.04.58:264][ 33]LogModuleManager: Shutting down and abandoning module Messaging (132)
[2018.07.06-13.04.58:264][ 33]LogModuleManager: Shutting down and abandoning module SourceCodeAccess (130)
[2018.07.06-13.04.58:264][ 33]LogModuleManager: Shutting down and abandoning module HeadMountedDisplay (128)
[2018.07.06-13.04.58:264][ 33]LogModuleManager: Shutting down and abandoning module XAudio2 (126)
[2018.07.06-13.04.58:264][ 33]LogModuleManager: Shutting down and abandoning module Networking (124)
[2018.07.06-13.04.58:264][ 33]LogModuleManager: Shutting down and abandoning module Core (120)
[2018.07.06-13.04.58:264][ 33]LogModuleManager: Shutting down and abandoning module KismetCompiler (118)
[2018.07.06-13.04.58:264][ 33]LogModuleManager: Shutting down and abandoning module LevelSequence (116)
[2018.07.06-13.04.58:264][ 33]LogModuleManager: Shutting down and abandoning module PhysXFormats (114)
[2018.07.06-13.04.58:264][ 33]LogModuleManager: Shutting down and abandoning module MeshUtilities (112)
[2018.07.06-13.04.58:264][ 33]LogModuleManager: Shutting down and abandoning module SimplygonSwarm (111)
[2018.07.06-13.04.58:264][ 33]LogModuleManager: Shutting down and abandoning module SimplygonMeshReduction (109)
[2018.07.06-13.04.58:264][ 33]LogModuleManager: Shutting down and abandoning module QuadricMeshReduction (107)
[2018.07.06-13.04.58:264][ 33]LogModuleManager: Shutting down and abandoning module AssetRegistry (104)
[2018.07.06-13.04.58:264][ 33]LogModuleManager: Shutting down and abandoning module DerivedDataCache (102)
[2018.07.06-13.04.58:359][ 33]LogDerivedDataCache: Shutdown
[2018.07.06-13.04.58:359][ 33]LogModuleManager: Shutting down and abandoning module TargetPlatform (100)
[2018.07.06-13.04.58:359][ 33]LogModuleManager: Shutting down and abandoning module VulkanShaderFormat (99)
[2018.07.06-13.04.58:359][ 33]LogModuleManager: Shutting down and abandoning module ShaderFormatVectorVM (97)
[2018.07.06-13.04.58:359][ 33]LogModuleManager: Shutting down and abandoning module ShaderFormatOpenGL (95)
[2018.07.06-13.04.58:359][ 33]LogModuleManager: Shutting down and abandoning module ShaderFormatD3D (93)
[2018.07.06-13.04.58:359][ 33]LogModuleManager: Shutting down and abandoning module MetalShaderFormat (91)
[2018.07.06-13.04.58:359][ 33]LogModuleManager: Shutting down and abandoning module TextureFormatUncompressed (89)
[2018.07.06-13.04.58:359][ 33]LogModuleManager: Shutting down and abandoning module TextureFormatPVR (87)
[2018.07.06-13.04.58:359][ 33]LogModuleManager: Shutting down and abandoning module TextureFormatDXT (85)
[2018.07.06-13.04.58:359][ 33]LogModuleManager: Shutting down and abandoning module TextureFormatIntelISPCTexComp (83)
[2018.07.06-13.04.58:359][ 33]LogModuleManager: Shutting down and abandoning module TextureFormatASTC (81)
[2018.07.06-13.04.58:359][ 33]LogModuleManager: Shutting down and abandoning module ImageWrapper (80)
[2018.07.06-13.04.58:359][ 33]LogModuleManager: Shutting down and abandoning module TextureFormatAndroid (77)
[2018.07.06-13.04.58:359][ 33]LogModuleManager: Shutting down and abandoning module AudioFormatOpus (75)
[2018.07.06-13.04.58:359][ 33]LogModuleManager: Shutting down and abandoning module AudioFormatOgg (73)
[2018.07.06-13.04.58:359][ 33]LogModuleManager: Shutting down and abandoning module AudioFormatADPCM (71)
[2018.07.06-13.04.58:359][ 33]LogModuleManager: Shutting down and abandoning module WindowsTargetPlatform (69)
[2018.07.06-13.04.58:359][ 33]LogModuleManager: Shutting down and abandoning module WindowsServerTargetPlatform (67)
[2018.07.06-13.04.58:359][ 33]LogModuleManager: Shutting down and abandoning module WindowsNoEditorTargetPlatform (65)
[2018.07.06-13.04.58:359][ 33]LogModuleManager: Shutting down and abandoning module WindowsClientTargetPlatform (63)
[2018.07.06-13.04.58:359][ 33]LogModuleManager: Shutting down and abandoning module InputCore (60)
[2018.07.06-13.04.58:359][ 33]LogModuleManager: Shutting down and abandoning module Settings (58)
[2018.07.06-13.04.58:359][ 33]LogModuleManager: Shutting down and abandoning module OculusRift (56)
[2018.07.06-13.04.58:359][ 33]LogModuleManager: Shutting down and abandoning module GearVRController (54)
[2018.07.06-13.04.58:359][ 33]LogModuleManager: Shutting down and abandoning module GearVR (52)
[2018.07.06-13.04.58:359][ 33]LogModuleManager: Shutting down and abandoning module ExampleDeviceProfileSelector (50)
[2018.07.06-13.04.58:359][ 33]LogModuleManager: Shutting down and abandoning module OnlineBlueprintSupport (48)
[2018.07.06-13.04.58:359][ 33]LogModuleManager: Shutting down and abandoning module OnlineSubsystem (44)
[2018.07.06-13.04.58:359][ 33]LogOnline:Display: Unloading online subsystem: NULL
[2018.07.06-13.04.58:359][ 33]LogModuleManager: Shutting down and abandoning module XMPP (43)
[2018.07.06-13.04.58:359][ 33]LogModuleManager: Shutting down and abandoning module HTTP (41)
[2018.07.06-13.04.58:391][ 33]LogModuleManager: Shutting down and abandoning module SSL (40)
[2018.07.06-13.04.58:392][ 33]LogModuleManager: Shutting down and abandoning module HTTPChunkInstaller (36)
[2018.07.06-13.04.58:392][ 33]LogModuleManager: Shutting down and abandoning module AnimationModifiers (34)
[2018.07.06-13.04.58:392][ 33]LogModuleManager: Shutting down and abandoning module PropertyEditor (33)
[2018.07.06-13.04.58:392][ 33]LogModuleManager: Shutting down and abandoning module AudioEditor (30)
[2018.07.06-13.04.58:392][ 33]LogModuleManager: Shutting down and abandoning module TextureCompressor (28)
[2018.07.06-13.04.58:392][ 33]LogModuleManager: Shutting down and abandoning module ShaderCore (26)
[2018.07.06-13.04.58:392][ 33]LogModuleManager: Shutting down and abandoning module Landscape (24)
[2018.07.06-13.04.58:392][ 33]LogModuleManager: Shutting down and abandoning module SlateRHIRenderer (22)
[2018.07.06-13.04.58:392][ 33]LogModuleManager: Shutting down and abandoning module OpenGLDrv (20)
[2018.07.06-13.04.58:392][ 33]LogModuleManager: Shutting down and abandoning module D3D11RHI (18)
[2018.07.06-13.04.58:392][ 33]LogModuleManager: Shutting down and abandoning module AnimGraphRuntime (16)
[2018.07.06-13.04.58:392][ 33]LogModuleManager: Shutting down and abandoning module Renderer (14)
[2018.07.06-13.04.58:392][ 33]LogModuleManager: Shutting down and abandoning module Engine (12)
[2018.07.06-13.04.58:392][ 33]LogModuleManager: Shutting down and abandoning module CoreUObject (10)
[2018.07.06-13.04.58:392][ 33]LogModuleManager: Shutting down and abandoning module NetworkFile (8)
[2018.07.06-13.04.58:392][ 33]LogModuleManager: Shutting down and abandoning module StreamingFile (6)
[2018.07.06-13.04.58:392][ 33]LogModuleManager: Shutting down and abandoning module SandboxFile (4)
[2018.07.06-13.04.58:392][ 33]LogModuleManager: Shutting down and abandoning module PakFile (2)
[2018.07.06-13.04.58:393][ 33]LogExit: Exiting.
[2018.07.06-13.04.58:394][ 33]Log file closed, 07/06/18 14:04:58
