Log file open, 05/08/18 20:36:57
LogInit:Display: Running engine for game: RPG_Game
LogPlatformFile: Not using cached read wrapper
LogInit:Display: RandInit(1726940346) SRandInit(1726940346).
LogTaskGraph: Started task graph with 5 named threads and 8 total threads with 1 sets of task threads.
LogStats: Stats thread started at 0.085585
LogInit: Using libcurl 7.47.1
LogInit:  - built for x86_64-pc-win32
LogInit:  - supports SSL with OpenSSL/1.0.2g
LogInit:  - supports HTTP deflate (compression) using libz 1.2.8
LogInit:  - other features:
LogInit:      CURL_VERSION_SSL
LogInit:      CURL_VERSION_LIBZ
LogInit:      CURL_VERSION_IPV6
LogInit:      CURL_VERSION_ASYNCHDNS
LogInit:      CURL_VERSION_LARGEFILE
LogInit:      CURL_VERSION_IDN
LogInit:  CurlRequestOptions (configurable via config and command line):
LogInit:  - bVerifyPeer = false  - Libcurl will NOT verify peer certificate
LogInit:  - bUseHttpProxy = false  - Libcurl will NOT use HTTP proxy
LogInit:  - bDontReuseConnections = false  - Libcurl will reuse connections
LogInit:  - CertBundlePath = nullptr  - Libcurl will use whatever was configured at build time.
LogInit: Build: ++UE4+Release-4.16-CL-3561208
LogInit: Engine Version: 4.16.3-3561208+++UE4+Release-4.16
LogInit: Compatible Engine Version: 4.16.0-3452394+++UE4+Release-4.16
LogInit: Net CL: 3452394
LogDevObjectVersion: Number of dev versions registered: 16
LogDevObjectVersion:   Dev-Blueprints (B0D832E4-1F89-4F0D-ACCF-7EB736FD4AA2): 9
LogDevObjectVersion:   Dev-Build (E1C64328-A22C-4D53-A36C-8E866417BD8C): 0
LogDevObjectVersion:   Dev-Core (375EC13C-06E4-48FB-B500-84F0262A717E): 2
LogDevObjectVersion:   Dev-Editor (E4B068ED-F494-42E9-A231-DA0B2E46BB41): 17
LogDevObjectVersion:   Dev-Framework (CFFC743F-43B0-4480-9391-14DF171D2073): 23
LogDevObjectVersion:   Dev-Mobile (B02B49B5-BB20-44E9-A304-32B752E40360): 0
LogDevObjectVersion:   Dev-Networking (A4E4105C-59A1-49B5-A7C5-40C4547EDFEE): 0
LogDevObjectVersion:   Dev-Online (39C831C9-5AE6-47DC-9A44-9C173E1C8E7C): 0
LogDevObjectVersion:   Dev-Physics (78F01B33-EBEA-4F98-B9B4-84EACCB95AA2): 0
LogDevObjectVersion:   Dev-Platform (6631380F-2D4D-43E0-8009-CF276956A95A): 0
LogDevObjectVersion:   Dev-Rendering (12F88B9F-8875-4AFC-A67C-D90C383ABD29): 15
LogDevObjectVersion:   Dev-Sequencer (7B5AE74C-D270-4C10-A958-57980B212A5A): 4
LogDevObjectVersion:   Dev-VR (D7296918-1DD6-4BDD-9DE2-64A83CC13884): 0
LogDevObjectVersion:   Dev-LoadTimes (C2A15278-BFE7-4AFE-6C17-90FF531DF755): 1
LogDevObjectVersion:   Private-Geometry (6EACA3D4-40EC-4CC1-B786-8BED09428FC5): 1
LogDevObjectVersion:   Dev-AnimPhys (29E575DD-E0A3-4627-9D10-D276232CDCEA): 3
LogInit: Compiled (64-bit): Jul 28 2017 11:49:47
LogInit: Compiled with Visual C++: 19.00.24215.01
LogInit: Build Configuration: Development
LogInit: Branch Name: ++UE4+Release-4.16
LogInit: Command line:  /Temp/Autosaves/Game/Maps/UEDPCHelloWorld -game -PIEVIACONSOLE -ResX=1280 -ResY=720  -Multiprocess -messaging -SessionName="Play in Standalone Game" -windowed 
LogInit: Base directory: D:/Program Files/UE_4.16/Engine/Binaries/Win64/
LogInit: Installed Engine Build: 1
LogInit: Presizing for max 8388607 objects, including 0 objects not considered by GC, pre-allocating 0 bytes for permanent pool.
LogInit: Object subsystem initialized
[2018.05.08-19.36.58:150][  0]LogInit: Selected Device Profile: [Windows]
[2018.05.08-19.36.58:150][  0]LogInit: Applying CVar settings loaded from the selected device profile: [Windows]
[2018.05.08-19.36.58:154][  0]LogInit: Computer: DESKTOP-46CB9MQ
[2018.05.08-19.36.58:154][  0]LogInit: User: JoshR
[2018.05.08-19.36.58:154][  0]LogInit: CPU Page size=4096, Cores=4
[2018.05.08-19.36.58:154][  0]LogInit: High frequency timer resolution =3.421876 MHz
[2018.05.08-19.36.58:155][  0]LogMemory: Memory total: Physical=16.0GB (16GB approx)
[2018.05.08-19.36.58:155][  0]LogMemory: Platform Memory Stats for Windows
[2018.05.08-19.36.58:155][  0]LogMemory: Process Physical Memory: 273.62 MB used, 273.62 MB peak
[2018.05.08-19.36.58:155][  0]LogMemory: Process Virtual Memory: 266.82 MB used, 266.82 MB peak
[2018.05.08-19.36.58:155][  0]LogMemory: Physical Memory: 5337.19 MB used,  11006.81 MB free, 16344.00 MB total
[2018.05.08-19.36.58:155][  0]LogMemory: Virtual Memory: 662.43 MB used,  11006.81 MB free, 134217728.00 MB total
[2018.05.08-19.36.58:212][  0]LogInit: Using OS detected language (en-GB).
[2018.05.08-19.36.58:212][  0]LogInit: Using OS detected locale (en-GB).
[2018.05.08-19.36.58:217][  0]LogTextLocalizationManager: No specific localization for 'en-GB' exists, so the 'en' localization will be used.
[2018.05.08-19.36.58:848][  0]LogD3D11RHI: D3D11 adapters:
[2018.05.08-19.36.58:898][  0]LogD3D11RHI:    0. 'NVIDIA GeForce GTX 970' (Feature Level 11_0)
[2018.05.08-19.36.58:898][  0]LogD3D11RHI:       4043/0/8172 MB DedicatedVideo/DedicatedSystem/SharedSystem, Outputs:1, VendorId:0x10de
[2018.05.08-19.36.58:900][  0]LogD3D11RHI:    1. 'Microsoft Basic Render Driver' (Feature Level 11_0)
[2018.05.08-19.36.58:900][  0]LogD3D11RHI:       0/0/8172 MB DedicatedVideo/DedicatedSystem/SharedSystem, Outputs:0, VendorId:0x1414
[2018.05.08-19.36.58:900][  0]LogD3D11RHI: Chosen D3D11 Adapter: 0
[2018.05.08-19.36.58:906][  0]LogD3D11RHI: Creating new Direct3DDevice
[2018.05.08-19.36.58:906][  0]LogD3D11RHI:     GPU DeviceId: 0x13c2 (for the marketing name, search the web for "GPU Device Id")
[2018.05.08-19.36.58:906][  0]LogWindows: EnumDisplayDevices:
[2018.05.08-19.36.58:906][  0]LogWindows:    0. 'NVIDIA GeForce GTX 970' (P:1 D:1)
[2018.05.08-19.36.58:906][  0]LogWindows:    1. 'NVIDIA GeForce GTX 970' (P:0 D:0)
[2018.05.08-19.36.58:907][  0]LogWindows:    2. 'NVIDIA GeForce GTX 970' (P:0 D:0)
[2018.05.08-19.36.58:907][  0]LogWindows:    3. 'NVIDIA GeForce GTX 970' (P:0 D:0)
[2018.05.08-19.36.58:907][  0]LogWindows: DebugString: GetVideoDriverDetailsInvalid PrimaryIsNotTheChoosenAdapter GetVideoDriverDetailsInvalid PrimaryIsNotTheChoosenAdapter GetVideoDriverDetailsInvalid PrimaryIsNotTheChoosenAdapter GetVideoDriverDetailsInvalid PrimaryIsNotTheChoosenAdapter FoundDriverCount:0 
[2018.05.08-19.36.58:907][  0]LogD3D11RHI:     Adapter Name: NVIDIA GeForce GTX 970
[2018.05.08-19.36.58:907][  0]LogD3D11RHI:   Driver Version: Unknown (internal:Unknown, unified:Unknown)
[2018.05.08-19.36.58:907][  0]LogD3D11RHI:      Driver Date: Unknown
[2018.05.08-19.36.58:907][  0]LogRHI: Texture pool is 1361 MB (70% of 1945 MB)
[2018.05.08-19.36.58:939][  0]LogD3D11RHI: Async texture creation enabled
[2018.05.08-19.36.58:959][  0]LogD3D11RHI: GPU Timing Frequency: 1000.000000 (Debug: 2 2)
[2018.05.08-19.36.59:008][  0]LogShaderCompilers: Guid format shader working directory is -2 characters bigger than the processId version (../../../../../Users/JoshR/Documents/GitHub/Fuse/Intermediate/Shaders/WorkingDirectory/7652/).
[2018.05.08-19.36.59:008][  0]LogShaderCompilers: Cleaned the shader compiler working directory 'C:/Users/JoshR/AppData/Local/Temp/UnrealShaderWorkingDir/985246344D8BADF0E180D996D0CD19A1/'.
[2018.05.08-19.36.59:008][  0]LogShaderCompilers:Display: Using Local Shader Compiler.
[2018.05.08-19.36.59:857][  0]LogTemp:Display: Loaded TP WindowsClientTargetPlatform
[2018.05.08-19.36.59:897][  0]LogTemp:Display: Loaded TP WindowsNoEditorTargetPlatform
[2018.05.08-19.36.59:937][  0]LogTemp:Display: Loaded TP WindowsServerTargetPlatform
[2018.05.08-19.36.59:976][  0]LogTemp:Display: Loaded TP WindowsTargetPlatform
[2018.05.08-19.36.59:976][  0]LogTargetPlatformManager:Display: Building Assets For Windows
[2018.05.08-19.37.00:347][  0]LogDerivedDataCache:Display: Max Cache Size: 512 MB
[2018.05.08-19.37.00:421][  0]LogDerivedDataCache: Loaded boot cache 0.07s 90MB C:/Users/JoshR/AppData/Local/UnrealEngine/4.16/DerivedDataCache/Boot.ddc.
[2018.05.08-19.37.00:421][  0]LogDerivedDataCache:Display: Loaded Boot cache: C:/Users/JoshR/AppData/Local/UnrealEngine/4.16/DerivedDataCache/Boot.ddc
[2018.05.08-19.37.00:422][  0]LogDerivedDataCache: FDerivedDataBackendGraph:  Pak pak cache file ../../../../../Users/JoshR/Documents/GitHub/Fuse/DerivedDataCache/DDC.ddp not found, will not use a pak cache.
[2018.05.08-19.37.00:422][  0]LogDerivedDataCache: Unable to find inner node Pak for hierarchical cache Hierarchy.
[2018.05.08-19.37.00:422][  0]LogDerivedDataCache: FDerivedDataBackendGraph:  CompressedPak pak cache file ../../../../../Users/JoshR/Documents/GitHub/Fuse/DerivedDataCache/Compressed.ddp not found, will not use a pak cache.
[2018.05.08-19.37.00:422][  0]LogDerivedDataCache: Unable to find inner node CompressedPak for hierarchical cache Hierarchy.
[2018.05.08-19.37.00:436][  0]LogDerivedDataCache:Display: Pak cache opened for reading ../../../Engine/DerivedDataCache/Compressed.ddp.
[2018.05.08-19.37.00:448][  0]LogDerivedDataCache: Using Local data cache path C:/Users/JoshR/AppData/Local/UnrealEngine/Common/DerivedDataCache: Writable
[2018.05.08-19.37.00:457][  0]LogMaterial: Verifying Global Shaders for PCD3D_SM5
[2018.05.08-19.37.00:458][  0]LogSlate: Using Freetype 2.6.0
[2018.05.08-19.37.00:459][  0]LogSlate: SlateFontCache - WITH_FREETYPE: 1, WITH_HARFBUZZ: 1
[2018.05.08-19.37.00:459][  0]LogSlate: SlateFontCache - WITH_FREETYPE: 1, WITH_HARFBUZZ: 1
[2018.05.08-19.37.00:731][  0]LogAssetRegistry: FAssetRegistry took 0.0034 seconds to start up
[2018.05.08-19.37.00:740][  0]LogPackageLocalizationCache: Processed 4 localized package path(s) for 2 prioritized culture(s) in 0.009511 seconds
[2018.05.08-19.37.00:817][  0]LogInit: Selected Device Profile: [Windows]
[2018.05.08-19.37.00:875][  0]LogContentStreaming: Texture pool size is 1000.00 MB
[2018.05.08-19.37.01:005][  0]LogMeshUtilities: Using QuadricMeshReduction for automatic static mesh reduction
[2018.05.08-19.37.01:041][  0]LogSimplygon: Simplygon DLL not present - disabling.
[2018.05.08-19.37.01:089][  0]LogMeshUtilities: Using SimplygonSwarm for distributed automatic mesh merging
[2018.05.08-19.37.01:089][  0]LogMeshUtilities: No automatic skeletal mesh reduction module available
[2018.05.08-19.37.01:089][  0]LogMeshUtilities: No automatic mesh merging module available
[2018.05.08-19.37.01:500][  0]LogNetVersion: RPG_Game , NetCL: 3452394, EngineNetVer: 2, GameNetVer: 0 (Checksum: 2586067795)
[2018.05.08-19.37.01:552][  0]LogInit: WinSock: version 1.1 (2.2), MaxSocks=32767, MaxUdp=65467
[2018.05.08-19.37.02:393][  0]LogMoviePlayer: Initializing movie player
[2018.05.08-19.37.02:677][  0]LogCollectionManager: Loaded 0 collections in 0.001172 seconds
[2018.05.08-19.37.02:725][  0]LogFileCache: Scanning file cache for directory 'D:/Users/JoshR/Documents/GitHub/Fuse/Saved/Collections/' took 0.01s
[2018.05.08-19.37.02:725][  0]LogFileCache: Scanning file cache for directory 'D:/Users/JoshR/Documents/GitHub/Fuse/Content/Developers/JoshR/Collections/' took 0.01s
[2018.05.08-19.37.02:725][  0]LogFileCache: Scanning file cache for directory 'D:/Users/JoshR/Documents/GitHub/Fuse/Content/Collections/' took 0.01s
[2018.05.08-19.37.02:725][  0]LogCollectionManager: Rebuilt the object cache for 0 collections in 0.000001 seconds (found 0 objects)
[2018.05.08-19.37.02:725][  0]LogCollectionManager: Fixed up redirectors for 0 collections in 0.000037 seconds (updated 0 objects)
[2018.05.08-19.37.02:909][  0]LogSubstanceCoreModule: Substance [CPU] Engine Loaded, Max Texture Size = 2048
[2018.05.08-19.37.02:937][  0]LogTcpMessaging: Initializing TcpMessaging bridge
[2018.05.08-19.37.02:978][  0]LogUdpMessaging: Initializing bridge on interface 0.0.0.0:0 to multicast group 230.0.0.1:6666.
[2018.05.08-19.37.03:378][  0]SourceControl: Info Source control is disabled
[2018.05.08-19.37.03:378][  0]SourceControl: Info Source control is disabled
[2018.05.08-19.37.03:424][  0]SourceControl: Info Source control is disabled
[2018.05.08-19.37.03:652][  0]LogAndroidPermission: UAndroidPermissionCallbackProxy::GetInstance
[2018.05.08-19.37.04:073][  0]LogUObjectArray: 37412 objects as part of root set at end of initial load.
[2018.05.08-19.37.04:073][  0]LogUObjectAllocator: 8432720 out of 0 bytes used by permanent object pool.
[2018.05.08-19.37.04:073][  0]LogUObjectArray: CloseDisregardForGC: 0/0 objects in disregard for GC pool
[2018.05.08-19.37.04:158][  0]LogEngine: Initializing Engine...
[2018.05.08-19.37.04:159][  0]LogHMD: Failed to initialize OpenVR with code 110
