Log file open, 07/09/18 21:15:30
LogInit:Display: Running engine for game: RPG_Game
LogPlatformFile: Not using cached read wrapper
LogInit:Display: RandInit(-1291055322) SRandInit(-1291055322).
LogTaskGraph: Started task graph with 5 named threads and 8 total threads with 1 sets of task threads.
LogStats: Stats thread started at 0.092922
LogInit: Using libcurl 7.47.1
LogInit:  - built for x86_64-pc-win32
LogInit:  - supports SSL with OpenSSL/1.0.2g
LogInit:  - supports HTTP deflate (compression) using libz 1.2.8
LogInit:  - other features:
LogInit:      CURL_VERSION_SSL
LogInit:      CURL_VERSION_LIBZ
LogInit:      CURL_VERSION_IPV6
LogInit:      CURL_VERSION_ASYNCHDNS
LogInit:      CURL_VERSION_LARGEFILE
LogInit:      CURL_VERSION_IDN
LogInit:  CurlRequestOptions (configurable via config and command line):
LogInit:  - bVerifyPeer = false  - Libcurl will NOT verify peer certificate
LogInit:  - bUseHttpProxy = false  - Libcurl will NOT use HTTP proxy
LogInit:  - bDontReuseConnections = false  - Libcurl will reuse connections
LogInit:  - CertBundlePath = nullptr  - Libcurl will use whatever was configured at build time.
LogInit: Build: ++UE4+Release-4.16-CL-3561208
LogInit: Engine Version: 4.16.3-3561208+++UE4+Release-4.16
LogInit: Compatible Engine Version: 4.16.0-3452394+++UE4+Release-4.16
LogInit: Net CL: 3452394
LogDevObjectVersion: Number of dev versions registered: 16
LogDevObjectVersion:   Dev-Blueprints (B0D832E4-1F89-4F0D-ACCF-7EB736FD4AA2): 9
LogDevObjectVersion:   Dev-Build (E1C64328-A22C-4D53-A36C-8E866417BD8C): 0
LogDevObjectVersion:   Dev-Core (375EC13C-06E4-48FB-B500-84F0262A717E): 2
LogDevObjectVersion:   Dev-Editor (E4B068ED-F494-42E9-A231-DA0B2E46BB41): 17
LogDevObjectVersion:   Dev-Framework (CFFC743F-43B0-4480-9391-14DF171D2073): 23
LogDevObjectVersion:   Dev-Mobile (B02B49B5-BB20-44E9-A304-32B752E40360): 0
LogDevObjectVersion:   Dev-Networking (A4E4105C-59A1-49B5-A7C5-40C4547EDFEE): 0
LogDevObjectVersion:   Dev-Online (39C831C9-5AE6-47DC-9A44-9C173E1C8E7C): 0
LogDevObjectVersion:   Dev-Physics (78F01B33-EBEA-4F98-B9B4-84EACCB95AA2): 0
LogDevObjectVersion:   Dev-Platform (6631380F-2D4D-43E0-8009-CF276956A95A): 0
LogDevObjectVersion:   Dev-Rendering (12F88B9F-8875-4AFC-A67C-D90C383ABD29): 15
LogDevObjectVersion:   Dev-Sequencer (7B5AE74C-D270-4C10-A958-57980B212A5A): 4
LogDevObjectVersion:   Dev-VR (D7296918-1DD6-4BDD-9DE2-64A83CC13884): 0
LogDevObjectVersion:   Dev-LoadTimes (C2A15278-BFE7-4AFE-6C17-90FF531DF755): 1
LogDevObjectVersion:   Private-Geometry (6EACA3D4-40EC-4CC1-B786-8BED09428FC5): 1
LogDevObjectVersion:   Dev-AnimPhys (29E575DD-E0A3-4627-9D10-D276232CDCEA): 3
LogInit: Compiled (64-bit): Jul 28 2017 11:49:47
LogInit: Compiled with Visual C++: 19.00.24215.01
LogInit: Build Configuration: Development
LogInit: Branch Name: ++UE4+Release-4.16
LogInit: Command line:  /Temp/Autosaves/Game/Maps/UEDPCRiverDale -game -PIEVIACONSOLE -ResX=1280 -ResY=720  -Multiprocess -messaging -SessionName="Play in Standalone Game" -windowed 
LogInit: Base directory: D:/Program Files/UE_4.16/Engine/Binaries/Win64/
LogInit: Installed Engine Build: 1
LogInit: Presizing for max 8388607 objects, including 0 objects not considered by GC, pre-allocating 0 bytes for permanent pool.
LogInit: Object subsystem initialized
[2018.07.09-20.15.30:681][  0]LogInit: Selected Device Profile: [Windows]
[2018.07.09-20.15.30:681][  0]LogInit: Applying CVar settings loaded from the selected device profile: [Windows]
[2018.07.09-20.15.30:684][  0]LogInit: Computer: DESKTOP-46CB9MQ
[2018.07.09-20.15.30:684][  0]LogInit: User: JoshR
[2018.07.09-20.15.30:684][  0]LogInit: CPU Page size=4096, Cores=4
[2018.07.09-20.15.30:684][  0]LogInit: High frequency timer resolution =3.421874 MHz
[2018.07.09-20.15.30:684][  0]LogMemory: Memory total: Physical=16.0GB (16GB approx)
[2018.07.09-20.15.30:684][  0]LogMemory: Platform Memory Stats for Windows
[2018.07.09-20.15.30:684][  0]LogMemory: Process Physical Memory: 273.66 MB used, 273.66 MB peak
[2018.07.09-20.15.30:684][  0]LogMemory: Process Virtual Memory: 266.72 MB used, 266.72 MB peak
[2018.07.09-20.15.30:684][  0]LogMemory: Physical Memory: 6837.72 MB used,  9506.28 MB free, 16344.00 MB total
[2018.07.09-20.15.30:684][  0]LogMemory: Virtual Memory: 4759.29 MB used,  9506.28 MB free, 134217728.00 MB total
[2018.07.09-20.15.30:732][  0]LogInit: Using OS detected language (en-GB).
[2018.07.09-20.15.30:732][  0]LogInit: Using OS detected locale (en-GB).
[2018.07.09-20.15.30:736][  0]LogTextLocalizationManager: No specific localization for 'en-GB' exists, so the 'en' localization will be used.
[2018.07.09-20.15.31:395][  0]LogD3D11RHI: D3D11 adapters:
[2018.07.09-20.15.31:456][  0]LogD3D11RHI:    0. 'NVIDIA GeForce GTX 970' (Feature Level 11_0)
[2018.07.09-20.15.31:456][  0]LogD3D11RHI:       4043/0/8172 MB DedicatedVideo/DedicatedSystem/SharedSystem, Outputs:1, VendorId:0x10de
[2018.07.09-20.15.31:458][  0]LogD3D11RHI:    1. 'Microsoft Basic Render Driver' (Feature Level 11_0)
[2018.07.09-20.15.31:458][  0]LogD3D11RHI:       0/0/8172 MB DedicatedVideo/DedicatedSystem/SharedSystem, Outputs:0, VendorId:0x1414
[2018.07.09-20.15.31:458][  0]LogD3D11RHI: Chosen D3D11 Adapter: 0
[2018.07.09-20.15.31:463][  0]LogD3D11RHI: Creating new Direct3DDevice
[2018.07.09-20.15.31:463][  0]LogD3D11RHI:     GPU DeviceId: 0x13c2 (for the marketing name, search the web for "GPU Device Id")
[2018.07.09-20.15.31:463][  0]LogWindows: EnumDisplayDevices:
[2018.07.09-20.15.31:463][  0]LogWindows:    0. 'NVIDIA GeForce GTX 970' (P:1 D:1)
[2018.07.09-20.15.31:464][  0]LogWindows:    1. 'NVIDIA GeForce GTX 970' (P:0 D:0)
[2018.07.09-20.15.31:464][  0]LogWindows:    2. 'NVIDIA GeForce GTX 970' (P:0 D:0)
[2018.07.09-20.15.31:464][  0]LogWindows:    3. 'NVIDIA GeForce GTX 970' (P:0 D:0)
[2018.07.09-20.15.31:464][  0]LogWindows: DebugString: GetVideoDriverDetailsInvalid PrimaryIsNotTheChoosenAdapter GetVideoDriverDetailsInvalid PrimaryIsNotTheChoosenAdapter GetVideoDriverDetailsInvalid PrimaryIsNotTheChoosenAdapter GetVideoDriverDetailsInvalid PrimaryIsNotTheChoosenAdapter FoundDriverCount:0 
[2018.07.09-20.15.31:464][  0]LogD3D11RHI:     Adapter Name: NVIDIA GeForce GTX 970
[2018.07.09-20.15.31:464][  0]LogD3D11RHI:   Driver Version: Unknown (internal:Unknown, unified:Unknown)
[2018.07.09-20.15.31:464][  0]LogD3D11RHI:      Driver Date: Unknown
[2018.07.09-20.15.31:464][  0]LogRHI: Texture pool is 1361 MB (70% of 1945 MB)
[2018.07.09-20.15.31:492][  0]LogD3D11RHI: Async texture creation enabled
[2018.07.09-20.15.31:511][  0]LogD3D11RHI: GPU Timing Frequency: 1000.000000 (Debug: 2 2)
[2018.07.09-20.15.31:559][  0]LogShaderCompilers: Guid format shader working directory is -2 characters bigger than the processId version (../../../../../Users/JoshR/Documents/GitHub/Fuse/Intermediate/Shaders/WorkingDirectory/9908/).
[2018.07.09-20.15.31:559][  0]LogShaderCompilers: Cleaned the shader compiler working directory 'C:/Users/JoshR/AppData/Local/Temp/UnrealShaderWorkingDir/CD75677D479382FA00000398C38B3372/'.
[2018.07.09-20.15.31:559][  0]LogShaderCompilers:Display: Using Local Shader Compiler.
[2018.07.09-20.15.32:392][  0]LogTemp:Display: Loaded TP WindowsClientTargetPlatform
[2018.07.09-20.15.32:433][  0]LogTemp:Display: Loaded TP WindowsNoEditorTargetPlatform
[2018.07.09-20.15.32:474][  0]LogTemp:Display: Loaded TP WindowsServerTargetPlatform
[2018.07.09-20.15.32:513][  0]LogTemp:Display: Loaded TP WindowsTargetPlatform
[2018.07.09-20.15.32:513][  0]LogTargetPlatformManager:Display: Building Assets For Windows
[2018.07.09-20.15.32:878][  0]LogDerivedDataCache:Display: Max Cache Size: 512 MB
[2018.07.09-20.15.32:944][  0]LogDerivedDataCache: Loaded boot cache 0.07s 90MB C:/Users/JoshR/AppData/Local/UnrealEngine/4.16/DerivedDataCache/Boot.ddc.
[2018.07.09-20.15.32:944][  0]LogDerivedDataCache:Display: Loaded Boot cache: C:/Users/JoshR/AppData/Local/UnrealEngine/4.16/DerivedDataCache/Boot.ddc
[2018.07.09-20.15.32:944][  0]LogDerivedDataCache: FDerivedDataBackendGraph:  Pak pak cache file ../../../../../Users/JoshR/Documents/GitHub/Fuse/DerivedDataCache/DDC.ddp not found, will not use a pak cache.
[2018.07.09-20.15.32:944][  0]LogDerivedDataCache: Unable to find inner node Pak for hierarchical cache Hierarchy.
[2018.07.09-20.15.32:944][  0]LogDerivedDataCache: FDerivedDataBackendGraph:  CompressedPak pak cache file ../../../../../Users/JoshR/Documents/GitHub/Fuse/DerivedDataCache/Compressed.ddp not found, will not use a pak cache.
[2018.07.09-20.15.32:944][  0]LogDerivedDataCache: Unable to find inner node CompressedPak for hierarchical cache Hierarchy.
[2018.07.09-20.15.32:957][  0]LogDerivedDataCache:Display: Pak cache opened for reading ../../../Engine/DerivedDataCache/Compressed.ddp.
[2018.07.09-20.15.32:969][  0]LogDerivedDataCache: Using Local data cache path C:/Users/JoshR/AppData/Local/UnrealEngine/Common/DerivedDataCache: Writable
[2018.07.09-20.15.32:976][  0]LogMaterial: Verifying Global Shaders for PCD3D_SM5
[2018.07.09-20.15.32:976][  0]LogSlate: Using Freetype 2.6.0
[2018.07.09-20.15.32:977][  0]LogSlate: SlateFontCache - WITH_FREETYPE: 1, WITH_HARFBUZZ: 1
[2018.07.09-20.15.32:977][  0]LogSlate: SlateFontCache - WITH_FREETYPE: 1, WITH_HARFBUZZ: 1
[2018.07.09-20.15.33:217][  0]LogAssetRegistry: FAssetRegistry took 0.0030 seconds to start up
[2018.07.09-20.15.33:224][  0]LogPackageLocalizationCache: Processed 4 localized package path(s) for 2 prioritized culture(s) in 0.007525 seconds
[2018.07.09-20.15.33:291][  0]LogInit: Selected Device Profile: [Windows]
[2018.07.09-20.15.33:347][  0]LogContentStreaming: Texture pool size is 1000.00 MB
[2018.07.09-20.15.33:469][  0]LogMeshUtilities: Using QuadricMeshReduction for automatic static mesh reduction
[2018.07.09-20.15.33:504][  0]LogSimplygon: Simplygon DLL not present - disabling.
[2018.07.09-20.15.33:548][  0]LogMeshUtilities: Using SimplygonSwarm for distributed automatic mesh merging
[2018.07.09-20.15.33:548][  0]LogMeshUtilities: No automatic skeletal mesh reduction module available
[2018.07.09-20.15.33:548][  0]LogMeshUtilities: No automatic mesh merging module available
[2018.07.09-20.15.33:922][  0]LogNetVersion: RPG_Game , NetCL: 3452394, EngineNetVer: 2, GameNetVer: 0 (Checksum: 2586067795)
[2018.07.09-20.15.33:979][  0]LogInit: WinSock: version 1.1 (2.2), MaxSocks=32767, MaxUdp=65467
[2018.07.09-20.15.34:881][  0]LogMoviePlayer: Initializing movie player
[2018.07.09-20.15.35:176][  0]LogCollectionManager: Loaded 0 collections in 0.001187 seconds
[2018.07.09-20.15.35:224][  0]LogFileCache: Scanning file cache for directory 'D:/Users/JoshR/Documents/GitHub/Fuse/Saved/Collections/' took 0.01s
[2018.07.09-20.15.35:224][  0]LogFileCache: Scanning file cache for directory 'D:/Users/JoshR/Documents/GitHub/Fuse/Content/Developers/JoshR/Collections/' took 0.01s
[2018.07.09-20.15.35:224][  0]LogFileCache: Scanning file cache for directory 'D:/Users/JoshR/Documents/GitHub/Fuse/Content/Collections/' took 0.01s
[2018.07.09-20.15.35:224][  0]LogCollectionManager: Rebuilt the object cache for 0 collections in 0.000001 seconds (found 0 objects)
[2018.07.09-20.15.35:224][  0]LogCollectionManager: Fixed up redirectors for 0 collections in 0.000034 seconds (updated 0 objects)
[2018.07.09-20.15.35:372][  0]LogTcpMessaging: Initializing TcpMessaging bridge
[2018.07.09-20.15.35:409][  0]LogUdpMessaging: Initializing bridge on interface 0.0.0.0:0 to multicast group 230.0.0.1:6666.
[2018.07.09-20.15.35:765][  0]SourceControl: Info Source control is disabled
[2018.07.09-20.15.35:765][  0]SourceControl: Info Source control is disabled
[2018.07.09-20.15.35:809][  0]SourceControl: Info Source control is disabled
[2018.07.09-20.15.36:053][  0]LogAndroidPermission: UAndroidPermissionCallbackProxy::GetInstance
[2018.07.09-20.15.36:443][  0]LogUObjectArray: 37220 objects as part of root set at end of initial load.
[2018.07.09-20.15.36:443][  0]LogUObjectAllocator: 8398848 out of 0 bytes used by permanent object pool.
[2018.07.09-20.15.36:443][  0]LogUObjectArray: CloseDisregardForGC: 0/0 objects in disregard for GC pool
[2018.07.09-20.15.36:525][  0]LogEngine: Initializing Engine...
[2018.07.09-20.15.36:526][  0]LogHMD: Failed to initialize OpenVR with code 110
[2018.07.09-20.15.36:664][  0]LogStats: UGameplayTagsManager::ConstructGameplayTagTree: Construct from data asset -  0.000 s
[2018.07.09-20.15.36:664][  0]LogStats: UGameplayTagsManager::ConstructGameplayTagTree: GameplayTagTreeChangedEvent.Broadcast -  0.000 s
[2018.07.09-20.15.36:924][  0]LogInit: XAudio2 using 'Speakers (High Definition Audio Device)' : 2 channels at 44.1 kHz using 16 bits per sample (channel mask 0x3)
[2018.07.09-20.15.36:946][  0]LogInit: FAudioDevice initialized.
[2018.07.09-20.15.36:974][  0]LogInit: Texture streaming: Enabled
[2018.07.09-20.15.37:006][  0]LogMaterial: Uniform references updated for custom material expression Custom.
[2018.07.09-20.15.37:295][  0]LogSlateStyle:Warning: Unable to find Slate Widget Style 'NormalText'. Using FTextBlockStyle defaults instead.
[2018.07.09-20.15.37:295][  0]LogSlateStyle:Warning: Unable to find Slate Widget Style 'SpinBox'. Using FSpinBoxStyle defaults instead.
[2018.07.09-20.15.37:510][  0]LogInit:Display: Game Engine Initialized.
[2018.07.09-20.15.37:648][  0]LogInit:Display: Starting Game.
[2018.07.09-20.15.37:678][  0]LogNet: Browse: /Temp/Autosaves/Game/Maps/UEDPCRiverDale?Name=Player
[2018.07.09-20.15.37:686][  0]LogLoad: LoadMap: /Temp/Autosaves/Game/Maps/UEDPCRiverDale?Name=Player
[2018.07.09-20.15.37:788][  0]LogMemory: Platform Memory Stats for Windows
[2018.07.09-20.15.37:788][  0]LogMemory: Process Physical Memory: 796.13 MB used, 898.21 MB peak
[2018.07.09-20.15.37:788][  0]LogMemory: Process Virtual Memory: 911.21 MB used, 965.44 MB peak
[2018.07.09-20.15.37:788][  0]LogMemory: Physical Memory: 6423.24 MB used,  9920.76 MB free, 16344.00 MB total
[2018.07.09-20.15.37:788][  0]LogMemory: Virtual Memory: 5652.30 MB used,  9920.76 MB free, 134217728.00 MB total
[2018.07.09-20.15.37:788][  0]LogMemory: 
[2018.07.09-20.15.37:788][  0]Allocator Stats for TBB: (not implemented)
[2018.07.09-20.15.38:417][  0]LogAIModule: Creating AISystem for world RiverDale
[2018.07.09-20.15.38:444][  0]LogLoad: Game class is 'FuseGM_C'
[2018.07.09-20.15.38:476][  0]LogWorld: Bringing World /Temp/Autosaves/Game/Maps/UEDPCRiverDale.RiverDale up for play (max tick rate 0) at 2018.07.09-21.15.38
[2018.07.09-20.15.38:514][  0]LogWorld: Bringing up level for play took: 0.068434
[2018.07.09-20.15.38:687][  0]LogLoad: Took 1.000920 seconds to LoadMap(/Temp/Autosaves/Game/Maps/UEDPCRiverDale)
[2018.07.09-20.15.38:856][  0]LogRenderer: Reallocating scene render targets to support 1280x720 NumSamples 1 (Frame:1).
[2018.07.09-20.15.38:856][  0]LogLoad: (Engine Initialization) Total time: 9.76 seconds
[2018.07.09-20.15.38:856][  0]LogLoad: (Engine Initialization) Total Blueprint compile time: 0.16 seconds
[2018.07.09-20.15.38:856][  0]LogExternalProfiler: Found external profiler: VSPerf
[2018.07.09-20.15.38:856][  0]LogExternalProfiler: Using external profiler: VSPerf
[2018.07.09-20.15.38:873][  0]LogOcInput: OculusInput pre-init called
[2018.07.09-20.15.38:873][  0]LogHMD: Starting GearVRController plugin
[2018.07.09-20.16.07:421][727]LogPackageName: SearchForPackageOnDisk took   0.128s to resolve Menu.umap.
[2018.07.09-20.16.07:551][728]LogPackageName: SearchForPackageOnDisk took   0.129s to resolve Menu.umap.
[2018.07.09-20.16.07:551][728]LogNet: Browse: /Game/Maps/Menu
[2018.07.09-20.16.07:551][728]LogLoad: LoadMap: /Game/Maps/Menu
[2018.07.09-20.16.07:672][728]LogMemory: Platform Memory Stats for Windows
[2018.07.09-20.16.07:672][728]LogMemory: Process Physical Memory: 858.56 MB used, 930.89 MB peak
[2018.07.09-20.16.07:672][728]LogMemory: Process Virtual Memory: 1340.12 MB used, 1348.45 MB peak
[2018.07.09-20.16.07:672][728]LogMemory: Physical Memory: 6457.17 MB used,  9886.84 MB free, 16344.00 MB total
[2018.07.09-20.16.07:672][728]LogMemory: Virtual Memory: 6149.18 MB used,  9886.84 MB free, 134217728.00 MB total
[2018.07.09-20.16.07:672][728]LogMemory: 
[2018.07.09-20.16.07:672][728]Allocator Stats for TBB: (not implemented)
[2018.07.09-20.16.07:801][728]LogAIModule: Creating AISystem for world Menu
[2018.07.09-20.16.07:805][728]LogLoad: Game class is 'FuseGM_C'
[2018.07.09-20.16.07:806][728]LogWorld: Bringing World /Game/Maps/Menu.Menu up for play (max tick rate 0) at 2018.07.09-21.16.07
[2018.07.09-20.16.07:806][728]LogWorld: Bringing up level for play took: 0.000352
[2018.07.09-20.16.07:806][728]LogGameMode: FindPlayerStart: PATHS NOT DEFINED or NO PLAYERSTART with positive rating
[2018.07.09-20.16.07:825][728]LogLoad: Took 0.274114 seconds to LoadMap(/Game/Maps/Menu)
[2018.07.09-20.17.19:824][114]LogPackageName: SearchForPackageOnDisk took   0.126s to resolve RiverDale.umap.
[2018.07.09-20.17.19:948][114]LogPackageName: SearchForPackageOnDisk took   0.125s to resolve RiverDale.umap.
[2018.07.09-20.17.19:948][114]LogNet: Browse: /Game/Maps/RiverDale
[2018.07.09-20.17.19:948][114]LogLoad: LoadMap: /Game/Maps/RiverDale
[2018.07.09-20.17.19:962][114]LogMemory: Platform Memory Stats for Windows
[2018.07.09-20.17.19:962][114]LogMemory: Process Physical Memory: 831.67 MB used, 930.89 MB peak
[2018.07.09-20.17.19:962][114]LogMemory: Process Virtual Memory: 1281.01 MB used, 1425.19 MB peak
[2018.07.09-20.17.19:962][114]LogMemory: Physical Memory: 7268.17 MB used,  9075.83 MB free, 16344.00 MB total
[2018.07.09-20.17.19:962][114]LogMemory: Virtual Memory: 6166.68 MB used,  9075.83 MB free, 134217728.00 MB total
[2018.07.09-20.17.19:962][114]LogMemory: 
[2018.07.09-20.17.19:962][114]Allocator Stats for TBB: (not implemented)
[2018.07.09-20.17.20:508][114]LogAIModule: Creating AISystem for world RiverDale
[2018.07.09-20.17.20:512][114]LogLoad: Game class is 'FuseGM_C'
[2018.07.09-20.17.20:531][114]LogWorld: Bringing World /Game/Maps/RiverDale.RiverDale up for play (max tick rate 0) at 2018.07.09-21.17.20
[2018.07.09-20.17.20:534][114]LogWorld: Bringing up level for play took: 0.021694
[2018.07.09-20.17.20:537][114]LogLoad: Took 0.588383 seconds to LoadMap(/Game/Maps/RiverDale)
[2018.07.09-20.18.35:112][674]LogRenderer: Reallocating scene render targets to support 2560x1080 NumSamples 1 (Frame:4562).
[2018.07.09-20.19.46:580][ 81]LogPackageName: SearchForPackageOnDisk took   0.125s to resolve Menu.umap.
[2018.07.09-20.19.46:706][ 82]LogPackageName: SearchForPackageOnDisk took   0.124s to resolve Menu.umap.
[2018.07.09-20.19.46:706][ 82]LogNet: Browse: /Game/Maps/Menu
[2018.07.09-20.19.46:706][ 82]LogLoad: LoadMap: /Game/Maps/Menu
[2018.07.09-20.19.46:731][ 82]LogMemory: Platform Memory Stats for Windows
[2018.07.09-20.19.46:731][ 82]LogMemory: Process Physical Memory: 868.56 MB used, 930.89 MB peak
[2018.07.09-20.19.46:731][ 82]LogMemory: Process Virtual Memory: 1464.18 MB used, 1752.13 MB peak
[2018.07.09-20.19.46:731][ 82]LogMemory: Physical Memory: 6490.78 MB used,  9853.22 MB free, 16344.00 MB total
[2018.07.09-20.19.46:731][ 82]LogMemory: Virtual Memory: 6495.37 MB used,  9853.22 MB free, 134217728.00 MB total
[2018.07.09-20.19.46:731][ 82]LogMemory: 
[2018.07.09-20.19.46:731][ 82]Allocator Stats for TBB: (not implemented)
[2018.07.09-20.19.46:857][ 82]LogAIModule: Creating AISystem for world Menu
[2018.07.09-20.19.46:860][ 82]LogLoad: Game class is 'FuseGM_C'
[2018.07.09-20.19.46:862][ 82]LogWorld: Bringing World /Game/Maps/Menu.Menu up for play (max tick rate 0) at 2018.07.09-21.19.46
[2018.07.09-20.19.46:862][ 82]LogWorld: Bringing up level for play took: 0.000343
[2018.07.09-20.19.46:862][ 82]LogGameMode: FindPlayerStart: PATHS NOT DEFINED or NO PLAYERSTART with positive rating
[2018.07.09-20.19.46:864][ 82]LogLoad: Took 0.158965 seconds to LoadMap(/Game/Maps/Menu)
[2018.07.09-20.19.54:783][572]Closing by request
[2018.07.09-20.19.54:783][572]LogWindows: FPlatformMisc::RequestExit(0)
[2018.07.09-20.19.55:979][573]LogWindowsTextInputMethodSystem:Display: IME system now deactivated.
[2018.07.09-20.19.55:988][573]LogExit: Preparing to exit.
[2018.07.09-20.19.55:988][573]LogMoviePlayer: Shutting down movie player
[2018.07.09-20.19.56:913][573]LogExit: Game engine shut down
[2018.07.09-20.19.57:485][573]LogObj: Freed 0b from 0 cluster array pools.
[2018.07.09-20.19.57:485][573]LogExit: Object subsystem successfully closed.
[2018.07.09-20.19.57:544][573]LogD3D11RHI: Shutdown
[2018.07.09-20.19.57:544][573]LogD3D11RHI: CleanupD3DDevice
[2018.07.09-20.19.57:597][573]LogD3D11RHI: ~FD3D11DynamicRHI
[2018.07.09-20.19.57:959][573]LogModuleManager: Shutting down and abandoning module SequenceRecorderSections (296)
[2018.07.09-20.19.57:972][573]LogModuleManager: Shutting down and abandoning module SequenceRecorder (294)
[2018.07.09-20.19.57:973][573]LogModuleManager: Shutting down and abandoning module AutomationController (292)
[2018.07.09-20.19.57:982][573]LogModuleManager: Shutting down and abandoning module AutomationWorker (290)
[2018.07.09-20.19.57:985][573]LogModuleManager: Shutting down and abandoning module AIModule (288)
[2018.07.09-20.19.57:985][573]LogModuleManager: Shutting down and abandoning module GameplayDebugger (287)
[2018.07.09-20.19.57:985][573]LogModuleManager: Shutting down and abandoning module AITestSuite (285)
[2018.07.09-20.19.57:985][573]LogModuleManager: Shutting down and abandoning module WmfMediaFactory (282)
[2018.07.09-20.19.57:985][573]LogModuleManager: Shutting down and abandoning module AvfMediaFactory (280)
[2018.07.09-20.19.57:985][573]LogModuleManager: Shutting down and abandoning module AndroidMediaFactory (278)
[2018.07.09-20.19.57:985][573]LogModuleManager: Shutting down and abandoning module Media (277)
[2018.07.09-20.19.57:985][573]LogModuleManager: Shutting down and abandoning module CharacterAI (274)
[2018.07.09-20.19.57:985][573]LogModuleManager: Shutting down and abandoning module SessionServices (272)
[2018.07.09-20.19.57:985][573]LogModuleManager: Shutting down and abandoning module MovieSceneCapture (270)
[2018.07.09-20.19.57:985][573]LogModuleManager: Shutting down and abandoning module MovieSceneTracks (268)
[2018.07.09-20.19.57:985][573]LogModuleManager: Shutting down and abandoning module MovieScene (266)
[2018.07.09-20.19.57:985][573]LogModuleManager: Shutting down and abandoning module GeometryCache (264)
[2018.07.09-20.19.57:990][573]LogModuleManager: Shutting down and abandoning module GeometryCacheEd (263)
[2018.07.09-20.19.57:990][573]LogModuleManager: Shutting down and abandoning module Niagara (260)
[2018.07.09-20.19.57:990][573]LogModuleManager: Shutting down and abandoning module NiagaraEditor (259)
[2018.07.09-20.19.58:024][573]LogModuleManager: Shutting down and abandoning module StreamingPauseRendering (256)
[2018.07.09-20.19.58:024][573]LogModuleManager: Shutting down and abandoning module PortalServices (254)
[2018.07.09-20.19.58:024][573]LogModuleManager: Shutting down and abandoning module PortalRpc (252)
[2018.07.09-20.19.58:024][573]LogModuleManager: Shutting down and abandoning module MessagingRpc (250)
[2018.07.09-20.19.58:024][573]LogModuleManager: Shutting down and abandoning module ProfilerService (248)
[2018.07.09-20.19.58:083][573]LogModuleManager: Shutting down and abandoning module TaskGraph (246)
[2018.07.09-20.19.58:097][573]LogModuleManager: Shutting down and abandoning module SteamVRController (244)
[2018.07.09-20.19.58:097][573]LogModuleManager: Shutting down and abandoning module SteamVR (242)
[2018.07.09-20.19.58:097][573]LogModuleManager: Shutting down and abandoning module ProceduralMeshComponent (240)
[2018.07.09-20.19.58:104][573]LogModuleManager: Shutting down and abandoning module OculusLibrary (238)
[2018.07.09-20.19.58:104][573]LogModuleManager: Shutting down and abandoning module OculusInput (236)
[2018.07.09-20.19.58:104][573]LogModuleManager: Shutting down and abandoning module MobilePatchingUtils (234)
[2018.07.09-20.19.58:104][573]LogModuleManager: Shutting down and abandoning module CustomMeshComponent (232)
[2018.07.09-20.19.58:104][573]LogModuleManager: Shutting down and abandoning module CableComponent (230)
[2018.07.09-20.19.58:113][573]LogModuleManager: Shutting down and abandoning module ArchVisCharacter (228)
[2018.07.09-20.19.58:113][573]LogModuleManager: Shutting down and abandoning module AndroidPermission (226)
[2018.07.09-20.19.58:113][573]LogModuleManager: Shutting down and abandoning module HTML5Networking (222)
[2018.07.09-20.19.58:113][573]LogModuleManager: Shutting down and abandoning module VisualStudioSourceCodeAccess (220)
[2018.07.09-20.19.58:113][573]LogModuleManager: Shutting down and abandoning module DesktopPlatform (219)
[2018.07.09-20.19.58:113][573]LogModuleManager: Shutting down and abandoning module HotReload (217)
[2018.07.09-20.19.58:113][573]LogModuleManager: Shutting down and abandoning module UObjectPlugin (214)
[2018.07.09-20.19.58:113][573]LogModuleManager: Shutting down and abandoning module SubversionSourceControl (212)
[2018.07.09-20.19.58:128][573]LogModuleManager: Shutting down and abandoning module PerforceSourceControl (210)
[2018.07.09-20.19.58:144][573]LogModuleManager: Shutting down and abandoning module SourceControl (209)
[2018.07.09-20.19.58:144][573]LogModuleManager: Shutting down and abandoning module PhysXVehiclesEditor (206)
[2018.07.09-20.19.58:154][573]LogModuleManager: Shutting down and abandoning module PhysXVehicles (204)
[2018.07.09-20.19.58:154][573]LogModuleManager: Shutting down and abandoning module LocationServicesBPLibrary (202)
[2018.07.09-20.19.58:154][573]LogModuleManager: Shutting down and abandoning module ImmediatePhysicsEditor (200)
[2018.07.09-20.19.58:154][573]LogModuleManager: Shutting down and abandoning module ImmediatePhysics (198)
[2018.07.09-20.19.58:162][573]LogModuleManager: Shutting down and abandoning module UdpMessaging (196)
[2018.07.09-20.19.58:263][573]LogModuleManager: Shutting down and abandoning module TcpMessaging (194)
[2018.07.09-20.19.58:370][573]LogModuleManager: Shutting down and abandoning module GameplayTagsEditor (192)
[2018.07.09-20.19.58:379][573]LogModuleManager: Shutting down and abandoning module FacialAnimation (190)
[2018.07.09-20.19.58:379][573]LogModuleManager: Shutting down and abandoning module AssetManagerEditor (188)
[2018.07.09-20.19.58:387][573]LogModuleManager: Shutting down and abandoning module GraphEditor (187)
[2018.07.09-20.19.58:387][573]LogModuleManager: Shutting down and abandoning module ContentBrowser (185)
[2018.07.09-20.19.58:397][573]LogModuleManager: Shutting down and abandoning module CollectionManager (184)
[2018.07.09-20.19.58:397][573]LogDirectoryWatcher: A directory notification for 'D:/Users/JoshR/Documents/GitHub/Fuse/Content/Collections/' was aborted.
[2018.07.09-20.19.58:397][573]LogDirectoryWatcher: A directory notification for 'D:/Users/JoshR/Documents/GitHub/Fuse/Content/Developers/JoshR/Collections/' was aborted.
[2018.07.09-20.19.58:397][573]LogDirectoryWatcher: A directory notification for 'D:/Users/JoshR/Documents/GitHub/Fuse/Saved/Collections/' was aborted.
[2018.07.09-20.19.58:397][573]LogModuleManager: Shutting down and abandoning module DirectoryWatcher (183)
[2018.07.09-20.19.58:397][573]LogModuleManager: Shutting down and abandoning module LightPropagationVolumeRuntime (178)
[2018.07.09-20.19.58:397][573]LogModuleManager: Shutting down and abandoning module Paper2D (176)
[2018.07.09-20.19.58:408][573]LogModuleManager: Shutting down and abandoning module WindowsMoviePlayer (174)
[2018.07.09-20.19.58:408][573]LogModuleManager: Shutting down and abandoning module WmfMedia (172)
[2018.07.09-20.19.58:422][573]LogModuleManager: Shutting down and abandoning module ClothingSystemEditor (170)
[2018.07.09-20.19.58:422][573]LogModuleManager: Shutting down and abandoning module ClothingSystemRuntime (168)
[2018.07.09-20.19.58:422][573]LogModuleManager: Shutting down and abandoning module MediaAssets (166)
[2018.07.09-20.19.58:422][573]LogModuleManager: Shutting down and abandoning module GameLiveStreaming (164)
[2018.07.09-20.19.58:431][573]LogModuleManager: Shutting down and abandoning module VREditor (162)
[2018.07.09-20.19.58:431][573]LogModuleManager: Shutting down and abandoning module StringTableEditor (160)
[2018.07.09-20.19.58:445][573]LogModuleManager: Shutting down and abandoning module GameplayTasksEditor (158)
[2018.07.09-20.19.58:445][573]LogModuleManager: Shutting down and abandoning module BehaviorTreeEditor (156)
[2018.07.09-20.19.58:465][573]LogModuleManager: Shutting down and abandoning module FunctionalTesting (154)
[2018.07.09-20.19.58:465][573]LogModuleManager: Shutting down and abandoning module CollisionAnalyzer (152)
[2018.07.09-20.19.58:482][573]LogModuleManager: Shutting down and abandoning module UMG (150)
[2018.07.09-20.19.58:487][573]LogModuleManager: Shutting down and abandoning module UMGEditor (149)
[2018.07.09-20.19.58:494][573]LogModuleManager: Shutting down and abandoning module Sequencer (148)
[2018.07.09-20.19.58:494][573]LogModuleManager: Shutting down and abandoning module AssetTools (146)
[2018.07.09-20.19.58:524][573]LogModuleManager: Shutting down and abandoning module MessageLog (145)
[2018.07.09-20.19.58:524][573]LogModuleManager: Shutting down and abandoning module WorkspaceMenuStructure (144)
[2018.07.09-20.19.58:524][573]LogModuleManager: Shutting down and abandoning module SlateReflector (138)
[2018.07.09-20.19.58:541][573]LogModuleManager: Shutting down and abandoning module Slate (136)
[2018.07.09-20.19.58:541][573]LogModuleManager: Shutting down and abandoning module EditorStyle (134)
[2018.07.09-20.19.58:542][573]LogModuleManager: Shutting down and abandoning module Messaging (132)
[2018.07.09-20.19.58:542][573]LogModuleManager: Shutting down and abandoning module SourceCodeAccess (130)
[2018.07.09-20.19.58:542][573]LogModuleManager: Shutting down and abandoning module HeadMountedDisplay (128)
[2018.07.09-20.19.58:542][573]LogModuleManager: Shutting down and abandoning module XAudio2 (126)
[2018.07.09-20.19.58:542][573]LogModuleManager: Shutting down and abandoning module Networking (124)
[2018.07.09-20.19.58:542][573]LogModuleManager: Shutting down and abandoning module Core (120)
[2018.07.09-20.19.58:542][573]LogModuleManager: Shutting down and abandoning module KismetCompiler (118)
[2018.07.09-20.19.58:542][573]LogModuleManager: Shutting down and abandoning module LevelSequence (116)
[2018.07.09-20.19.58:542][573]LogModuleManager: Shutting down and abandoning module PhysXFormats (114)
[2018.07.09-20.19.58:542][573]LogModuleManager: Shutting down and abandoning module MeshUtilities (112)
[2018.07.09-20.19.58:562][573]LogModuleManager: Shutting down and abandoning module SimplygonSwarm (111)
[2018.07.09-20.19.58:576][573]LogModuleManager: Shutting down and abandoning module SimplygonMeshReduction (109)
[2018.07.09-20.19.58:576][573]LogModuleManager: Shutting down and abandoning module QuadricMeshReduction (107)
[2018.07.09-20.19.58:583][573]LogModuleManager: Shutting down and abandoning module AssetRegistry (104)
[2018.07.09-20.19.58:583][573]LogModuleManager: Shutting down and abandoning module DerivedDataCache (102)
[2018.07.09-20.19.58:636][573]LogDerivedDataCache: Shutdown
[2018.07.09-20.19.58:636][573]LogModuleManager: Shutting down and abandoning module TargetPlatform (100)
[2018.07.09-20.19.58:636][573]LogModuleManager: Shutting down and abandoning module VulkanShaderFormat (99)
[2018.07.09-20.19.58:651][573]LogModuleManager: Shutting down and abandoning module ShaderFormatVectorVM (97)
[2018.07.09-20.19.58:658][573]LogModuleManager: Shutting down and abandoning module ShaderFormatOpenGL (95)
[2018.07.09-20.19.58:671][573]LogModuleManager: Shutting down and abandoning module ShaderFormatD3D (93)
[2018.07.09-20.19.58:678][573]LogModuleManager: Shutting down and abandoning module MetalShaderFormat (91)
[2018.07.09-20.19.58:687][573]LogModuleManager: Shutting down and abandoning module TextureFormatUncompressed (89)
[2018.07.09-20.19.58:687][573]LogModuleManager: Shutting down and abandoning module TextureFormatPVR (87)
[2018.07.09-20.19.58:687][573]LogModuleManager: Shutting down and abandoning module TextureFormatDXT (85)
[2018.07.09-20.19.58:687][573]LogModuleManager: Shutting down and abandoning module TextureFormatIntelISPCTexComp (83)
[2018.07.09-20.19.58:696][573]LogModuleManager: Shutting down and abandoning module TextureFormatASTC (81)
[2018.07.09-20.19.58:696][573]LogModuleManager: Shutting down and abandoning module ImageWrapper (80)
[2018.07.09-20.19.58:696][573]LogModuleManager: Shutting down and abandoning module TextureFormatAndroid (77)
[2018.07.09-20.19.58:696][573]LogModuleManager: Shutting down and abandoning module AudioFormatOpus (75)
[2018.07.09-20.19.58:696][573]LogModuleManager: Shutting down and abandoning module AudioFormatOgg (73)
[2018.07.09-20.19.58:696][573]LogModuleManager: Shutting down and abandoning module AudioFormatADPCM (71)
[2018.07.09-20.19.58:696][573]LogModuleManager: Shutting down and abandoning module WindowsTargetPlatform (69)
[2018.07.09-20.19.58:696][573]LogModuleManager: Shutting down and abandoning module WindowsServerTargetPlatform (67)
[2018.07.09-20.19.58:696][573]LogModuleManager: Shutting down and abandoning module WindowsNoEditorTargetPlatform (65)
[2018.07.09-20.19.58:697][573]LogModuleManager: Shutting down and abandoning module WindowsClientTargetPlatform (63)
[2018.07.09-20.19.58:697][573]LogModuleManager: Shutting down and abandoning module InputCore (60)
[2018.07.09-20.19.58:697][573]LogModuleManager: Shutting down and abandoning module Settings (58)
[2018.07.09-20.19.58:697][573]LogModuleManager: Shutting down and abandoning module OculusRift (56)
[2018.07.09-20.19.58:706][573]LogModuleManager: Shutting down and abandoning module GearVRController (54)
[2018.07.09-20.19.58:706][573]LogModuleManager: Shutting down and abandoning module GearVR (52)
[2018.07.09-20.19.58:721][573]LogModuleManager: Shutting down and abandoning module ExampleDeviceProfileSelector (50)
[2018.07.09-20.19.58:721][573]LogModuleManager: Shutting down and abandoning module OnlineBlueprintSupport (48)
[2018.07.09-20.19.58:721][573]LogModuleManager: Shutting down and abandoning module OnlineSubsystem (44)
[2018.07.09-20.19.58:721][573]LogOnline:Display: Unloading online subsystem: NULL
[2018.07.09-20.19.58:757][573]LogModuleManager: Shutting down and abandoning module XMPP (43)
[2018.07.09-20.19.58:773][573]LogModuleManager: Shutting down and abandoning module HTTP (41)
[2018.07.09-20.19.58:787][573]LogModuleManager: Shutting down and abandoning module SSL (40)
[2018.07.09-20.19.58:802][573]LogModuleManager: Shutting down and abandoning module HTTPChunkInstaller (36)
[2018.07.09-20.19.58:811][573]LogModuleManager: Shutting down and abandoning module AnimationModifiers (34)
[2018.07.09-20.19.58:818][573]LogModuleManager: Shutting down and abandoning module PropertyEditor (33)
[2018.07.09-20.19.58:818][573]LogModuleManager: Shutting down and abandoning module AudioEditor (30)
[2018.07.09-20.19.58:820][573]LogModuleManager: Shutting down and abandoning module TextureCompressor (28)
[2018.07.09-20.19.58:820][573]LogModuleManager: Shutting down and abandoning module ShaderCore (26)
[2018.07.09-20.19.58:820][573]LogModuleManager: Shutting down and abandoning module Landscape (24)
[2018.07.09-20.19.58:820][573]LogModuleManager: Shutting down and abandoning module SlateRHIRenderer (22)
[2018.07.09-20.19.58:829][573]LogModuleManager: Shutting down and abandoning module OpenGLDrv (20)
[2018.07.09-20.19.58:850][573]LogModuleManager: Shutting down and abandoning module D3D11RHI (18)
[2018.07.09-20.19.58:850][573]LogModuleManager: Shutting down and abandoning module AnimGraphRuntime (16)
[2018.07.09-20.19.58:857][573]LogModuleManager: Shutting down and abandoning module Renderer (14)
[2018.07.09-20.19.58:857][573]LogModuleManager: Shutting down and abandoning module Engine (12)
[2018.07.09-20.19.58:857][573]LogModuleManager: Shutting down and abandoning module CoreUObject (10)
[2018.07.09-20.19.58:857][573]LogModuleManager: Shutting down and abandoning module NetworkFile (8)
[2018.07.09-20.19.58:867][573]LogModuleManager: Shutting down and abandoning module StreamingFile (6)
[2018.07.09-20.19.58:876][573]LogModuleManager: Shutting down and abandoning module SandboxFile (4)
[2018.07.09-20.19.58:876][573]LogModuleManager: Shutting down and abandoning module PakFile (2)
[2018.07.09-20.19.58:888][573]LogExit: Exiting.
[2018.07.09-20.19.58:889][573]Log file closed, 07/09/18 21:19:58
