Log file open, 05/08/18 20:39:53
LogInit:Display: Running engine for game: RPG_Game
LogPlatformFile: Not using cached read wrapper
LogInit:Display: RandInit(-1964858961) SRandInit(-1964858961).
LogTaskGraph: Started task graph with 5 named threads and 8 total threads with 1 sets of task threads.
LogStats: Stats thread started at 0.084521
LogInit: Using libcurl 7.47.1
LogInit:  - built for x86_64-pc-win32
LogInit:  - supports SSL with OpenSSL/1.0.2g
LogInit:  - supports HTTP deflate (compression) using libz 1.2.8
LogInit:  - other features:
LogInit:      CURL_VERSION_SSL
LogInit:      CURL_VERSION_LIBZ
LogInit:      CURL_VERSION_IPV6
LogInit:      CURL_VERSION_ASYNCHDNS
LogInit:      CURL_VERSION_LARGEFILE
LogInit:      CURL_VERSION_IDN
LogInit:  CurlRequestOptions (configurable via config and command line):
LogInit:  - bVerifyPeer = false  - Libcurl will NOT verify peer certificate
LogInit:  - bUseHttpProxy = false  - Libcurl will NOT use HTTP proxy
LogInit:  - bDontReuseConnections = false  - Libcurl will reuse connections
LogInit:  - CertBundlePath = nullptr  - Libcurl will use whatever was configured at build time.
LogInit: Build: ++UE4+Release-4.16-CL-3561208
LogInit: Engine Version: 4.16.3-3561208+++UE4+Release-4.16
LogInit: Compatible Engine Version: 4.16.0-3452394+++UE4+Release-4.16
LogInit: Net CL: 3452394
LogDevObjectVersion: Number of dev versions registered: 16
LogDevObjectVersion:   Dev-Blueprints (B0D832E4-1F89-4F0D-ACCF-7EB736FD4AA2): 9
LogDevObjectVersion:   Dev-Build (E1C64328-A22C-4D53-A36C-8E866417BD8C): 0
LogDevObjectVersion:   Dev-Core (375EC13C-06E4-48FB-B500-84F0262A717E): 2
LogDevObjectVersion:   Dev-Editor (E4B068ED-F494-42E9-A231-DA0B2E46BB41): 17
LogDevObjectVersion:   Dev-Framework (CFFC743F-43B0-4480-9391-14DF171D2073): 23
LogDevObjectVersion:   Dev-Mobile (B02B49B5-BB20-44E9-A304-32B752E40360): 0
LogDevObjectVersion:   Dev-Networking (A4E4105C-59A1-49B5-A7C5-40C4547EDFEE): 0
LogDevObjectVersion:   Dev-Online (39C831C9-5AE6-47DC-9A44-9C173E1C8E7C): 0
LogDevObjectVersion:   Dev-Physics (78F01B33-EBEA-4F98-B9B4-84EACCB95AA2): 0
LogDevObjectVersion:   Dev-Platform (6631380F-2D4D-43E0-8009-CF276956A95A): 0
LogDevObjectVersion:   Dev-Rendering (12F88B9F-8875-4AFC-A67C-D90C383ABD29): 15
LogDevObjectVersion:   Dev-Sequencer (7B5AE74C-D270-4C10-A958-57980B212A5A): 4
LogDevObjectVersion:   Dev-VR (D7296918-1DD6-4BDD-9DE2-64A83CC13884): 0
LogDevObjectVersion:   Dev-LoadTimes (C2A15278-BFE7-4AFE-6C17-90FF531DF755): 1
LogDevObjectVersion:   Private-Geometry (6EACA3D4-40EC-4CC1-B786-8BED09428FC5): 1
LogDevObjectVersion:   Dev-AnimPhys (29E575DD-E0A3-4627-9D10-D276232CDCEA): 3
LogInit: Compiled (64-bit): Jul 28 2017 11:49:47
LogInit: Compiled with Visual C++: 19.00.24215.01
LogInit: Build Configuration: Development
LogInit: Branch Name: ++UE4+Release-4.16
LogInit: Command line:  /Temp/Autosaves/Game/Maps/UEDPCMenu -game -PIEVIACONSOLE -ResX=1280 -ResY=720  -Multiprocess -messaging -SessionName="Play in Standalone Game" -windowed 
LogInit: Base directory: D:/Program Files/UE_4.16/Engine/Binaries/Win64/
LogInit: Installed Engine Build: 1
LogInit: Presizing for max 8388607 objects, including 0 objects not considered by GC, pre-allocating 0 bytes for permanent pool.
LogInit: Object subsystem initialized
[2018.05.08-19.39.54:279][  0]LogInit: Selected Device Profile: [Windows]
[2018.05.08-19.39.54:279][  0]LogInit: Applying CVar settings loaded from the selected device profile: [Windows]
[2018.05.08-19.39.54:282][  0]LogInit: Computer: DESKTOP-46CB9MQ
[2018.05.08-19.39.54:282][  0]LogInit: User: JoshR
[2018.05.08-19.39.54:282][  0]LogInit: CPU Page size=4096, Cores=4
[2018.05.08-19.39.54:282][  0]LogInit: High frequency timer resolution =3.421876 MHz
[2018.05.08-19.39.54:282][  0]LogMemory: Memory total: Physical=16.0GB (16GB approx)
[2018.05.08-19.39.54:282][  0]LogMemory: Platform Memory Stats for Windows
[2018.05.08-19.39.54:282][  0]LogMemory: Process Physical Memory: 273.63 MB used, 273.63 MB peak
[2018.05.08-19.39.54:282][  0]LogMemory: Process Virtual Memory: 266.84 MB used, 266.84 MB peak
[2018.05.08-19.39.54:282][  0]LogMemory: Physical Memory: 5425.36 MB used,  10918.64 MB free, 16344.00 MB total
[2018.05.08-19.39.54:282][  0]LogMemory: Virtual Memory: 662.43 MB used,  10918.64 MB free, 134217728.00 MB total
[2018.05.08-19.39.54:326][  0]LogInit: Using OS detected language (en-GB).
[2018.05.08-19.39.54:326][  0]LogInit: Using OS detected locale (en-GB).
[2018.05.08-19.39.54:330][  0]LogTextLocalizationManager: No specific localization for 'en-GB' exists, so the 'en' localization will be used.
[2018.05.08-19.39.54:858][  0]LogD3D11RHI: D3D11 adapters:
[2018.05.08-19.39.54:896][  0]LogD3D11RHI:    0. 'NVIDIA GeForce GTX 970' (Feature Level 11_0)
[2018.05.08-19.39.54:896][  0]LogD3D11RHI:       4043/0/8172 MB DedicatedVideo/DedicatedSystem/SharedSystem, Outputs:1, VendorId:0x10de
[2018.05.08-19.39.54:897][  0]LogD3D11RHI:    1. 'Microsoft Basic Render Driver' (Feature Level 11_0)
[2018.05.08-19.39.54:897][  0]LogD3D11RHI:       0/0/8172 MB DedicatedVideo/DedicatedSystem/SharedSystem, Outputs:0, VendorId:0x1414
[2018.05.08-19.39.54:897][  0]LogD3D11RHI: Chosen D3D11 Adapter: 0
[2018.05.08-19.39.54:903][  0]LogD3D11RHI: Creating new Direct3DDevice
[2018.05.08-19.39.54:903][  0]LogD3D11RHI:     GPU DeviceId: 0x13c2 (for the marketing name, search the web for "GPU Device Id")
[2018.05.08-19.39.54:903][  0]LogWindows: EnumDisplayDevices:
[2018.05.08-19.39.54:903][  0]LogWindows:    0. 'NVIDIA GeForce GTX 970' (P:1 D:1)
[2018.05.08-19.39.54:903][  0]LogWindows:    1. 'NVIDIA GeForce GTX 970' (P:0 D:0)
[2018.05.08-19.39.54:903][  0]LogWindows:    2. 'NVIDIA GeForce GTX 970' (P:0 D:0)
[2018.05.08-19.39.54:903][  0]LogWindows:    3. 'NVIDIA GeForce GTX 970' (P:0 D:0)
[2018.05.08-19.39.54:903][  0]LogWindows: DebugString: GetVideoDriverDetailsInvalid PrimaryIsNotTheChoosenAdapter GetVideoDriverDetailsInvalid PrimaryIsNotTheChoosenAdapter GetVideoDriverDetailsInvalid PrimaryIsNotTheChoosenAdapter GetVideoDriverDetailsInvalid PrimaryIsNotTheChoosenAdapter FoundDriverCount:0 
[2018.05.08-19.39.54:903][  0]LogD3D11RHI:     Adapter Name: NVIDIA GeForce GTX 970
[2018.05.08-19.39.54:903][  0]LogD3D11RHI:   Driver Version: Unknown (internal:Unknown, unified:Unknown)
[2018.05.08-19.39.54:903][  0]LogD3D11RHI:      Driver Date: Unknown
[2018.05.08-19.39.54:903][  0]LogRHI: Texture pool is 1361 MB (70% of 1945 MB)
[2018.05.08-19.39.54:930][  0]LogD3D11RHI: Async texture creation enabled
[2018.05.08-19.39.54:950][  0]LogD3D11RHI: GPU Timing Frequency: 1000.000000 (Debug: 2 2)
[2018.05.08-19.39.54:998][  0]LogShaderCompilers: Guid format shader working directory is -2 characters bigger than the processId version (../../../../../Users/JoshR/Documents/GitHub/Fuse/Intermediate/Shaders/WorkingDirectory/4912/).
[2018.05.08-19.39.54:998][  0]LogShaderCompilers: Cleaned the shader compiler working directory 'C:/Users/JoshR/AppData/Local/Temp/UnrealShaderWorkingDir/4B7C002E4F5D768D81202889454D8F9F/'.
[2018.05.08-19.39.54:998][  0]LogShaderCompilers:Display: Using Local Shader Compiler.
[2018.05.08-19.39.55:760][  0]LogTemp:Display: Loaded TP WindowsClientTargetPlatform
[2018.05.08-19.39.55:797][  0]LogTemp:Display: Loaded TP WindowsNoEditorTargetPlatform
[2018.05.08-19.39.55:833][  0]LogTemp:Display: Loaded TP WindowsServerTargetPlatform
[2018.05.08-19.39.55:869][  0]LogTemp:Display: Loaded TP WindowsTargetPlatform
[2018.05.08-19.39.55:869][  0]LogTargetPlatformManager:Display: Building Assets For Windows
[2018.05.08-19.39.56:192][  0]LogDerivedDataCache:Display: Max Cache Size: 512 MB
[2018.05.08-19.39.56:252][  0]LogDerivedDataCache: Loaded boot cache 0.06s 90MB C:/Users/JoshR/AppData/Local/UnrealEngine/4.16/DerivedDataCache/Boot.ddc.
[2018.05.08-19.39.56:252][  0]LogDerivedDataCache:Display: Loaded Boot cache: C:/Users/JoshR/AppData/Local/UnrealEngine/4.16/DerivedDataCache/Boot.ddc
[2018.05.08-19.39.56:252][  0]LogDerivedDataCache: FDerivedDataBackendGraph:  Pak pak cache file ../../../../../Users/JoshR/Documents/GitHub/Fuse/DerivedDataCache/DDC.ddp not found, will not use a pak cache.
[2018.05.08-19.39.56:252][  0]LogDerivedDataCache: Unable to find inner node Pak for hierarchical cache Hierarchy.
[2018.05.08-19.39.56:252][  0]LogDerivedDataCache: FDerivedDataBackendGraph:  CompressedPak pak cache file ../../../../../Users/JoshR/Documents/GitHub/Fuse/DerivedDataCache/Compressed.ddp not found, will not use a pak cache.
[2018.05.08-19.39.56:252][  0]LogDerivedDataCache: Unable to find inner node CompressedPak for hierarchical cache Hierarchy.
[2018.05.08-19.39.56:264][  0]LogDerivedDataCache:Display: Pak cache opened for reading ../../../Engine/DerivedDataCache/Compressed.ddp.
[2018.05.08-19.39.56:276][  0]LogDerivedDataCache: Using Local data cache path C:/Users/JoshR/AppData/Local/UnrealEngine/Common/DerivedDataCache: Writable
[2018.05.08-19.39.56:284][  0]LogMaterial: Verifying Global Shaders for PCD3D_SM5
[2018.05.08-19.39.56:284][  0]LogSlate: Using Freetype 2.6.0
[2018.05.08-19.39.56:285][  0]LogSlate: SlateFontCache - WITH_FREETYPE: 1, WITH_HARFBUZZ: 1
[2018.05.08-19.39.56:285][  0]LogSlate: SlateFontCache - WITH_FREETYPE: 1, WITH_HARFBUZZ: 1
[2018.05.08-19.39.56:513][  0]LogAssetRegistry: FAssetRegistry took 0.0031 seconds to start up
[2018.05.08-19.39.56:520][  0]LogPackageLocalizationCache: Processed 4 localized package path(s) for 2 prioritized culture(s) in 0.006695 seconds
[2018.05.08-19.39.56:583][  0]LogInit: Selected Device Profile: [Windows]
[2018.05.08-19.39.56:627][  0]LogContentStreaming: Texture pool size is 1000.00 MB
[2018.05.08-19.39.56:744][  0]LogMeshUtilities: Using QuadricMeshReduction for automatic static mesh reduction
[2018.05.08-19.39.56:775][  0]LogSimplygon: Simplygon DLL not present - disabling.
[2018.05.08-19.39.56:816][  0]LogMeshUtilities: Using SimplygonSwarm for distributed automatic mesh merging
[2018.05.08-19.39.56:816][  0]LogMeshUtilities: No automatic skeletal mesh reduction module available
[2018.05.08-19.39.56:816][  0]LogMeshUtilities: No automatic mesh merging module available
[2018.05.08-19.39.57:163][  0]LogNetVersion: RPG_Game , NetCL: 3452394, EngineNetVer: 2, GameNetVer: 0 (Checksum: 2586067795)
[2018.05.08-19.39.57:205][  0]LogInit: WinSock: version 1.1 (2.2), MaxSocks=32767, MaxUdp=65467
[2018.05.08-19.39.57:939][  0]LogMoviePlayer: Initializing movie player
[2018.05.08-19.39.58:200][  0]LogCollectionManager: Loaded 0 collections in 0.001184 seconds
[2018.05.08-19.39.58:246][  0]LogFileCache: Scanning file cache for directory 'D:/Users/JoshR/Documents/GitHub/Fuse/Saved/Collections/' took 0.01s
[2018.05.08-19.39.58:246][  0]LogFileCache: Scanning file cache for directory 'D:/Users/JoshR/Documents/GitHub/Fuse/Content/Developers/JoshR/Collections/' took 0.01s
[2018.05.08-19.39.58:246][  0]LogFileCache: Scanning file cache for directory 'D:/Users/JoshR/Documents/GitHub/Fuse/Content/Collections/' took 0.01s
[2018.05.08-19.39.58:246][  0]LogCollectionManager: Rebuilt the object cache for 0 collections in 0.000001 seconds (found 0 objects)
[2018.05.08-19.39.58:246][  0]LogCollectionManager: Fixed up redirectors for 0 collections in 0.000033 seconds (updated 0 objects)
[2018.05.08-19.39.58:401][  0]LogSubstanceCoreModule: Substance [CPU] Engine Loaded, Max Texture Size = 2048
[2018.05.08-19.39.58:426][  0]LogTcpMessaging: Initializing TcpMessaging bridge
[2018.05.08-19.39.58:461][  0]LogUdpMessaging: Initializing bridge on interface 0.0.0.0:0 to multicast group 230.0.0.1:6666.
[2018.05.08-19.39.58:796][  0]SourceControl: Info Source control is disabled
[2018.05.08-19.39.58:797][  0]SourceControl: Info Source control is disabled
[2018.05.08-19.39.58:838][  0]SourceControl: Info Source control is disabled
[2018.05.08-19.39.59:048][  0]LogAndroidPermission: UAndroidPermissionCallbackProxy::GetInstance
[2018.05.08-19.39.59:419][  0]LogUObjectArray: 37412 objects as part of root set at end of initial load.
[2018.05.08-19.39.59:419][  0]LogUObjectAllocator: 8432712 out of 0 bytes used by permanent object pool.
[2018.05.08-19.39.59:419][  0]LogUObjectArray: CloseDisregardForGC: 0/0 objects in disregard for GC pool
[2018.05.08-19.39.59:496][  0]LogEngine: Initializing Engine...
[2018.05.08-19.39.59:497][  0]LogHMD: Failed to initialize OpenVR with code 110
[2018.05.08-19.39.59:623][  0]LogStats: UGameplayTagsManager::ConstructGameplayTagTree: Construct from data asset -  0.000 s
[2018.05.08-19.39.59:623][  0]LogStats: UGameplayTagsManager::ConstructGameplayTagTree: GameplayTagTreeChangedEvent.Broadcast -  0.000 s
[2018.05.08-19.39.59:632][  0]LogInit: XAudio2 using 'Speakers (High Definition Audio Device)' : 2 channels at 44.1 kHz using 16 bits per sample (channel mask 0x3)
[2018.05.08-19.39.59:645][  0]LogInit: FAudioDevice initialized.
[2018.05.08-19.39.59:663][  0]LogInit: Texture streaming: Enabled
[2018.05.08-19.39.59:673][  0]LogMaterial: Uniform references updated for custom material expression Custom.
[2018.05.08-19.39.59:846][  0]LogSlateStyle:Warning: Unable to find Slate Widget Style 'NormalText'. Using FTextBlockStyle defaults instead.
[2018.05.08-19.39.59:846][  0]LogSlateStyle:Warning: Unable to find Slate Widget Style 'SpinBox'. Using FSpinBoxStyle defaults instead.
[2018.05.08-19.39.59:999][  0]LogInit:Display: Game Engine Initialized.
[2018.05.08-19.40.00:115][  0]LogInit:Display: Starting Game.
[2018.05.08-19.40.00:115][  0]LogNet: Browse: /Temp/Autosaves/Game/Maps/UEDPCMenu?Name=Player
[2018.05.08-19.40.00:116][  0]LogLoad: LoadMap: /Temp/Autosaves/Game/Maps/UEDPCMenu?Name=Player
[2018.05.08-19.40.00:129][  0]LogMemory: Platform Memory Stats for Windows
[2018.05.08-19.40.00:129][  0]LogMemory: Process Physical Memory: 801.56 MB used, 902.44 MB peak
[2018.05.08-19.40.00:129][  0]LogMemory: Process Virtual Memory: 907.33 MB used, 960.43 MB peak
[2018.05.08-19.40.00:129][  0]LogMemory: Physical Memory: 5861.21 MB used,  10482.80 MB free, 16344.00 MB total
[2018.05.08-19.40.00:129][  0]LogMemory: Virtual Memory: 1543.08 MB used,  10482.80 MB free, 134217728.00 MB total
[2018.05.08-19.40.00:129][  0]LogMemory: 
[2018.05.08-19.40.00:129][  0]Allocator Stats for TBB: (not implemented)
[2018.05.08-19.40.00:333][  0]LogAIModule: Creating AISystem for world Menu
[2018.05.08-19.40.00:336][  0]LogLoad: Game class is 'FuseGM_C'
[2018.05.08-19.40.00:337][  0]LogWorld: Bringing World /Temp/Autosaves/Game/Maps/UEDPCMenu.Menu up for play (max tick rate 0) at 2018.05.08-20.40.00
[2018.05.08-19.40.00:337][  0]LogWorld: Bringing up level for play took: 0.000417
[2018.05.08-19.40.00:341][  0]LogLoad: Took 0.225343 seconds to LoadMap(/Temp/Autosaves/Game/Maps/UEDPCMenu)
[2018.05.08-19.40.00:476][  0]LogRenderer: Reallocating scene render targets to support 1280x720 NumSamples 1 (Frame:1).
[2018.05.08-19.40.00:476][  0]LogLoad: (Engine Initialization) Total time: 7.58 seconds
[2018.05.08-19.40.00:476][  0]LogLoad: (Engine Initialization) Total Blueprint compile time: 0.09 seconds
[2018.05.08-19.40.00:476][  0]LogExternalProfiler: No external profilers were discovered.  External profiling features will not be available.
[2018.05.08-19.40.00:492][  0]LogOcInput: OculusInput pre-init called
[2018.05.08-19.40.00:492][  0]LogHMD: Starting GearVRController plugin
[2018.05.08-19.40.01:496][ 55]LogPackageName: SearchForPackageOnDisk took   0.117s to resolve RiverDale.umap.
[2018.05.08-19.40.01:614][ 55]LogPackageName: SearchForPackageOnDisk took   0.117s to resolve RiverDale.umap.
[2018.05.08-19.40.01:614][ 55]LogNet: Browse: /Game/Maps/RiverDale
[2018.05.08-19.40.01:614][ 55]LogLoad: LoadMap: /Game/Maps/RiverDale
[2018.05.08-19.40.01:628][ 55]LogMemory: Platform Memory Stats for Windows
[2018.05.08-19.40.01:628][ 55]LogMemory: Process Physical Memory: 825.63 MB used, 902.44 MB peak
[2018.05.08-19.40.01:628][ 55]LogMemory: Process Virtual Memory: 1097.60 MB used, 1100.70 MB peak
[2018.05.08-19.40.01:628][ 55]LogMemory: Physical Memory: 5873.63 MB used,  10470.38 MB free, 16344.00 MB total
[2018.05.08-19.40.01:628][ 55]LogMemory: Virtual Memory: 1751.95 MB used,  10470.38 MB free, 134217728.00 MB total
[2018.05.08-19.40.01:628][ 55]LogMemory: 
[2018.05.08-19.40.01:628][ 55]Allocator Stats for TBB: (not implemented)
[2018.05.08-19.40.01:891][ 55]LogLinker:Warning: Can't find file '/Game/Materials/ButtonMaterial'
[2018.05.08-19.40.01:891][ 55]LoadErrors: Info Failed to load /Game/Materials/ButtonMaterial.ButtonMaterial Referenced by Button_Push
[2018.05.08-19.40.01:891][ 55]LogUObjectGlobals:Warning: Failed to load '/Game/Materials/ButtonMaterial': Can't find file '/Game/Materials/ButtonMaterial'
[2018.05.08-19.40.01:891][ 55]LogLinker:Warning: Can't find file for asset '/Game/Materials/ButtonMaterial' while loading NULL.
[2018.05.08-19.40.01:891][ 55]LoadErrors: Info Failed to load /Game/Materials/ButtonMaterial.ButtonMaterial Referenced by Button_Push
[2018.05.08-19.40.01:891][ 55]LogUObjectGlobals:Warning: Failed to load '/Game/Materials/ButtonMaterial': Can't find file for asset '/Game/Materials/ButtonMaterial' while loading NULL.
[2018.05.08-19.40.01:891][ 55]LogLinker:Warning: Can't find file '/Game/Materials/ButtonMaterial'
[2018.05.08-19.40.01:891][ 55]LoadErrors: Info Failed to load /Game/Materials/ButtonMaterial.ButtonMaterial Referenced by Button_Base
[2018.05.08-19.40.01:891][ 55]LogUObjectGlobals:Warning: Failed to load '/Game/Materials/ButtonMaterial': Can't find file '/Game/Materials/ButtonMaterial'
[2018.05.08-19.40.01:892][ 55]LogLinker:Warning: Can't find file for asset '/Game/Materials/ButtonMaterial' while loading NULL.
[2018.05.08-19.40.01:892][ 55]LoadErrors: Info Failed to load /Game/Materials/ButtonMaterial.ButtonMaterial Referenced by Button_Base
[2018.05.08-19.40.01:892][ 55]LogUObjectGlobals:Warning: Failed to load '/Game/Materials/ButtonMaterial': Can't find file for asset '/Game/Materials/ButtonMaterial' while loading NULL.
[2018.05.08-19.40.01:997][ 55]LogAIModule: Creating AISystem for world RiverDale
[2018.05.08-19.40.02:000][ 55]LogLoad: Game class is 'FuseGM_C'
[2018.05.08-19.40.02:013][ 55]LogWorld: Bringing World /Game/Maps/RiverDale.RiverDale up for play (max tick rate 0) at 2018.05.08-20.40.02
[2018.05.08-19.40.02:014][ 55]LogWorld: Bringing up level for play took: 0.013100
[2018.05.08-19.40.02:016][ 55]LogLoad: Took 0.401887 seconds to LoadMap(/Game/Maps/RiverDale)
[2018.05.08-19.40.04:794][219]LogPackageName: SearchForPackageOnDisk took   0.115s to resolve Menu.umap.
[2018.05.08-19.40.04:909][219]LogPackageName: SearchForPackageOnDisk took   0.115s to resolve Menu.umap.
[2018.05.08-19.40.04:909][219]LogNet: Browse: /Game/Maps/Menu
[2018.05.08-19.40.04:909][219]LogLoad: LoadMap: /Game/Maps/Menu
[2018.05.08-19.40.04:935][219]LogMemory: Platform Memory Stats for Windows
[2018.05.08-19.40.04:935][219]LogMemory: Process Physical Memory: 905.89 MB used, 920.85 MB peak
[2018.05.08-19.40.04:935][219]LogMemory: Process Virtual Memory: 1254.98 MB used, 1270.93 MB peak
[2018.05.08-19.40.04:935][219]LogMemory: Physical Memory: 5947.90 MB used,  10396.10 MB free, 16344.00 MB total
[2018.05.08-19.40.04:935][219]LogMemory: Virtual Memory: 1926.02 MB used,  10396.10 MB free, 134217728.00 MB total
[2018.05.08-19.40.04:935][219]LogMemory: 
[2018.05.08-19.40.04:935][219]Allocator Stats for TBB: (not implemented)
[2018.05.08-19.40.05:046][219]LogAIModule: Creating AISystem for world Menu
[2018.05.08-19.40.05:049][219]LogLoad: Game class is 'FuseGM_C'
[2018.05.08-19.40.05:051][219]LogWorld: Bringing World /Game/Maps/Menu.Menu up for play (max tick rate 0) at 2018.05.08-20.40.05
[2018.05.08-19.40.05:051][219]LogWorld: Bringing up level for play took: 0.000436
[2018.05.08-19.40.05:051][219]LogGameMode: FindPlayerStart: PATHS NOT DEFINED or NO PLAYERSTART with positive rating
[2018.05.08-19.40.05:053][219]LogLoad: Took 0.144165 seconds to LoadMap(/Game/Maps/Menu)
[2018.05.08-19.40.39:834][376]r.ScreenPercentage = "50"
[2018.05.08-19.40.39:835][377]LogRenderer: Reallocating scene render targets to support 640x360 NumSamples 1 (Frame:2159).
[2018.05.08-19.40.40:867][440]r.ScreenPercentage = "25"
[2018.05.08-19.40.40:868][441]LogRenderer: Reallocating scene render targets to support 320x180 NumSamples 1 (Frame:2223).
[2018.05.08-19.40.42:964][570]sg.PostProcessQuality = "1"
[2018.05.08-19.40.44:835][686]sg.ShadowQuality = "3"
[2018.05.08-19.40.46:576][794]t.MaxFPS = "144"
[2018.05.08-19.40.50:098][284]LogPackageName: SearchForPackageOnDisk took   0.118s to resolve RiverDale.umap.
[2018.05.08-19.40.50:214][284]LogPackageName: SearchForPackageOnDisk took   0.116s to resolve RiverDale.umap.
[2018.05.08-19.40.50:214][284]LogNet: Browse: /Game/Maps/RiverDale
[2018.05.08-19.40.50:214][284]LogLoad: LoadMap: /Game/Maps/RiverDale
[2018.05.08-19.40.50:229][284]LogMemory: Platform Memory Stats for Windows
[2018.05.08-19.40.50:229][284]LogMemory: Process Physical Memory: 824.91 MB used, 920.85 MB peak
[2018.05.08-19.40.50:229][284]LogMemory: Process Virtual Memory: 964.76 MB used, 1282.65 MB peak
[2018.05.08-19.40.50:229][284]LogMemory: Physical Memory: 5475.41 MB used,  10868.59 MB free, 16344.00 MB total
[2018.05.08-19.40.50:229][284]LogMemory: Virtual Memory: 1852.20 MB used,  10868.59 MB free, 134217728.00 MB total
[2018.05.08-19.40.50:229][284]LogMemory: 
[2018.05.08-19.40.50:229][284]Allocator Stats for TBB: (not implemented)
[2018.05.08-19.40.50:458][284]LogLinker:Warning: Can't find file '/Game/Materials/ButtonMaterial'
[2018.05.08-19.40.50:458][284]LoadErrors: Info Failed to load /Game/Materials/ButtonMaterial.ButtonMaterial Referenced by Button_Push
[2018.05.08-19.40.50:458][284]LogUObjectGlobals:Warning: Failed to load '/Game/Materials/ButtonMaterial': Can't find file '/Game/Materials/ButtonMaterial'
[2018.05.08-19.40.50:458][284]LogLinker:Warning: Can't find file for asset '/Game/Materials/ButtonMaterial' while loading NULL.
[2018.05.08-19.40.50:458][284]LoadErrors: Info Failed to load /Game/Materials/ButtonMaterial.ButtonMaterial Referenced by Button_Push
[2018.05.08-19.40.50:458][284]LogUObjectGlobals:Warning: Failed to load '/Game/Materials/ButtonMaterial': Can't find file for asset '/Game/Materials/ButtonMaterial' while loading NULL.
[2018.05.08-19.40.50:458][284]LogLinker:Warning: Can't find file '/Game/Materials/ButtonMaterial'
[2018.05.08-19.40.50:458][284]LoadErrors: Info Failed to load /Game/Materials/ButtonMaterial.ButtonMaterial Referenced by Button_Base
[2018.05.08-19.40.50:458][284]LogUObjectGlobals:Warning: Failed to load '/Game/Materials/ButtonMaterial': Can't find file '/Game/Materials/ButtonMaterial'
[2018.05.08-19.40.50:458][284]LogLinker:Warning: Can't find file for asset '/Game/Materials/ButtonMaterial' while loading NULL.
[2018.05.08-19.40.50:458][284]LoadErrors: Info Failed to load /Game/Materials/ButtonMaterial.ButtonMaterial Referenced by Button_Base
[2018.05.08-19.40.50:458][284]LogUObjectGlobals:Warning: Failed to load '/Game/Materials/ButtonMaterial': Can't find file for asset '/Game/Materials/ButtonMaterial' while loading NULL.
[2018.05.08-19.40.50:598][284]LogAIModule: Creating AISystem for world RiverDale
[2018.05.08-19.40.50:601][284]LogLoad: Game class is 'FuseGM_C'
[2018.05.08-19.40.50:614][284]LogWorld: Bringing World /Game/Maps/RiverDale.RiverDale up for play (max tick rate 144) at 2018.05.08-20.40.50
[2018.05.08-19.40.50:614][284]LogWorld: Bringing up level for play took: 0.012996
[2018.05.08-19.40.50:617][284]LogLoad: Took 0.401802 seconds to LoadMap(/Game/Maps/RiverDale)
[2018.05.08-19.40.59:651][579]r.ScreenPercentage = "100"
[2018.05.08-19.40.59:651][580]LogRenderer: Reallocating scene render targets to support 1280x720 NumSamples 1 (Frame:1297).
[2018.05.08-19.40.59:992][628]r.ScreenPercentage = "100"
[2018.05.08-19.41.01:027][777]sg.PostProcessQuality = "3"
[2018.05.08-19.41.01:742][880]Command not recognized: PostProcessAAQuality 3
[2018.05.08-19.41.02:443][981]sg.ShadowQuality = "3"
[2018.05.08-19.41.03:083][ 73]t.MaxFPS = "144"
[2018.05.08-19.41.16:464][983]LogPackageName: SearchForPackageOnDisk took   0.117s to resolve Menu.umap.
[2018.05.08-19.41.16:582][983]LogPackageName: SearchForPackageOnDisk took   0.117s to resolve Menu.umap.
[2018.05.08-19.41.16:582][983]LogNet: Browse: /Game/Maps/Menu
[2018.05.08-19.41.16:582][983]LogLoad: LoadMap: /Game/Maps/Menu
[2018.05.08-19.41.16:607][983]LogMemory: Platform Memory Stats for Windows
[2018.05.08-19.41.16:607][983]LogMemory: Process Physical Memory: 842.05 MB used, 920.85 MB peak
[2018.05.08-19.41.16:607][983]LogMemory: Process Virtual Memory: 1153.17 MB used, 1282.65 MB peak
[2018.05.08-19.41.16:607][983]LogMemory: Physical Memory: 5495.86 MB used,  10848.14 MB free, 16344.00 MB total
[2018.05.08-19.41.16:607][983]LogMemory: Virtual Memory: 1932.02 MB used,  10848.14 MB free, 134217728.00 MB total
[2018.05.08-19.41.16:607][983]LogMemory: 
[2018.05.08-19.41.16:607][983]Allocator Stats for TBB: (not implemented)
[2018.05.08-19.41.16:720][983]LogAIModule: Creating AISystem for world Menu
[2018.05.08-19.41.16:723][983]LogLoad: Game class is 'FuseGM_C'
[2018.05.08-19.41.16:724][983]LogWorld: Bringing World /Game/Maps/Menu.Menu up for play (max tick rate 144) at 2018.05.08-20.41.16
[2018.05.08-19.41.16:724][983]LogWorld: Bringing up level for play took: 0.000380
[2018.05.08-19.41.16:724][983]LogGameMode: FindPlayerStart: PATHS NOT DEFINED or NO PLAYERSTART with positive rating
[2018.05.08-19.41.16:727][983]LogLoad: Took 0.144852 seconds to LoadMap(/Game/Maps/Menu)
[2018.05.08-19.41.18:959][305]Closing by request
[2018.05.08-19.41.18:959][305]LogWindows: FPlatformMisc::RequestExit(0)
[2018.05.08-19.41.19:533][306]LogWindowsTextInputMethodSystem:Display: IME system now deactivated.
[2018.05.08-19.41.19:538][306]LogExit: Preparing to exit.
[2018.05.08-19.41.19:538][306]LogMoviePlayer: Shutting down movie player
[2018.05.08-19.41.20:595][306]LogExit: Game engine shut down
[2018.05.08-19.41.20:629][306]LogObj: Freed 0b from 0 cluster array pools.
[2018.05.08-19.41.20:629][306]LogExit: Object subsystem successfully closed.
[2018.05.08-19.41.20:642][306]LogD3D11RHI: Shutdown
[2018.05.08-19.41.20:642][306]LogD3D11RHI: CleanupD3DDevice
[2018.05.08-19.41.20:671][306]LogD3D11RHI: ~FD3D11DynamicRHI
[2018.05.08-19.41.20:675][306]LogModuleManager: Shutting down and abandoning module SequenceRecorderSections (298)
[2018.05.08-19.41.20:675][306]LogModuleManager: Shutting down and abandoning module SequenceRecorder (296)
[2018.05.08-19.41.20:675][306]LogModuleManager: Shutting down and abandoning module AutomationController (294)
[2018.05.08-19.41.20:675][306]LogModuleManager: Shutting down and abandoning module AutomationWorker (292)
[2018.05.08-19.41.20:675][306]LogModuleManager: Shutting down and abandoning module AIModule (290)
[2018.05.08-19.41.20:675][306]LogModuleManager: Shutting down and abandoning module GameplayDebugger (289)
[2018.05.08-19.41.20:675][306]LogModuleManager: Shutting down and abandoning module AITestSuite (287)
[2018.05.08-19.41.20:675][306]LogModuleManager: Shutting down and abandoning module WmfMediaFactory (284)
[2018.05.08-19.41.20:675][306]LogModuleManager: Shutting down and abandoning module AvfMediaFactory (282)
[2018.05.08-19.41.20:675][306]LogModuleManager: Shutting down and abandoning module AndroidMediaFactory (280)
[2018.05.08-19.41.20:675][306]LogModuleManager: Shutting down and abandoning module Media (279)
[2018.05.08-19.41.20:675][306]LogModuleManager: Shutting down and abandoning module CharacterAI (276)
[2018.05.08-19.41.20:675][306]LogModuleManager: Shutting down and abandoning module SessionServices (274)
[2018.05.08-19.41.20:675][306]LogModuleManager: Shutting down and abandoning module MovieSceneCapture (272)
[2018.05.08-19.41.20:675][306]LogModuleManager: Shutting down and abandoning module MovieSceneTracks (270)
[2018.05.08-19.41.20:675][306]LogModuleManager: Shutting down and abandoning module MovieScene (268)
[2018.05.08-19.41.20:675][306]LogModuleManager: Shutting down and abandoning module GeometryCache (266)
[2018.05.08-19.41.20:675][306]LogModuleManager: Shutting down and abandoning module GeometryCacheEd (265)
[2018.05.08-19.41.20:675][306]LogModuleManager: Shutting down and abandoning module Niagara (262)
[2018.05.08-19.41.20:675][306]LogModuleManager: Shutting down and abandoning module NiagaraEditor (261)
[2018.05.08-19.41.20:675][306]LogModuleManager: Shutting down and abandoning module StreamingPauseRendering (258)
[2018.05.08-19.41.20:675][306]LogModuleManager: Shutting down and abandoning module PortalServices (256)
[2018.05.08-19.41.20:675][306]LogModuleManager: Shutting down and abandoning module PortalRpc (254)
[2018.05.08-19.41.20:675][306]LogModuleManager: Shutting down and abandoning module MessagingRpc (252)
[2018.05.08-19.41.20:675][306]LogModuleManager: Shutting down and abandoning module ProfilerService (250)
[2018.05.08-19.41.20:768][306]LogModuleManager: Shutting down and abandoning module TaskGraph (248)
[2018.05.08-19.41.20:768][306]LogModuleManager: Shutting down and abandoning module SteamVRController (246)
[2018.05.08-19.41.20:768][306]LogModuleManager: Shutting down and abandoning module SteamVR (244)
[2018.05.08-19.41.20:768][306]LogModuleManager: Shutting down and abandoning module ProceduralMeshComponent (242)
[2018.05.08-19.41.20:768][306]LogModuleManager: Shutting down and abandoning module OculusLibrary (240)
[2018.05.08-19.41.20:768][306]LogModuleManager: Shutting down and abandoning module OculusInput (238)
[2018.05.08-19.41.20:768][306]LogModuleManager: Shutting down and abandoning module MobilePatchingUtils (236)
[2018.05.08-19.41.20:768][306]LogModuleManager: Shutting down and abandoning module CustomMeshComponent (234)
[2018.05.08-19.41.20:768][306]LogModuleManager: Shutting down and abandoning module CableComponent (232)
[2018.05.08-19.41.20:768][306]LogModuleManager: Shutting down and abandoning module ArchVisCharacter (230)
[2018.05.08-19.41.20:768][306]LogModuleManager: Shutting down and abandoning module AndroidPermission (228)
[2018.05.08-19.41.20:768][306]LogModuleManager: Shutting down and abandoning module HTML5Networking (224)
[2018.05.08-19.41.20:768][306]LogModuleManager: Shutting down and abandoning module VisualStudioSourceCodeAccess (222)
[2018.05.08-19.41.20:768][306]LogModuleManager: Shutting down and abandoning module DesktopPlatform (221)
[2018.05.08-19.41.20:768][306]LogModuleManager: Shutting down and abandoning module HotReload (219)
[2018.05.08-19.41.20:768][306]LogModuleManager: Shutting down and abandoning module UObjectPlugin (216)
[2018.05.08-19.41.20:768][306]LogModuleManager: Shutting down and abandoning module SubversionSourceControl (214)
[2018.05.08-19.41.20:768][306]LogModuleManager: Shutting down and abandoning module PerforceSourceControl (212)
[2018.05.08-19.41.20:768][306]LogModuleManager: Shutting down and abandoning module SourceControl (211)
[2018.05.08-19.41.20:768][306]LogModuleManager: Shutting down and abandoning module PhysXVehiclesEditor (208)
[2018.05.08-19.41.20:768][306]LogModuleManager: Shutting down and abandoning module PhysXVehicles (206)
[2018.05.08-19.41.20:768][306]LogModuleManager: Shutting down and abandoning module LocationServicesBPLibrary (204)
[2018.05.08-19.41.20:768][306]LogModuleManager: Shutting down and abandoning module ImmediatePhysicsEditor (202)
[2018.05.08-19.41.20:768][306]LogModuleManager: Shutting down and abandoning module ImmediatePhysics (200)
[2018.05.08-19.41.20:768][306]LogModuleManager: Shutting down and abandoning module UdpMessaging (198)
[2018.05.08-19.41.20:868][306]LogModuleManager: Shutting down and abandoning module TcpMessaging (196)
[2018.05.08-19.41.21:447][306]LogModuleManager: Shutting down and abandoning module SubstanceCore (194)
[2018.05.08-19.41.21:447][306]LogModuleManager: Shutting down and abandoning module GameplayTagsEditor (192)
[2018.05.08-19.41.21:447][306]LogModuleManager: Shutting down and abandoning module FacialAnimation (190)
[2018.05.08-19.41.21:447][306]LogModuleManager: Shutting down and abandoning module AssetManagerEditor (188)
[2018.05.08-19.41.21:447][306]LogModuleManager: Shutting down and abandoning module GraphEditor (187)
[2018.05.08-19.41.21:447][306]LogModuleManager: Shutting down and abandoning module ContentBrowser (185)
[2018.05.08-19.41.21:447][306]LogModuleManager: Shutting down and abandoning module CollectionManager (184)
[2018.05.08-19.41.21:447][306]LogDirectoryWatcher: A directory notification for 'D:/Users/JoshR/Documents/GitHub/Fuse/Content/Collections/' was aborted.
[2018.05.08-19.41.21:447][306]LogDirectoryWatcher: A directory notification for 'D:/Users/JoshR/Documents/GitHub/Fuse/Content/Developers/JoshR/Collections/' was aborted.
[2018.05.08-19.41.21:447][306]LogDirectoryWatcher: A directory notification for 'D:/Users/JoshR/Documents/GitHub/Fuse/Saved/Collections/' was aborted.
[2018.05.08-19.41.21:447][306]LogModuleManager: Shutting down and abandoning module DirectoryWatcher (183)
[2018.05.08-19.41.21:447][306]LogModuleManager: Shutting down and abandoning module LightPropagationVolumeRuntime (178)
[2018.05.08-19.41.21:447][306]LogModuleManager: Shutting down and abandoning module Paper2D (176)
[2018.05.08-19.41.21:447][306]LogModuleManager: Shutting down and abandoning module WindowsMoviePlayer (174)
[2018.05.08-19.41.21:447][306]LogModuleManager: Shutting down and abandoning module WmfMedia (172)
[2018.05.08-19.41.21:448][306]LogModuleManager: Shutting down and abandoning module ClothingSystemEditor (170)
[2018.05.08-19.41.21:448][306]LogModuleManager: Shutting down and abandoning module ClothingSystemRuntime (168)
[2018.05.08-19.41.21:448][306]LogModuleManager: Shutting down and abandoning module MediaAssets (166)
[2018.05.08-19.41.21:448][306]LogModuleManager: Shutting down and abandoning module GameLiveStreaming (164)
[2018.05.08-19.41.21:448][306]LogModuleManager: Shutting down and abandoning module VREditor (162)
[2018.05.08-19.41.21:448][306]LogModuleManager: Shutting down and abandoning module StringTableEditor (160)
[2018.05.08-19.41.21:448][306]LogModuleManager: Shutting down and abandoning module GameplayTasksEditor (158)
[2018.05.08-19.41.21:448][306]LogModuleManager: Shutting down and abandoning module BehaviorTreeEditor (156)
[2018.05.08-19.41.21:448][306]LogModuleManager: Shutting down and abandoning module FunctionalTesting (154)
[2018.05.08-19.41.21:448][306]LogModuleManager: Shutting down and abandoning module CollisionAnalyzer (152)
[2018.05.08-19.41.21:448][306]LogModuleManager: Shutting down and abandoning module UMG (150)
[2018.05.08-19.41.21:448][306]LogModuleManager: Shutting down and abandoning module UMGEditor (149)
[2018.05.08-19.41.21:448][306]LogModuleManager: Shutting down and abandoning module Sequencer (148)
[2018.05.08-19.41.21:448][306]LogModuleManager: Shutting down and abandoning module AssetTools (146)
[2018.05.08-19.41.21:448][306]LogModuleManager: Shutting down and abandoning module MessageLog (145)
[2018.05.08-19.41.21:448][306]LogModuleManager: Shutting down and abandoning module WorkspaceMenuStructure (144)
[2018.05.08-19.41.21:448][306]LogModuleManager: Shutting down and abandoning module SlateReflector (138)
[2018.05.08-19.41.21:448][306]LogModuleManager: Shutting down and abandoning module Slate (136)
[2018.05.08-19.41.21:448][306]LogModuleManager: Shutting down and abandoning module EditorStyle (134)
[2018.05.08-19.41.21:449][306]LogModuleManager: Shutting down and abandoning module Messaging (132)
[2018.05.08-19.41.21:449][306]LogModuleManager: Shutting down and abandoning module SourceCodeAccess (130)
[2018.05.08-19.41.21:449][306]LogModuleManager: Shutting down and abandoning module HeadMountedDisplay (128)
[2018.05.08-19.41.21:449][306]LogModuleManager: Shutting down and abandoning module XAudio2 (126)
[2018.05.08-19.41.21:449][306]LogModuleManager: Shutting down and abandoning module Networking (124)
[2018.05.08-19.41.21:449][306]LogModuleManager: Shutting down and abandoning module Core (120)
[2018.05.08-19.41.21:449][306]LogModuleManager: Shutting down and abandoning module KismetCompiler (118)
[2018.05.08-19.41.21:449][306]LogModuleManager: Shutting down and abandoning module LevelSequence (116)
[2018.05.08-19.41.21:449][306]LogModuleManager: Shutting down and abandoning module PhysXFormats (114)
[2018.05.08-19.41.21:449][306]LogModuleManager: Shutting down and abandoning module MeshUtilities (112)
[2018.05.08-19.41.21:449][306]LogModuleManager: Shutting down and abandoning module SimplygonSwarm (111)
[2018.05.08-19.41.21:449][306]LogModuleManager: Shutting down and abandoning module SimplygonMeshReduction (109)
[2018.05.08-19.41.21:449][306]LogModuleManager: Shutting down and abandoning module QuadricMeshReduction (107)
[2018.05.08-19.41.21:449][306]LogModuleManager: Shutting down and abandoning module AssetRegistry (104)
[2018.05.08-19.41.21:449][306]LogModuleManager: Shutting down and abandoning module DerivedDataCache (102)
[2018.05.08-19.41.21:824][306]LogDerivedDataCache: Shutdown
[2018.05.08-19.41.21:824][306]LogModuleManager: Shutting down and abandoning module TargetPlatform (100)
[2018.05.08-19.41.21:825][306]LogModuleManager: Shutting down and abandoning module VulkanShaderFormat (99)
[2018.05.08-19.41.21:825][306]LogModuleManager: Shutting down and abandoning module ShaderFormatVectorVM (97)
[2018.05.08-19.41.21:825][306]LogModuleManager: Shutting down and abandoning module ShaderFormatOpenGL (95)
[2018.05.08-19.41.21:825][306]LogModuleManager: Shutting down and abandoning module ShaderFormatD3D (93)
[2018.05.08-19.41.21:825][306]LogModuleManager: Shutting down and abandoning module MetalShaderFormat (91)
[2018.05.08-19.41.21:825][306]LogModuleManager: Shutting down and abandoning module TextureFormatUncompressed (89)
[2018.05.08-19.41.21:825][306]LogModuleManager: Shutting down and abandoning module TextureFormatPVR (87)
[2018.05.08-19.41.21:825][306]LogModuleManager: Shutting down and abandoning module TextureFormatDXT (85)
[2018.05.08-19.41.21:825][306]LogModuleManager: Shutting down and abandoning module TextureFormatIntelISPCTexComp (83)
[2018.05.08-19.41.21:825][306]LogModuleManager: Shutting down and abandoning module TextureFormatASTC (81)
[2018.05.08-19.41.21:825][306]LogModuleManager: Shutting down and abandoning module ImageWrapper (80)
[2018.05.08-19.41.21:825][306]LogModuleManager: Shutting down and abandoning module TextureFormatAndroid (77)
[2018.05.08-19.41.21:825][306]LogModuleManager: Shutting down and abandoning module AudioFormatOpus (75)
[2018.05.08-19.41.21:825][306]LogModuleManager: Shutting down and abandoning module AudioFormatOgg (73)
[2018.05.08-19.41.21:825][306]LogModuleManager: Shutting down and abandoning module AudioFormatADPCM (71)
[2018.05.08-19.41.21:825][306]LogModuleManager: Shutting down and abandoning module WindowsTargetPlatform (69)
[2018.05.08-19.41.21:825][306]LogModuleManager: Shutting down and abandoning module WindowsServerTargetPlatform (67)
[2018.05.08-19.41.21:825][306]LogModuleManager: Shutting down and abandoning module WindowsNoEditorTargetPlatform (65)
[2018.05.08-19.41.21:825][306]LogModuleManager: Shutting down and abandoning module WindowsClientTargetPlatform (63)
[2018.05.08-19.41.21:825][306]LogModuleManager: Shutting down and abandoning module InputCore (60)
[2018.05.08-19.41.21:825][306]LogModuleManager: Shutting down and abandoning module Settings (58)
[2018.05.08-19.41.21:825][306]LogModuleManager: Shutting down and abandoning module OculusRift (56)
[2018.05.08-19.41.21:825][306]LogModuleManager: Shutting down and abandoning module GearVRController (54)
[2018.05.08-19.41.21:825][306]LogModuleManager: Shutting down and abandoning module GearVR (52)
[2018.05.08-19.41.21:825][306]LogModuleManager: Shutting down and abandoning module ExampleDeviceProfileSelector (50)
[2018.05.08-19.41.21:825][306]LogModuleManager: Shutting down and abandoning module OnlineBlueprintSupport (48)
[2018.05.08-19.41.21:825][306]LogModuleManager: Shutting down and abandoning module OnlineSubsystem (44)
[2018.05.08-19.41.21:825][306]LogOnline:Display: Unloading online subsystem: NULL
[2018.05.08-19.41.21:825][306]LogModuleManager: Shutting down and abandoning module XMPP (43)
[2018.05.08-19.41.21:825][306]LogModuleManager: Shutting down and abandoning module HTTP (41)
[2018.05.08-19.41.21:845][306]LogModuleManager: Shutting down and abandoning module SSL (40)
[2018.05.08-19.41.21:846][306]LogModuleManager: Shutting down and abandoning module HTTPChunkInstaller (36)
[2018.05.08-19.41.21:846][306]LogModuleManager: Shutting down and abandoning module AnimationModifiers (34)
[2018.05.08-19.41.21:846][306]LogModuleManager: Shutting down and abandoning module PropertyEditor (33)
[2018.05.08-19.41.21:846][306]LogModuleManager: Shutting down and abandoning module AudioEditor (30)
[2018.05.08-19.41.21:846][306]LogModuleManager: Shutting down and abandoning module TextureCompressor (28)
[2018.05.08-19.41.21:846][306]LogModuleManager: Shutting down and abandoning module ShaderCore (26)
[2018.05.08-19.41.21:846][306]LogModuleManager: Shutting down and abandoning module Landscape (24)
[2018.05.08-19.41.21:846][306]LogModuleManager: Shutting down and abandoning module SlateRHIRenderer (22)
[2018.05.08-19.41.21:846][306]LogModuleManager: Shutting down and abandoning module OpenGLDrv (20)
[2018.05.08-19.41.21:846][306]LogModuleManager: Shutting down and abandoning module D3D11RHI (18)
[2018.05.08-19.41.21:846][306]LogModuleManager: Shutting down and abandoning module AnimGraphRuntime (16)
[2018.05.08-19.41.21:846][306]LogModuleManager: Shutting down and abandoning module Renderer (14)
[2018.05.08-19.41.21:846][306]LogModuleManager: Shutting down and abandoning module Engine (12)
[2018.05.08-19.41.21:846][306]LogModuleManager: Shutting down and abandoning module CoreUObject (10)
[2018.05.08-19.41.21:846][306]LogModuleManager: Shutting down and abandoning module NetworkFile (8)
[2018.05.08-19.41.21:846][306]LogModuleManager: Shutting down and abandoning module StreamingFile (6)
[2018.05.08-19.41.21:846][306]LogModuleManager: Shutting down and abandoning module SandboxFile (4)
[2018.05.08-19.41.21:846][306]LogModuleManager: Shutting down and abandoning module PakFile (2)
[2018.05.08-19.41.21:847][306]LogExit: Exiting.
[2018.05.08-19.41.21:848][306]Log file closed, 05/08/18 20:41:21
