Log file open, 04/25/18 15:02:23
LogInit:Display: Running engine for game: RPG_Game
LogPlatformFile: Not using cached read wrapper
LogInit:Display: RandInit(-232449093) SRandInit(-232449093).
LogTaskGraph: Started task graph with 5 named threads and 8 total threads with 1 sets of task threads.
LogStats: Stats thread started at 0.118113
LogInit: Using libcurl 7.47.1
LogInit:  - built for x86_64-pc-win32
LogInit:  - supports SSL with OpenSSL/1.0.2g
LogInit:  - supports HTTP deflate (compression) using libz 1.2.8
LogInit:  - other features:
LogInit:      CURL_VERSION_SSL
LogInit:      CURL_VERSION_LIBZ
LogInit:      CURL_VERSION_IPV6
LogInit:      CURL_VERSION_ASYNCHDNS
LogInit:      CURL_VERSION_LARGEFILE
LogInit:      CURL_VERSION_IDN
LogInit:  CurlRequestOptions (configurable via config and command line):
LogInit:  - bVerifyPeer = false  - Libcurl will NOT verify peer certificate
LogInit:  - bUseHttpProxy = false  - Libcurl will NOT use HTTP proxy
LogInit:  - bDontReuseConnections = false  - Libcurl will reuse connections
LogInit:  - CertBundlePath = nullptr  - Libcurl will use whatever was configured at build time.
LogInit: Build: ++UE4+Release-4.16-CL-3561208
LogInit: Engine Version: 4.16.3-3561208+++UE4+Release-4.16
LogInit: Compatible Engine Version: 4.16.0-3452394+++UE4+Release-4.16
LogInit: Net CL: 3452394
LogDevObjectVersion: Number of dev versions registered: 16
LogDevObjectVersion:   Dev-Blueprints (B0D832E4-1F89-4F0D-ACCF-7EB736FD4AA2): 9
LogDevObjectVersion:   Dev-Build (E1C64328-A22C-4D53-A36C-8E866417BD8C): 0
LogDevObjectVersion:   Dev-Core (375EC13C-06E4-48FB-B500-84F0262A717E): 2
LogDevObjectVersion:   Dev-Editor (E4B068ED-F494-42E9-A231-DA0B2E46BB41): 17
LogDevObjectVersion:   Dev-Framework (CFFC743F-43B0-4480-9391-14DF171D2073): 23
LogDevObjectVersion:   Dev-Mobile (B02B49B5-BB20-44E9-A304-32B752E40360): 0
LogDevObjectVersion:   Dev-Networking (A4E4105C-59A1-49B5-A7C5-40C4547EDFEE): 0
LogDevObjectVersion:   Dev-Online (39C831C9-5AE6-47DC-9A44-9C173E1C8E7C): 0
LogDevObjectVersion:   Dev-Physics (78F01B33-EBEA-4F98-B9B4-84EACCB95AA2): 0
LogDevObjectVersion:   Dev-Platform (6631380F-2D4D-43E0-8009-CF276956A95A): 0
LogDevObjectVersion:   Dev-Rendering (12F88B9F-8875-4AFC-A67C-D90C383ABD29): 15
LogDevObjectVersion:   Dev-Sequencer (7B5AE74C-D270-4C10-A958-57980B212A5A): 4
LogDevObjectVersion:   Dev-VR (D7296918-1DD6-4BDD-9DE2-64A83CC13884): 0
LogDevObjectVersion:   Dev-LoadTimes (C2A15278-BFE7-4AFE-6C17-90FF531DF755): 1
LogDevObjectVersion:   Private-Geometry (6EACA3D4-40EC-4CC1-B786-8BED09428FC5): 1
LogDevObjectVersion:   Dev-AnimPhys (29E575DD-E0A3-4627-9D10-D276232CDCEA): 3
LogInit: Compiled (64-bit): Jul 28 2017 11:49:47
LogInit: Compiled with Visual C++: 19.00.24215.01
LogInit: Build Configuration: Development
LogInit: Branch Name: ++UE4+Release-4.16
LogInit: Command line:  
LogInit: Base directory: C:/Program Files/Epic Games/UE_4.16/Engine/Binaries/Win64/
LogInit: Installed Engine Build: 1
LogInit: Presizing for max 8388607 objects, including 0 objects not considered by GC, pre-allocating 0 bytes for permanent pool.
LogInit: Object subsystem initialized
[2018.04.25-14.02.24:308][  0]LogInit: Selected Device Profile: [Windows]
[2018.04.25-14.02.24:308][  0]LogInit: Applying CVar settings loaded from the selected device profile: [Windows]
[2018.04.25-14.02.24:381][  0]LogInit: Computer: C217-37
[2018.04.25-14.02.24:381][  0]LogInit: User: jordanboast
[2018.04.25-14.02.24:381][  0]LogInit: CPU Page size=4096, Cores=4
[2018.04.25-14.02.24:381][  0]LogInit: High frequency timer resolution =3.328124 MHz
[2018.04.25-14.02.24:381][  0]LogMemory: Memory total: Physical=15.9GB (16GB approx)
[2018.04.25-14.02.24:381][  0]LogMemory: Platform Memory Stats for Windows
[2018.04.25-14.02.24:381][  0]LogMemory: Process Physical Memory: 277.32 MB used, 277.32 MB peak
[2018.04.25-14.02.24:381][  0]LogMemory: Process Virtual Memory: 262.11 MB used, 262.11 MB peak
[2018.04.25-14.02.24:381][  0]LogMemory: Physical Memory: 4469.89 MB used,  11834.66 MB free, 16304.54 MB total
[2018.04.25-14.02.24:381][  0]LogMemory: Virtual Memory: 675.63 MB used,  11834.66 MB free, 134217728.00 MB total
[2018.04.25-14.02.24:441][  0]LogInit: Using OS detected language (en-US).
[2018.04.25-14.02.24:441][  0]LogInit: Using OS detected locale (en-GB).
[2018.04.25-14.02.24:443][  0]LogTextLocalizationManager: No specific localization for 'en-US' exists, so the 'en' localization will be used.
[2018.04.25-14.02.25:194][  0]LogD3D11RHI: D3D11 adapters:
[2018.04.25-14.02.25:211][  0]LogD3D11RHI:    0. 'NVIDIA Quadro K2200' (Feature Level 11_0)
[2018.04.25-14.02.25:211][  0]LogD3D11RHI:       4062/0/8152 MB DedicatedVideo/DedicatedSystem/SharedSystem, Outputs:1, VendorId:0x10de
[2018.04.25-14.02.25:212][  0]LogD3D11RHI:    1. 'Microsoft Basic Render Driver' (Feature Level 11_0)
[2018.04.25-14.02.25:212][  0]LogD3D11RHI:       0/0/8152 MB DedicatedVideo/DedicatedSystem/SharedSystem, Outputs:0, VendorId:0x1414
[2018.04.25-14.02.25:212][  0]LogD3D11RHI: Chosen D3D11 Adapter: 0
[2018.04.25-14.02.25:218][  0]LogD3D11RHI: Creating new Direct3DDevice
[2018.04.25-14.02.25:218][  0]LogD3D11RHI:     GPU DeviceId: 0x13ba (for the marketing name, search the web for "GPU Device Id")
[2018.04.25-14.02.25:218][  0]LogWindows: EnumDisplayDevices:
[2018.04.25-14.02.25:218][  0]LogWindows:    0. 'NVIDIA Quadro K2200' (P:1 D:1)
[2018.04.25-14.02.25:219][  0]LogWindows:    1. 'NVIDIA Quadro K2200' (P:0 D:0)
[2018.04.25-14.02.25:219][  0]LogWindows:    2. 'NVIDIA Quadro K2200' (P:0 D:0)
[2018.04.25-14.02.25:219][  0]LogWindows:    3. 'NVIDIA Quadro K2200' (P:0 D:0)
[2018.04.25-14.02.25:219][  0]LogWindows: DebugString: FoundDriverCount:4 
[2018.04.25-14.02.25:219][  0]LogD3D11RHI:     Adapter Name: NVIDIA Quadro K2200
[2018.04.25-14.02.25:219][  0]LogD3D11RHI:   Driver Version: 377.11 (internal:21.21.13.7711, unified:377.11)
[2018.04.25-14.02.25:219][  0]LogD3D11RHI:      Driver Date: 3-17-2017
[2018.04.25-14.02.25:219][  0]LogRHI: Texture pool is 1361 MB (70% of 1945 MB)
[2018.04.25-14.02.25:229][  0]LogD3D11RHI: Async texture creation enabled
[2018.04.25-14.02.25:240][  0]LogD3D11RHI: GPU Timing Frequency: 1000.000000 (Debug: 2 1)
[2018.04.25-14.02.25:282][  0]LogShaderCompilers: Guid format shader working directory is 37 characters bigger than the processId version (E:/FMP/RPG_Game/Intermediate/Shaders/WorkingDirectory/44192/).
[2018.04.25-14.02.25:282][  0]LogShaderCompilers: Cleaned the shader compiler working directory 'C:/Users/jordan.boast/AppData/Local/Temp/UnrealShaderWorkingDir/AD90D5CA4E39E9F9EAE210866E114B13/'.
[2018.04.25-14.02.25:282][  0]LogShaderCompilers:Display: Using Local Shader Compiler.
[2018.04.25-14.02.26:441][  0]LogTemp:Display: Loaded TP AllDesktopTargetPlatform
[2018.04.25-14.02.26:481][  0]LogTemp:Display: Loaded TP MacClientTargetPlatform
[2018.04.25-14.02.26:519][  0]LogTemp:Display: Loaded TP MacNoEditorTargetPlatform
[2018.04.25-14.02.26:564][  0]LogTemp:Display: Loaded TP MacServerTargetPlatform
[2018.04.25-14.02.26:607][  0]LogTemp:Display: Loaded TP MacTargetPlatform
[2018.04.25-14.02.26:651][  0]LogTemp:Display: Loaded TP WindowsClientTargetPlatform
[2018.04.25-14.02.26:697][  0]LogTemp:Display: Loaded TP WindowsNoEditorTargetPlatform
[2018.04.25-14.02.26:735][  0]LogTemp:Display: Loaded TP WindowsServerTargetPlatform
[2018.04.25-14.02.26:774][  0]LogTemp:Display: Loaded TP WindowsTargetPlatform
[2018.04.25-14.02.26:810][  0]LogTemp:Display: Loaded TP AndroidTargetPlatform
[2018.04.25-14.02.26:846][  0]LogTemp:Display: Loaded TP Android_ASTCTargetPlatform
[2018.04.25-14.02.26:885][  0]LogTemp:Display: Loaded TP Android_ATCTargetPlatform
[2018.04.25-14.02.26:923][  0]LogTemp:Display: Loaded TP Android_DXTTargetPlatform
[2018.04.25-14.02.26:959][  0]LogTemp:Display: Loaded TP Android_ETC1TargetPlatform
[2018.04.25-14.02.26:993][  0]LogTemp:Display: Loaded TP Android_ETC2TargetPlatform
[2018.04.25-14.02.27:066][  0]LogTemp:Display: Loaded TP Android_MultiTargetPlatform
[2018.04.25-14.02.27:066][  0]LogTemp:Display: Loaded TP Android_PVRTCTargetPlatform
[2018.04.25-14.02.27:093][  0]LogTemp:Display: Loaded TP HTML5TargetPlatform
[2018.04.25-14.02.27:166][  0]LogTemp:Display: Loaded TP IOSTargetPlatform
[2018.04.25-14.02.27:188][  0]LogTemp:Display: Loaded TP TVOSTargetPlatform
[2018.04.25-14.02.27:222][  0]LogTemp:Display: Loaded TP LinuxClientTargetPlatform
[2018.04.25-14.02.27:259][  0]LogTemp:Display: Loaded TP LinuxNoEditorTargetPlatform
[2018.04.25-14.02.27:296][  0]LogTemp:Display: Loaded TP LinuxServerTargetPlatform
[2018.04.25-14.02.27:333][  0]LogTemp:Display: Loaded TP LinuxTargetPlatform
[2018.04.25-14.02.27:333][  0]LogTargetPlatformManager:Display: Building Assets For Windows
[2018.04.25-14.02.27:707][  0]LogDerivedDataCache:Display: Max Cache Size: 512 MB
[2018.04.25-14.02.27:707][  0]LogDerivedDataCache:Display: Starting with empty Boot cache
[2018.04.25-14.02.27:707][  0]LogDerivedDataCache: FDerivedDataBackendGraph:  Pak pak cache file E:/FMP/RPG_Game/DerivedDataCache/DDC.ddp not found, will not use a pak cache.
[2018.04.25-14.02.27:707][  0]LogDerivedDataCache: Unable to find inner node Pak for hierarchical cache Hierarchy.
[2018.04.25-14.02.27:707][  0]LogDerivedDataCache: FDerivedDataBackendGraph:  CompressedPak pak cache file E:/FMP/RPG_Game/DerivedDataCache/Compressed.ddp not found, will not use a pak cache.
[2018.04.25-14.02.27:707][  0]LogDerivedDataCache: Unable to find inner node CompressedPak for hierarchical cache Hierarchy.
[2018.04.25-14.02.27:719][  0]LogDerivedDataCache:Display: Pak cache opened for reading ../../../Engine/DerivedDataCache/Compressed.ddp.
[2018.04.25-14.02.27:731][  0]LogDerivedDataCache: Using Local data cache path C:/Users/jordan.boast/AppData/Local/UnrealEngine/Common/DerivedDataCache: Writable
[2018.04.25-14.02.27:768][  0]LogMaterial: Verifying Global Shaders for PCD3D_SM5
[2018.04.25-14.02.27:768][  0]LogSlate: Using Freetype 2.6.0
[2018.04.25-14.02.27:769][  0]LogSlate: SlateFontCache - WITH_FREETYPE: 1, WITH_HARFBUZZ: 1
[2018.04.25-14.02.27:769][  0]LogSlate: SlateFontCache - WITH_FREETYPE: 1, WITH_HARFBUZZ: 1
[2018.04.25-14.02.28:023][  0]LogInit: Selected Device Profile: [Windows]
[2018.04.25-14.02.28:227][  0]LogContentStreaming: Texture pool size is 0.00 MB
[2018.04.25-14.02.28:395][  0]LogMeshUtilities: Using QuadricMeshReduction for automatic static mesh reduction
[2018.04.25-14.02.28:428][  0]LogSimplygon: Simplygon DLL not present - disabling.
[2018.04.25-14.02.28:465][  0]LogMeshUtilities: Using SimplygonSwarm for distributed automatic mesh merging
[2018.04.25-14.02.28:465][  0]LogMeshUtilities: No automatic skeletal mesh reduction module available
[2018.04.25-14.02.28:465][  0]LogMeshUtilities: No automatic mesh merging module available
[2018.04.25-14.02.28:927][  0]LogLinker:Warning: The file '../../../Engine/Content/EditorMaterials/Thumbnails/SkySphereMaterial.uasset' contains unrecognizable data, check that it is of the expected type.
[2018.04.25-14.02.28:927][  0]LogLinker:Warning: The file '../../../Engine/Content/EditorMaterials/Thumbnails/SkySphereMaterial.uasset' contains unrecognizable data, check that it is of the expected type.
[2018.04.25-14.02.28:927][  0]LogLinker:Warning: The file '../../../Engine/Content/EditorMaterials/Thumbnails/SkySphereMaterial.uasset' contains unrecognizable data, check that it is of the expected type.
[2018.04.25-14.02.28:927][  0]LogLinker:Warning: The file '../../../Engine/Content/EditorMaterials/Thumbnails/SkySphereMaterial.uasset' contains unrecognizable data, check that it is of the expected type.
[2018.04.25-14.02.28:928][  0]LogLinker:Warning: The file '../../../Engine/Content/EditorMaterials/Thumbnails/SkySphereMaterial.uasset' contains unrecognizable data, check that it is of the expected type.
[2018.04.25-14.02.28:928][  0]LogLinker:Warning: The file '../../../Engine/Content/EditorMaterials/Thumbnails/SkySphereMaterial.uasset' contains unrecognizable data, check that it is of the expected type.
[2018.04.25-14.02.29:474][  0]LogNetVersion: RPG_Game , NetCL: 3452394, EngineNetVer: 2, GameNetVer: 0 (Checksum: 2586067795)
[2018.04.25-14.02.29:570][  0]LogAssetRegistry: FAssetRegistry took 0.0247 seconds to start up
[2018.04.25-14.02.30:199][  0]LogPackageLocalizationCache: Processed 4 localized package path(s) for 2 prioritized culture(s) in 0.605449 seconds
[2018.04.25-14.02.30:208][  0]LogUObjectArray: 34191 objects as part of root set at end of initial load.
[2018.04.25-14.02.30:208][  0]LogUObjectAllocator: 7257264 out of 0 bytes used by permanent object pool.
[2018.04.25-14.02.30:208][  0]LogUObjectArray: CloseDisregardForGC: 0/0 objects in disregard for GC pool
[2018.04.25-14.02.30:272][  0]LogInit: WinSock: version 1.1 (2.2), MaxSocks=32767, MaxUdp=65467
[2018.04.25-14.02.32:263][  0]LogTcpMessaging: Initializing TcpMessaging bridge
[2018.04.25-14.02.32:296][  0]LogUdpMessaging: Initializing bridge on interface 0.0.0.0:0 to multicast group 230.0.0.1:6666.
[2018.04.25-14.02.32:877][  0]LogMaterial: Uniform references updated for custom material expression Custom.
[2018.04.25-14.02.33:304][  0]SourceControl: Info Source control is disabled
[2018.04.25-14.02.33:968][  0]LogAndroidPermission: UAndroidPermissionCallbackProxy::GetInstance
[2018.04.25-14.02.34:482][  0]LogEngine: Initializing Engine...
[2018.04.25-14.02.34:482][  0]LogHMD: Failed to initialize OpenVR with code 110
[2018.04.25-14.02.34:876][  0]LogStats: UGameplayTagsManager::ConstructGameplayTagTree: Construct from data asset -  0.000 s
[2018.04.25-14.02.34:876][  0]LogStats: UGameplayTagsManager::ConstructGameplayTagTree: GameplayTagTreeChangedEvent.Broadcast -  0.000 s
[2018.04.25-14.02.34:967][  0]LogAIModule: Creating AISystem for world Untitled
[2018.04.25-14.02.34:972][  0]LogInit: XAudio2 using 'Speakers (Realtek High Definition Audio)' : 2 channels at 48 kHz using 32 bits per sample (channel mask 0x3)
[2018.04.25-14.02.35:016][  0]LogInit: FAudioDevice initialized.
[2018.04.25-14.02.35:047][  0]LogDerivedDataCache: Saved boot cache 0.03s 90MB C:/Users/jordan.boast/AppData/Local/UnrealEngine/4.16/DerivedDataCache/Boot.ddc.
[2018.04.25-14.02.35:059][  0]LogInit: Texture streaming: Enabled
[2018.04.25-14.02.35:134][  0]LogEngineSessionManager: EngineSessionManager initialized
[2018.04.25-14.02.35:318][  0]LogWindowsTextInputMethodSystem:Display: IME system now deactivated.
[2018.04.25-14.02.35:368][  0]LogInit: Transaction tracking system initialized
[2018.04.25-14.02.35:623][  0]BlueprintLog: New page: Editor Load
[2018.04.25-14.02.36:484][  0]LocalizationService: Info Localization service is disabled
[2018.04.25-14.02.37:139][  0]LogConsoleResponse:Display: 
[2018.04.25-14.02.37:273][  0]LogLinker:Warning: The file '../../../Engine/Content/EditorMaterials/Thumbnails/SkySphereMaterial.uasset' contains unrecognizable data, check that it is of the expected type.
[2018.04.25-14.02.37:320][  0]LogCook:Display: Max memory allowance for cook 16384mb min free memory 0mb
[2018.04.25-14.02.37:320][  0]LogCook:Display: Mobile HDR setting 1
[2018.04.25-14.02.38:235][  0]LogFileCache: Scanning file cache for directory 'E:/FMP/RPG_Game/Content/' took 0.02s
[2018.04.25-14.02.38:277][  0]Cmd: MAP LOAD FILE="E:/FMP/RPG_Game/Content/Maps/HelloWorld.umap" TEMPLATE=0 SHOWPROGRESS=1 FEATURELEVEL=3
[2018.04.25-14.02.38:351][  0]LightingResults: New page: Lighting Build
[2018.04.25-14.02.38:391][  0]MapCheck: New page: Map Check
[2018.04.25-14.02.38:391][  0]LightingResults: New page: Lighting Build
[2018.04.25-14.02.39:568][  0]LogLinker:Warning: Can't find file '/Game/Materials/ButtonMaterial'
[2018.04.25-14.02.39:568][  0]LogLinker:Warning: Can't find file for asset '/Game/Materials/ButtonMaterial' while loading E:/FMP/RPG_Game/Content/Assets/PressurePad/Button_Base.uasset.
[2018.04.25-14.02.39:568][  0]LoadErrors:Error: Error /Game/Assets/PressurePad/Button_Base : Can't find file for asset. /Game/Materials/ButtonMaterial
[2018.04.25-14.02.39:568][  0]LogLinker:Warning: Can't find file '/Game/Materials/ButtonMaterial'
[2018.04.25-14.02.39:568][  0]LogLinker:Warning: Can't find file for asset '/Game/Materials/ButtonMaterial' while loading E:/FMP/RPG_Game/Content/Assets/PressurePad/Button_Base.uasset.
[2018.04.25-14.02.39:568][  0]LoadErrors:Error: Error /Game/Assets/PressurePad/Button_Base : Can't find file for asset. /Game/Materials/ButtonMaterial
[2018.04.25-14.02.39:574][  0]LogLinker:Warning: Can't find file '/Game/Materials/ButtonMaterial'
[2018.04.25-14.02.39:574][  0]LogLinker:Warning: Can't find file for asset '/Game/Materials/ButtonMaterial' while loading E:/FMP/RPG_Game/Content/Assets/PressurePad/Button_Push.uasset.
[2018.04.25-14.02.39:574][  0]LoadErrors:Error: Error /Game/Assets/PressurePad/Button_Push : Can't find file for asset. /Game/Materials/ButtonMaterial
[2018.04.25-14.02.39:574][  0]LogLinker:Warning: Can't find file '/Game/Materials/ButtonMaterial'
[2018.04.25-14.02.39:574][  0]LogLinker:Warning: Can't find file for asset '/Game/Materials/ButtonMaterial' while loading E:/FMP/RPG_Game/Content/Assets/PressurePad/Button_Push.uasset.
[2018.04.25-14.02.39:574][  0]LoadErrors:Error: Error /Game/Assets/PressurePad/Button_Push : Can't find file for asset. /Game/Materials/ButtonMaterial
[2018.04.25-14.02.41:206][  0]LogLinker:Warning: Can't find file '/Game/Materials/ButtonMaterial'
[2018.04.25-14.02.41:206][  0]LoadErrors: Info Failed to load /Game/Materials/ButtonMaterial.ButtonMaterial Referenced by Button_Push
[2018.04.25-14.02.41:206][  0]LogLinker:Warning: Can't find file for asset '/Game/Materials/ButtonMaterial' while loading NULL.
[2018.04.25-14.02.41:206][  0]LoadErrors: Info Failed to load /Game/Materials/ButtonMaterial.ButtonMaterial Referenced by Button_Push
[2018.04.25-14.02.41:206][  0]LogLinker:Warning: Can't find file '/Game/Materials/ButtonMaterial'
[2018.04.25-14.02.41:206][  0]LoadErrors: Info Failed to load /Game/Materials/ButtonMaterial.ButtonMaterial Referenced by Button_Base
[2018.04.25-14.02.41:206][  0]LogLinker:Warning: Can't find file for asset '/Game/Materials/ButtonMaterial' while loading NULL.
[2018.04.25-14.02.41:206][  0]LoadErrors: Info Failed to load /Game/Materials/ButtonMaterial.ButtonMaterial Referenced by Button_Base
[2018.04.25-14.02.41:255][  0]LogTexture:Display: Building textures: Start_Line (AutoDXT, 420X100)
[2018.04.25-14.02.41:259][  0]LogTexture:Display: Building textures: Start (AutoDXT, 420X100)
[2018.04.25-14.02.41:264][  0]LogTexture:Display: Building textures: Settings_Line (AutoDXT, 420X100)
[2018.04.25-14.02.41:270][  0]LogTexture:Display: Building textures: Settings (AutoDXT, 420X100)
[2018.04.25-14.02.41:276][  0]LogTexture:Display: Building textures: Quit_Line (AutoDXT, 420X100)
[2018.04.25-14.02.41:282][  0]LogTexture:Display: Building textures: Quit (AutoDXT, 420X100)
[2018.04.25-14.02.41:289][  0]LogTexture:Display: Building textures: Controls_Line (AutoDXT, 420X100)
[2018.04.25-14.02.41:293][  0]LogTexture:Display: Building textures: Controls (AutoDXT, 420X100)
[2018.04.25-14.02.41:298][  0]LogTexture:Display: Building textures: Title (BGRA8, 360X179)
[2018.04.25-14.02.41:306][  0]LogTexture:Display: Building textures: Settings_Heading (BGRA8, 1920X71)
[2018.04.25-14.02.41:310][  0]LogTexture:Display: Building textures: Menu_Icon (BGRA8, 55X40)
[2018.04.25-14.02.41:312][  0]LogTexture:Display: Building textures: Return_To_Menu_Line (AutoDXT, 420X100)
[2018.04.25-14.02.41:317][  0]LogTexture:Display: Building textures: Return_To_Menu (AutoDXT, 420X100)
[2018.04.25-14.02.41:324][  0]LogTexture:Display: Building textures: Resume_Game_Line (AutoDXT, 420X100)
[2018.04.25-14.02.41:329][  0]LogTexture:Display: Building textures: Resume_Game (AutoDXT, 420X100)
[2018.04.25-14.02.41:345][  0]LogTexture:Display: Building textures: Background (AutoDXT, 1920X1080)
[2018.04.25-14.02.41:597][  0]LogTexture:Display: Building textures: MainBackground (AutoDXT, 1920X1080)
[2018.04.25-14.02.42:997][  0]LogTexture:Display: Building textures: Controls_Background (AutoDXT, 1920X1080)
[2018.04.25-14.02.45:406][  0]LogTexture:Display: Building textures: Controls_Icons (BGRA8, 1259X264)
[2018.04.25-14.02.45:436][  0]LogTexture:Display: Building textures: Control_Heading (BGRA8, 1920X71)
[2018.04.25-14.02.45:464][  0]LogAnimationCompression: Building Anim DDC data for AnimSequence /Game/Assets/Misc_Objects/Generators/Generator_1_Anim.Generator_1_Anim
[2018.04.25-14.02.45:540][  0]LogTexture:Display: Building textures: Texture2D_36 (BGRA8, 64X64)
[2018.04.25-14.02.45:563][  0]LogTexture:Display: Building textures: Texture2D_37 (BGRA8, 64X64)
[2018.04.25-14.02.45:564][  0]LogTexture:Display: Building textures: Texture2D_38 (BGRA8, 64X64)
[2018.04.25-14.02.45:566][  0]LogTexture:Display: Building textures: Texture2D_39 (BGRA8, 64X64)
[2018.04.25-14.02.45:567][  0]LogTexture:Display: Building textures: Texture2D_40 (BGRA8, 64X64)
[2018.04.25-14.02.45:568][  0]LogTexture:Display: Building textures: Texture2D_41 (BGRA8, 64X64)
[2018.04.25-14.02.45:569][  0]LogTexture:Display: Building textures: Texture2D_42 (BGRA8, 64X64)
[2018.04.25-14.02.45:570][  0]LogTexture:Display: Building textures: Texture2D_43 (BGRA8, 64X64)
[2018.04.25-14.02.45:571][  0]LogTexture:Display: Building textures: Texture2D_44 (BGRA8, 64X64)
[2018.04.25-14.02.45:573][  0]LogTexture:Display: Building textures: Texture2D_45 (BGRA8, 64X64)
[2018.04.25-14.02.45:574][  0]LogTexture:Display: Building textures: Texture2D_46 (BGRA8, 64X64)
[2018.04.25-14.02.45:575][  0]LogTexture:Display: Building textures: Texture2D_47 (BGRA8, 64X64)
[2018.04.25-14.02.45:576][  0]LogTexture:Display: Building textures: Texture2D_48 (BGRA8, 64X64)
[2018.04.25-14.02.45:577][  0]LogTexture:Display: Building textures: Texture2D_49 (BGRA8, 64X64)
[2018.04.25-14.02.45:578][  0]LogTexture:Display: Building textures: Texture2D_50 (BGRA8, 64X64)
[2018.04.25-14.02.45:579][  0]LogTexture:Display: Building textures: Texture2D_51 (BGRA8, 64X64)
[2018.04.25-14.02.45:589][  0]LogMaterial: Missing cached shader map for material Grass, compiling. 
[2018.04.25-14.02.45:720][  0]LogMaterial: Missing cached shader map for material Grass, compiling. 
[2018.04.25-14.02.45:854][  0]LogTexture:Display: Building textures: Texture2D_0 (BGRA8, 512X512)
[2018.04.25-14.02.45:868][  0]LogStaticMesh: Building static mesh 10mGlassWall...
[2018.04.25-14.02.45:869][  0]LogStaticMesh: Built static mesh [0.00s] /Game/Assets/Walls/Glass/10mGlassWall.10mGlassWall
[2018.04.25-14.02.45:869][  0]LogStaticMesh: Building static mesh 25mGlassWall...
[2018.04.25-14.02.45:870][  0]LogStaticMesh: Built static mesh [0.00s] /Game/Assets/Walls/Glass/25mGlassWall.25mGlassWall
[2018.04.25-14.02.45:870][  0]LogStaticMesh: Building static mesh F_Frame_01...
[2018.04.25-14.02.45:878][  0]LogStaticMesh: Built static mesh [0.01s] /Game/F_Frame_01.F_Frame_01
[2018.04.25-14.02.45:878][  0]LogStaticMesh: Building static mesh F_Frame_02...
[2018.04.25-14.02.45:880][  0]LogStaticMesh: Built static mesh [0.00s] /Game/F_Frame_02.F_Frame_02
[2018.04.25-14.02.45:881][  0]LogStaticMesh: Building static mesh BigRock1NotBroke...
[2018.04.25-14.02.45:888][  0]LogStaticMesh: Built static mesh [0.01s] /Game/Assets/Rocks/BigRock1NotBroke.BigRock1NotBroke
[2018.04.25-14.02.45:888][  0]LogStaticMesh: Building static mesh PowerCube...
[2018.04.25-14.02.45:912][  0]LogStaticMesh: Built static mesh [0.02s] /Game/PowerCube.PowerCube
[2018.04.25-14.02.45:914][  0]LogStaticMesh: Building static mesh Electric_Sign...
[2018.04.25-14.02.45:917][  0]LogStaticMesh: Built static mesh [0.00s] /Game/Assets/Misc_Objects/Signs/Electric_Sign.Electric_Sign
[2018.04.25-14.02.45:918][  0]LogStaticMesh: Building static mesh F_Wall_01...
[2018.04.25-14.02.45:920][  0]LogStaticMesh: Built static mesh [0.00s] /Game/Assets/Walls/SplineWall/F_Wall_01.F_Wall_01
[2018.04.25-14.02.45:921][  0]LogStaticMesh: Building static mesh Facility_...
[2018.04.25-14.02.45:968][  0]LogStaticMesh: Built static mesh [0.05s] /Game/Assets/Facility/Facility_.Facility_
[2018.04.25-14.02.45:971][  0]LogStaticMesh: Building static mesh Lab_Coats...
[2018.04.25-14.02.46:020][  0]LogStaticMesh: Built static mesh [0.05s] /Game/Assets/Misc_Objects/LabCoats/Lab_Coats.Lab_Coats
[2018.04.25-14.02.46:024][  0]LogStaticMesh: Building static mesh LargeWater...
[2018.04.25-14.02.46:027][  0]LogStaticMesh: Built static mesh [0.00s] /Game/Water/LargeWater/LargeWater.LargeWater
[2018.04.25-14.02.46:028][  0]LogStaticMesh: Building static mesh LightHouse...
[2018.04.25-14.02.46:031][  0]LogMeshUtilities: Invalid vertex normals found for mesh. Forcing recomputation of vertex normals for MikkTSpace. Fix mesh or disable "Use MikkTSpace Tangent Space" to avoid forced recomputation of normals.
[2018.04.25-14.02.46:101][  0]LogStaticMesh: Built static mesh [0.07s] /Game/Assets/LightHouse/LightHouse.LightHouse
[2018.04.25-14.02.46:107][  0]LogStaticMesh: Building static mesh Palm_Tree...
[2018.04.25-14.02.46:145][  0]LogStaticMesh: Built static mesh [0.04s] /Game/Assets/NewTrees/Palm_Tree.Palm_Tree
[2018.04.25-14.02.46:147][  0]LogStaticMesh: Building static mesh Palm_Tree_2_...
[2018.04.25-14.02.46:213][  0]LogStaticMesh: Built static mesh [0.07s] /Game/Assets/NewTrees/Palm_Tree_2_.Palm_Tree_2_
[2018.04.25-14.02.46:217][  0]LogStaticMesh: Building static mesh Path_1...
[2018.04.25-14.02.46:223][  0]LogStaticMesh: Built static mesh [0.01s] /Game/Assets/Rocks/Path_1.Path_1
[2018.04.25-14.02.46:224][  0]LogStaticMesh: Building static mesh Path_2...
[2018.04.25-14.02.46:227][  0]LogStaticMesh: Built static mesh [0.00s] /Game/Assets/Rocks/Path_2.Path_2
[2018.04.25-14.02.46:227][  0]LogStaticMesh: Building static mesh Path_3_...
[2018.04.25-14.02.46:230][  0]LogStaticMesh: Built static mesh [0.00s] /Game/Assets/Rocks/Path_3_.Path_3_
[2018.04.25-14.02.46:230][  0]LogStaticMesh: Building static mesh Path_4_...
[2018.04.25-14.02.46:237][  0]LogStaticMesh: Built static mesh [0.01s] /Game/Assets/Rocks/Path_4_.Path_4_
[2018.04.25-14.02.46:238][  0]LogStaticMesh: Building static mesh pileofbricks...
[2018.04.25-14.02.46:254][  0]LogStaticMesh: Built static mesh [0.02s] /Game/Assets/Debris/pileofbricks.pileofbricks
[2018.04.25-14.02.46:255][  0]LogStaticMesh: Building static mesh Portal...
[2018.04.25-14.02.46:305][  0]LogStaticMesh: Built static mesh [0.05s] /Game/Assets/Portal/Portal.Portal
[2018.04.25-14.02.46:309][  0]LogStaticMesh: Building static mesh Button_Base...
[2018.04.25-14.02.46:311][  0]LogStaticMesh: Built static mesh [0.00s] /Game/Assets/PressurePad/Button_Base.Button_Base
[2018.04.25-14.02.46:311][  0]LogStaticMesh: Building static mesh Button_Push...
[2018.04.25-14.02.46:313][  0]LogStaticMesh: Built static mesh [0.00s] /Game/Assets/PressurePad/Button_Push.Button_Push
[2018.04.25-14.02.46:314][  0]LogStaticMesh: Building static mesh Rock_1...
[2018.04.25-14.02.46:317][  0]LogStaticMesh: Built static mesh [0.00s] /Game/Assets/Rocks/Rock_1.Rock_1
[2018.04.25-14.02.46:318][  0]LogStaticMesh: Building static mesh Slanted_Palm_Tree...
[2018.04.25-14.02.46:359][  0]LogStaticMesh: Built static mesh [0.04s] /Game/Assets/NewTrees/Slanted_Palm_Tree.Slanted_Palm_Tree
[2018.04.25-14.02.46:361][  0]LogStaticMesh: Building static mesh Sky_Dome_...
[2018.04.25-14.02.46:366][  0]LogStaticMesh: Built static mesh [0.00s] /Game/Maps/Skybox/Sky_Dome_.Sky_Dome_
[2018.04.25-14.02.46:367][  0]LogStaticMesh: Building static mesh Volcano...
[2018.04.25-14.02.46:368][  0]LogMeshUtilities: Invalid vertex normals found for mesh. Forcing recomputation of vertex normals for MikkTSpace. Fix mesh or disable "Use MikkTSpace Tangent Space" to avoid forced recomputation of normals.
[2018.04.25-14.02.46:374][  0]LogStaticMesh: Built static mesh [0.01s] /Game/Assets/Volcano/Volcano.Volcano
[2018.04.25-14.02.46:376][  0]LogTexture:Display: Building textures: Texture2D_1 (BGRA8, 64X64)
[2018.04.25-14.02.46:376][  0]LogTexture:Display: Building textures: Texture2D_10 (BGRA8, 64X64)
[2018.04.25-14.02.46:376][  0]LogTexture:Display: Building textures: Texture2D_11 (BGRA8, 64X64)
[2018.04.25-14.02.46:377][  0]LogTexture:Display: Building textures: Texture2D_12 (BGRA8, 64X64)
[2018.04.25-14.02.46:377][  0]LogTexture:Display: Building textures: Texture2D_13 (BGRA8, 64X64)
[2018.04.25-14.02.46:378][  0]LogTexture:Display: Building textures: Texture2D_14 (BGRA8, 64X64)
[2018.04.25-14.02.46:378][  0]LogTexture:Display: Building textures: Texture2D_15 (BGRA8, 64X64)
[2018.04.25-14.02.46:378][  0]LogTexture:Display: Building textures: Texture2D_16 (BGRA8, 64X64)
[2018.04.25-14.02.46:379][  0]LogTexture:Display: Building textures: Texture2D_17 (BGRA8, 64X64)
[2018.04.25-14.02.46:379][  0]LogTexture:Display: Building textures: Texture2D_18 (BGRA8, 64X64)
[2018.04.25-14.02.46:380][  0]LogTexture:Display: Building textures: Texture2D_19 (BGRA8, 64X64)
[2018.04.25-14.02.46:381][  0]LogTexture:Display: Building textures: Texture2D_2 (BGRA8, 64X64)
[2018.04.25-14.02.46:382][  0]LogTexture:Display: Building textures: Texture2D_20 (BGRA8, 64X64)
[2018.04.25-14.02.46:382][  0]LogTexture:Display: Building textures: Texture2D_21 (BGRA8, 64X64)
[2018.04.25-14.02.46:384][  0]LogTexture:Display: Building textures: Texture2D_22 (BGRA8, 64X64)
[2018.04.25-14.02.46:384][  0]LogTexture:Display: Building textures: Texture2D_23 (BGRA8, 64X64)
[2018.04.25-14.02.46:385][  0]LogTexture:Display: Building textures: Texture2D_24 (BGRA8, 64X64)
[2018.04.25-14.02.46:385][  0]LogTexture:Display: Building textures: Texture2D_25 (BGRA8, 64X64)
[2018.04.25-14.02.46:386][  0]LogTexture:Display: Building textures: Texture2D_26 (BGRA8, 64X64)
[2018.04.25-14.02.46:386][  0]LogTexture:Display: Building textures: Texture2D_27 (BGRA8, 64X64)
[2018.04.25-14.02.46:390][  0]LogTexture:Display: Building textures: Texture2D_28 (BGRA8, 64X64)
[2018.04.25-14.02.46:390][  0]LogTexture:Display: Building textures: Texture2D_29 (BGRA8, 64X64)
[2018.04.25-14.02.46:391][  0]LogTexture:Display: Building textures: Texture2D_3 (BGRA8, 64X64)
[2018.04.25-14.02.46:391][  0]LogTexture:Display: Building textures: Texture2D_30 (BGRA8, 64X64)
[2018.04.25-14.02.46:391][  0]LogTexture:Display: Building textures: Texture2D_4 (BGRA8, 64X64)
[2018.04.25-14.02.46:392][  0]LogTexture:Display: Building textures: Texture2D_5 (BGRA8, 64X64)
[2018.04.25-14.02.46:392][  0]LogTexture:Display: Building textures: Texture2D_6 (BGRA8, 64X64)
[2018.04.25-14.02.46:393][  0]LogTexture:Display: Building textures: Texture2D_7 (BGRA8, 64X64)
[2018.04.25-14.02.46:393][  0]LogTexture:Display: Building textures: Texture2D_8 (BGRA8, 64X64)
[2018.04.25-14.02.46:393][  0]LogTexture:Display: Building textures: Texture2D_9 (BGRA8, 64X64)
[2018.04.25-14.02.46:397][  0]LogMaterial: Missing cached shader map for material M_Grey, compiling. 
[2018.04.25-14.02.46:442][  0]LogMaterial: Missing cached shader map for material M_Copper, compiling. 
[2018.04.25-14.02.46:486][  0]LogMaterial: Missing cached shader map for material M_Chrome, compiling. 
[2018.04.25-14.02.46:529][  0]LogMaterial: Missing cached shader map for material M_Blue, compiling. 
[2018.04.25-14.02.46:572][  0]LogMaterial: Missing cached shader map for material M_Black, compiling. 
[2018.04.25-14.02.46:614][  0]LogMaterial: Missing cached shader map for material lambert2, compiling. 
[2018.04.25-14.02.46:656][  0]LogMaterial: Missing cached shader map for material M_Glass, compiling. 
[2018.04.25-14.02.46:684][  0]LogMaterial: Missing cached shader map for material lambert3, compiling. 
[2018.04.25-14.02.46:709][  0]LogMaterial: Missing cached shader map for material lambert2, compiling. 
[2018.04.25-14.02.46:734][  0]LogMaterial: Missing cached shader map for material lambert1, compiling. 
[2018.04.25-14.02.46:761][  0]LogMaterial: Missing cached shader map for material stone, compiling. 
[2018.04.25-14.02.46:789][  0]LogMaterial: Missing cached shader map for material Glass, compiling. 
[2018.04.25-14.02.46:840][  0]LogTexture:Display: Building textures: HQ_Lightmap0_10 (AutoDXT, 256X256)
[2018.04.25-14.02.46:865][  0]LogTexture:Display: Building textures: HQ_Lightmap0_11 (AutoDXT, 128X128)
[2018.04.25-14.02.46:891][  0]LogTexture:Display: Building textures: HQ_Lightmap0_12 (AutoDXT, 256X256)
[2018.04.25-14.02.46:926][  0]LogTexture:Display: Building textures: HQ_Lightmap0_13 (AutoDXT, 256X256)
[2018.04.25-14.02.46:952][  0]LogTexture:Display: Building textures: HQ_Lightmap0_14 (AutoDXT, 256X256)
[2018.04.25-14.02.46:983][  0]LogTexture:Display: Building textures: HQ_Lightmap0_15 (AutoDXT, 128X128)
[2018.04.25-14.02.47:007][  0]LogTexture:Display: Building textures: HQ_Lightmap0_16 (AutoDXT, 128X128)
[2018.04.25-14.02.47:022][  0]LogTexture:Display: Building textures: HQ_Lightmap0_17 (AutoDXT, 128X128)
[2018.04.25-14.02.47:037][  0]LogTexture:Display: Building textures: HQ_Lightmap0_18 (AutoDXT, 128X128)
[2018.04.25-14.02.47:064][  0]LogTexture:Display: Building textures: HQ_Lightmap0_19 (AutoDXT, 128X128)
[2018.04.25-14.02.47:091][  0]LogTexture:Display: Building textures: HQ_Lightmap0_20 (AutoDXT, 256X256)
[2018.04.25-14.02.47:115][  0]LogTexture:Display: Building textures: HQ_Lightmap0_21 (AutoDXT, 128X128)
[2018.04.25-14.02.47:130][  0]LogTexture:Display: Building textures: HQ_Lightmap0_22 (AutoDXT, 128X128)
[2018.04.25-14.02.47:157][  0]LogTexture:Display: Building textures: HQ_Lightmap0_29 (AutoDXT, 128X128)
[2018.04.25-14.02.47:172][  0]LogTexture:Display: Building textures: HQ_Lightmap0_3 (AutoDXT, 256X256)
[2018.04.25-14.02.47:203][  0]LogTexture:Display: Building textures: HQ_Lightmap0_4 (AutoDXT, 256X256)
[2018.04.25-14.02.47:235][  0]LogTexture:Display: Building textures: HQ_Lightmap0_5 (AutoDXT, 256X256)
[2018.04.25-14.02.47:260][  0]LogTexture:Display: Building textures: HQ_Lightmap0_6 (AutoDXT, 256X256)
[2018.04.25-14.02.47:291][  0]LogTexture:Display: Building textures: HQ_Lightmap0_7 (AutoDXT, 256X256)
[2018.04.25-14.02.47:322][  0]LogTexture:Display: Building textures: HQ_Lightmap0_8 (AutoDXT, 256X256)
[2018.04.25-14.02.47:358][  0]LogTexture:Display: Building textures: HQ_Lightmap0_9 (AutoDXT, 128X128)
[2018.04.25-14.02.47:388][  0]LogTexture:Display: Building textures: HQ_Lightmap1_1 (AutoDXT, 512X512)
[2018.04.25-14.02.47:449][  0]LogTexture:Display: Building textures: HQ_Lightmap1_2 (AutoDXT, 1024X1024)
[2018.04.25-14.02.47:593][  0]LogTexture:Display: Building textures: HQ_Lightmap1_23 (AutoDXT, 128X128)
[2018.04.25-14.02.47:616][  0]LogTexture:Display: Building textures: HQ_Lightmap1_24 (AutoDXT, 128X128)
[2018.04.25-14.02.47:638][  0]LogTexture:Display: Building textures: HQ_Lightmap1_25 (AutoDXT, 128X128)
[2018.04.25-14.02.47:653][  0]LogTexture:Display: Building textures: HQ_Lightmap1_26 (AutoDXT, 128X128)
[2018.04.25-14.02.47:656][  0]LogTexture:Display: Building textures: HQ_Lightmap1_27 (AutoDXT, 128X128)
[2018.04.25-14.02.47:668][  0]LogTexture:Display: Building textures: HQ_Lightmap1_28 (AutoDXT, 128X128)
[2018.04.25-14.02.47:684][  0]LogTexture:Display: Building textures: LQ_Lightmap_0_10 (DXT1, 256X256)
[2018.04.25-14.02.47:702][  0]LogTexture:Display: Building textures: LQ_Lightmap_0_11 (DXT1, 128X128)
[2018.04.25-14.02.47:722][  0]LogTexture:Display: Building textures: LQ_Lightmap_0_12 (DXT1, 256X256)
[2018.04.25-14.02.47:748][  0]LogTexture:Display: Building textures: LQ_Lightmap_0_13 (DXT1, 256X256)
[2018.04.25-14.02.47:771][  0]LogTexture:Display: Building textures: LQ_Lightmap_0_14 (DXT1, 256X256)
[2018.04.25-14.02.47:797][  0]LogTexture:Display: Building textures: LQ_Lightmap_0_15 (DXT1, 128X128)
[2018.04.25-14.02.47:815][  0]LogTexture:Display: Building textures: LQ_Lightmap_0_16 (DXT1, 128X128)
[2018.04.25-14.02.47:827][  0]LogTexture:Display: Building textures: LQ_Lightmap_0_17 (DXT1, 128X128)
[2018.04.25-14.02.47:837][  0]LogTexture:Display: Building textures: LQ_Lightmap_0_18 (DXT1, 128X128)
[2018.04.25-14.02.47:857][  0]LogTexture:Display: Building textures: LQ_Lightmap_0_19 (DXT1, 128X128)
[2018.04.25-14.02.47:884][  0]LogTexture:Display: Building textures: LQ_Lightmap_0_20 (DXT1, 256X256)
[2018.04.25-14.02.47:905][  0]LogTexture:Display: Building textures: LQ_Lightmap_0_21 (DXT1, 128X128)
[2018.04.25-14.02.47:916][  0]LogTexture:Display: Building textures: LQ_Lightmap_0_22 (DXT1, 128X128)
[2018.04.25-14.02.47:933][  0]LogTexture:Display: Building textures: LQ_Lightmap_0_29 (DXT1, 128X128)
[2018.04.25-14.02.47:944][  0]LogTexture:Display: Building textures: LQ_Lightmap_0_3 (DXT1, 256X256)
[2018.04.25-14.02.47:968][  0]LogTexture:Display: Building textures: LQ_Lightmap_0_4 (DXT1, 256X256)
[2018.04.25-14.02.47:996][  0]LogTexture:Display: Building textures: LQ_Lightmap_0_5 (DXT1, 256X256)
[2018.04.25-14.02.48:016][  0]LogTexture:Display: Building textures: LQ_Lightmap_0_6 (DXT1, 256X256)
[2018.04.25-14.02.48:045][  0]LogTexture:Display: Building textures: LQ_Lightmap_0_7 (DXT1, 256X256)
[2018.04.25-14.02.48:070][  0]LogTexture:Display: Building textures: LQ_Lightmap_0_8 (DXT1, 256X256)
[2018.04.25-14.02.48:100][  0]LogTexture:Display: Building textures: LQ_Lightmap_0_9 (DXT1, 128X128)
[2018.04.25-14.02.48:123][  0]LogTexture:Display: Building textures: LQ_Lightmap_1_1 (DXT1, 512X512)
[2018.04.25-14.02.48:151][  0]LogTexture:Display: Building textures: LQ_Lightmap_1_2 (DXT1, 1024X1024)
[2018.04.25-14.02.48:243][  0]LogTexture:Display: Building textures: LQ_Lightmap_1_23 (DXT1, 128X128)
[2018.04.25-14.02.48:262][  0]LogTexture:Display: Building textures: LQ_Lightmap_1_24 (DXT1, 128X128)
[2018.04.25-14.02.48:281][  0]LogTexture:Display: Building textures: LQ_Lightmap_1_25 (DXT1, 128X128)
[2018.04.25-14.02.48:291][  0]LogTexture:Display: Building textures: LQ_Lightmap_1_26 (DXT1, 128X128)
[2018.04.25-14.02.48:292][  0]LogTexture:Display: Building textures: LQ_Lightmap_1_27 (DXT1, 128X128)
[2018.04.25-14.02.48:304][  0]LogTexture:Display: Building textures: LQ_Lightmap_1_28 (DXT1, 128X128)
[2018.04.25-14.02.48:313][  0]LogTexture:Display: Building textures: ShadowMapTexture2D_100 (G8, 512X128)
[2018.04.25-14.02.48:316][  0]LogTexture:Display: Building textures: ShadowMapTexture2D_101 (G8, 1024X128)
[2018.04.25-14.02.48:319][  0]LogTexture:Display: Building textures: ShadowMapTexture2D_102 (G8, 256X64)
[2018.04.25-14.02.48:320][  0]LogTexture:Display: Building textures: ShadowMapTexture2D_103 (G8, 256X64)
[2018.04.25-14.02.48:321][  0]LogTexture:Display: Building textures: ShadowMapTexture2D_104 (G8, 256X64)
[2018.04.25-14.02.48:321][  0]LogTexture:Display: Building textures: ShadowMapTexture2D_105 (G8, 256X64)
[2018.04.25-14.02.48:322][  0]LogTexture:Display: Building textures: ShadowMapTexture2D_106 (G8, 256X64)
[2018.04.25-14.02.48:322][  0]LogTexture:Display: Building textures: ShadowMapTexture2D_107 (G8, 256X64)
[2018.04.25-14.02.48:323][  0]LogTexture:Display: Building textures: ShadowMapTexture2D_108 (G8, 128X64)
[2018.04.25-14.02.48:323][  0]LogTexture:Display: Building textures: ShadowMapTexture2D_109 (G8, 256X64)
[2018.04.25-14.02.48:324][  0]LogTexture:Display: Building textures: ShadowMapTexture2D_110 (G8, 128X64)
[2018.04.25-14.02.48:324][  0]LogTexture:Display: Building textures: ShadowMapTexture2D_111 (G8, 256X64)
[2018.04.25-14.02.48:325][  0]LogTexture:Display: Building textures: ShadowMapTexture2D_112 (G8, 256X64)
[2018.04.25-14.02.48:325][  0]LogTexture:Display: Building textures: ShadowMapTexture2D_113 (G8, 256X64)
[2018.04.25-14.02.48:326][  0]LogTexture:Display: Building textures: ShadowMapTexture2D_114 (G8, 128X64)
[2018.04.25-14.02.48:326][  0]LogTexture:Display: Building textures: ShadowMapTexture2D_115 (G8, 64X64)
[2018.04.25-14.02.48:326][  0]LogTexture:Display: Building textures: ShadowMapTexture2D_116 (G8, 64X64)
[2018.04.25-14.02.48:327][  0]LogTexture:Display: Building textures: ShadowMapTexture2D_117 (G8, 128X64)
[2018.04.25-14.02.48:327][  0]LogTexture:Display: Building textures: ShadowMapTexture2D_118 (G8, 128X64)
[2018.04.25-14.02.48:327][  0]LogTexture:Display: Building textures: ShadowMapTexture2D_119 (G8, 256X64)
[2018.04.25-14.02.48:328][  0]LogTexture:Display: Building textures: ShadowMapTexture2D_120 (G8, 64X64)
[2018.04.25-14.02.48:329][  0]LogTexture:Display: Building textures: ShadowMapTexture2D_121 (G8, 128X64)
[2018.04.25-14.02.48:329][  0]LogTexture:Display: Building textures: ShadowMapTexture2D_122 (G8, 128X64)
[2018.04.25-14.02.48:330][  0]LogTexture:Display: Building textures: ShadowMapTexture2D_123 (G8, 128X64)
[2018.04.25-14.02.48:330][  0]LogTexture:Display: Building textures: ShadowMapTexture2D_124 (G8, 128X64)
[2018.04.25-14.02.48:331][  0]LogTexture:Display: Building textures: ShadowMapTexture2D_125 (G8, 64X64)
[2018.04.25-14.02.48:331][  0]LogTexture:Display: Building textures: ShadowMapTexture2D_126 (G8, 64X64)
[2018.04.25-14.02.48:331][  0]LogTexture:Display: Building textures: ShadowMapTexture2D_127 (G8, 64X64)
[2018.04.25-14.02.48:332][  0]LogTexture:Display: Building textures: ShadowMapTexture2D_128 (G8, 64X64)
[2018.04.25-14.02.48:366][  0]LogMaterial: Missing cached shader map for material lambert1, compiling. 
[2018.04.25-14.02.48:390][  0]LogMaterial: Missing cached shader map for material M_Water, compiling. 
[2018.04.25-14.02.48:594][  0]LogTexture:Display: Building textures: Sky (BGRA8, 2048X2048)
[2018.04.25-14.02.49:001][  0]LogMaterial: Missing cached shader map for material M_Sky, compiling. 
[2018.04.25-14.02.49:025][  0]LogMaterial: Missing cached shader map for material M_VolcanoTop, compiling. 
[2018.04.25-14.02.49:042][  0]LogMaterial: Missing cached shader map for material M_VolcanoMain, compiling. 
[2018.04.25-14.02.49:063][  0]LogMaterial: Missing cached shader map for material M_rock, compiling. 
[2018.04.25-14.02.49:083][  0]LogMaterial: Missing cached shader map for material lambert2, compiling. 
[2018.04.25-14.02.49:100][  0]LogMaterial: Missing cached shader map for material Rock, compiling. 
[2018.04.25-14.02.49:119][  0]LogMaterial: Missing cached shader map for material M_Portal, compiling. 
[2018.04.25-14.02.49:136][  0]LogMaterial: Missing cached shader map for material M_LeavesLightGreen, compiling. 
[2018.04.25-14.02.49:153][  0]LogMaterial: Missing cached shader map for material M_DarkTrunk, compiling. 
[2018.04.25-14.02.49:178][  0]LogTexture:Display: Building textures: Electric_Texture (AutoDXT, 1024X1024)
[2018.04.25-14.02.49:305][  0]LogMaterial: Missing cached shader map for material lambert4, compiling. 
[2018.04.25-14.02.49:332][  0]LogMaterial: Missing cached shader map for material M_White, compiling. 
[2018.04.25-14.02.49:355][  0]LogMaterial: Missing cached shader map for material lambert2, compiling. 
[2018.04.25-14.02.49:382][  0]LogMaterial: Missing cached shader map for material lambert1, compiling. 
[2018.04.25-14.02.49:409][  0]LogMaterial: Missing cached shader map for material W_White, compiling. 
[2018.04.25-14.02.49:450][  0]LogMaterial: Missing cached shader map for material M_Red, compiling. 
[2018.04.25-14.02.49:493][  0]LogAIModule: Creating AISystem for world HelloWorld
[2018.04.25-14.02.50:952][  0]LogEditorServer: Finished looking for orphan Actors (0.000 secs)
[2018.04.25-14.02.50:971][  0]Cmd: MAP CHECKDEP NOCLEARLOG
[2018.04.25-14.02.51:031][  0]MapCheck: Info Map check complete: 0 Error(s), 0 Warning(s), took 60.739ms to complete.
[2018.04.25-14.02.51:031][  0]LogFileHelpers: Loading map 'HelloWorld' took 12.755
[2018.04.25-14.02.51:183][  0]LogCollectionManager: Loaded 0 collections in 0.002185 seconds
[2018.04.25-14.02.51:278][  0]LogFileCache: Scanning file cache for directory 'E:/FMP/RPG_Game/Saved/Collections/' took 0.01s
[2018.04.25-14.02.51:278][  0]LogFileCache: Scanning file cache for directory 'E:/FMP/RPG_Game/Content/Developers/jordanboast/Collections/' took 0.01s
[2018.04.25-14.02.51:278][  0]LogFileCache: Scanning file cache for directory 'E:/FMP/RPG_Game/Content/Collections/' took 0.01s
[2018.04.25-14.02.51:278][  0]LogCollectionManager: Rebuilt the GUID cache for 0 collections in 0.000002 seconds
[2018.04.25-14.02.51:290][  0]LogContentBrowser: Native class hierarchy populated in 0.0121 seconds. Added 2329 classes and 491 folders.
[2018.04.25-14.02.51:383][  0]LogContentBrowser: Native class hierarchy updated for 'WidgetCarousel' in 0.0006 seconds. Added 0 classes and 0 folders.
[2018.04.25-14.02.51:430][  0]LogContentBrowser: Native class hierarchy updated for 'AddContentDialog' in 0.0007 seconds. Added 0 classes and 0 folders.
[2018.04.25-14.02.51:489][  0]LogContentBrowser: Native class hierarchy updated for 'SceneOutliner' in 0.0007 seconds. Added 1 classes and 2 folders.
[2018.04.25-14.02.51:586][  0]LogCrashTracker: Crashtracker disabled due to settings.
[2018.04.25-14.02.51:591][  0]LogSlate: Took 0.000231 seconds to synchronously load lazily loaded font '../../../Engine/Content/Slate/Fonts/Roboto-Regular.ttf' (155K)
[2018.04.25-14.02.51:593][  0]LogSlate: Took 0.000212 seconds to synchronously load lazily loaded font '../../../Engine/Content/Slate/Fonts/Roboto-Bold.ttf' (160K)
[2018.04.25-14.02.51:598][  0]LogSlate: Took 0.000163 seconds to synchronously load lazily loaded font '../../../Engine/Content/Editor/Slate/Fonts/FontAwesome.ttf' (139K)
[2018.04.25-14.02.51:711][  0]LogRenderer: Reallocating scene render targets to support 1208x576 NumSamples 1 (Frame:1).
[2018.04.25-14.02.51:775][  0]LogSlate: Took 0.000178 seconds to synchronously load lazily loaded font '../../../Engine/Content/Slate/Fonts/Roboto-Light.ttf' (159K)
[2018.04.25-14.02.52:205][  0]LogContentBrowser: Native class hierarchy updated for 'HierarchicalLODOutliner' in 0.0007 seconds. Added 1 classes and 2 folders.
[2018.04.25-14.02.52:205][  0]LogLoad: (Engine Initialization) Total time: 34.12 seconds
[2018.04.25-14.02.52:205][  0]LogLoad: (Engine Initialization) Total Blueprint compile time: 0.15 seconds
[2018.04.25-14.02.52:205][  0]LogExternalProfiler: No external profilers were discovered.  External profiling features will not be available.
[2018.04.25-14.02.52:216][  0]Cmd: ACTOR HIDE SELECTED
[2018.04.25-14.02.52:243][  0]LogOcInput: OculusInput pre-init called
[2018.04.25-14.02.52:243][  0]LogHMD: Starting GearVRController plugin
[2018.04.25-14.02.52:316][  0]LogContentStreaming: Texture pool size now 1000 MB
[2018.04.25-14.02.52:600][  1]LogAssetRegistry: Asset discovery search completed in 23.0519 seconds
[2018.04.25-14.02.52:618][  1]LogCollectionManager: Rebuilt the object cache for 0 collections in 0.000001 seconds (found 0 objects)
[2018.04.25-14.02.52:618][  1]LogCollectionManager: Fixed up redirectors for 0 collections in 0.000047 seconds (updated 0 objects)
[2018.04.25-14.03.05:204][350]LogSynthBenchmark:Display: FSynthBenchmark (V0.95):  requested WorkScale=5.00
[2018.04.25-14.03.05:204][350]LogSynthBenchmark:Display: ===============
[2018.04.25-14.03.05:204][350]LogSynthBenchmark:Display: Main Processor:
[2018.04.25-14.03.05:411][350]LogSynthBenchmark:Display:          ... 0.022637 s/Run 'RayIntersect'
[2018.04.25-14.03.05:411][350]LogSynthBenchmark:Display:          ... 0.018806 s/Run 'Fractal'
[2018.04.25-14.03.05:411][350]LogSynthBenchmark:Display: 
[2018.04.25-14.03.05:411][350]LogSynthBenchmark:Display:   CompiledTarget_x_Bits: 64
[2018.04.25-14.03.05:411][350]LogSynthBenchmark:Display:   UE_BUILD_SHIPPING: 0
[2018.04.25-14.03.05:411][350]LogSynthBenchmark:Display:   UE_BUILD_TEST: 0
[2018.04.25-14.03.05:411][350]LogSynthBenchmark:Display:   UE_BUILD_DEBUG: 0
[2018.04.25-14.03.05:411][350]LogSynthBenchmark:Display:   TotalPhysicalGBRam: 16
[2018.04.25-14.03.05:411][350]LogSynthBenchmark:Display:   NumberOfCores (physical): 4
[2018.04.25-14.03.05:411][350]LogSynthBenchmark:Display:   NumberOfCores (logical): 8
[2018.04.25-14.03.05:411][350]LogSynthBenchmark:Display:   CPU Perf Index 0: 113.1 (weight 1.00)
[2018.04.25-14.03.05:411][350]LogSynthBenchmark:Display:   CPU Perf Index 1: 152.1 (weight 1.50)
[2018.04.25-14.03.05:411][350]LogSynthBenchmark:Display:  
[2018.04.25-14.03.05:411][350]LogSynthBenchmark:Display: Graphics:
[2018.04.25-14.03.05:411][350]LogSynthBenchmark:Display:   Adapter Name: 'NVIDIA Quadro K2200'
[2018.04.25-14.03.05:411][350]LogSynthBenchmark:Display:   (On Optimus the name might be wrong, memory should be ok)
[2018.04.25-14.03.05:411][350]LogSynthBenchmark:Display:   Vendor Id: 0x10DE
[2018.04.25-14.03.05:411][350]LogSynthBenchmark:Display:   Device Id: 0x13BA
[2018.04.25-14.03.05:411][350]LogSynthBenchmark:Display:   Device Revision: 0xA2
[2018.04.25-14.03.05:411][350]LogSynthBenchmark:Display:   GPU Memory: 4063/0/8153 MB
[2018.04.25-14.03.05:494][350]LogSynthBenchmark:Display:   GPU first test: 0.03s
[2018.04.25-14.03.05:494][350]LogSynthBenchmark:Display:          ... 2.923 s/GigaPix, Confidence=100% 'ALUHeavyNoise' (likely to be very inaccurate)
[2018.04.25-14.03.05:495][350]LogSynthBenchmark:Display:          ... 2.563 s/GigaPix, Confidence=100% 'TexHeavy' (likely to be very inaccurate)
[2018.04.25-14.03.05:495][350]LogSynthBenchmark:Display:          ... 2.256 s/GigaPix, Confidence=100% 'DepTexHeavy' (likely to be very inaccurate)
[2018.04.25-14.03.05:495][350]LogSynthBenchmark:Display:          ... 11.825 s/GigaPix, Confidence=100% 'FillOnly' (likely to be very inaccurate)
[2018.04.25-14.03.05:495][350]LogSynthBenchmark:Display:          ... 0.414 s/GigaPix, Confidence=100% 'Bandwidth' (likely to be very inaccurate)
[2018.04.25-14.03.05:495][350]LogSynthBenchmark:Display:          ... 2.353 s/GigaVert, Confidence=100% 'VertThroughPut1' (likely to be very inaccurate)
[2018.04.25-14.03.05:495][350]LogSynthBenchmark:Display:          ... 1.630 s/GigaVert, Confidence=100% 'VertThroughPut2' (likely to be very inaccurate)
[2018.04.25-14.03.05:799][350]LogSynthBenchmark:Display:   GPU second test: 0.26s
[2018.04.25-14.03.05:799][350]LogSynthBenchmark:Display:          ... 3.328 s/GigaPix, Confidence=100% 'ALUHeavyNoise' (likely to be inaccurate)
[2018.04.25-14.03.05:799][350]LogSynthBenchmark:Display:          ... 2.783 s/GigaPix, Confidence=100% 'TexHeavy' (likely to be inaccurate)
[2018.04.25-14.03.05:799][350]LogSynthBenchmark:Display:          ... 2.676 s/GigaPix, Confidence=100% 'DepTexHeavy' (likely to be inaccurate)
[2018.04.25-14.03.05:799][350]LogSynthBenchmark:Display:          ... 14.299 s/GigaPix, Confidence=100% 'FillOnly' (likely to be inaccurate)
[2018.04.25-14.03.05:799][350]LogSynthBenchmark:Display:          ... 0.418 s/GigaPix, Confidence=100% 'Bandwidth' (likely to be inaccurate)
[2018.04.25-14.03.05:799][350]LogSynthBenchmark:Display:          ... 1.736 s/GigaVert, Confidence=100% 'VertThroughPut1' (likely to be inaccurate)
[2018.04.25-14.03.05:799][350]LogSynthBenchmark:Display:          ... 1.388 s/GigaVert, Confidence=100% 'VertThroughPut2' (likely to be inaccurate)
[2018.04.25-14.03.05:799][350]LogSynthBenchmark:Display:   GPU Final Results:
[2018.04.25-14.03.05:799][350]LogSynthBenchmark:Display:          ... 3.328 s/GigaPix, Confidence=100% 'ALUHeavyNoise'
[2018.04.25-14.03.05:799][350]LogSynthBenchmark:Display:          ... 2.783 s/GigaPix, Confidence=100% 'TexHeavy'
[2018.04.25-14.03.05:799][350]LogSynthBenchmark:Display:          ... 2.676 s/GigaPix, Confidence=100% 'DepTexHeavy'
[2018.04.25-14.03.05:799][350]LogSynthBenchmark:Display:          ... 14.299 s/GigaPix, Confidence=100% 'FillOnly'
[2018.04.25-14.03.05:799][350]LogSynthBenchmark:Display:          ... 0.418 s/GigaPix, Confidence=100% 'Bandwidth'
[2018.04.25-14.03.05:799][350]LogSynthBenchmark:Display:          ... 1.736 s/GigaVert, Confidence=100% 'VertThroughPut1'
[2018.04.25-14.03.05:799][350]LogSynthBenchmark:Display:          ... 1.388 s/GigaVert, Confidence=100% 'VertThroughPut2'
[2018.04.25-14.03.05:799][350]LogSynthBenchmark:Display: 
[2018.04.25-14.03.05:799][350]LogSynthBenchmark:Display:   GPU Perf Index 0: 72.3 (weight 1.00)
[2018.04.25-14.03.05:799][350]LogSynthBenchmark:Display:   GPU Perf Index 1: 37.4 (weight 0.10)
[2018.04.25-14.03.05:799][350]LogSynthBenchmark:Display:   GPU Perf Index 2: 69.5 (weight 0.10)
[2018.04.25-14.03.05:799][350]LogSynthBenchmark:Display:   GPU Perf Index 3: 56.2 (weight 3.00)
[2018.04.25-14.03.05:799][350]LogSynthBenchmark:Display:   GPU Perf Index 4: 39.0 (weight 1.00)
[2018.04.25-14.03.05:799][350]LogSynthBenchmark:Display:   GPU Perf Index 5: 112.9 (weight 0.00)
[2018.04.25-14.03.05:799][350]LogSynthBenchmark:Display:   GPU Perf Index 6: 78.6 (weight 0.00)
[2018.04.25-14.03.05:799][350]LogSynthBenchmark:Display:   CPUIndex: 136.5
[2018.04.25-14.03.05:799][350]LogSynthBenchmark:Display:   GPUIndex: 55.9
[2018.04.25-14.03.05:799][350]LogSynthBenchmark:Display: 
[2018.04.25-14.03.05:799][350]LogSynthBenchmark:Display:          ... Total Time: 0.595509 sec
[2018.04.25-14.03.47:691][288]LogSlate: Took 0.000094 seconds to synchronously load lazily loaded font '../../../Engine/Content/Slate/Fonts/Roboto-Light.ttf' (159K)
[2018.04.25-14.03.47:699][288]Cmd: OBJ SAVEPACKAGE PACKAGE="/Game/Maps/HelloWorld" FILE="E:/FMP/RPG_Game/Saved/Autosaves/Game/Maps/UEDPCHelloWorld.umap" SILENT=true AUTOSAVING=true KEEPDIRTY=true
[2018.04.25-14.03.48:401][288]LogSavePackage: Save=443.71ms
[2018.04.25-14.03.48:401][288]LogSavePackage: Moving 'E:/FMP/RPG_Game/Saved/UEDPCHelloWorldE418655F4F885AC3BBA1999F112B93AA.tmp' to 'E:/FMP/RPG_Game/Saved/Autosaves/Game/Maps/UEDPCHelloWorld.umap'
[2018.04.25-14.03.48:402][288]LogSavePackage:Display: Finished SavePackage E:/FMP/RPG_Game/Saved/Autosaves/Game/Maps/UEDPCHelloWorld.umap
[2018.04.25-14.03.48:421][288]Cmd: OBJ SAVEPACKAGE PACKAGE="/Game/Maps/HelloWorld_BuiltData" FILE="E:/FMP/RPG_Game/Content/Maps/HelloWorld_BuiltData.uasset" SILENT=true
[2018.04.25-14.03.49:524][288]LogSlate: Took 0.000107 seconds to synchronously load lazily loaded font '../../../Engine/Content/Slate/Fonts/Roboto-Regular.ttf' (155K)
[2018.04.25-14.03.50:831][288]LogSavePackage: Save=1724.26ms
[2018.04.25-14.03.50:832][288]LogSavePackage: Moving 'E:/FMP/RPG_Game/Saved/HelloWorld_BuiltDataABEDBDA34026625B8613B7AF0E14B29B.tmp' to 'E:/FMP/RPG_Game/Content/Maps/HelloWorld_BuiltData.uasset'
[2018.04.25-14.03.50:837][288]LogSavePackage:Display: Finished SavePackage E:/FMP/RPG_Game/Content/Maps/HelloWorld_BuiltData.uasset
[2018.04.25-14.03.50:842][288]LogEditorTransaction: Undo Spawn Play From Here Start
[2018.04.25-14.04.40:084][674]LogWindowsTextInputMethodSystem:Display: IME system now deactivated.
[2018.04.25-14.04.40:222][675]Cmd: QUIT_EDITOR
[2018.04.25-14.04.40:249][675]LogExit: Preparing to exit.
[2018.04.25-14.04.40:467][675]LogExit: Editor shut down
[2018.04.25-14.04.40:469][675]LogExit: Transaction tracking system shut down
[2018.04.25-14.04.40:522][675]LogObj: Freed 0b from 0 cluster array pools.
[2018.04.25-14.04.40:522][675]LogExit: Object subsystem successfully closed.
[2018.04.25-14.04.40:548][675]LogD3D11RHI: Shutdown
[2018.04.25-14.04.40:548][675]LogD3D11RHI: CleanupD3DDevice
[2018.04.25-14.04.40:590][675]LogD3D11RHI: ~FD3D11DynamicRHI
[2018.04.25-14.04.40:600][675]LogModuleManager: Shutting down and abandoning module SynthBenchmark (526)
[2018.04.25-14.04.40:600][675]LogModuleManager: Shutting down and abandoning module HierarchicalLODOutliner (524)
[2018.04.25-14.04.40:600][675]LogModuleManager: Shutting down and abandoning module CrashTracker (522)
[2018.04.25-14.04.40:600][675]LogModuleManager: Shutting down and abandoning module SceneOutliner (520)
[2018.04.25-14.04.40:600][675]LogModuleManager: Shutting down and abandoning module AddContentDialog (518)
[2018.04.25-14.04.40:601][675]LogDirectoryWatcher: A directory notification for 'C:/Program Files/Epic Games/UE_4.16/FeaturePacks/' was aborted.
[2018.04.25-14.04.40:601][675]LogModuleManager: Shutting down and abandoning module WidgetCarousel (517)
[2018.04.25-14.04.40:601][675]LogModuleManager: Shutting down and abandoning module EditorWidgets (514)
[2018.04.25-14.04.40:601][675]LogModuleManager: Shutting down and abandoning module CollectionManager (512)
[2018.04.25-14.04.40:601][675]LogDirectoryWatcher: A directory notification for 'E:/FMP/RPG_Game/Content/Collections/' was aborted.
[2018.04.25-14.04.40:601][675]LogDirectoryWatcher: A directory notification for 'E:/FMP/RPG_Game/Content/Developers/jordanboast/Collections/' was aborted.
[2018.04.25-14.04.40:601][675]LogDirectoryWatcher: A directory notification for 'E:/FMP/RPG_Game/Saved/Collections/' was aborted.
[2018.04.25-14.04.40:601][675]LogModuleManager: Shutting down and abandoning module StatsViewer (510)
[2018.04.25-14.04.40:601][675]LogModuleManager: Shutting down and abandoning module FoliageEdit (508)
[2018.04.25-14.04.40:601][675]LogModuleManager: Shutting down and abandoning module LandscapeEditor (506)
[2018.04.25-14.04.40:601][675]LogModuleManager: Shutting down and abandoning module MeshPaintMode (504)
[2018.04.25-14.04.40:601][675]LogModuleManager: Shutting down and abandoning module SceneDepthPickerMode (502)
[2018.04.25-14.04.40:601][675]LogModuleManager: Shutting down and abandoning module ActorPickerMode (500)
[2018.04.25-14.04.40:601][675]LogModuleManager: Shutting down and abandoning module GeometryMode (498)
[2018.04.25-14.04.40:601][675]LogModuleManager: Shutting down and abandoning module TextureAlignMode (496)
[2018.04.25-14.04.40:601][675]LogModuleManager: Shutting down and abandoning module BspMode (494)
[2018.04.25-14.04.40:601][675]LogModuleManager: Shutting down and abandoning module HardwareSurvey (492)
[2018.04.25-14.04.40:601][675]LogModuleManager: Shutting down and abandoning module SequenceRecorderSections (490)
[2018.04.25-14.04.40:601][675]LogModuleManager: Shutting down and abandoning module AutomationWorker (488)
[2018.04.25-14.04.40:601][675]LogModuleManager: Shutting down and abandoning module MatineeToLevelSequence (486)
[2018.04.25-14.04.40:601][675]LogModuleManager: Shutting down and abandoning module LevelSequenceEditor (484)
[2018.04.25-14.04.40:601][675]LogModuleManager: Shutting down and abandoning module PlacementMode (483)
[2018.04.25-14.04.40:601][675]LogModuleManager: Shutting down and abandoning module WmfMediaFactory (480)
[2018.04.25-14.04.40:602][675]LogModuleManager: Shutting down and abandoning module WmfMediaEditor (478)
[2018.04.25-14.04.40:602][675]LogModuleManager: Shutting down and abandoning module AvfMediaFactory (476)
[2018.04.25-14.04.40:602][675]LogModuleManager: Shutting down and abandoning module AvfMediaEditor (474)
[2018.04.25-14.04.40:602][675]LogModuleManager: Shutting down and abandoning module AndroidMediaFactory (472)
[2018.04.25-14.04.40:602][675]LogModuleManager: Shutting down and abandoning module Media (471)
[2018.04.25-14.04.40:602][675]LogModuleManager: Shutting down and abandoning module AndroidMediaEditor (468)
[2018.04.25-14.04.40:602][675]LogModuleManager: Shutting down and abandoning module CharacterAI (466)
[2018.04.25-14.04.40:602][675]LogModuleManager: Shutting down and abandoning module AudioCapture (464)
[2018.04.25-14.04.40:602][675]LogModuleManager: Shutting down and abandoning module SequenceRecorder (463)
[2018.04.25-14.04.40:602][675]LogModuleManager: Shutting down and abandoning module SmartSnapping (460)
[2018.04.25-14.04.40:602][675]LogModuleManager: Shutting down and abandoning module SessionServices (458)
[2018.04.25-14.04.40:602][675]LogModuleManager: Shutting down and abandoning module ViewportSnapping (456)
[2018.04.25-14.04.40:602][675]LogModuleManager: Shutting down and abandoning module ViewportInteraction (454)
[2018.04.25-14.04.40:602][675]LogModuleManager: Shutting down and abandoning module ClothPainter (452)
[2018.04.25-14.04.40:602][675]LogModuleManager: Shutting down and abandoning module LogVisualizer (450)
[2018.04.25-14.04.40:602][675]LogModuleManager: Shutting down and abandoning module IntroTutorials (448)
[2018.04.25-14.04.40:602][675]LogModuleManager: Shutting down and abandoning module GameProjectGeneration (447)
[2018.04.25-14.04.40:602][675]LogModuleManager: Shutting down and abandoning module EditorLiveStreaming (444)
[2018.04.25-14.04.40:602][675]LogModuleManager: Shutting down and abandoning module IOSPlatformEditor (442)
[2018.04.25-14.04.40:602][675]LogModuleManager: Shutting down and abandoning module HTML5PlatformEditor (440)
[2018.04.25-14.04.40:602][675]LogModuleManager: Shutting down and abandoning module AndroidPlatformEditor (438)
[2018.04.25-14.04.40:602][675]LogModuleManager: Shutting down and abandoning module AndroidDeviceDetection (437)
[2018.04.25-14.04.40:841][675]LogModuleManager: Shutting down and abandoning module IOSRuntimeSettings (434)
[2018.04.25-14.04.40:841][675]LogModuleManager: Shutting down and abandoning module AndroidRuntimeSettings (432)
[2018.04.25-14.04.40:841][675]LogModuleManager: Shutting down and abandoning module InputBindingEditor (430)
[2018.04.25-14.04.40:841][675]LogModuleManager: Shutting down and abandoning module MergeActors (428)
[2018.04.25-14.04.40:841][675]LogModuleManager: Shutting down and abandoning module SizeMap (426)
[2018.04.25-14.04.40:841][675]LogModuleManager: Shutting down and abandoning module TreeMap (424)
[2018.04.25-14.04.40:841][675]LogModuleManager: Shutting down and abandoning module ReferenceViewer (422)
[2018.04.25-14.04.40:841][675]LogModuleManager: Shutting down and abandoning module LocalizationDashboard (420)
[2018.04.25-14.04.40:841][675]LogModuleManager: Shutting down and abandoning module LocalizationService (419)
[2018.04.25-14.04.40:841][675]LogModuleManager: Shutting down and abandoning module HardwareTargeting (416)
[2018.04.25-14.04.40:841][675]LogModuleManager: Shutting down and abandoning module DeviceProfileEditor (414)
[2018.04.25-14.04.40:841][675]LogModuleManager: Shutting down and abandoning module UndoHistory (412)
[2018.04.25-14.04.40:841][675]LogModuleManager: Shutting down and abandoning module UserFeedback (410)
[2018.04.25-14.04.40:841][675]LogModuleManager: Shutting down and abandoning module XmlParser (408)
[2018.04.25-14.04.40:841][675]LogModuleManager: Shutting down and abandoning module Blutility (406)
[2018.04.25-14.04.40:841][675]LogModuleManager: Shutting down and abandoning module ProjectSettingsViewer (404)
[2018.04.25-14.04.40:841][675]LogModuleManager: Shutting down and abandoning module ProjectTargetPlatformEditor (403)
[2018.04.25-14.04.40:842][675]LogModuleManager: Shutting down and abandoning module EditorSettingsViewer (400)
[2018.04.25-14.04.40:842][675]LogModuleManager: Shutting down and abandoning module SettingsEditor (398)
[2018.04.25-14.04.40:842][675]LogModuleManager: Shutting down and abandoning module ProjectLauncher (396)
[2018.04.25-14.04.40:842][675]LogModuleManager: Shutting down and abandoning module SessionFrontend (394)
[2018.04.25-14.04.40:842][675]LogModuleManager: Shutting down and abandoning module ProfilerClient (392)
[2018.04.25-14.04.40:842][675]LogModuleManager: Shutting down and abandoning module DeviceManager (390)
[2018.04.25-14.04.40:842][675]LogModuleManager: Shutting down and abandoning module TargetDeviceServices (389)
[2018.04.25-14.04.40:895][675]LogModuleManager: Shutting down and abandoning module AutomationController (386)
[2018.04.25-14.04.40:895][675]LogModuleManager: Shutting down and abandoning module AutomationWindow (384)
[2018.04.25-14.04.40:895][675]LogModuleManager: Shutting down and abandoning module Layers (382)
[2018.04.25-14.04.40:895][675]LogModuleManager: Shutting down and abandoning module ComponentVisualizers (380)
[2018.04.25-14.04.40:895][675]LogModuleManager: Shutting down and abandoning module DetailCustomizations (378)
[2018.04.25-14.04.40:895][675]LogModuleManager: Shutting down and abandoning module PackagesDialog (376)
[2018.04.25-14.04.40:896][675]LogModuleManager: Shutting down and abandoning module Persona (374)
[2018.04.25-14.04.40:896][675]LogModuleManager: Shutting down and abandoning module AdvancedPreviewScene (373)
[2018.04.25-14.04.40:896][675]LogModuleManager: Shutting down and abandoning module AnimGraph (371)
[2018.04.25-14.04.40:896][675]LogModuleManager: Shutting down and abandoning module Kismet (368)
[2018.04.25-14.04.40:897][675]LogModuleManager: Shutting down and abandoning module ClassViewer (366)
[2018.04.25-14.04.40:897][675]LogModuleManager: Shutting down and abandoning module Toolbox (364)
[2018.04.25-14.04.40:898][675]LogModuleManager: Shutting down and abandoning module ModuleUI (362)
[2018.04.25-14.04.40:898][675]LogModuleManager: Shutting down and abandoning module MovieSceneTools (360)
[2018.04.25-14.04.40:898][675]LogModuleManager: Shutting down and abandoning module OutputLog (358)
[2018.04.25-14.04.40:898][675]LogModuleManager: Shutting down and abandoning module GammaUI (356)
[2018.04.25-14.04.40:898][675]LogModuleManager: Shutting down and abandoning module Documentation (354)
[2018.04.25-14.04.40:898][675]LogModuleManager: Shutting down and abandoning module MovieSceneTracks (352)
[2018.04.25-14.04.40:898][675]LogModuleManager: Shutting down and abandoning module MovieScene (350)
[2018.04.25-14.04.40:898][675]LogModuleManager: Shutting down and abandoning module Niagara (348)
[2018.04.25-14.04.40:898][675]LogModuleManager: Shutting down and abandoning module NiagaraEditor (347)
[2018.04.25-14.04.40:898][675]LogModuleManager: Shutting down and abandoning module StreamingPauseRendering (344)
[2018.04.25-14.04.40:898][675]LogModuleManager: Shutting down and abandoning module AnalyticsET (342)
[2018.04.25-14.04.40:898][675]LogModuleManager: Shutting down and abandoning module PortalServices (340)
[2018.04.25-14.04.40:898][675]LogModuleManager: Shutting down and abandoning module PortalRpc (338)
[2018.04.25-14.04.40:898][675]LogModuleManager: Shutting down and abandoning module MessagingRpc (336)
[2018.04.25-14.04.40:898][675]LogModuleManager: Shutting down and abandoning module AIModule (334)
[2018.04.25-14.04.40:898][675]LogModuleManager: Shutting down and abandoning module GameplayDebugger (333)
[2018.04.25-14.04.40:898][675]LogModuleManager: Shutting down and abandoning module AITestSuite (331)
[2018.04.25-14.04.40:898][675]LogModuleManager: Shutting down and abandoning module ProfilerService (328)
[2018.04.25-14.04.40:950][675]LogModuleManager: Shutting down and abandoning module TaskGraph (326)
[2018.04.25-14.04.40:950][675]LogModuleManager: Shutting down and abandoning module SteamVRController (324)
[2018.04.25-14.04.40:950][675]LogModuleManager: Shutting down and abandoning module SteamVR (322)
[2018.04.25-14.04.40:950][675]LogModuleManager: Shutting down and abandoning module ProceduralMeshComponentEditor (320)
[2018.04.25-14.04.40:950][675]LogModuleManager: Shutting down and abandoning module ProceduralMeshComponent (318)
[2018.04.25-14.04.40:950][675]LogModuleManager: Shutting down and abandoning module OculusLibrary (316)
[2018.04.25-14.04.40:950][675]LogModuleManager: Shutting down and abandoning module OculusInput (314)
[2018.04.25-14.04.40:950][675]LogModuleManager: Shutting down and abandoning module MobilePatchingUtils (312)
[2018.04.25-14.04.40:950][675]LogModuleManager: Shutting down and abandoning module CustomMeshComponent (310)
[2018.04.25-14.04.40:950][675]LogModuleManager: Shutting down and abandoning module CableComponent (308)
[2018.04.25-14.04.40:951][675]LogModuleManager: Shutting down and abandoning module ArchVisCharacter (306)
[2018.04.25-14.04.40:951][675]LogModuleManager: Shutting down and abandoning module AndroidPermission (304)
[2018.04.25-14.04.40:951][675]LogModuleManager: Shutting down and abandoning module MediaPlayerEditor (300)
[2018.04.25-14.04.40:951][675]LogModuleManager: Shutting down and abandoning module HTML5Networking (298)
[2018.04.25-14.04.40:951][675]LogModuleManager: Shutting down and abandoning module AlembicImporter (296)
[2018.04.25-14.04.40:951][675]LogModuleManager: Shutting down and abandoning module AlembicLibrary (295)
[2018.04.25-14.04.40:951][675]LogModuleManager: Shutting down and abandoning module GeometryCache (294)
[2018.04.25-14.04.40:951][675]LogModuleManager: Shutting down and abandoning module GeometryCacheEd (293)
[2018.04.25-14.04.40:951][675]LogModuleManager: Shutting down and abandoning module SuperSearchEditor (288)
[2018.04.25-14.04.40:951][675]LogModuleManager: Shutting down and abandoning module SuperSearch (287)
[2018.04.25-14.04.40:951][675]LogModuleManager: Shutting down and abandoning module SpeedTreeImporter (284)
[2018.04.25-14.04.40:951][675]LogModuleManager: Shutting down and abandoning module PluginBrowser (282)
[2018.04.25-14.04.40:951][675]LogModuleManager: Shutting down and abandoning module MobileLauncherProfileWizard (280)
[2018.04.25-14.04.40:951][675]LogModuleManager: Shutting down and abandoning module VisualStudioSourceCodeAccess (278)
[2018.04.25-14.04.40:951][675]LogModuleManager: Shutting down and abandoning module DesktopPlatform (277)
[2018.04.25-14.04.40:951][675]LogModuleManager: Shutting down and abandoning module UObjectPlugin (274)
[2018.04.25-14.04.40:951][675]LogModuleManager: Shutting down and abandoning module SubversionSourceControl (272)
[2018.04.25-14.04.40:951][675]LogModuleManager: Shutting down and abandoning module PerforceSourceControl (270)
[2018.04.25-14.04.40:951][675]LogModuleManager: Shutting down and abandoning module GitSourceControl (268)
[2018.04.25-14.04.40:951][675]LogModuleManager: Shutting down and abandoning module SourceControl (267)
[2018.04.25-14.04.40:951][675]LogModuleManager: Shutting down and abandoning module LightPropagationVolumeEditor (264)
[2018.04.25-14.04.40:951][675]LogModuleManager: Shutting down and abandoning module PaperTiledImporter (262)
[2018.04.25-14.04.40:952][675]LogModuleManager: Shutting down and abandoning module PaperSpriteSheetImporter (260)
[2018.04.25-14.04.40:952][675]LogModuleManager: Shutting down and abandoning module Paper2DEditor (258)
[2018.04.25-14.04.40:952][675]LogModuleManager: Shutting down and abandoning module MeshPaint (257)
[2018.04.25-14.04.40:952][675]LogModuleManager: Shutting down and abandoning module LevelEditor (255)
[2018.04.25-14.04.40:954][675]LogModuleManager: Shutting down and abandoning module PixelInspectorModule (254)
[2018.04.25-14.04.40:954][675]LogModuleManager: Shutting down and abandoning module MainFrame (252)
[2018.04.25-14.04.40:954][675]LogModuleManager: Shutting down and abandoning module HotReload (251)
[2018.04.25-14.04.40:955][675]LogModuleManager: Shutting down and abandoning module PhysXVehiclesEditor (246)
[2018.04.25-14.04.40:955][675]LogModuleManager: Shutting down and abandoning module PhysXVehicles (244)
[2018.04.25-14.04.40:955][675]LogModuleManager: Shutting down and abandoning module LocationServicesBPLibrary (242)
[2018.04.25-14.04.40:955][675]LogModuleManager: Shutting down and abandoning module ImmediatePhysicsEditor (240)
[2018.04.25-14.04.40:955][675]LogModuleManager: Shutting down and abandoning module ImmediatePhysics (238)
[2018.04.25-14.04.40:956][675]LogModuleManager: Shutting down and abandoning module UdpMessaging (236)
[2018.04.25-14.04.41:056][675]LogModuleManager: Shutting down and abandoning module TcpMessaging (234)
[2018.04.25-14.04.41:302][675]LogModuleManager: Shutting down and abandoning module GameplayTagsEditor (232)
[2018.04.25-14.04.41:302][675]LogModuleManager: Shutting down and abandoning module FacialAnimationEditor (230)
[2018.04.25-14.04.41:302][675]LogModuleManager: Shutting down and abandoning module FacialAnimation (228)
[2018.04.25-14.04.41:302][675]LogModuleManager: Shutting down and abandoning module AssetManagerEditor (226)
[2018.04.25-14.04.41:302][675]LogModuleManager: Shutting down and abandoning module GraphEditor (225)
[2018.04.25-14.04.41:303][675]LogModuleManager: Shutting down and abandoning module ContentBrowser (223)
[2018.04.25-14.04.41:305][675]LogModuleManager: Shutting down and abandoning module LightPropagationVolumeRuntime (220)
[2018.04.25-14.04.41:305][675]LogModuleManager: Shutting down and abandoning module Paper2D (218)
[2018.04.25-14.04.41:305][675]LogModuleManager: Shutting down and abandoning module WindowsMoviePlayer (216)
[2018.04.25-14.04.41:305][675]LogModuleManager: Shutting down and abandoning module WmfMedia (214)
[2018.04.25-14.04.41:306][675]LogModuleManager: Shutting down and abandoning module ClothingSystemEditor (212)
[2018.04.25-14.04.41:306][675]LogModuleManager: Shutting down and abandoning module ClothingSystemRuntime (210)
[2018.04.25-14.04.41:306][675]LogModuleManager: Shutting down and abandoning module MediaAssets (208)
[2018.04.25-14.04.41:306][675]LogModuleManager: Shutting down and abandoning module GameLiveStreaming (206)
[2018.04.25-14.04.41:306][675]LogModuleManager: Shutting down and abandoning module VREditor (204)
[2018.04.25-14.04.41:306][675]LogModuleManager: Shutting down and abandoning module StringTableEditor (202)
[2018.04.25-14.04.41:306][675]LogModuleManager: Shutting down and abandoning module GameplayTasksEditor (200)
[2018.04.25-14.04.41:306][675]LogModuleManager: Shutting down and abandoning module BehaviorTreeEditor (198)
[2018.04.25-14.04.41:306][675]LogModuleManager: Shutting down and abandoning module FunctionalTesting (196)
[2018.04.25-14.04.41:306][675]LogModuleManager: Shutting down and abandoning module CollisionAnalyzer (194)
[2018.04.25-14.04.41:306][675]LogModuleManager: Shutting down and abandoning module UMG (192)
[2018.04.25-14.04.41:306][675]LogModuleManager: Shutting down and abandoning module UMGEditor (191)
[2018.04.25-14.04.41:306][675]LogModuleManager: Shutting down and abandoning module Sequencer (190)
[2018.04.25-14.04.41:307][675]LogModuleManager: Shutting down and abandoning module AssetTools (188)
[2018.04.25-14.04.41:307][675]LogModuleManager: Shutting down and abandoning module MessageLog (187)
[2018.04.25-14.04.41:307][675]LogModuleManager: Shutting down and abandoning module WorkspaceMenuStructure (186)
[2018.04.25-14.04.41:307][675]LogModuleManager: Shutting down and abandoning module SlateReflector (180)
[2018.04.25-14.04.41:307][675]LogModuleManager: Shutting down and abandoning module Slate (178)
[2018.04.25-14.04.41:307][675]LogModuleManager: Shutting down and abandoning module EditorStyle (176)
[2018.04.25-14.04.41:315][675]LogModuleManager: Shutting down and abandoning module SourceCodeAccess (174)
[2018.04.25-14.04.41:315][675]LogModuleManager: Shutting down and abandoning module HeadMountedDisplay (172)
[2018.04.25-14.04.41:315][675]LogModuleManager: Shutting down and abandoning module XAudio2 (170)
[2018.04.25-14.04.41:315][675]LogModuleManager: Shutting down and abandoning module Networking (168)
[2018.04.25-14.04.41:316][675]LogModuleManager: Shutting down and abandoning module Core (164)
[2018.04.25-14.04.41:316][675]LogModuleManager: Shutting down and abandoning module AssetRegistry (162)
[2018.04.25-14.04.41:551][675]LogDirectoryWatcher: A directory notification for '../../../Engine/Content/' was aborted.
[2018.04.25-14.04.41:552][675]LogDirectoryWatcher: A directory notification for 'E:/FMP/RPG_Game/Content/' was aborted.
[2018.04.25-14.04.41:552][675]LogDirectoryWatcher: A directory notification for '../../../Engine/Plugins/2D/Paper2D/Content/' was aborted.
[2018.04.25-14.04.41:552][675]LogDirectoryWatcher: A directory notification for '../../../Engine/Plugins/Runtime/GearVR/Content/' was aborted.
[2018.04.25-14.04.41:553][675]LogModuleManager: Shutting down and abandoning module DirectoryWatcher (161)
[2018.04.25-14.04.41:553][675]LogModuleManager: Shutting down and abandoning module KismetCompiler (158)
[2018.04.25-14.04.41:553][675]LogModuleManager: Shutting down and abandoning module LevelSequence (156)
[2018.04.25-14.04.41:553][675]LogModuleManager: Shutting down and abandoning module PhysXFormats (154)
[2018.04.25-14.04.41:553][675]LogModuleManager: Shutting down and abandoning module MeshUtilities (152)
[2018.04.25-14.04.41:553][675]LogModuleManager: Shutting down and abandoning module SimplygonSwarm (151)
[2018.04.25-14.04.41:553][675]LogModuleManager: Shutting down and abandoning module SimplygonMeshReduction (149)
[2018.04.25-14.04.41:554][675]LogModuleManager: Shutting down and abandoning module QuadricMeshReduction (147)
[2018.04.25-14.04.41:554][675]LogModuleManager: Shutting down and abandoning module DerivedDataCache (144)
[2018.04.25-14.04.41:642][675]LogDerivedDataCache: Shutdown
[2018.04.25-14.04.41:642][675]LogModuleManager: Shutting down and abandoning module TargetPlatform (142)
[2018.04.25-14.04.41:642][675]LogModuleManager: Shutting down and abandoning module VulkanShaderFormat (141)
[2018.04.25-14.04.41:642][675]LogModuleManager: Shutting down and abandoning module ShaderFormatVectorVM (139)
[2018.04.25-14.04.41:642][675]LogModuleManager: Shutting down and abandoning module ShaderFormatOpenGL (137)
[2018.04.25-14.04.41:642][675]LogModuleManager: Shutting down and abandoning module ShaderFormatD3D (135)
[2018.04.25-14.04.41:642][675]LogModuleManager: Shutting down and abandoning module MetalShaderFormat (133)
[2018.04.25-14.04.41:642][675]LogModuleManager: Shutting down and abandoning module TextureFormatUncompressed (131)
[2018.04.25-14.04.41:642][675]LogModuleManager: Shutting down and abandoning module TextureFormatPVR (129)
[2018.04.25-14.04.41:642][675]LogModuleManager: Shutting down and abandoning module TextureFormatDXT (127)
[2018.04.25-14.04.41:642][675]LogModuleManager: Shutting down and abandoning module TextureFormatIntelISPCTexComp (125)
[2018.04.25-14.04.41:642][675]LogModuleManager: Shutting down and abandoning module TextureFormatASTC (123)
[2018.04.25-14.04.41:642][675]LogModuleManager: Shutting down and abandoning module ImageWrapper (122)
[2018.04.25-14.04.41:642][675]LogModuleManager: Shutting down and abandoning module TextureFormatAndroid (119)
[2018.04.25-14.04.41:642][675]LogModuleManager: Shutting down and abandoning module AudioFormatOpus (117)
[2018.04.25-14.04.41:642][675]LogModuleManager: Shutting down and abandoning module AudioFormatOgg (115)
[2018.04.25-14.04.41:642][675]LogModuleManager: Shutting down and abandoning module AudioFormatADPCM (113)
[2018.04.25-14.04.41:642][675]LogModuleManager: Shutting down and abandoning module LinuxTargetPlatform (111)
[2018.04.25-14.04.41:643][675]LogModuleManager: Shutting down and abandoning module LinuxServerTargetPlatform (109)
[2018.04.25-14.04.41:643][675]LogModuleManager: Shutting down and abandoning module LinuxNoEditorTargetPlatform (107)
[2018.04.25-14.04.41:643][675]LogModuleManager: Shutting down and abandoning module LinuxClientTargetPlatform (105)
[2018.04.25-14.04.41:643][675]LogModuleManager: Shutting down and abandoning module TVOSTargetPlatform (103)
[2018.04.25-14.04.41:643][675]LogModuleManager: Shutting down and abandoning module Messaging (101)
[2018.04.25-14.04.41:643][675]LogModuleManager: Shutting down and abandoning module IOSTargetPlatform (99)
[2018.04.25-14.04.41:643][675]LogModuleManager: Shutting down and abandoning module HTML5TargetPlatform (97)
[2018.04.25-14.04.41:643][675]LogModuleManager: Shutting down and abandoning module Android_PVRTCTargetPlatform (95)
[2018.04.25-14.04.41:643][675]LogModuleManager: Shutting down and abandoning module Android_MultiTargetPlatform (93)
[2018.04.25-14.04.41:643][675]LogModuleManager: Shutting down and abandoning module Android_ETC2TargetPlatform (91)
[2018.04.25-14.04.41:643][675]LogModuleManager: Shutting down and abandoning module Android_ETC1TargetPlatform (89)
[2018.04.25-14.04.41:643][675]LogModuleManager: Shutting down and abandoning module Android_DXTTargetPlatform (87)
[2018.04.25-14.04.41:643][675]LogModuleManager: Shutting down and abandoning module Android_ATCTargetPlatform (85)
[2018.04.25-14.04.41:643][675]LogModuleManager: Shutting down and abandoning module Android_ASTCTargetPlatform (83)
[2018.04.25-14.04.41:643][675]LogModuleManager: Shutting down and abandoning module AndroidTargetPlatform (81)
[2018.04.25-14.04.41:643][675]LogModuleManager: Shutting down and abandoning module WindowsTargetPlatform (79)
[2018.04.25-14.04.41:643][675]LogModuleManager: Shutting down and abandoning module WindowsServerTargetPlatform (77)
[2018.04.25-14.04.41:643][675]LogModuleManager: Shutting down and abandoning module WindowsNoEditorTargetPlatform (75)
[2018.04.25-14.04.41:643][675]LogModuleManager: Shutting down and abandoning module WindowsClientTargetPlatform (73)
[2018.04.25-14.04.41:643][675]LogModuleManager: Shutting down and abandoning module MacTargetPlatform (71)
[2018.04.25-14.04.41:643][675]LogModuleManager: Shutting down and abandoning module MacServerTargetPlatform (69)
[2018.04.25-14.04.41:643][675]LogModuleManager: Shutting down and abandoning module MacNoEditorTargetPlatform (67)
[2018.04.25-14.04.41:643][675]LogModuleManager: Shutting down and abandoning module MacClientTargetPlatform (65)
[2018.04.25-14.04.41:643][675]LogModuleManager: Shutting down and abandoning module AllDesktopTargetPlatform (63)
[2018.04.25-14.04.41:643][675]LogModuleManager: Shutting down and abandoning module InputCore (60)
[2018.04.25-14.04.41:643][675]LogModuleManager: Shutting down and abandoning module Settings (58)
[2018.04.25-14.04.41:643][675]LogModuleManager: Shutting down and abandoning module OculusRift (56)
[2018.04.25-14.04.41:643][675]LogModuleManager: Shutting down and abandoning module GearVRController (54)
[2018.04.25-14.04.41:643][675]LogModuleManager: Shutting down and abandoning module GearVR (52)
[2018.04.25-14.04.41:643][675]LogModuleManager: Shutting down and abandoning module ExampleDeviceProfileSelector (50)
[2018.04.25-14.04.41:643][675]LogModuleManager: Shutting down and abandoning module OnlineBlueprintSupport (48)
[2018.04.25-14.04.41:643][675]LogModuleManager: Shutting down and abandoning module OnlineSubsystem (44)
[2018.04.25-14.04.41:643][675]LogOnline:Display: Unloading online subsystem: NULL
[2018.04.25-14.04.41:644][675]LogModuleManager: Shutting down and abandoning module XMPP (43)
[2018.04.25-14.04.41:644][675]LogModuleManager: Shutting down and abandoning module HTTP (41)
[2018.04.25-14.04.41:644][675]LogHttp:Display: Http module shutting down, but needs to wait on 1 outstanding Http requests:
[2018.04.25-14.04.41:644][675]LogHttp:Display: 	verb=[POST] url=[https://datarouter.ol.epicgames.com/datarouter/api/v1/public/data?SessionID=%7B68FD619D-45AD-9740-B3E2-C184492EF9A0%7D&AppID=UEEditor.Rocket.Release&AppVersion=4.16.3-3561208%2B%2B%2BUE4%2BRelease-4.16&UserID=f7adcfee480587e46a6f9faa7d3cf87a%7C%7Cedb9ba4f-e8d4-47dc-868c-04bae95502cb&AppEnvironment=datacollector-binary&UploadType=eteventstream] status=Processing
[2018.04.25-14.04.41:652][675]LogModuleManager: Shutting down and abandoning module SSL (40)
[2018.04.25-14.04.41:655][675]LogModuleManager: Shutting down and abandoning module HTTPChunkInstaller (36)
[2018.04.25-14.04.41:655][675]LogModuleManager: Shutting down and abandoning module AnimationModifiers (34)
[2018.04.25-14.04.41:655][675]LogModuleManager: Shutting down and abandoning module PropertyEditor (33)
[2018.04.25-14.04.41:655][675]LogModuleManager: Shutting down and abandoning module AudioEditor (30)
[2018.04.25-14.04.41:656][675]LogModuleManager: Shutting down and abandoning module TextureCompressor (28)
[2018.04.25-14.04.41:656][675]LogModuleManager: Shutting down and abandoning module ShaderCore (26)
[2018.04.25-14.04.41:656][675]LogModuleManager: Shutting down and abandoning module Landscape (24)
[2018.04.25-14.04.41:656][675]LogModuleManager: Shutting down and abandoning module SlateRHIRenderer (22)
[2018.04.25-14.04.41:658][675]LogModuleManager: Shutting down and abandoning module OpenGLDrv (20)
[2018.04.25-14.04.41:658][675]LogModuleManager: Shutting down and abandoning module D3D11RHI (18)
[2018.04.25-14.04.41:658][675]LogModuleManager: Shutting down and abandoning module AnimGraphRuntime (16)
[2018.04.25-14.04.41:658][675]LogModuleManager: Shutting down and abandoning module Renderer (14)
[2018.04.25-14.04.41:658][675]LogModuleManager: Shutting down and abandoning module Engine (12)
[2018.04.25-14.04.41:658][675]LogModuleManager: Shutting down and abandoning module CoreUObject (10)
[2018.04.25-14.04.41:658][675]LogModuleManager: Shutting down and abandoning module NetworkFile (8)
[2018.04.25-14.04.41:658][675]LogModuleManager: Shutting down and abandoning module StreamingFile (6)
[2018.04.25-14.04.41:658][675]LogModuleManager: Shutting down and abandoning module SandboxFile (4)
[2018.04.25-14.04.41:658][675]LogModuleManager: Shutting down and abandoning module PakFile (2)
[2018.04.25-14.04.41:662][675]LogExit: Exiting.
[2018.04.25-14.04.41:717][675]Log file closed, 04/25/18 15:04:41
