Log file open, 07/03/18 12:09:10
LogWindows: Failed to load 'aqProf.dll' (GetLastError=126)
LogWindows: File 'aqProf.dll' does not exist
LogWindows: Failed to load 'VSPerf140.dll' (GetLastError=126)
LogWindows: File 'VSPerf140.dll' does not exist
LogWindows: Failed to load 'VtuneApi.dll' (GetLastError=126)
LogWindows: File 'VtuneApi.dll' does not exist
LogWindows: Failed to load 'VtuneApi32e.dll' (GetLastError=126)
LogWindows: File 'VtuneApi32e.dll' does not exist
LogInit: Display: Running engine for game: RPG_Game
LogPlatformFile: Not using cached read wrapper
LogInit: Display: RandInit(1082003261) SRandInit(1082003261).
LogTaskGraph: Started task graph with 5 named threads and 14 total threads with 3 sets of task threads.
LogStats: Stats thread started at 0.216102
LogD3D11RHI: Aftermath initialized
LogPluginManager: Display: Disabled plugin 'Substance', continuing.
LogPluginManager: Mounting plugin Paper2D
LogPluginManager: Mounting plugin LightPropagationVolume
LogPluginManager: Mounting plugin CodeLiteSourceCodeAccess
LogPluginManager: Mounting plugin GitSourceControl
LogPluginManager: Mounting plugin KDevelopSourceCodeAccess
LogPluginManager: Mounting plugin NullSourceCodeAccess
LogPluginManager: Mounting plugin PerforceSourceControl
LogPluginManager: Mounting plugin SubversionSourceControl
LogPluginManager: Mounting plugin UObjectPlugin
LogPluginManager: Mounting plugin VisualStudioSourceCodeAccess
LogPluginManager: Mounting plugin XCodeSourceCodeAccess
LogPluginManager: Mounting plugin AssetManagerEditor
LogPluginManager: Mounting plugin AudioCapture
LogPluginManager: Mounting plugin FacialAnimation
LogPluginManager: Mounting plugin GameplayTagsEditor
LogPluginManager: Mounting plugin MobileLauncherProfileWizard
LogPluginManager: Mounting plugin PluginBrowser
LogPluginManager: Mounting plugin SpeedTreeImporter
LogPluginManager: Mounting plugin AlembicImporter
LogPluginManager: Mounting plugin CharacterAI
LogPluginManager: Mounting plugin HTML5Networking
LogPluginManager: Mounting plugin AndroidMedia
LogPluginManager: Mounting plugin AvfMedia
LogPluginManager: Mounting plugin MediaPlayerEditor
LogPluginManager: Mounting plugin WmfMedia
LogPluginManager: Mounting plugin TcpMessaging
LogPluginManager: Mounting plugin UdpMessaging
LogPluginManager: Mounting plugin LevelSequenceEditor
LogPluginManager: Mounting plugin MatineeToLevelSequence
LogPluginManager: Mounting plugin OnlineSubsystemGooglePlay
LogPluginManager: Mounting plugin OnlineSubsystemIOS
LogPluginManager: Mounting plugin OnlineSubsystem
LogPluginManager: Mounting plugin OnlineSubsystemNull
LogPluginManager: Mounting plugin OnlineSubsystemUtils
LogPluginManager: Mounting plugin AndroidDeviceProfileSelector
LogPluginManager: Mounting plugin AndroidMoviePlayer
LogPluginManager: Mounting plugin AndroidPermission
LogPluginManager: Mounting plugin AppleMoviePlayer
LogPluginManager: Mounting plugin ArchVisCharacter
LogPluginManager: Mounting plugin CableComponent
LogPluginManager: Mounting plugin CustomMeshComponent
LogPluginManager: Mounting plugin ExampleDeviceProfileSelector
LogPluginManager: Mounting plugin GoogleCloudMessaging
LogPluginManager: Mounting plugin ImmediatePhysics
LogPluginManager: Mounting plugin IOSDeviceProfileSelector
LogPluginManager: Mounting plugin LinuxDeviceProfileSelector
LogPluginManager: Mounting plugin LocationServicesBPLibrary
LogPluginManager: Mounting plugin MobilePatchingUtils
LogPluginManager: Mounting plugin OculusVR
LogPluginManager: Mounting plugin PhysXVehicles
LogPluginManager: Mounting plugin ProceduralMeshComponent
LogPluginManager: Mounting plugin RuntimePhysXCooking
LogPluginManager: Mounting plugin SteamVR
LogPluginManager: Mounting plugin WindowsMoviePlayer
LogInit: Using libcurl 7.47.1
LogInit:  - built for x86_64-pc-win32
LogInit:  - supports SSL with OpenSSL/1.0.2g
LogInit:  - supports HTTP deflate (compression) using libz 1.2.8
LogInit:  - other features:
LogInit:      CURL_VERSION_SSL
LogInit:      CURL_VERSION_LIBZ
LogInit:      CURL_VERSION_IPV6
LogInit:      CURL_VERSION_ASYNCHDNS
LogInit:      CURL_VERSION_LARGEFILE
LogInit:      CURL_VERSION_IDN
LogInit:  CurlRequestOptions (configurable via config and command line):
LogInit:  - bVerifyPeer = false  - Libcurl will NOT verify peer certificate
LogInit:  - bUseHttpProxy = false  - Libcurl will NOT use HTTP proxy
LogInit:  - bDontReuseConnections = false  - Libcurl will reuse connections
LogInit:  - CertBundlePath = nullptr  - Libcurl will use whatever was configured at build time.
LogInit: Build: ++UE4+Release-4.17-CL-3658906
LogInit: Engine Version: 4.17.2-3658906+++UE4+Release-4.17
LogInit: Compatible Engine Version: 4.17.0-3573198+++UE4+Release-4.17
LogInit: Net CL: 3573198
LogDevObjectVersion: Number of dev versions registered: 16
LogDevObjectVersion:   Dev-Blueprints (B0D832E4-1F89-4F0D-ACCF-7EB736FD4AA2): 10
LogDevObjectVersion:   Dev-Build (E1C64328-A22C-4D53-A36C-8E866417BD8C): 0
LogDevObjectVersion:   Dev-Core (375EC13C-06E4-48FB-B500-84F0262A717E): 2
LogDevObjectVersion:   Dev-Editor (E4B068ED-F494-42E9-A231-DA0B2E46BB41): 20
LogDevObjectVersion:   Dev-Framework (CFFC743F-43B0-4480-9391-14DF171D2073): 28
LogDevObjectVersion:   Dev-Mobile (B02B49B5-BB20-44E9-A304-32B752E40360): 0
LogDevObjectVersion:   Dev-Networking (A4E4105C-59A1-49B5-A7C5-40C4547EDFEE): 0
LogDevObjectVersion:   Dev-Online (39C831C9-5AE6-47DC-9A44-9C173E1C8E7C): 0
LogDevObjectVersion:   Dev-Physics (78F01B33-EBEA-4F98-B9B4-84EACCB95AA2): 0
LogDevObjectVersion:   Dev-Platform (6631380F-2D4D-43E0-8009-CF276956A95A): 0
LogDevObjectVersion:   Dev-Rendering (12F88B9F-8875-4AFC-A67C-D90C383ABD29): 19
LogDevObjectVersion:   Dev-Sequencer (7B5AE74C-D270-4C10-A958-57980B212A5A): 4
LogDevObjectVersion:   Dev-VR (D7296918-1DD6-4BDD-9DE2-64A83CC13884): 0
LogDevObjectVersion:   Dev-LoadTimes (C2A15278-BFE7-4AFE-6C17-90FF531DF755): 1
LogDevObjectVersion:   Private-Geometry (6EACA3D4-40EC-4CC1-B786-8BED09428FC5): 1
LogDevObjectVersion:   Dev-AnimPhys (29E575DD-E0A3-4627-9D10-D276232CDCEA): 7
LogInit: Compiled (64-bit): Sep 22 2017 13:47:16
LogInit: Compiled with Visual C++: 19.00.24215.01
LogInit: Build Configuration: Development
LogInit: Branch Name: ++UE4+Release-4.17
LogInit: Command line:  
LogInit: Base directory: D:/UE_4.17/Engine/Binaries/Win64/
LogInit: Installed Engine Build: 1
LogInit: Presizing for max 8388607 objects, including 0 objects not considered by GC, pre-allocating 0 bytes for permanent pool.
LogInit: Object subsystem initialized
[2018.07.03-11.09.14:871][  0]LogInit: Selected Device Profile: [Windows]
[2018.07.03-11.09.14:871][  0]LogInit: Applying CVar settings loaded from the selected device profile: [Windows]
[2018.07.03-11.09.14:942][  0]LogInit: Computer: HB02-24
[2018.07.03-11.09.14:942][  0]LogInit: User: ryangriffiths
[2018.07.03-11.09.14:942][  0]LogInit: CPU Page size=4096, Cores=4
[2018.07.03-11.09.14:942][  0]LogInit: High frequency timer resolution =3.507508 MHz
[2018.07.03-11.09.14:942][  0]LogMemory: Memory total: Physical=15.8GB (16GB approx)
[2018.07.03-11.09.14:942][  0]LogMemory: Platform Memory Stats for Windows
[2018.07.03-11.09.14:942][  0]LogMemory: Process Physical Memory: 283.71 MB used, 283.71 MB peak
[2018.07.03-11.09.14:942][  0]LogMemory: Process Virtual Memory: 283.54 MB used, 283.54 MB peak
[2018.07.03-11.09.14:942][  0]LogMemory: Physical Memory: 3504.20 MB used,  12632.58 MB free, 16136.77 MB total
[2018.07.03-11.09.14:942][  0]LogMemory: Virtual Memory: 714.21 MB used,  12632.58 MB free, 134217728.00 MB total
[2018.07.03-11.09.21:201][  0]LogInit: Using OS detected language (en-US).
[2018.07.03-11.09.21:201][  0]LogInit: Using OS detected locale (en-GB).
[2018.07.03-11.09.21:666][  0]LogTextLocalizationManager: No specific localization for 'en-US' exists, so the 'en' localization will be used.
[2018.07.03-11.09.32:850][  0]LogD3D11RHI: D3D11 adapters:
[2018.07.03-11.09.32:867][  0]LogD3D11RHI:    0. 'NVIDIA Quadro K2200' (Feature Level 11_0)
[2018.07.03-11.09.32:867][  0]LogD3D11RHI:       4062/0/8068 MB DedicatedVideo/DedicatedSystem/SharedSystem, Outputs:1, VendorId:0x10de
[2018.07.03-11.09.33:037][  0]LogD3D11RHI:    1. 'Microsoft Basic Render Driver' (Feature Level 11_0)
[2018.07.03-11.09.33:037][  0]LogD3D11RHI:       0/0/8068 MB DedicatedVideo/DedicatedSystem/SharedSystem, Outputs:0, VendorId:0x1414
[2018.07.03-11.09.33:037][  0]LogD3D11RHI: Chosen D3D11 Adapter: 0
[2018.07.03-11.09.33:042][  0]LogD3D11RHI: Creating new Direct3DDevice
[2018.07.03-11.09.33:042][  0]LogD3D11RHI:     GPU DeviceId: 0x13ba (for the marketing name, search the web for "GPU Device Id")
[2018.07.03-11.09.33:042][  0]LogWindows: EnumDisplayDevices:
[2018.07.03-11.09.33:042][  0]LogWindows:    0. 'NVIDIA Quadro K2200' (P:1 D:1)
[2018.07.03-11.09.33:042][  0]LogWindows:    1. 'NVIDIA Quadro K2200' (P:0 D:0)
[2018.07.03-11.09.33:042][  0]LogWindows:    2. 'NVIDIA Quadro K2200' (P:0 D:0)
[2018.07.03-11.09.33:043][  0]LogWindows:    3. 'NVIDIA Quadro K2200' (P:0 D:0)
[2018.07.03-11.09.33:043][  0]LogWindows: DebugString: FoundDriverCount:4 
[2018.07.03-11.09.33:043][  0]LogD3D11RHI:     Adapter Name: NVIDIA Quadro K2200
[2018.07.03-11.09.33:043][  0]LogD3D11RHI:   Driver Version: 377.11 (internal:21.21.13.7711, unified:377.11)
[2018.07.03-11.09.33:043][  0]LogD3D11RHI:      Driver Date: 3-17-2017
[2018.07.03-11.09.33:043][  0]LogRHI: Texture pool is 1361 MB (70% of 1945 MB)
[2018.07.03-11.09.33:324][  0]LogD3D11RHI: Async texture creation enabled
[2018.07.03-11.09.33:337][  0]LogD3D11RHI: GPU Timing Frequency: 1000.000000 (Debug: 2 1)
[2018.07.03-11.09.33:418][  0]LogShaderCompilers: Guid format shader working directory is 43 characters bigger than the processId version (E:/Git/Fuse/Intermediate/Shaders/WorkingDirectory/11160/).
[2018.07.03-11.09.33:418][  0]LogShaderCompilers: Cleaned the shader compiler working directory 'C:/Users/ryan.griffiths/AppData/Local/Temp/UnrealShaderWorkingDir/419A658C46A9DB1D93E1C0B32506113A/'.
[2018.07.03-11.09.33:418][  0]LogShaderCompilers: Display: Using Local Shader Compiler.
[2018.07.03-11.10.04:303][  0]LogTemp: Display: Loaded TP AllDesktopTargetPlatform
[2018.07.03-11.10.04:363][  0]LogTemp: Display: Loaded TP MacClientTargetPlatform
[2018.07.03-11.10.04:397][  0]LogTemp: Display: Loaded TP MacNoEditorTargetPlatform
[2018.07.03-11.10.04:437][  0]LogTemp: Display: Loaded TP MacServerTargetPlatform
[2018.07.03-11.10.04:740][  0]LogTemp: Display: Loaded TP MacTargetPlatform
[2018.07.03-11.10.04:783][  0]LogTemp: Display: Loaded TP WindowsClientTargetPlatform
[2018.07.03-11.10.04:826][  0]LogTemp: Display: Loaded TP WindowsNoEditorTargetPlatform
[2018.07.03-11.10.04:859][  0]LogTemp: Display: Loaded TP WindowsServerTargetPlatform
[2018.07.03-11.10.04:884][  0]LogTemp: Display: Loaded TP WindowsTargetPlatform
[2018.07.03-11.10.05:121][  0]LogTemp: Display: Loaded TP AndroidTargetPlatform
[2018.07.03-11.10.05:153][  0]LogTemp: Display: Loaded TP Android_ASTCTargetPlatform
[2018.07.03-11.10.05:185][  0]LogTemp: Display: Loaded TP Android_ATCTargetPlatform
[2018.07.03-11.10.05:215][  0]LogTemp: Display: Loaded TP Android_DXTTargetPlatform
[2018.07.03-11.10.05:261][  0]LogTemp: Display: Loaded TP Android_ETC1TargetPlatform
[2018.07.03-11.10.05:292][  0]LogTemp: Display: Loaded TP Android_ETC2TargetPlatform
[2018.07.03-11.10.05:368][  0]LogTemp: Display: Loaded TP Android_MultiTargetPlatform
[2018.07.03-11.10.05:368][  0]LogTemp: Display: Loaded TP Android_PVRTCTargetPlatform
[2018.07.03-11.10.05:429][  0]LogTemp: Display: Loaded TP HTML5TargetPlatform
[2018.07.03-11.10.06:418][  0]LogTemp: Display: Loaded TP IOSTargetPlatform
[2018.07.03-11.10.06:558][  0]LogTemp: Display: Loaded TP TVOSTargetPlatform
[2018.07.03-11.10.06:587][  0]LogTemp: Display: Loaded TP LinuxClientTargetPlatform
[2018.07.03-11.10.06:621][  0]LogTemp: Display: Loaded TP LinuxNoEditorTargetPlatform
[2018.07.03-11.10.06:657][  0]LogTemp: Display: Loaded TP LinuxServerTargetPlatform
[2018.07.03-11.10.06:911][  0]LogTemp: Display: Loaded TP LinuxTargetPlatform
[2018.07.03-11.10.06:911][  0]LogTargetPlatformManager: Display: Building Assets For Windows
[2018.07.03-11.10.15:844][  0]LogDerivedDataCache: Display: Max Cache Size: 512 MB
[2018.07.03-11.10.15:844][  0]LogDerivedDataCache: Display: Starting with empty Boot cache
[2018.07.03-11.10.15:856][  0]LogDerivedDataCache: FDerivedDataBackendGraph:  Pak pak cache file E:/Git/Fuse/DerivedDataCache/DDC.ddp not found, will not use a pak cache.
[2018.07.03-11.10.15:856][  0]LogDerivedDataCache: Unable to find inner node Pak for hierarchical cache Hierarchy.
[2018.07.03-11.10.15:856][  0]LogDerivedDataCache: FDerivedDataBackendGraph:  CompressedPak pak cache file E:/Git/Fuse/DerivedDataCache/Compressed.ddp not found, will not use a pak cache.
[2018.07.03-11.10.15:856][  0]LogDerivedDataCache: Unable to find inner node CompressedPak for hierarchical cache Hierarchy.
[2018.07.03-11.10.16:394][  0]LogDerivedDataCache: Display: Pak cache opened for reading ../../../Engine/DerivedDataCache/Compressed.ddp.
[2018.07.03-11.10.16:407][  0]LogDerivedDataCache: Using Local data cache path C:/Users/ryan.griffiths/AppData/Local/UnrealEngine/Common/DerivedDataCache: Writable
[2018.07.03-11.10.17:264][  0]LogMaterial: Verifying Global Shaders for PCD3D_SM5
[2018.07.03-11.10.17:265][  0]LogSlate: Using Freetype 2.6.0
[2018.07.03-11.10.17:547][  0]LogSlate: SlateFontCache - WITH_FREETYPE: 1, WITH_HARFBUZZ: 1
[2018.07.03-11.10.17:548][  0]LogSlate: SlateFontCache - WITH_FREETYPE: 1, WITH_HARFBUZZ: 1
[2018.07.03-11.10.49:518][  0]LogAssetRegistry: FAssetRegistry took 0.0267 seconds to start up
[2018.07.03-11.10.49:793][  0]LogInit: Selected Device Profile: [Windows]
[2018.07.03-11.10.55:026][  0]LogSimplygon: Simplygon DLL not present - disabling.
[2018.07.03-11.10.55:258][  0]LogMeshReduction: Using SimplygonSwarm for distributed automatic mesh merging
[2018.07.03-11.10.55:263][  0]LogMeshReduction: Using QuadricMeshReduction for automatic static mesh reduction
[2018.07.03-11.10.55:264][  0]LogMeshReduction: No automatic skeletal mesh reduction module available
[2018.07.03-11.10.55:264][  0]LogMeshReduction: No automatic mesh merging module available
[2018.07.03-11.10.55:264][  0]LogMeshMerging: No automatic mesh merging module available
[2018.07.03-11.10.55:314][  0]LogContentStreaming: Texture pool size is 0.00 MB
[2018.07.03-11.11.02:508][  0]LogMaterial: Missing cached shader map for material SkySphereMaterial, compiling. 
[2018.07.03-11.11.05:881][  0]LogNetVersion: RPG_Game , NetCL: 3573198, EngineNetVer: 2, GameNetVer: 0 (Checksum: 1636591706)
[2018.07.03-11.11.07:559][  0]LogPackageLocalizationCache: Processed 5 localized package path(s) for 2 prioritized culture(s) in 0.081776 seconds
[2018.07.03-11.11.07:565][  0]LogUObjectArray: 35826 objects as part of root set at end of initial load.
[2018.07.03-11.11.07:565][  0]LogUObjectAllocator: 7529328 out of 0 bytes used by permanent object pool.
[2018.07.03-11.11.07:565][  0]LogUObjectArray: CloseDisregardForGC: 0/0 objects in disregard for GC pool
[2018.07.03-11.11.07:600][  0]LogInit: WinSock: version 1.1 (2.2), MaxSocks=32767, MaxUdp=65467
[2018.07.03-11.11.28:380][  0]LogTcpMessaging: Initializing TcpMessaging bridge
[2018.07.03-11.11.28:548][  0]LogUdpMessaging: Initializing bridge on interface 0.0.0.0:0 to multicast group 230.0.0.1:6666.
[2018.07.03-11.11.30:254][  0]LogMaterial: Uniform references updated for custom material expression Custom.
[2018.07.03-11.11.31:482][  0]SourceControl: Source control is disabled
[2018.07.03-11.11.33:198][  0]LogAndroidPermission: UAndroidPermissionCallbackProxy::GetInstance
[2018.07.03-11.11.33:413][  0]LogOcInput: OculusInput pre-init called
[2018.07.03-11.11.33:847][  0]LogEngine: Initializing Engine...
[2018.07.03-11.11.33:848][  0]LogHMD: Failed to initialize OpenVR with code 110
[2018.07.03-11.11.34:946][  0]LogStats: UGameplayTagsManager::ConstructGameplayTagTree: Construct from data asset -  0.000 s
[2018.07.03-11.11.34:946][  0]LogStats: UGameplayTagsManager::ConstructGameplayTagTree: GameplayTagTreeChangedEvent.Broadcast -  0.000 s
[2018.07.03-11.11.35:065][  0]LogAIModule: Creating AISystem for world Untitled
[2018.07.03-11.11.35:110][  0]LogInit: XAudio2 using 'Speakers (Realtek High Definition Audio)' : 2 channels at 48 kHz using 32 bits per sample (channel mask 0x3)
[2018.07.03-11.11.35:148][  0]LogInit: FAudioDevice initialized.
[2018.07.03-11.11.35:327][  0]LogDerivedDataCache: Saved boot cache 0.18s 93MB C:/Users/ryan.griffiths/AppData/Local/UnrealEngine/4.17/DerivedDataCache/Boot.ddc.
[2018.07.03-11.11.35:337][  0]LogInit: Texture streaming: Enabled
[2018.07.03-11.11.35:529][  0]LogEngineSessionManager: EngineSessionManager initialized
[2018.07.03-11.11.35:875][  0]LogInit: Transaction tracking system initialized
[2018.07.03-11.11.36:259][  0]BlueprintLog: New page: Editor Load
[2018.07.03-11.11.39:741][  0]LocalizationService: Localization service is disabled
[2018.07.03-11.11.41:354][  0]LogConsoleResponse: Display: 
[2018.07.03-11.11.43:221][  0]LogCook: Display: Max memory allowance for cook 16384mb min free memory 0mb
[2018.07.03-11.11.43:221][  0]LogCook: Display: Mobile HDR setting 1
[2018.07.03-11.11.43:221][  0]LogGameplayTags: Display: UGameplayTagsManager::DoneAddingNativeTags. DelegateIsBound: 0
[2018.07.03-11.11.43:659][  0]LogFileCache: Scanning file cache for directory 'E:/Git/Fuse/Content/' took 0.02s
[2018.07.03-11.11.47:927][  0]Cmd: MAP LOAD FILE="E:/Git/Fuse/Content/Maps/RiverDale.umap" TEMPLATE=0 SHOWPROGRESS=1 FEATURELEVEL=3
[2018.07.03-11.11.47:928][  0]LightingResults: New page: Lighting Build
[2018.07.03-11.11.47:969][  0]MapCheck: New page: Map Check
[2018.07.03-11.11.47:969][  0]LightingResults: New page: Lighting Build
[2018.07.03-11.11.49:533][  0]LogTexture: Display: Building textures: Start (AutoDXT, 420X100)
[2018.07.03-11.11.49:533][  0]LogTexture: Display: Building textures: Quit_Line (AutoDXT, 420X100)
[2018.07.03-11.11.49:533][  0]LogTexture: Display: Building textures: Settings_Line (AutoDXT, 420X100)
[2018.07.03-11.11.49:533][  0]LogTexture: Display: Building textures: Start_Line (AutoDXT, 420X100)
[2018.07.03-11.11.49:533][  0]LogTexture: Display: Building textures: Controls_Line (AutoDXT, 420X100)
[2018.07.03-11.11.49:533][  0]LogTexture: Display: Building textures: Controls (AutoDXT, 420X100)
[2018.07.03-11.11.49:533][  0]LogTexture: Display: Building textures: Settings (AutoDXT, 420X100)
[2018.07.03-11.11.49:533][  0]LogTexture: Display: Building textures: Quit (AutoDXT, 420X100)
[2018.07.03-11.11.49:533][  0]LogTexture: Display: Building textures: Diffuse_LaunchPad (AutoDXT, 1024X1024)
[2018.07.03-11.11.49:533][  0]LogStaticMesh: Building static mesh Button_Push...
[2018.07.03-11.11.49:535][  0]LogStaticMesh: Built static mesh [0.00s] /Game/Assets/PressurePad/Button_Push.Button_Push
[2018.07.03-11.11.49:577][  0]LogTexture: Display: Building textures: Return_To_Menu_Line (AutoDXT, 420X100)
[2018.07.03-11.11.49:577][  0]LogTexture: Display: Building textures: Return_To_Menu (AutoDXT, 420X100)
[2018.07.03-11.11.49:577][  0]LogTexture: Display: Building textures: Title (BGRA8, 360X179)
[2018.07.03-11.11.49:577][  0]LogTexture: Display: Building textures: Resume_Game_Line (AutoDXT, 420X100)
[2018.07.03-11.11.49:577][  0]LogTexture: Display: Building textures: AO_LaunchPad_01 (AutoDXT, 2048X2048)
[2018.07.03-11.11.49:577][  0]LogMaterial: Missing cached shader map for material Base, compiling. 
[2018.07.03-11.11.49:630][  0]LogTexture: Display: Building textures: Resume_Game (AutoDXT, 420X100)
[2018.07.03-11.11.49:630][  0]LogTexture: Display: Building textures: Background (AutoDXT, 1920X1080)
[2018.07.03-11.11.49:630][  0]LogStaticMesh: Building static mesh Button_Base...
[2018.07.03-11.11.49:632][  0]LogStaticMesh: Built static mesh [0.02s] /Game/Assets/PressurePad/Button_Base.Button_Base
[2018.07.03-11.11.49:642][  0]LogTexture: Display: Building textures: Electric_Texture (AutoDXT, 1024X1024)
[2018.07.03-11.11.49:642][  0]LogMaterial: Missing cached shader map for material Rock, compiling. 
[2018.07.03-11.11.49:672][  0]LogStaticMesh: Building static mesh LaunchPad...
[2018.07.03-11.11.49:687][  0]LogStaticMesh: Built static mesh [0.01s] /Game/Assets/LaunchPad/Model/LaunchPad.LaunchPad
[2018.07.03-11.11.49:933][  0]LogTexture: Display: Building textures: Controls_Background (AutoDXT, 1920X1080)
[2018.07.03-11.11.49:933][  0]LogTexture: Display: Building textures: MainBackground (AutoDXT, 1920X1080)
[2018.07.03-11.11.49:933][  0]LogTexture: Display: Building textures: Controls_Icons (BGRA8, 1694X612)
[2018.07.03-11.11.49:933][  0]LogTexture: Display: Building textures: Control_Heading (BGRA8, 1920X71)
[2018.07.03-11.11.49:933][  0]LogTexture: Display: Building textures: Settings_Heading (BGRA8, 1920X71)
[2018.07.03-11.11.49:933][  0]LogTexture: Display: Building textures: Menu_Icon (BGRA8, 55X40)
[2018.07.03-11.11.55:558][  0]LogTexture: Display: Building textures: HQ_Lightmap0_9 (AutoDXT, 64X64)
[2018.07.03-11.11.55:558][  0]LogTexture: Display: Building textures: Concreate (AutoDXT, 1024X1024)
[2018.07.03-11.11.55:558][  0]LogTexture: Display: Building textures: HQ_Lightmap0_8 (AutoDXT, 1024X1024)
[2018.07.03-11.11.55:558][  0]LogTexture: Display: Building textures: HQ_Lightmap1_1 (AutoDXT, 1024X1024)
[2018.07.03-11.11.55:558][  0]LogTexture: Display: Building textures: HQ_Lightmap1_2 (AutoDXT, 1024X1024)
[2018.07.03-11.11.55:558][  0]LogTexture: Display: Building textures: HQ_Lightmap1_3 (AutoDXT, 1024X1024)
[2018.07.03-11.11.55:558][  0]LogTexture: Display: Building textures: HQ_Lightmap1_4 (AutoDXT, 128X128)
[2018.07.03-11.11.55:558][  0]LogTexture: Display: Building textures: HQ_Lightmap1_5 (AutoDXT, 256X256)
[2018.07.03-11.11.55:558][  0]LogTexture: Display: Building textures: HQ_Lightmap1_6 (AutoDXT, 1024X1024)
[2018.07.03-11.11.55:558][  0]LogTexture: Display: Building textures: HQ_Lightmap1_7 (AutoDXT, 512X512)
[2018.07.03-11.11.55:559][  0]LogTexture: Display: Building textures: LQ_Lightmap_0_8 (DXT1, 1024X1024)
[2018.07.03-11.11.55:559][  0]LogTexture: Display: Building textures: LQ_Lightmap_0_9 (DXT1, 64X64)
[2018.07.03-11.11.55:559][  0]LogTexture: Display: Building textures: LQ_Lightmap_1_1 (DXT1, 1024X1024)
[2018.07.03-11.11.55:559][  0]LogTexture: Display: Building textures: LQ_Lightmap_1_2 (DXT1, 1024X1024)
[2018.07.03-11.11.55:559][  0]LogTexture: Display: Building textures: LQ_Lightmap_1_4 (DXT1, 128X128)
[2018.07.03-11.11.55:559][  0]LogTexture: Display: Building textures: LQ_Lightmap_1_5 (DXT1, 256X256)
[2018.07.03-11.11.55:559][  0]LogTexture: Display: Building textures: LQ_Lightmap_1_3 (DXT1, 1024X1024)
[2018.07.03-11.11.55:559][  0]LogTexture: Display: Building textures: LQ_Lightmap_1_7 (DXT1, 512X512)
[2018.07.03-11.11.55:559][  0]LogTexture: Display: Building textures: LQ_Lightmap_1_6 (DXT1, 1024X1024)
[2018.07.03-11.11.55:559][  0]LogTexture: Display: Building textures: SkyOcclusion0_8 (AutoDXT, 1024X512)
[2018.07.03-11.11.55:559][  0]LogTexture: Display: Building textures: SkyOcclusion0_9 (AutoDXT, 64X32)
[2018.07.03-11.11.55:559][  0]LogTexture: Display: Building textures: SkyOcclusion1_1 (AutoDXT, 1024X512)
[2018.07.03-11.11.55:559][  0]LogTexture: Display: Building textures: SkyOcclusion1_2 (AutoDXT, 1024X512)
[2018.07.03-11.11.55:559][  0]LogTexture: Display: Building textures: SkyOcclusion1_3 (AutoDXT, 1024X512)
[2018.07.03-11.11.55:559][  0]LogTexture: Display: Building textures: SkyOcclusion1_4 (AutoDXT, 128X64)
[2018.07.03-11.11.55:559][  0]LogTexture: Display: Building textures: SkyOcclusion1_5 (AutoDXT, 256X128)
[2018.07.03-11.11.55:559][  0]LogTexture: Display: Building textures: SkyOcclusion1_6 (AutoDXT, 1024X512)
[2018.07.03-11.11.55:559][  0]LogTexture: Display: Building textures: SkyOcclusion1_7 (AutoDXT, 512X256)
[2018.07.03-11.11.55:559][  0]LogTexture: Display: Building textures: ShadowMapTexture2D_2 (BGRA8, 512X512)
[2018.07.03-11.11.55:559][  0]LogTexture: Display: Building textures: ShadowMapTexture2D_3 (BGRA8, 1024X512)
[2018.07.03-11.11.55:559][  0]LogTexture: Display: Building textures: Level_Complete (BGRA8, 438X138)
[2018.07.03-11.11.55:559][  0]LogTexture: Display: Building textures: Intro_Text (BGRA8, 1071X221)
[2018.07.03-11.11.55:559][  0]LogTexture: Display: Building textures: DeathText (BGRA8, 405X85)
[2018.07.03-11.11.55:559][  0]LogTexture: Display: Building textures: LightsTexture (AutoDXT, 1024X1024)
[2018.07.03-11.11.55:562][  0]LogMaterial: Missing cached shader map for material LaunchPadMAT, compiling. 
[2018.07.03-11.11.55:691][  0]LogMaterial: Missing cached shader map for material M_Sky_Panning_Clouds2, compiling. 
[2018.07.03-11.11.55:698][  0]LogStaticMesh: Building static mesh Volcano...
[2018.07.03-11.11.55:705][  0]LogStaticMesh: Built static mesh [0.01s] /Game/Assets/Volcano/Volcano.Volcano
[2018.07.03-11.11.55:711][  0]LogMaterial: Missing cached shader map for material Metal, compiling. 
[2018.07.03-11.11.55:738][  0]LogStaticMesh: Building static mesh Linear_Stair_StaticMesh...
[2018.07.03-11.11.55:756][  0]LogStaticMesh: Built static mesh [0.02s] /Game/Assets/Stairs/Linear_Stair_StaticMesh.Linear_Stair_StaticMesh
[2018.07.03-11.11.55:757][  0]LogStaticMesh: Building static mesh liftRoomstairs...
[2018.07.03-11.11.55:796][  0]LogStaticMesh: Built static mesh [0.04s] /Game/Assets/Stairs/liftRoomstairs.liftRoomstairs
[2018.07.03-11.11.55:798][  0]LogStaticMesh: Building static mesh Curved_Stair_StaticMesh...
[2018.07.03-11.11.55:863][  0]LogStaticMesh: Built static mesh [0.07s] /Game/Assets/Stairs/Curved_Stair_StaticMesh.Curved_Stair_StaticMesh
[2018.07.03-11.11.55:869][  0]LogMaterial: Missing cached shader map for material wood, compiling. 
[2018.07.03-11.11.55:895][  0]LogStaticMesh: Building static mesh platform...
[2018.07.03-11.11.55:923][  0]LogStaticMesh: Built static mesh [0.03s] /Game/Assets/Platform/platform.platform
[2018.07.03-11.11.55:927][  0]LogMaterial: Missing cached shader map for material lambert4, compiling. 
[2018.07.03-11.11.55:955][  0]LogStaticMesh: Building static mesh Electric_Sign...
[2018.07.03-11.11.55:959][  0]LogStaticMesh: Built static mesh [0.00s] /Game/Assets/Misc_Objects/Signs/Electric_Sign.Electric_Sign
[2018.07.03-11.11.55:963][  0]LogMaterial: Missing cached shader map for material M_White, compiling. 
[2018.07.03-11.11.55:993][  0]LogMaterial: Missing cached shader map for material lambert1, compiling. 
[2018.07.03-11.11.56:287][  0]LogStaticMesh: Building static mesh F_Frame_01...
[2018.07.03-11.11.56:295][  0]LogStaticMesh: Built static mesh [0.01s] /Game/Assets/IndoorMeshes/F_Frame_01.F_Frame_01
[2018.07.03-11.11.56:297][  0]LogStaticMesh: Building static mesh F_Frame_02...
[2018.07.03-11.11.56:299][  0]LogStaticMesh: Built static mesh [0.00s] /Game/Assets/IndoorMeshes/F_Frame_02.F_Frame_02
[2018.07.03-11.11.56:300][  0]LogStaticMesh: Building static mesh bridge...
[2018.07.03-11.11.56:329][  0]LogStaticMesh: Built static mesh [0.03s] /Game/Assets/Bridge/bridge.bridge
[2018.07.03-11.11.56:333][  0]LogStaticMesh: Building static mesh Bucket...
[2018.07.03-11.11.56:358][  0]LogStaticMesh: Built static mesh [0.02s] /Game/Assets/Misc_Objects/Bucket/Bucket.Bucket
[2018.07.03-11.11.56:359][  0]LogStaticMesh: Building static mesh Cabinet_02...
[2018.07.03-11.11.56:377][  0]LogStaticMesh: Built static mesh [0.02s] /Game/Assets/IndoorMeshes/Cabinet_02.Cabinet_02
[2018.07.03-11.11.56:378][  0]LogStaticMesh: Building static mesh Cabinet_03...
[2018.07.03-11.11.56:395][  0]LogStaticMesh: Built static mesh [0.02s] /Game/Assets/IndoorMeshes/Cabinet_03.Cabinet_03
[2018.07.03-11.11.56:397][  0]LogStaticMesh: Building static mesh Ceiling_Lights...
[2018.07.03-11.11.56:411][  0]LogStaticMesh: Built static mesh [0.01s] /Game/Assets/Lights/Ceiling_Lights.Ceiling_Lights
[2018.07.03-11.11.56:412][  0]LogStaticMesh: Building static mesh PowerCube...
[2018.07.03-11.11.56:434][  0]LogStaticMesh: Built static mesh [0.02s] /Game/Assets/IndoorMeshes/PowerCube.PowerCube
[2018.07.03-11.11.56:549][  0]LogStaticMesh: Building static mesh Cylinder_Brush_StaticMesh...
[2018.07.03-11.11.56:567][  0]LogStaticMesh: Built static mesh [0.02s] /Game/Assets/IndoorMeshes/Cylinder_Brush_StaticMesh.Cylinder_Brush_StaticMesh
[2018.07.03-11.11.56:568][  0]LogStaticMesh: Building static mesh Enviroment...
[2018.07.03-11.11.56:636][  0]LogStaticMesh: Built static mesh [0.07s] /Game/Assets/Enviroment/Enviroment.Enviroment
[2018.07.03-11.11.56:650][  0]LogStaticMesh: Building static mesh Fire_Extinguisher_1...
[2018.07.03-11.11.56:665][  0]LogStaticMesh: Built static mesh [0.02s] /Game/Assets/Misc_Objects/Fire_Extinguisher/Fire_Extinguisher_1.Fire_Extinguisher_1
[2018.07.03-11.11.56:667][  0]LogStaticMesh: Building static mesh Gas_Canister...
[2018.07.03-11.11.56:698][  0]LogStaticMesh: Built static mesh [0.03s] /Game/Assets/Misc_Objects/GasCanisters/Gas_Canister.Gas_Canister
[2018.07.03-11.11.56:700][  0]LogStaticMesh: Building static mesh Generator_2...
[2018.07.03-11.11.56:807][  0]LogStaticMesh: Built static mesh [0.11s] /Game/Assets/Misc_Objects/Generators/Generator_2.Generator_2
[2018.07.03-11.11.56:817][  0]LogStaticMesh: Building static mesh Hazard...
[2018.07.03-11.11.56:820][  0]LogStaticMesh: Built static mesh [0.00s] /Game/Assets/HazardLiquid/Hazard.Hazard
[2018.07.03-11.11.56:822][  0]LogStaticMesh: Building static mesh Lab_Coats...
[2018.07.03-11.11.56:890][  0]LogStaticMesh: Built static mesh [0.07s] /Game/Assets/Misc_Objects/LabCoats/Lab_Coats.Lab_Coats
[2018.07.03-11.11.56:895][  0]LogStaticMesh: Building static mesh Lift_PH...
[2018.07.03-11.11.56:897][  0]LogStaticMesh: Built static mesh [0.00s] /Game/Assets/Lift/Lift_PH.Lift_PH
[2018.07.03-11.11.56:901][  0]LogStaticMesh: Building static mesh pileofbricks...
[2018.07.03-11.11.56:918][  0]LogStaticMesh: Built static mesh [0.02s] /Game/Assets/Debris/pileofbricks.pileofbricks
[2018.07.03-11.11.57:019][  0]LogMaterial: Missing cached shader map for material HazardLiquid, compiling. 
[2018.07.03-11.11.57:094][  0]LogMaterial: Missing cached shader map for material M_Rock, compiling. 
[2018.07.03-11.11.57:126][  0]LogMaterial: Missing cached shader map for material M_Ground, compiling. 
[2018.07.03-11.11.57:163][  0]LogMaterial: Missing cached shader map for material stone, compiling. 
[2018.07.03-11.11.57:195][  0]LogMaterial: Missing cached shader map for material M_Bridge_03, compiling. 
[2018.07.03-11.11.57:228][  0]LogMaterial: Missing cached shader map for material M_Bridge_02, compiling. 
[2018.07.03-11.11.57:260][  0]LogMaterial: Missing cached shader map for material M_Bridge_01, compiling. 
[2018.07.03-11.11.57:291][  0]LogMaterial: Missing cached shader map for material M_Grey, compiling. 
[2018.07.03-11.11.57:322][  0]LogMaterial: Missing cached shader map for material M_Foundation1, compiling. 
[2018.07.03-11.11.57:354][  0]LogMaterial: Missing cached shader map for material M_Floor, compiling. 
[2018.07.03-11.11.57:388][  0]LogMaterial: Missing cached shader map for material Glass, compiling. 
[2018.07.03-11.11.57:456][  0]LogMaterial: Missing cached shader map for material M_Water, compiling. 
[2018.07.03-11.11.57:515][  0]LogMaterial: Missing cached shader map for material M_VolcanoTop, compiling. 
[2018.07.03-11.11.57:547][  0]LogMaterial: Missing cached shader map for material M_VolcanoMain, compiling. 
[2018.07.03-11.11.57:580][  0]LogMaterial: Missing cached shader map for material lambert2, compiling. 
[2018.07.03-11.11.57:611][  0]LogMaterial: Missing cached shader map for material lambert1, compiling. 
[2018.07.03-11.11.57:643][  0]LogMaterial: Missing cached shader map for material lambert1, compiling. 
[2018.07.03-11.11.57:676][  0]LogMaterial: Missing cached shader map for material W_White, compiling. 
[2018.07.03-11.11.57:727][  0]LogMaterial: Missing cached shader map for material M_Red, compiling. 
[2018.07.03-11.11.57:773][  0]LogMaterial: Missing cached shader map for material M_Grey, compiling. 
[2018.07.03-11.11.57:816][  0]LogMaterial: Missing cached shader map for material M_Copper, compiling. 
[2018.07.03-11.11.57:866][  0]LogMaterial: Missing cached shader map for material M_Chrome, compiling. 
[2018.07.03-11.11.57:913][  0]LogMaterial: Missing cached shader map for material M_Blue, compiling. 
[2018.07.03-11.11.57:968][  0]LogMaterial: Missing cached shader map for material M_Black, compiling. 
[2018.07.03-11.11.58:019][  0]LogMaterial: Missing cached shader map for material lambert2, compiling. 
[2018.07.03-11.11.58:070][  0]LogMaterial: Missing cached shader map for material lambert1, compiling. 
[2018.07.03-11.11.58:090][  0]LogMaterial: Missing cached shader map for material lambert1, compiling. 
[2018.07.03-11.11.58:119][  0]LogMaterial: Missing cached shader map for material lambert2, compiling. 
[2018.07.03-11.11.58:150][  0]LogMaterial: Missing cached shader map for material M_Metal, compiling. 
[2018.07.03-11.11.58:180][  0]LogMaterial: Missing cached shader map for material M_Glass, compiling. 
[2018.07.03-11.11.58:223][  0]LogAIModule: Creating AISystem for world RiverDale
[2018.07.03-11.11.58:299][  0]LogEditorServer: Finished looking for orphan Actors (0.000 secs)
[2018.07.03-11.11.58:342][  0]Cmd: MAP CHECKDEP NOCLEARLOG
[2018.07.03-11.11.58:410][  0]MapCheck: Map check complete: 0 Error(s), 0 Warning(s), took 68.252ms to complete.
[2018.07.03-11.11.58:411][  0]LogFileHelpers: Loading map 'RiverDale' took 10.490
[2018.07.03-11.11.58:460][  0]LogWindowsTextInputMethodSystem: Display: IME system now deactivated.
[2018.07.03-11.11.58:968][  0]LogCollectionManager: Loaded 0 collections in 0.002435 seconds
[2018.07.03-11.11.59:270][  0]LogFileCache: Scanning file cache for directory 'E:/Git/Fuse/Saved/Collections/' took 0.01s
[2018.07.03-11.11.59:270][  0]LogFileCache: Scanning file cache for directory 'E:/Git/Fuse/Content/Developers/ryangriffiths/Collections/' took 0.01s
[2018.07.03-11.11.59:270][  0]LogFileCache: Scanning file cache for directory 'E:/Git/Fuse/Content/Collections/' took 0.01s
[2018.07.03-11.11.59:270][  0]LogCollectionManager: Rebuilt the GUID cache for 0 collections in 0.000001 seconds
[2018.07.03-11.11.59:286][  0]LogContentBrowser: Native class hierarchy populated in 0.0152 seconds. Added 2386 classes and 500 folders.
[2018.07.03-11.11.59:351][  0]LogContentBrowser: Native class hierarchy updated for 'WidgetCarousel' in 0.0010 seconds. Added 0 classes and 0 folders.
[2018.07.03-11.12.00:964][  0]LogContentBrowser: Native class hierarchy updated for 'AddContentDialog' in 0.0011 seconds. Added 0 classes and 0 folders.
[2018.07.03-11.12.01:069][  0]LogContentBrowser: Native class hierarchy updated for 'SceneOutliner' in 0.0011 seconds. Added 1 classes and 2 folders.
[2018.07.03-11.12.01:160][  0]LogSlate: Took 0.043384 seconds to synchronously load lazily loaded font '../../../Engine/Content/Slate/Fonts/Roboto-Regular.ttf' (155K)
[2018.07.03-11.12.01:172][  0]LogSlate: Took 0.009534 seconds to synchronously load lazily loaded font '../../../Engine/Content/Slate/Fonts/Roboto-Bold.ttf' (160K)
[2018.07.03-11.12.01:213][  0]LogSlate: Took 0.033132 seconds to synchronously load lazily loaded font '../../../Engine/Content/Editor/Slate/Fonts/FontAwesome.ttf' (139K)
[2018.07.03-11.12.01:472][  0]LogRenderer: Reallocating scene render targets to support 1208x576 Format 10 NumSamples 1 (Frame:1).
[2018.07.03-11.12.02:084][  0]LogContentBrowser: Native class hierarchy updated for 'HierarchicalLODOutliner' in 0.0013 seconds. Added 1 classes and 2 folders.
[2018.07.03-11.12.02:084][  0]LogLoad: (Engine Initialization) Total time: 178.54 seconds
[2018.07.03-11.12.02:084][  0]LogLoad: (Engine Initialization) Total Blueprint compile time: 0.00 seconds
[2018.07.03-11.12.02:085][  0]LogExternalProfiler: No external profilers were discovered.  External profiling features will not be available.
[2018.07.03-11.12.02:117][  0]LogContentStreaming: Texture pool size now 1000 MB
[2018.07.03-11.12.02:295][  0]LogSlate: Took 0.018908 seconds to synchronously load lazily loaded font '../../../Engine/Content/Slate/Fonts/Roboto-Light.ttf' (159K)
[2018.07.03-11.12.02:389][  2]LogAssetRegistry: Asset discovery search completed in 72.9414 seconds
[2018.07.03-11.12.02:395][  2]LogCollectionManager: Rebuilt the object cache for 0 collections in 0.000001 seconds (found 0 objects)
[2018.07.03-11.12.02:395][  2]LogCollectionManager: Fixed up redirectors for 0 collections in 0.000100 seconds (updated 0 objects)
[2018.07.03-11.12.35:417][193]LogSlate: Took 0.000192 seconds to synchronously load lazily loaded font '../../../Engine/Content/Slate/Fonts/Roboto-Light.ttf' (159K)
[2018.07.03-11.26.32:106][543]MapCheck: New page: Map Check
[2018.07.03-11.26.32:121][543]Cmd: MAP REBUILD ALLVISIBLE
[2018.07.03-11.26.32:121][543]LogEditorServer: Rebuildmap Clear paths rebuilt
[2018.07.03-11.26.32:252][543]LightingResults: New page: Lighting Build - 3 Jul 2018 13:26:32
[2018.07.03-11.26.32:431][543]LogSwarmInterface: [OpenConnection] Registering TCP channel ...
[2018.07.03-11.26.32:550][543]LogSwarmInterface: [OpenConnection] Connecting to agent ...
[2018.07.03-11.26.32:561][543]LogSwarmInterface: [TryOpenConnection] Testing the Agent
[2018.07.03-11.26.33:571][543]LogSwarmInterface: [TryOpenConnection] Opening Connection to Agent
[2018.07.03-11.26.33:572][543]LogSwarmInterface: [TryOpenConnection] Local Process ID is 11160
[2018.07.03-11.26.36:232][543]LogStaticLightingSystem: Running Lightmass w/ ImmediateImport mode ENABLED
[2018.07.03-11.26.36:232][543]LogStaticLightingSystem: Running Lightmass w/ ImmediateProcess mode ENABLED
[2018.07.03-11.26.36:232][543]LogStaticLightingSystem: Running Lightmass w/ Sorting mode ENABLED
[2018.07.03-11.26.36:232][543]LogStaticLightingSystem: Running Lightmass w/ Mapping paddings ENABLED
[2018.07.03-11.26.36:232][543]LogStaticLightingSystem: Running Lightmass w/ Mapping debug paddings DISABLED
[2018.07.03-11.26.36:670][543]LogEditorBuildUtils: Build time 0:04
[2018.07.03-11.26.36:677][543]LogMaterial: Missing cached shader map for material FLightmassMaterialRenderer MaterialInstanceDynamic_1, compiling. 
[2018.07.03-11.26.36:681][543]LogMaterial: Missing cached shader map for material FLightmassMaterialRenderer MaterialInstanceDynamic_1, compiling. 
[2018.07.03-11.26.36:686][543]LogMaterial: Missing cached shader map for material FLightmassMaterialRenderer MaterialInstanceDynamic_1, compiling. 
[2018.07.03-11.26.36:715][544]LogMaterial: Missing cached shader map for material FLightmassMaterialRenderer M_VolcanoMain, compiling. 
[2018.07.03-11.26.36:723][544]LogMaterial: Missing cached shader map for material FLightmassMaterialRenderer M_VolcanoMain, compiling. 
[2018.07.03-11.26.36:730][544]LogMaterial: Missing cached shader map for material FLightmassMaterialRenderer M_VolcanoMain, compiling. 
[2018.07.03-11.26.36:764][545]LogMaterial: Missing cached shader map for material FLightmassMaterialRenderer M_VolcanoTop, compiling. 
[2018.07.03-11.26.36:772][545]LogMaterial: Missing cached shader map for material FLightmassMaterialRenderer M_VolcanoTop, compiling. 
[2018.07.03-11.26.36:781][545]LogMaterial: Missing cached shader map for material FLightmassMaterialRenderer M_VolcanoTop, compiling. 
[2018.07.03-11.26.36:799][546]LogMaterial: Missing cached shader map for material FLightmassMaterialRenderer M_Water, compiling. 
[2018.07.03-11.26.36:807][546]LogMaterial: Missing cached shader map for material FLightmassMaterialRenderer M_Water, compiling. 
[2018.07.03-11.26.36:815][546]LogMaterial: Missing cached shader map for material FLightmassMaterialRenderer M_Water, compiling. 
[2018.07.03-11.26.36:833][547]LogMaterial: Missing cached shader map for material FLightmassMaterialRenderer wood, compiling. 
[2018.07.03-11.26.36:840][547]LogMaterial: Missing cached shader map for material FLightmassMaterialRenderer wood, compiling. 
[2018.07.03-11.26.36:845][547]LogMaterial: Missing cached shader map for material FLightmassMaterialRenderer wood, compiling. 
[2018.07.03-11.26.36:862][548]LogMaterial: Missing cached shader map for material FLightmassMaterialRenderer M_Grey, compiling. 
[2018.07.03-11.26.36:867][548]LogMaterial: Missing cached shader map for material FLightmassMaterialRenderer M_Grey, compiling. 
[2018.07.03-11.26.36:872][548]LogMaterial: Missing cached shader map for material FLightmassMaterialRenderer M_Grey, compiling. 
[2018.07.03-11.26.36:905][549]LogMaterial: Missing cached shader map for material FLightmassMaterialRenderer HazardLiquid, compiling. 
[2018.07.03-11.26.36:912][549]LogMaterial: Missing cached shader map for material FLightmassMaterialRenderer HazardLiquid, compiling. 
[2018.07.03-11.26.36:918][549]LogMaterial: Missing cached shader map for material FLightmassMaterialRenderer HazardLiquid, compiling. 
[2018.07.03-11.26.36:945][550]LogMaterial: Missing cached shader map for material FLightmassMaterialRenderer M_Floor, compiling. 
[2018.07.03-11.26.36:951][550]LogMaterial: Missing cached shader map for material FLightmassMaterialRenderer M_Floor, compiling. 
[2018.07.03-11.26.36:957][550]LogMaterial: Missing cached shader map for material FLightmassMaterialRenderer M_Floor, compiling. 
[2018.07.03-11.26.36:975][551]LogMaterial: Missing cached shader map for material FLightmassMaterialRenderer M_White, compiling. 
[2018.07.03-11.26.36:982][551]LogMaterial: Missing cached shader map for material FLightmassMaterialRenderer M_White, compiling. 
[2018.07.03-11.26.36:988][551]LogMaterial: Missing cached shader map for material FLightmassMaterialRenderer M_White, compiling. 
[2018.07.03-11.26.37:003][552]LogMaterial: Missing cached shader map for material FLightmassMaterialRenderer lambert1, compiling. 
[2018.07.03-11.26.37:010][552]LogMaterial: Missing cached shader map for material FLightmassMaterialRenderer lambert1, compiling. 
[2018.07.03-11.26.37:015][552]LogMaterial: Missing cached shader map for material FLightmassMaterialRenderer lambert1, compiling. 
[2018.07.03-11.26.37:030][553]LogMaterial: Missing cached shader map for material FLightmassMaterialRenderer lambert2, compiling. 
[2018.07.03-11.26.37:037][553]LogMaterial: Missing cached shader map for material FLightmassMaterialRenderer lambert2, compiling. 
[2018.07.03-11.26.37:044][553]LogMaterial: Missing cached shader map for material FLightmassMaterialRenderer lambert2, compiling. 
[2018.07.03-11.26.37:062][554]LogMaterial: Missing cached shader map for material FLightmassMaterialRenderer lambert1, compiling. 
[2018.07.03-11.26.37:067][554]LogMaterial: Missing cached shader map for material FLightmassMaterialRenderer lambert1, compiling. 
[2018.07.03-11.26.37:072][554]LogMaterial: Missing cached shader map for material FLightmassMaterialRenderer lambert1, compiling. 
[2018.07.03-11.26.37:089][555]LogMaterial: Missing cached shader map for material FLightmassMaterialRenderer lambert2, compiling. 
[2018.07.03-11.26.37:095][555]LogMaterial: Missing cached shader map for material FLightmassMaterialRenderer lambert2, compiling. 
[2018.07.03-11.26.37:100][555]LogMaterial: Missing cached shader map for material FLightmassMaterialRenderer lambert2, compiling. 
[2018.07.03-11.26.37:120][556]LogMaterial: Missing cached shader map for material FLightmassMaterialRenderer stone, compiling. 
[2018.07.03-11.26.37:128][556]LogMaterial: Missing cached shader map for material FLightmassMaterialRenderer stone, compiling. 
[2018.07.03-11.26.37:134][556]LogMaterial: Missing cached shader map for material FLightmassMaterialRenderer stone, compiling. 
[2018.07.03-11.26.37:151][557]LogMaterial: Missing cached shader map for material FLightmassMaterialRenderer Metal, compiling. 
[2018.07.03-11.26.37:159][557]LogMaterial: Missing cached shader map for material FLightmassMaterialRenderer Metal, compiling. 
[2018.07.03-11.26.37:166][557]LogMaterial: Missing cached shader map for material FLightmassMaterialRenderer Metal, compiling. 
[2018.07.03-11.26.37:180][558]LogMaterial: Missing cached shader map for material FLightmassMaterialRenderer Glass, compiling. 
[2018.07.03-11.26.37:186][558]LogMaterial: Missing cached shader map for material FLightmassMaterialRenderer Glass, compiling. 
[2018.07.03-11.26.37:200][559]LogMaterial: Missing cached shader map for material FLightmassMaterialRenderer M_Ground, compiling. 
[2018.07.03-11.26.37:208][559]LogMaterial: Missing cached shader map for material FLightmassMaterialRenderer M_Ground, compiling. 
[2018.07.03-11.26.37:213][559]LogMaterial: Missing cached shader map for material FLightmassMaterialRenderer M_Ground, compiling. 
[2018.07.03-11.26.37:229][560]LogMaterial: Missing cached shader map for material FLightmassMaterialRenderer M_Rock, compiling. 
[2018.07.03-11.26.37:237][560]LogMaterial: Missing cached shader map for material FLightmassMaterialRenderer M_Rock, compiling. 
[2018.07.03-11.26.37:245][560]LogMaterial: Missing cached shader map for material FLightmassMaterialRenderer M_Rock, compiling. 
[2018.07.03-11.26.37:266][561]LogMaterial: Missing cached shader map for material FLightmassMaterialRenderer M_Metal, compiling. 
[2018.07.03-11.26.37:273][561]LogMaterial: Missing cached shader map for material FLightmassMaterialRenderer M_Metal, compiling. 
[2018.07.03-11.26.37:280][561]LogMaterial: Missing cached shader map for material FLightmassMaterialRenderer M_Metal, compiling. 
[2018.07.03-11.26.37:296][562]LogMaterial: Missing cached shader map for material FLightmassMaterialRenderer M_Glass, compiling. 
[2018.07.03-11.26.37:304][562]LogMaterial: Missing cached shader map for material FLightmassMaterialRenderer M_Glass, compiling. 
[2018.07.03-11.26.37:324][563]LogMaterial: Missing cached shader map for material FLightmassMaterialRenderer lambert1, compiling. 
[2018.07.03-11.26.37:331][563]LogMaterial: Missing cached shader map for material FLightmassMaterialRenderer lambert1, compiling. 
[2018.07.03-11.26.37:337][563]LogMaterial: Missing cached shader map for material FLightmassMaterialRenderer lambert1, compiling. 
[2018.07.03-11.26.37:357][564]LogMaterial: Missing cached shader map for material FLightmassMaterialRenderer lambert1, compiling. 
[2018.07.03-11.26.37:365][564]LogMaterial: Missing cached shader map for material FLightmassMaterialRenderer lambert1, compiling. 
[2018.07.03-11.26.37:373][564]LogMaterial: Missing cached shader map for material FLightmassMaterialRenderer lambert1, compiling. 
[2018.07.03-11.26.37:391][565]LogMaterial: Missing cached shader map for material FLightmassMaterialRenderer lambert4, compiling. 
[2018.07.03-11.26.37:398][565]LogMaterial: Missing cached shader map for material FLightmassMaterialRenderer lambert4, compiling. 
[2018.07.03-11.26.37:407][565]LogMaterial: Missing cached shader map for material FLightmassMaterialRenderer lambert4, compiling. 
[2018.07.03-11.26.37:433][566]LogMaterial: Missing cached shader map for material FLightmassMaterialRenderer M_Bridge_03, compiling. 
[2018.07.03-11.26.37:442][566]LogMaterial: Missing cached shader map for material FLightmassMaterialRenderer M_Bridge_03, compiling. 
[2018.07.03-11.26.37:450][566]LogMaterial: Missing cached shader map for material FLightmassMaterialRenderer M_Bridge_03, compiling. 
[2018.07.03-11.26.37:471][567]LogMaterial: Missing cached shader map for material FLightmassMaterialRenderer M_Bridge_01, compiling. 
[2018.07.03-11.26.37:480][567]LogMaterial: Missing cached shader map for material FLightmassMaterialRenderer M_Bridge_01, compiling. 
[2018.07.03-11.26.37:488][567]LogMaterial: Missing cached shader map for material FLightmassMaterialRenderer M_Bridge_01, compiling. 
[2018.07.03-11.26.37:508][568]LogMaterial: Missing cached shader map for material FLightmassMaterialRenderer M_Bridge_02, compiling. 
[2018.07.03-11.26.37:516][568]LogMaterial: Missing cached shader map for material FLightmassMaterialRenderer M_Bridge_02, compiling. 
[2018.07.03-11.26.37:522][568]LogMaterial: Missing cached shader map for material FLightmassMaterialRenderer M_Bridge_02, compiling. 
[2018.07.03-11.26.37:544][569]LogMaterial: Missing cached shader map for material FLightmassMaterialRenderer WorldGridMaterial, compiling. Is special engine material.
[2018.07.03-11.26.37:554][569]LogMaterial: Missing cached shader map for material FLightmassMaterialRenderer WorldGridMaterial, compiling. Is special engine material.
[2018.07.03-11.26.37:563][569]LogMaterial: Missing cached shader map for material FLightmassMaterialRenderer WorldGridMaterial, compiling. Is special engine material.
[2018.07.03-11.26.37:582][570]LogMaterial: Missing cached shader map for material FLightmassMaterialRenderer M_Foundation1, compiling. 
[2018.07.03-11.26.37:590][570]LogMaterial: Missing cached shader map for material FLightmassMaterialRenderer M_Foundation1, compiling. 
[2018.07.03-11.26.37:597][570]LogMaterial: Missing cached shader map for material FLightmassMaterialRenderer M_Foundation1, compiling. 
[2018.07.03-11.27.01:909][374]LogStaticLightingSystem: Warning: Failed to build lighting!!! Lighting build canceled.
[2018.07.03-11.27.02:241][374]Job has failed! Job is closed while Tasks are still PENDING
[2018.07.03-11.27.02:242][374]DumpUnbuiltLightIteractions
[2018.07.03-11.27.02:242][374]Lights with unbuilt interactions: 0
[2018.07.03-11.27.02:242][374]
[2018.07.03-11.27.02:242][374]Primitives with unbuilt interactions: 0
[2018.07.03-11.27.02:312][375]Cmd: MAP CHECK NOTIFYRESULTS
[2018.07.03-11.27.02:312][375]MapCheck: New page: RiverDale - 3 Jul 2018 13:27:02
[2018.07.03-11.27.03:947][375]MapCheck: Map check complete: 0 Error(s), 0 Warning(s), took 1,634.599ms to complete.
[2018.07.03-11.27.05:182][375]LogSlate: Took 0.003466 seconds to synchronously load lazily loaded font '../../../Engine/Content/Slate/Fonts/Roboto-Light.ttf' (159K)
[2018.07.03-11.27.05:234][375]Cmd: OBJ SAVEPACKAGE PACKAGE="/Game/Maps/RiverDale" FILE="E:/Git/Fuse/Content/Maps/RiverDale.umap" SILENT=true AUTOSAVING=false KEEPDIRTY=false
[2018.07.03-11.27.06:593][375]LogSlate: Took 0.003393 seconds to synchronously load lazily loaded font '../../../Engine/Content/Slate/Fonts/Roboto-Regular.ttf' (155K)
[2018.07.03-11.27.10:069][375]LogSavePackage: Save=4523.27ms
[2018.07.03-11.27.10:069][375]LogSavePackage: Moving 'E:/Git/Fuse/Saved/RiverDaleDC1A4F7E4C47A169BF0E07B064606174.tmp' to 'E:/Git/Fuse/Content/Maps/RiverDale.umap'
[2018.07.03-11.27.10:184][375]LogSavePackage: Display: Finished SavePackage E:/Git/Fuse/Content/Maps/RiverDale.umap
[2018.07.03-11.27.10:328][375]LogFileHelpers: Saving map 'RiverDale' took 5.138
[2018.07.03-11.27.11:179][375]LogWindowsTextInputMethodSystem: Display: IME system now deactivated.
[2018.07.03-11.27.11:438][376]Cmd: QUIT_EDITOR
[2018.07.03-11.27.11:500][376]LogExit: Preparing to exit.
