Log file open, 07/06/18 14:00:41
LogInit:Display: Running engine for game: RPG_Game
LogPlatformFile: Not using cached read wrapper
LogInit:Display: RandInit(1677952220) SRandInit(1677952220).
LogTaskGraph: Started task graph with 5 named threads and 8 total threads with 1 sets of task threads.
LogStats: Stats thread started at 0.089421
LogInit: Using libcurl 7.47.1
LogInit:  - built for x86_64-pc-win32
LogInit:  - supports SSL with OpenSSL/1.0.2g
LogInit:  - supports HTTP deflate (compression) using libz 1.2.8
LogInit:  - other features:
LogInit:      CURL_VERSION_SSL
LogInit:      CURL_VERSION_LIBZ
LogInit:      CURL_VERSION_IPV6
LogInit:      CURL_VERSION_ASYNCHDNS
LogInit:      CURL_VERSION_LARGEFILE
LogInit:      CURL_VERSION_IDN
LogInit:  CurlRequestOptions (configurable via config and command line):
LogInit:  - bVerifyPeer = false  - Libcurl will NOT verify peer certificate
LogInit:  - bUseHttpProxy = false  - Libcurl will NOT use HTTP proxy
LogInit:  - bDontReuseConnections = false  - Libcurl will reuse connections
LogInit:  - CertBundlePath = nullptr  - Libcurl will use whatever was configured at build time.
LogInit: Build: ++UE4+Release-4.16-CL-3561208
LogInit: Engine Version: 4.16.3-3561208+++UE4+Release-4.16
LogInit: Compatible Engine Version: 4.16.0-3452394+++UE4+Release-4.16
LogInit: Net CL: 3452394
LogDevObjectVersion: Number of dev versions registered: 16
LogDevObjectVersion:   Dev-Blueprints (B0D832E4-1F89-4F0D-ACCF-7EB736FD4AA2): 9
LogDevObjectVersion:   Dev-Build (E1C64328-A22C-4D53-A36C-8E866417BD8C): 0
LogDevObjectVersion:   Dev-Core (375EC13C-06E4-48FB-B500-84F0262A717E): 2
LogDevObjectVersion:   Dev-Editor (E4B068ED-F494-42E9-A231-DA0B2E46BB41): 17
LogDevObjectVersion:   Dev-Framework (CFFC743F-43B0-4480-9391-14DF171D2073): 23
LogDevObjectVersion:   Dev-Mobile (B02B49B5-BB20-44E9-A304-32B752E40360): 0
LogDevObjectVersion:   Dev-Networking (A4E4105C-59A1-49B5-A7C5-40C4547EDFEE): 0
LogDevObjectVersion:   Dev-Online (39C831C9-5AE6-47DC-9A44-9C173E1C8E7C): 0
LogDevObjectVersion:   Dev-Physics (78F01B33-EBEA-4F98-B9B4-84EACCB95AA2): 0
LogDevObjectVersion:   Dev-Platform (6631380F-2D4D-43E0-8009-CF276956A95A): 0
LogDevObjectVersion:   Dev-Rendering (12F88B9F-8875-4AFC-A67C-D90C383ABD29): 15
LogDevObjectVersion:   Dev-Sequencer (7B5AE74C-D270-4C10-A958-57980B212A5A): 4
LogDevObjectVersion:   Dev-VR (D7296918-1DD6-4BDD-9DE2-64A83CC13884): 0
LogDevObjectVersion:   Dev-LoadTimes (C2A15278-BFE7-4AFE-6C17-90FF531DF755): 1
LogDevObjectVersion:   Private-Geometry (6EACA3D4-40EC-4CC1-B786-8BED09428FC5): 1
LogDevObjectVersion:   Dev-AnimPhys (29E575DD-E0A3-4627-9D10-D276232CDCEA): 3
LogInit: Compiled (64-bit): Jul 28 2017 11:49:47
LogInit: Compiled with Visual C++: 19.00.24215.01
LogInit: Build Configuration: Development
LogInit: Branch Name: ++UE4+Release-4.16
LogInit: Command line:  /Temp/Autosaves/Game/Maps/UEDPCRiverDale -game -PIEVIACONSOLE -ResX=1280 -ResY=720  -Multiprocess -messaging -SessionName="Play in Standalone Game" -windowed 
LogInit: Base directory: D:/Program Files/UE_4.16/Engine/Binaries/Win64/
LogInit: Installed Engine Build: 1
LogInit: Presizing for max 8388607 objects, including 0 objects not considered by GC, pre-allocating 0 bytes for permanent pool.
LogInit: Object subsystem initialized
[2018.07.06-13.00.42:023][  0]LogInit: Selected Device Profile: [Windows]
[2018.07.06-13.00.42:023][  0]LogInit: Applying CVar settings loaded from the selected device profile: [Windows]
[2018.07.06-13.00.42:042][  0]LogInit: Computer: DESKTOP-46CB9MQ
[2018.07.06-13.00.42:042][  0]LogInit: User: JoshR
[2018.07.06-13.00.42:042][  0]LogInit: CPU Page size=4096, Cores=4
[2018.07.06-13.00.42:042][  0]LogInit: High frequency timer resolution =3.421874 MHz
[2018.07.06-13.00.42:043][  0]LogMemory: Memory total: Physical=16.0GB (16GB approx)
[2018.07.06-13.00.42:043][  0]LogMemory: Platform Memory Stats for Windows
[2018.07.06-13.00.42:043][  0]LogMemory: Process Physical Memory: 273.64 MB used, 273.64 MB peak
[2018.07.06-13.00.42:043][  0]LogMemory: Process Virtual Memory: 266.64 MB used, 266.64 MB peak
[2018.07.06-13.00.42:043][  0]LogMemory: Physical Memory: 7040.82 MB used,  9303.18 MB free, 16344.00 MB total
[2018.07.06-13.00.42:043][  0]LogMemory: Virtual Memory: 4759.29 MB used,  9303.18 MB free, 134217728.00 MB total
[2018.07.06-13.00.42:232][  0]LogInit: Using OS detected language (en-GB).
[2018.07.06-13.00.42:232][  0]LogInit: Using OS detected locale (en-GB).
[2018.07.06-13.00.42:339][  0]LogTextLocalizationManager: No specific localization for 'en-GB' exists, so the 'en' localization will be used.
[2018.07.06-13.00.43:138][  0]LogD3D11RHI: D3D11 adapters:
[2018.07.06-13.00.43:190][  0]LogD3D11RHI:    0. 'NVIDIA GeForce GTX 970' (Feature Level 11_0)
[2018.07.06-13.00.43:190][  0]LogD3D11RHI:       4043/0/8172 MB DedicatedVideo/DedicatedSystem/SharedSystem, Outputs:1, VendorId:0x10de
[2018.07.06-13.00.43:193][  0]LogD3D11RHI:    1. 'Microsoft Basic Render Driver' (Feature Level 11_0)
[2018.07.06-13.00.43:193][  0]LogD3D11RHI:       0/0/8172 MB DedicatedVideo/DedicatedSystem/SharedSystem, Outputs:0, VendorId:0x1414
[2018.07.06-13.00.43:193][  0]LogD3D11RHI: Chosen D3D11 Adapter: 0
[2018.07.06-13.00.43:197][  0]LogD3D11RHI: Creating new Direct3DDevice
[2018.07.06-13.00.43:198][  0]LogD3D11RHI:     GPU DeviceId: 0x13c2 (for the marketing name, search the web for "GPU Device Id")
[2018.07.06-13.00.43:198][  0]LogWindows: EnumDisplayDevices:
[2018.07.06-13.00.43:198][  0]LogWindows:    0. 'NVIDIA GeForce GTX 970' (P:1 D:1)
[2018.07.06-13.00.43:198][  0]LogWindows:    1. 'NVIDIA GeForce GTX 970' (P:0 D:0)
[2018.07.06-13.00.43:198][  0]LogWindows:    2. 'NVIDIA GeForce GTX 970' (P:0 D:0)
[2018.07.06-13.00.43:198][  0]LogWindows:    3. 'NVIDIA GeForce GTX 970' (P:0 D:0)
[2018.07.06-13.00.43:198][  0]LogWindows: DebugString: GetVideoDriverDetailsInvalid PrimaryIsNotTheChoosenAdapter GetVideoDriverDetailsInvalid PrimaryIsNotTheChoosenAdapter GetVideoDriverDetailsInvalid PrimaryIsNotTheChoosenAdapter GetVideoDriverDetailsInvalid PrimaryIsNotTheChoosenAdapter FoundDriverCount:0 
[2018.07.06-13.00.43:198][  0]LogD3D11RHI:     Adapter Name: NVIDIA GeForce GTX 970
[2018.07.06-13.00.43:198][  0]LogD3D11RHI:   Driver Version: Unknown (internal:Unknown, unified:Unknown)
[2018.07.06-13.00.43:198][  0]LogD3D11RHI:      Driver Date: Unknown
[2018.07.06-13.00.43:198][  0]LogRHI: Texture pool is 1361 MB (70% of 1945 MB)
[2018.07.06-13.00.43:226][  0]LogD3D11RHI: Async texture creation enabled
[2018.07.06-13.00.43:247][  0]LogD3D11RHI: GPU Timing Frequency: 1000.000000 (Debug: 2 2)
[2018.07.06-13.00.43:295][  0]LogShaderCompilers: Guid format shader working directory is -2 characters bigger than the processId version (../../../../../Users/JoshR/Documents/GitHub/Fuse/Intermediate/Shaders/WorkingDirectory/6120/).
[2018.07.06-13.00.43:295][  0]LogShaderCompilers: Cleaned the shader compiler working directory 'C:/Users/JoshR/AppData/Local/Temp/UnrealShaderWorkingDir/9BBAAB574B0D12A90A4CBA8330EE81CD/'.
[2018.07.06-13.00.43:295][  0]LogShaderCompilers:Display: Using Local Shader Compiler.
[2018.07.06-13.00.45:335][  0]LogTemp:Display: Loaded TP WindowsClientTargetPlatform
[2018.07.06-13.00.45:374][  0]LogTemp:Display: Loaded TP WindowsNoEditorTargetPlatform
[2018.07.06-13.00.45:413][  0]LogTemp:Display: Loaded TP WindowsServerTargetPlatform
[2018.07.06-13.00.45:452][  0]LogTemp:Display: Loaded TP WindowsTargetPlatform
[2018.07.06-13.00.45:452][  0]LogTargetPlatformManager:Display: Building Assets For Windows
[2018.07.06-13.00.46:147][  0]LogDerivedDataCache:Display: Max Cache Size: 512 MB
[2018.07.06-13.00.46:215][  0]LogDerivedDataCache: Loaded boot cache 0.07s 90MB C:/Users/JoshR/AppData/Local/UnrealEngine/4.16/DerivedDataCache/Boot.ddc.
[2018.07.06-13.00.46:215][  0]LogDerivedDataCache:Display: Loaded Boot cache: C:/Users/JoshR/AppData/Local/UnrealEngine/4.16/DerivedDataCache/Boot.ddc
[2018.07.06-13.00.46:216][  0]LogDerivedDataCache: FDerivedDataBackendGraph:  Pak pak cache file ../../../../../Users/JoshR/Documents/GitHub/Fuse/DerivedDataCache/DDC.ddp not found, will not use a pak cache.
[2018.07.06-13.00.46:216][  0]LogDerivedDataCache: Unable to find inner node Pak for hierarchical cache Hierarchy.
[2018.07.06-13.00.46:216][  0]LogDerivedDataCache: FDerivedDataBackendGraph:  CompressedPak pak cache file ../../../../../Users/JoshR/Documents/GitHub/Fuse/DerivedDataCache/Compressed.ddp not found, will not use a pak cache.
[2018.07.06-13.00.46:216][  0]LogDerivedDataCache: Unable to find inner node CompressedPak for hierarchical cache Hierarchy.
[2018.07.06-13.00.46:235][  0]LogDerivedDataCache:Display: Pak cache opened for reading ../../../Engine/DerivedDataCache/Compressed.ddp.
[2018.07.06-13.00.46:248][  0]LogDerivedDataCache: Using Local data cache path C:/Users/JoshR/AppData/Local/UnrealEngine/Common/DerivedDataCache: Writable
[2018.07.06-13.00.46:255][  0]LogMaterial: Verifying Global Shaders for PCD3D_SM5
[2018.07.06-13.00.46:256][  0]LogSlate: Using Freetype 2.6.0
[2018.07.06-13.00.46:267][  0]LogSlate: SlateFontCache - WITH_FREETYPE: 1, WITH_HARFBUZZ: 1
[2018.07.06-13.00.46:267][  0]LogSlate: SlateFontCache - WITH_FREETYPE: 1, WITH_HARFBUZZ: 1
[2018.07.06-13.00.48:064][  0]LogAssetRegistry: FAssetRegistry took 0.0030 seconds to start up
[2018.07.06-13.00.48:071][  0]LogPackageLocalizationCache: Processed 4 localized package path(s) for 2 prioritized culture(s) in 0.007302 seconds
[2018.07.06-13.00.48:150][  0]LogInit: Selected Device Profile: [Windows]
[2018.07.06-13.00.48:199][  0]LogContentStreaming: Texture pool size is 1000.00 MB
[2018.07.06-13.00.48:581][  0]LogMeshUtilities: Using QuadricMeshReduction for automatic static mesh reduction
[2018.07.06-13.00.48:646][  0]LogSimplygon: Simplygon DLL not present - disabling.
[2018.07.06-13.00.48:699][  0]LogMeshUtilities: Using SimplygonSwarm for distributed automatic mesh merging
[2018.07.06-13.00.48:699][  0]LogMeshUtilities: No automatic skeletal mesh reduction module available
[2018.07.06-13.00.48:699][  0]LogMeshUtilities: No automatic mesh merging module available
[2018.07.06-13.00.49:147][  0]LogNetVersion: RPG_Game , NetCL: 3452394, EngineNetVer: 2, GameNetVer: 0 (Checksum: 2586067795)
[2018.07.06-13.00.49:205][  0]LogInit: WinSock: version 1.1 (2.2), MaxSocks=32767, MaxUdp=65467
[2018.07.06-13.00.50:397][  0]LogMoviePlayer: Initializing movie player
[2018.07.06-13.00.50:760][  0]LogCollectionManager: Loaded 0 collections in 0.001369 seconds
[2018.07.06-13.00.50:809][  0]LogFileCache: Scanning file cache for directory 'D:/Users/JoshR/Documents/GitHub/Fuse/Saved/Collections/' took 0.01s
[2018.07.06-13.00.50:809][  0]LogFileCache: Scanning file cache for directory 'D:/Users/JoshR/Documents/GitHub/Fuse/Content/Developers/JoshR/Collections/' took 0.01s
[2018.07.06-13.00.50:809][  0]LogFileCache: Scanning file cache for directory 'D:/Users/JoshR/Documents/GitHub/Fuse/Content/Collections/' took 0.01s
[2018.07.06-13.00.50:809][  0]LogCollectionManager: Rebuilt the object cache for 0 collections in 0.000001 seconds (found 0 objects)
[2018.07.06-13.00.50:809][  0]LogCollectionManager: Fixed up redirectors for 0 collections in 0.000028 seconds (updated 0 objects)
[2018.07.06-13.00.51:008][  0]LogTcpMessaging: Initializing TcpMessaging bridge
[2018.07.06-13.00.51:062][  0]LogUdpMessaging: Initializing bridge on interface 0.0.0.0:0 to multicast group 230.0.0.1:6666.
[2018.07.06-13.00.51:520][  0]SourceControl: Info Source control is disabled
[2018.07.06-13.00.51:520][  0]SourceControl: Info Source control is disabled
[2018.07.06-13.00.51:591][  0]SourceControl: Info Source control is disabled
[2018.07.06-13.00.51:898][  0]LogAndroidPermission: UAndroidPermissionCallbackProxy::GetInstance
[2018.07.06-13.00.52:409][  0]LogUObjectArray: 37220 objects as part of root set at end of initial load.
[2018.07.06-13.00.52:409][  0]LogUObjectAllocator: 8398840 out of 0 bytes used by permanent object pool.
[2018.07.06-13.00.52:409][  0]LogUObjectArray: CloseDisregardForGC: 0/0 objects in disregard for GC pool
[2018.07.06-13.00.52:563][  0]LogEngine: Initializing Engine...
[2018.07.06-13.00.52:564][  0]LogHMD: Failed to initialize OpenVR with code 110
[2018.07.06-13.00.52:714][  0]LogStats: UGameplayTagsManager::ConstructGameplayTagTree: Construct from data asset -  0.000 s
[2018.07.06-13.00.52:714][  0]LogStats: UGameplayTagsManager::ConstructGameplayTagTree: GameplayTagTreeChangedEvent.Broadcast -  0.000 s
[2018.07.06-13.00.52:730][  0]LogInit: XAudio2 using 'Speakers (High Definition Audio Device)' : 2 channels at 44.1 kHz using 16 bits per sample (channel mask 0x3)
[2018.07.06-13.00.52:758][  0]LogInit: FAudioDevice initialized.
[2018.07.06-13.00.52:791][  0]LogInit: Texture streaming: Enabled
[2018.07.06-13.00.52:824][  0]LogMaterial: Uniform references updated for custom material expression Custom.
[2018.07.06-13.00.53:187][  0]LogSlateStyle:Warning: Unable to find Slate Widget Style 'NormalText'. Using FTextBlockStyle defaults instead.
[2018.07.06-13.00.53:187][  0]LogSlateStyle:Warning: Unable to find Slate Widget Style 'SpinBox'. Using FSpinBoxStyle defaults instead.
[2018.07.06-13.00.53:496][  0]LogInit:Display: Game Engine Initialized.
[2018.07.06-13.00.53:700][  0]LogInit:Display: Starting Game.
[2018.07.06-13.00.53:708][  0]LogNet: Browse: /Temp/Autosaves/Game/Maps/UEDPCRiverDale?Name=Player
[2018.07.06-13.00.53:712][  0]LogLoad: LoadMap: /Temp/Autosaves/Game/Maps/UEDPCRiverDale?Name=Player
[2018.07.06-13.00.53:823][  0]LogMemory: Platform Memory Stats for Windows
[2018.07.06-13.00.53:823][  0]LogMemory: Process Physical Memory: 798.23 MB used, 897.90 MB peak
[2018.07.06-13.00.53:823][  0]LogMemory: Process Virtual Memory: 911.78 MB used, 963.33 MB peak
[2018.07.06-13.00.53:823][  0]LogMemory: Physical Memory: 7327.92 MB used,  9016.09 MB free, 16344.00 MB total
[2018.07.06-13.00.53:823][  0]LogMemory: Virtual Memory: 5652.93 MB used,  9016.09 MB free, 134217728.00 MB total
[2018.07.06-13.00.53:823][  0]LogMemory: 
[2018.07.06-13.00.53:823][  0]Allocator Stats for TBB: (not implemented)
[2018.07.06-13.00.54:512][  0]LogAIModule: Creating AISystem for world RiverDale
[2018.07.06-13.00.54:529][  0]LogLoad: Game class is 'FuseGM_C'
[2018.07.06-13.00.54:549][  0]LogWorld: Bringing World /Temp/Autosaves/Game/Maps/UEDPCRiverDale.RiverDale up for play (max tick rate 0) at 2018.07.06-14.00.54
[2018.07.06-13.00.54:549][  0]LogWorld: Bringing up level for play took: 0.019200
[2018.07.06-13.00.54:569][  0]LogLoad: Took 0.857527 seconds to LoadMap(/Temp/Autosaves/Game/Maps/UEDPCRiverDale)
[2018.07.06-13.00.55:279][  0]LogRenderer: Reallocating scene render targets to support 1280x720 NumSamples 1 (Frame:1).
[2018.07.06-13.00.55:279][  0]LogLoad: (Engine Initialization) Total time: 15.16 seconds
[2018.07.06-13.00.55:279][  0]LogLoad: (Engine Initialization) Total Blueprint compile time: 0.20 seconds
[2018.07.06-13.00.55:279][  0]LogExternalProfiler: Found external profiler: VSPerf
[2018.07.06-13.00.55:279][  0]LogExternalProfiler: Using external profiler: VSPerf
[2018.07.06-13.00.55:295][  0]LogOcInput: OculusInput pre-init called
[2018.07.06-13.00.55:295][  0]LogHMD: Starting GearVRController plugin
[2018.07.06-13.01.14:727][156]LogPackageName: SearchForPackageOnDisk took   0.559s to resolve Menu.umap.
[2018.07.06-13.01.14:856][156]LogPackageName: SearchForPackageOnDisk took   0.130s to resolve Menu.umap.
[2018.07.06-13.01.14:856][156]LogNet: Browse: /Game/Maps/Menu
[2018.07.06-13.01.14:856][156]LogLoad: LoadMap: /Game/Maps/Menu
[2018.07.06-13.01.15:004][156]LogMemory: Platform Memory Stats for Windows
[2018.07.06-13.01.15:004][156]LogMemory: Process Physical Memory: 826.27 MB used, 935.93 MB peak
[2018.07.06-13.01.15:004][156]LogMemory: Process Virtual Memory: 1160.23 MB used, 1275.01 MB peak
[2018.07.06-13.01.15:004][156]LogMemory: Physical Memory: 7033.61 MB used,  9310.39 MB free, 16344.00 MB total
[2018.07.06-13.01.15:004][156]LogMemory: Virtual Memory: 6013.74 MB used,  9310.39 MB free, 134217728.00 MB total
[2018.07.06-13.01.15:004][156]LogMemory: 
[2018.07.06-13.01.15:004][156]Allocator Stats for TBB: (not implemented)
[2018.07.06-13.01.15:159][156]LogAIModule: Creating AISystem for world Menu
[2018.07.06-13.01.15:163][156]LogLoad: Game class is 'FuseGM_C'
[2018.07.06-13.01.15:164][156]LogWorld: Bringing World /Game/Maps/Menu.Menu up for play (max tick rate 0) at 2018.07.06-14.01.15
[2018.07.06-13.01.15:164][156]LogWorld: Bringing up level for play took: 0.000424
[2018.07.06-13.01.15:164][156]LogGameMode: FindPlayerStart: PATHS NOT DEFINED or NO PLAYERSTART with positive rating
[2018.07.06-13.01.15:183][156]LogLoad: Took 0.326189 seconds to LoadMap(/Game/Maps/Menu)
[2018.07.06-13.01.16:727][252]Closing by request
[2018.07.06-13.01.16:727][252]LogWindows: FPlatformMisc::RequestExit(0)
[2018.07.06-13.01.17:623][253]LogWindowsTextInputMethodSystem:Display: IME system now deactivated.
[2018.07.06-13.01.17:662][253]LogExit: Preparing to exit.
[2018.07.06-13.01.17:662][253]LogMoviePlayer: Shutting down movie player
[2018.07.06-13.01.18:465][253]LogExit: Game engine shut down
[2018.07.06-13.01.19:338][253]LogObj: Freed 0b from 0 cluster array pools.
[2018.07.06-13.01.19:338][253]LogExit: Object subsystem successfully closed.
[2018.07.06-13.01.19:446][253]LogD3D11RHI: Shutdown
[2018.07.06-13.01.19:446][253]LogD3D11RHI: CleanupD3DDevice
[2018.07.06-13.01.19:507][253]LogD3D11RHI: ~FD3D11DynamicRHI
[2018.07.06-13.01.19:886][253]LogModuleManager: Shutting down and abandoning module SequenceRecorderSections (296)
[2018.07.06-13.01.19:899][253]LogModuleManager: Shutting down and abandoning module SequenceRecorder (294)
[2018.07.06-13.01.19:900][253]LogModuleManager: Shutting down and abandoning module AutomationController (292)
[2018.07.06-13.01.19:919][253]LogModuleManager: Shutting down and abandoning module AutomationWorker (290)
[2018.07.06-13.01.19:928][253]LogModuleManager: Shutting down and abandoning module AIModule (288)
[2018.07.06-13.01.19:929][253]LogModuleManager: Shutting down and abandoning module GameplayDebugger (287)
[2018.07.06-13.01.19:949][253]LogModuleManager: Shutting down and abandoning module AITestSuite (285)
[2018.07.06-13.01.19:949][253]LogModuleManager: Shutting down and abandoning module WmfMediaFactory (282)
[2018.07.06-13.01.19:949][253]LogModuleManager: Shutting down and abandoning module AvfMediaFactory (280)
[2018.07.06-13.01.19:949][253]LogModuleManager: Shutting down and abandoning module AndroidMediaFactory (278)
[2018.07.06-13.01.19:949][253]LogModuleManager: Shutting down and abandoning module Media (277)
[2018.07.06-13.01.19:949][253]LogModuleManager: Shutting down and abandoning module CharacterAI (274)
[2018.07.06-13.01.19:949][253]LogModuleManager: Shutting down and abandoning module SessionServices (272)
[2018.07.06-13.01.19:949][253]LogModuleManager: Shutting down and abandoning module MovieSceneCapture (270)
[2018.07.06-13.01.19:949][253]LogModuleManager: Shutting down and abandoning module MovieSceneTracks (268)
[2018.07.06-13.01.19:949][253]LogModuleManager: Shutting down and abandoning module MovieScene (266)
[2018.07.06-13.01.19:949][253]LogModuleManager: Shutting down and abandoning module GeometryCache (264)
[2018.07.06-13.01.19:958][253]LogModuleManager: Shutting down and abandoning module GeometryCacheEd (263)
[2018.07.06-13.01.19:959][253]LogModuleManager: Shutting down and abandoning module Niagara (260)
[2018.07.06-13.01.19:959][253]LogModuleManager: Shutting down and abandoning module NiagaraEditor (259)
[2018.07.06-13.01.20:000][253]LogModuleManager: Shutting down and abandoning module StreamingPauseRendering (256)
[2018.07.06-13.01.20:000][253]LogModuleManager: Shutting down and abandoning module PortalServices (254)
[2018.07.06-13.01.20:000][253]LogModuleManager: Shutting down and abandoning module PortalRpc (252)
[2018.07.06-13.01.20:000][253]LogModuleManager: Shutting down and abandoning module MessagingRpc (250)
[2018.07.06-13.01.20:000][253]LogModuleManager: Shutting down and abandoning module ProfilerService (248)
[2018.07.06-13.01.20:149][253]LogModuleManager: Shutting down and abandoning module TaskGraph (246)
[2018.07.06-13.01.20:158][253]LogModuleManager: Shutting down and abandoning module SteamVRController (244)
[2018.07.06-13.01.20:158][253]LogModuleManager: Shutting down and abandoning module SteamVR (242)
[2018.07.06-13.01.20:158][253]LogModuleManager: Shutting down and abandoning module ProceduralMeshComponent (240)
[2018.07.06-13.01.20:165][253]LogModuleManager: Shutting down and abandoning module OculusLibrary (238)
[2018.07.06-13.01.20:165][253]LogModuleManager: Shutting down and abandoning module OculusInput (236)
[2018.07.06-13.01.20:165][253]LogModuleManager: Shutting down and abandoning module MobilePatchingUtils (234)
[2018.07.06-13.01.20:165][253]LogModuleManager: Shutting down and abandoning module CustomMeshComponent (232)
[2018.07.06-13.01.20:165][253]LogModuleManager: Shutting down and abandoning module CableComponent (230)
[2018.07.06-13.01.20:174][253]LogModuleManager: Shutting down and abandoning module ArchVisCharacter (228)
[2018.07.06-13.01.20:174][253]LogModuleManager: Shutting down and abandoning module AndroidPermission (226)
[2018.07.06-13.01.20:174][253]LogModuleManager: Shutting down and abandoning module HTML5Networking (222)
[2018.07.06-13.01.20:174][253]LogModuleManager: Shutting down and abandoning module VisualStudioSourceCodeAccess (220)
[2018.07.06-13.01.20:174][253]LogModuleManager: Shutting down and abandoning module DesktopPlatform (219)
[2018.07.06-13.01.20:174][253]LogModuleManager: Shutting down and abandoning module HotReload (217)
[2018.07.06-13.01.20:186][253]LogModuleManager: Shutting down and abandoning module UObjectPlugin (214)
[2018.07.06-13.01.20:186][253]LogModuleManager: Shutting down and abandoning module SubversionSourceControl (212)
[2018.07.06-13.01.20:197][253]LogModuleManager: Shutting down and abandoning module PerforceSourceControl (210)
[2018.07.06-13.01.20:212][253]LogModuleManager: Shutting down and abandoning module SourceControl (209)
[2018.07.06-13.01.20:226][253]LogModuleManager: Shutting down and abandoning module PhysXVehiclesEditor (206)
[2018.07.06-13.01.20:238][253]LogModuleManager: Shutting down and abandoning module PhysXVehicles (204)
[2018.07.06-13.01.20:238][253]LogModuleManager: Shutting down and abandoning module LocationServicesBPLibrary (202)
[2018.07.06-13.01.20:238][253]LogModuleManager: Shutting down and abandoning module ImmediatePhysicsEditor (200)
[2018.07.06-13.01.20:238][253]LogModuleManager: Shutting down and abandoning module ImmediatePhysics (198)
[2018.07.06-13.01.20:248][253]LogModuleManager: Shutting down and abandoning module UdpMessaging (196)
[2018.07.06-13.01.20:349][253]LogModuleManager: Shutting down and abandoning module TcpMessaging (194)
[2018.07.06-13.01.20:456][253]LogModuleManager: Shutting down and abandoning module GameplayTagsEditor (192)
[2018.07.06-13.01.20:481][253]LogModuleManager: Shutting down and abandoning module FacialAnimation (190)
[2018.07.06-13.01.20:481][253]LogModuleManager: Shutting down and abandoning module AssetManagerEditor (188)
[2018.07.06-13.01.20:489][253]LogModuleManager: Shutting down and abandoning module GraphEditor (187)
[2018.07.06-13.01.20:518][253]LogModuleManager: Shutting down and abandoning module ContentBrowser (185)
[2018.07.06-13.01.20:534][253]LogModuleManager: Shutting down and abandoning module CollectionManager (184)
[2018.07.06-13.01.20:534][253]LogDirectoryWatcher: A directory notification for 'D:/Users/JoshR/Documents/GitHub/Fuse/Content/Collections/' was aborted.
[2018.07.06-13.01.20:534][253]LogDirectoryWatcher: A directory notification for 'D:/Users/JoshR/Documents/GitHub/Fuse/Content/Developers/JoshR/Collections/' was aborted.
[2018.07.06-13.01.20:534][253]LogDirectoryWatcher: A directory notification for 'D:/Users/JoshR/Documents/GitHub/Fuse/Saved/Collections/' was aborted.
[2018.07.06-13.01.20:534][253]LogModuleManager: Shutting down and abandoning module DirectoryWatcher (183)
[2018.07.06-13.01.20:534][253]LogModuleManager: Shutting down and abandoning module LightPropagationVolumeRuntime (178)
[2018.07.06-13.01.20:534][253]LogModuleManager: Shutting down and abandoning module Paper2D (176)
[2018.07.06-13.01.20:543][253]LogModuleManager: Shutting down and abandoning module WindowsMoviePlayer (174)
[2018.07.06-13.01.20:543][253]LogModuleManager: Shutting down and abandoning module WmfMedia (172)
[2018.07.06-13.01.20:558][253]LogModuleManager: Shutting down and abandoning module ClothingSystemEditor (170)
[2018.07.06-13.01.20:572][253]LogModuleManager: Shutting down and abandoning module ClothingSystemRuntime (168)
[2018.07.06-13.01.20:592][253]LogModuleManager: Shutting down and abandoning module MediaAssets (166)
[2018.07.06-13.01.20:592][253]LogModuleManager: Shutting down and abandoning module GameLiveStreaming (164)
[2018.07.06-13.01.20:600][253]LogModuleManager: Shutting down and abandoning module VREditor (162)
[2018.07.06-13.01.20:600][253]LogModuleManager: Shutting down and abandoning module StringTableEditor (160)
[2018.07.06-13.01.20:614][253]LogModuleManager: Shutting down and abandoning module GameplayTasksEditor (158)
[2018.07.06-13.01.20:614][253]LogModuleManager: Shutting down and abandoning module BehaviorTreeEditor (156)
[2018.07.06-13.01.20:634][253]LogModuleManager: Shutting down and abandoning module FunctionalTesting (154)
[2018.07.06-13.01.20:634][253]LogModuleManager: Shutting down and abandoning module CollisionAnalyzer (152)
[2018.07.06-13.01.20:651][253]LogModuleManager: Shutting down and abandoning module UMG (150)
[2018.07.06-13.01.20:656][253]LogModuleManager: Shutting down and abandoning module UMGEditor (149)
[2018.07.06-13.01.20:690][253]LogModuleManager: Shutting down and abandoning module Sequencer (148)
[2018.07.06-13.01.20:695][253]LogModuleManager: Shutting down and abandoning module AssetTools (146)
[2018.07.06-13.01.20:710][253]LogModuleManager: Shutting down and abandoning module MessageLog (145)
[2018.07.06-13.01.20:718][253]LogModuleManager: Shutting down and abandoning module WorkspaceMenuStructure (144)
[2018.07.06-13.01.20:718][253]LogModuleManager: Shutting down and abandoning module SlateReflector (138)
[2018.07.06-13.01.20:735][253]LogModuleManager: Shutting down and abandoning module Slate (136)
[2018.07.06-13.01.20:735][253]LogModuleManager: Shutting down and abandoning module EditorStyle (134)
[2018.07.06-13.01.20:736][253]LogModuleManager: Shutting down and abandoning module Messaging (132)
[2018.07.06-13.01.20:736][253]LogModuleManager: Shutting down and abandoning module SourceCodeAccess (130)
[2018.07.06-13.01.20:736][253]LogModuleManager: Shutting down and abandoning module HeadMountedDisplay (128)
[2018.07.06-13.01.20:736][253]LogModuleManager: Shutting down and abandoning module XAudio2 (126)
[2018.07.06-13.01.20:736][253]LogModuleManager: Shutting down and abandoning module Networking (124)
[2018.07.06-13.01.20:736][253]LogModuleManager: Shutting down and abandoning module Core (120)
[2018.07.06-13.01.20:736][253]LogModuleManager: Shutting down and abandoning module KismetCompiler (118)
[2018.07.06-13.01.20:736][253]LogModuleManager: Shutting down and abandoning module LevelSequence (116)
[2018.07.06-13.01.20:736][253]LogModuleManager: Shutting down and abandoning module PhysXFormats (114)
[2018.07.06-13.01.20:736][253]LogModuleManager: Shutting down and abandoning module MeshUtilities (112)
[2018.07.06-13.01.20:756][253]LogModuleManager: Shutting down and abandoning module SimplygonSwarm (111)
[2018.07.06-13.01.20:762][253]LogModuleManager: Shutting down and abandoning module SimplygonMeshReduction (109)
[2018.07.06-13.01.20:762][253]LogModuleManager: Shutting down and abandoning module QuadricMeshReduction (107)
[2018.07.06-13.01.20:769][253]LogModuleManager: Shutting down and abandoning module AssetRegistry (104)
[2018.07.06-13.01.20:769][253]LogModuleManager: Shutting down and abandoning module DerivedDataCache (102)
[2018.07.06-13.01.21:268][253]LogDerivedDataCache: Shutdown
[2018.07.06-13.01.21:268][253]LogModuleManager: Shutting down and abandoning module TargetPlatform (100)
[2018.07.06-13.01.21:268][253]LogModuleManager: Shutting down and abandoning module VulkanShaderFormat (99)
[2018.07.06-13.01.21:286][253]LogModuleManager: Shutting down and abandoning module ShaderFormatVectorVM (97)
[2018.07.06-13.01.21:294][253]LogModuleManager: Shutting down and abandoning module ShaderFormatOpenGL (95)
[2018.07.06-13.01.21:307][253]LogModuleManager: Shutting down and abandoning module ShaderFormatD3D (93)
[2018.07.06-13.01.21:313][253]LogModuleManager: Shutting down and abandoning module MetalShaderFormat (91)
[2018.07.06-13.01.21:330][253]LogModuleManager: Shutting down and abandoning module TextureFormatUncompressed (89)
[2018.07.06-13.01.21:330][253]LogModuleManager: Shutting down and abandoning module TextureFormatPVR (87)
[2018.07.06-13.01.21:330][253]LogModuleManager: Shutting down and abandoning module TextureFormatDXT (85)
[2018.07.06-13.01.21:343][253]LogModuleManager: Shutting down and abandoning module TextureFormatIntelISPCTexComp (83)
[2018.07.06-13.01.21:349][253]LogModuleManager: Shutting down and abandoning module TextureFormatASTC (81)
[2018.07.06-13.01.21:349][253]LogModuleManager: Shutting down and abandoning module ImageWrapper (80)
[2018.07.06-13.01.21:349][253]LogModuleManager: Shutting down and abandoning module TextureFormatAndroid (77)
[2018.07.06-13.01.21:349][253]LogModuleManager: Shutting down and abandoning module AudioFormatOpus (75)
[2018.07.06-13.01.21:349][253]LogModuleManager: Shutting down and abandoning module AudioFormatOgg (73)
[2018.07.06-13.01.21:349][253]LogModuleManager: Shutting down and abandoning module AudioFormatADPCM (71)
[2018.07.06-13.01.21:349][253]LogModuleManager: Shutting down and abandoning module WindowsTargetPlatform (69)
[2018.07.06-13.01.21:349][253]LogModuleManager: Shutting down and abandoning module WindowsServerTargetPlatform (67)
[2018.07.06-13.01.21:349][253]LogModuleManager: Shutting down and abandoning module WindowsNoEditorTargetPlatform (65)
[2018.07.06-13.01.21:349][253]LogModuleManager: Shutting down and abandoning module WindowsClientTargetPlatform (63)
[2018.07.06-13.01.21:349][253]LogModuleManager: Shutting down and abandoning module InputCore (60)
[2018.07.06-13.01.21:349][253]LogModuleManager: Shutting down and abandoning module Settings (58)
[2018.07.06-13.01.21:349][253]LogModuleManager: Shutting down and abandoning module OculusRift (56)
[2018.07.06-13.01.21:359][253]LogModuleManager: Shutting down and abandoning module GearVRController (54)
[2018.07.06-13.01.21:359][253]LogModuleManager: Shutting down and abandoning module GearVR (52)
[2018.07.06-13.01.21:382][253]LogModuleManager: Shutting down and abandoning module ExampleDeviceProfileSelector (50)
[2018.07.06-13.01.21:382][253]LogModuleManager: Shutting down and abandoning module OnlineBlueprintSupport (48)
[2018.07.06-13.01.21:382][253]LogModuleManager: Shutting down and abandoning module OnlineSubsystem (44)
[2018.07.06-13.01.21:382][253]LogOnline:Display: Unloading online subsystem: NULL
[2018.07.06-13.01.21:419][253]LogModuleManager: Shutting down and abandoning module XMPP (43)
[2018.07.06-13.01.21:452][253]LogModuleManager: Shutting down and abandoning module HTTP (41)
[2018.07.06-13.01.21:454][253]LogModuleManager: Shutting down and abandoning module SSL (40)
[2018.07.06-13.01.21:488][253]LogModuleManager: Shutting down and abandoning module HTTPChunkInstaller (36)
[2018.07.06-13.01.21:497][253]LogModuleManager: Shutting down and abandoning module AnimationModifiers (34)
[2018.07.06-13.01.21:505][253]LogModuleManager: Shutting down and abandoning module PropertyEditor (33)
[2018.07.06-13.01.21:508][253]LogModuleManager: Shutting down and abandoning module AudioEditor (30)
[2018.07.06-13.01.21:516][253]LogModuleManager: Shutting down and abandoning module TextureCompressor (28)
[2018.07.06-13.01.21:527][253]LogModuleManager: Shutting down and abandoning module ShaderCore (26)
[2018.07.06-13.01.21:527][253]LogModuleManager: Shutting down and abandoning module Landscape (24)
[2018.07.06-13.01.21:527][253]LogModuleManager: Shutting down and abandoning module SlateRHIRenderer (22)
[2018.07.06-13.01.21:547][253]LogModuleManager: Shutting down and abandoning module OpenGLDrv (20)
[2018.07.06-13.01.21:569][253]LogModuleManager: Shutting down and abandoning module D3D11RHI (18)
[2018.07.06-13.01.21:569][253]LogModuleManager: Shutting down and abandoning module AnimGraphRuntime (16)
[2018.07.06-13.01.21:576][253]LogModuleManager: Shutting down and abandoning module Renderer (14)
[2018.07.06-13.01.21:576][253]LogModuleManager: Shutting down and abandoning module Engine (12)
[2018.07.06-13.01.21:576][253]LogModuleManager: Shutting down and abandoning module CoreUObject (10)
[2018.07.06-13.01.21:576][253]LogModuleManager: Shutting down and abandoning module NetworkFile (8)
[2018.07.06-13.01.21:586][253]LogModuleManager: Shutting down and abandoning module StreamingFile (6)
[2018.07.06-13.01.21:595][253]LogModuleManager: Shutting down and abandoning module SandboxFile (4)
[2018.07.06-13.01.21:604][253]LogModuleManager: Shutting down and abandoning module PakFile (2)
[2018.07.06-13.01.21:624][253]LogExit: Exiting.
[2018.07.06-13.01.21:625][253]Log file closed, 07/06/18 14:01:21
