Log file open, 04/18/18 20:19:58
LogInit:Display: Running engine for game: RPG_Game
LogPlatformFile: Not using cached read wrapper
LogInit:Display: RandInit(-1333390542) SRandInit(-1333390542).
LogTaskGraph: Started task graph with 5 named threads and 8 total threads with 1 sets of task threads.
LogStats: Stats thread started at 0.648718
LogInit: Using libcurl 7.47.1
LogInit:  - built for x86_64-pc-win32
LogInit:  - supports SSL with OpenSSL/1.0.2g
LogInit:  - supports HTTP deflate (compression) using libz 1.2.8
LogInit:  - other features:
LogInit:      CURL_VERSION_SSL
LogInit:      CURL_VERSION_LIBZ
LogInit:      CURL_VERSION_IPV6
LogInit:      CURL_VERSION_ASYNCHDNS
LogInit:      CURL_VERSION_LARGEFILE
LogInit:      CURL_VERSION_IDN
LogInit:  CurlRequestOptions (configurable via config and command line):
LogInit:  - bVerifyPeer = false  - Libcurl will NOT verify peer certificate
LogInit:  - bUseHttpProxy = false  - Libcurl will NOT use HTTP proxy
LogInit:  - bDontReuseConnections = false  - Libcurl will reuse connections
LogInit:  - CertBundlePath = nullptr  - Libcurl will use whatever was configured at build time.
LogInit: Build: ++UE4+Release-4.16-CL-3561208
LogInit: Engine Version: 4.16.3-3561208+++UE4+Release-4.16
LogInit: Compatible Engine Version: 4.16.0-3452394+++UE4+Release-4.16
LogInit: Net CL: 3452394
LogDevObjectVersion: Number of dev versions registered: 16
LogDevObjectVersion:   Dev-Blueprints (B0D832E4-1F89-4F0D-ACCF-7EB736FD4AA2): 9
LogDevObjectVersion:   Dev-Build (E1C64328-A22C-4D53-A36C-8E866417BD8C): 0
LogDevObjectVersion:   Dev-Core (375EC13C-06E4-48FB-B500-84F0262A717E): 2
LogDevObjectVersion:   Dev-Editor (E4B068ED-F494-42E9-A231-DA0B2E46BB41): 17
LogDevObjectVersion:   Dev-Framework (CFFC743F-43B0-4480-9391-14DF171D2073): 23
LogDevObjectVersion:   Dev-Mobile (B02B49B5-BB20-44E9-A304-32B752E40360): 0
LogDevObjectVersion:   Dev-Networking (A4E4105C-59A1-49B5-A7C5-40C4547EDFEE): 0
LogDevObjectVersion:   Dev-Online (39C831C9-5AE6-47DC-9A44-9C173E1C8E7C): 0
LogDevObjectVersion:   Dev-Physics (78F01B33-EBEA-4F98-B9B4-84EACCB95AA2): 0
LogDevObjectVersion:   Dev-Platform (6631380F-2D4D-43E0-8009-CF276956A95A): 0
LogDevObjectVersion:   Dev-Rendering (12F88B9F-8875-4AFC-A67C-D90C383ABD29): 15
LogDevObjectVersion:   Dev-Sequencer (7B5AE74C-D270-4C10-A958-57980B212A5A): 4
LogDevObjectVersion:   Dev-VR (D7296918-1DD6-4BDD-9DE2-64A83CC13884): 0
LogDevObjectVersion:   Dev-LoadTimes (C2A15278-BFE7-4AFE-6C17-90FF531DF755): 1
LogDevObjectVersion:   Private-Geometry (6EACA3D4-40EC-4CC1-B786-8BED09428FC5): 1
LogDevObjectVersion:   Dev-AnimPhys (29E575DD-E0A3-4627-9D10-D276232CDCEA): 3
LogInit: Compiled (64-bit): Jul 28 2017 11:49:47
LogInit: Compiled with Visual C++: 19.00.24215.01
LogInit: Build Configuration: Development
LogInit: Branch Name: ++UE4+Release-4.16
LogInit: Command line:  
LogInit: Base directory: F:/UE/UE_4.16/Engine/Binaries/Win64/
LogInit: Installed Engine Build: 1
LogInit: Presizing for max 8388607 objects, including 0 objects not considered by GC, pre-allocating 0 bytes for permanent pool.
LogInit: Object subsystem initialized
[2018.04.18-19.19.59:262][  0]LogInit: Selected Device Profile: [Windows]
[2018.04.18-19.19.59:262][  0]LogInit: Applying CVar settings loaded from the selected device profile: [Windows]
[2018.04.18-19.19.59:300][  0]LogInit: Computer: RYAN-PC
[2018.04.18-19.19.59:300][  0]LogInit: User: Ryan
[2018.04.18-19.19.59:300][  0]LogInit: CPU Page size=4096, Cores=4
[2018.04.18-19.19.59:300][  0]LogInit: High frequency timer resolution =3.417993 MHz
[2018.04.18-19.19.59:302][  0]LogMemory: Memory total: Physical=7.9GB (8GB approx)
[2018.04.18-19.19.59:302][  0]LogMemory: Platform Memory Stats for Windows
[2018.04.18-19.19.59:302][  0]LogMemory: Process Physical Memory: 273.45 MB used, 273.45 MB peak
[2018.04.18-19.19.59:302][  0]LogMemory: Process Virtual Memory: 260.80 MB used, 260.80 MB peak
[2018.04.18-19.19.59:302][  0]LogMemory: Physical Memory: 5116.70 MB used,  3021.17 MB free, 8137.87 MB total
[2018.04.18-19.19.59:302][  0]LogMemory: Virtual Memory: 671.86 MB used,  3021.17 MB free, 134217728.00 MB total
[2018.04.18-19.19.59:682][  0]LogInit: Using OS detected language (en-GB).
[2018.04.18-19.19.59:682][  0]LogInit: Using OS detected locale (en-GB).
[2018.04.18-19.19.59:737][  0]LogTextLocalizationManager: No specific localization for 'en-GB' exists, so the 'en' localization will be used.
[2018.04.18-19.20.02:669][  0]LogD3D11RHI: D3D11 adapters:
[2018.04.18-19.20.02:727][  0]LogD3D11RHI:    0. 'NVIDIA GeForce GTX 1080' (Feature Level 11_0)
[2018.04.18-19.20.02:727][  0]LogD3D11RHI:       8086/0/4068 MB DedicatedVideo/DedicatedSystem/SharedSystem, Outputs:2, VendorId:0x10de
[2018.04.18-19.20.02:729][  0]LogD3D11RHI:    1. 'Microsoft Basic Render Driver' (Feature Level 11_0)
[2018.04.18-19.20.02:729][  0]LogD3D11RHI:       0/0/4068 MB DedicatedVideo/DedicatedSystem/SharedSystem, Outputs:0, VendorId:0x1414
[2018.04.18-19.20.02:729][  0]LogD3D11RHI: Chosen D3D11 Adapter: 0
[2018.04.18-19.20.02:736][  0]LogD3D11RHI: Creating new Direct3DDevice
[2018.04.18-19.20.02:736][  0]LogD3D11RHI:     GPU DeviceId: 0x1b80 (for the marketing name, search the web for "GPU Device Id")
[2018.04.18-19.20.02:736][  0]LogWindows: EnumDisplayDevices:
[2018.04.18-19.20.02:736][  0]LogWindows:    0. 'NVIDIA GeForce GTX 1080' (P:1 D:1)
[2018.04.18-19.20.02:771][  0]LogWindows:    1. 'NVIDIA GeForce GTX 1080' (P:0 D:1)
[2018.04.18-19.20.02:772][  0]LogWindows:    2. 'NVIDIA GeForce GTX 1080' (P:0 D:0)
[2018.04.18-19.20.02:772][  0]LogWindows:    3. 'NVIDIA GeForce GTX 1080' (P:0 D:0)
[2018.04.18-19.20.02:772][  0]LogWindows: DebugString: GetVideoDriverDetailsInvalid PrimaryIsNotTheChoosenAdapter GetVideoDriverDetailsInvalid PrimaryIsNotTheChoosenAdapter GetVideoDriverDetailsInvalid PrimaryIsNotTheChoosenAdapter GetVideoDriverDetailsInvalid PrimaryIsNotTheChoosenAdapter FoundDriverCount:0 
[2018.04.18-19.20.02:772][  0]LogD3D11RHI:     Adapter Name: NVIDIA GeForce GTX 1080
[2018.04.18-19.20.02:772][  0]LogD3D11RHI:   Driver Version: Unknown (internal:Unknown, unified:Unknown)
[2018.04.18-19.20.02:772][  0]LogD3D11RHI:      Driver Date: Unknown
[2018.04.18-19.20.02:772][  0]LogRHI: Texture pool is 1361 MB (70% of 1945 MB)
[2018.04.18-19.20.02:802][  0]LogD3D11RHI: Async texture creation enabled
[2018.04.18-19.20.02:890][  0]LogD3D11RHI: GPU Timing Frequency: 1000.000000 (Debug: 2 1)
[2018.04.18-19.20.02:955][  0]LogShaderCompilers: Guid format shader working directory is 7 characters bigger than the processId version (../../../../../GitDownloaded/Fuse/Fuse/Intermediate/Shaders/WorkingDirectory/6424/).
[2018.04.18-19.20.02:955][  0]LogShaderCompilers: Cleaned the shader compiler working directory 'C:/Users/Ryan/AppData/Local/Temp/UnrealShaderWorkingDir/1A8D3CEA481DC4EB945C29A7C08430BE/'.
[2018.04.18-19.20.02:956][  0]LogShaderCompilers:Display: Using Local Shader Compiler.
[2018.04.18-19.20.05:857][  0]LogTemp:Display: Loaded TP AllDesktopTargetPlatform
[2018.04.18-19.20.05:914][  0]LogTemp:Display: Loaded TP MacClientTargetPlatform
[2018.04.18-19.20.05:960][  0]LogTemp:Display: Loaded TP MacNoEditorTargetPlatform
[2018.04.18-19.20.06:010][  0]LogTemp:Display: Loaded TP MacServerTargetPlatform
[2018.04.18-19.20.06:062][  0]LogTemp:Display: Loaded TP MacTargetPlatform
[2018.04.18-19.20.06:107][  0]LogTemp:Display: Loaded TP WindowsClientTargetPlatform
[2018.04.18-19.20.06:152][  0]LogTemp:Display: Loaded TP WindowsNoEditorTargetPlatform
[2018.04.18-19.20.06:202][  0]LogTemp:Display: Loaded TP WindowsServerTargetPlatform
[2018.04.18-19.20.06:244][  0]LogTemp:Display: Loaded TP WindowsTargetPlatform
[2018.04.18-19.20.06:297][  0]LogTemp:Display: Loaded TP AndroidTargetPlatform
[2018.04.18-19.20.06:345][  0]LogTemp:Display: Loaded TP Android_ASTCTargetPlatform
[2018.04.18-19.20.06:397][  0]LogTemp:Display: Loaded TP Android_ATCTargetPlatform
[2018.04.18-19.20.06:443][  0]LogTemp:Display: Loaded TP Android_DXTTargetPlatform
[2018.04.18-19.20.06:493][  0]LogTemp:Display: Loaded TP Android_ETC1TargetPlatform
[2018.04.18-19.20.06:540][  0]LogTemp:Display: Loaded TP Android_ETC2TargetPlatform
[2018.04.18-19.20.06:628][  0]LogTemp:Display: Loaded TP Android_MultiTargetPlatform
[2018.04.18-19.20.06:628][  0]LogTemp:Display: Loaded TP Android_PVRTCTargetPlatform
[2018.04.18-19.20.06:663][  0]LogTemp:Display: Loaded TP HTML5TargetPlatform
[2018.04.18-19.20.06:778][  0]LogTemp:Display: Loaded TP IOSTargetPlatform
[2018.04.18-19.20.06:807][  0]LogTemp:Display: Loaded TP TVOSTargetPlatform
[2018.04.18-19.20.06:856][  0]LogTemp:Display: Loaded TP LinuxClientTargetPlatform
[2018.04.18-19.20.06:901][  0]LogTemp:Display: Loaded TP LinuxNoEditorTargetPlatform
[2018.04.18-19.20.06:951][  0]LogTemp:Display: Loaded TP LinuxServerTargetPlatform
[2018.04.18-19.20.07:000][  0]LogTemp:Display: Loaded TP LinuxTargetPlatform
[2018.04.18-19.20.07:000][  0]LogTargetPlatformManager:Display: Building Assets For Windows
[2018.04.18-19.20.07:980][  0]LogDerivedDataCache:Display: Max Cache Size: 512 MB
[2018.04.18-19.20.08:466][  0]LogDerivedDataCache: Loaded boot cache 0.48s 90MB C:/Users/Ryan/AppData/Local/UnrealEngine/4.16/DerivedDataCache/Boot.ddc.
[2018.04.18-19.20.08:466][  0]LogDerivedDataCache:Display: Loaded Boot cache: C:/Users/Ryan/AppData/Local/UnrealEngine/4.16/DerivedDataCache/Boot.ddc
[2018.04.18-19.20.08:466][  0]LogDerivedDataCache: FDerivedDataBackendGraph:  Pak pak cache file ../../../../../GitDownloaded/Fuse/Fuse/DerivedDataCache/DDC.ddp not found, will not use a pak cache.
[2018.04.18-19.20.08:466][  0]LogDerivedDataCache: Unable to find inner node Pak for hierarchical cache Hierarchy.
[2018.04.18-19.20.08:466][  0]LogDerivedDataCache: FDerivedDataBackendGraph:  CompressedPak pak cache file ../../../../../GitDownloaded/Fuse/Fuse/DerivedDataCache/Compressed.ddp not found, will not use a pak cache.
[2018.04.18-19.20.08:466][  0]LogDerivedDataCache: Unable to find inner node CompressedPak for hierarchical cache Hierarchy.
[2018.04.18-19.20.08:493][  0]LogDerivedDataCache:Display: Pak cache opened for reading ../../../Engine/DerivedDataCache/Compressed.ddp.
[2018.04.18-19.20.08:505][  0]LogDerivedDataCache: Using Local data cache path C:/Users/Ryan/AppData/Local/UnrealEngine/Common/DerivedDataCache: Writable
[2018.04.18-19.20.08:520][  0]LogMaterial: Verifying Global Shaders for PCD3D_SM5
[2018.04.18-19.20.08:525][  0]LogSlate: Using Freetype 2.6.0
[2018.04.18-19.20.08:543][  0]LogSlate: SlateFontCache - WITH_FREETYPE: 1, WITH_HARFBUZZ: 1
[2018.04.18-19.20.08:543][  0]LogSlate: SlateFontCache - WITH_FREETYPE: 1, WITH_HARFBUZZ: 1
[2018.04.18-19.20.11:896][  0]LogInit: Selected Device Profile: [Windows]
[2018.04.18-19.20.12:197][  0]LogContentStreaming: Texture pool size is 0.00 MB
[2018.04.18-19.20.12:543][  0]LogMeshUtilities: Using QuadricMeshReduction for automatic static mesh reduction
[2018.04.18-19.20.12:613][  0]LogSimplygon: Simplygon DLL not present - disabling.
[2018.04.18-19.20.12:661][  0]LogMeshUtilities: Using SimplygonSwarm for distributed automatic mesh merging
[2018.04.18-19.20.12:662][  0]LogMeshUtilities: No automatic skeletal mesh reduction module available
[2018.04.18-19.20.12:662][  0]LogMeshUtilities: No automatic mesh merging module available
[2018.04.18-19.20.14:318][  0]LogNetVersion: RPG_Game , NetCL: 3452394, EngineNetVer: 2, GameNetVer: 0 (Checksum: 2586067795)
[2018.04.18-19.20.14:428][  0]LogAssetRegistry: FAssetRegistry took 0.0292 seconds to start up
[2018.04.18-19.20.14:484][  0]LogPackageLocalizationCache: Processed 4 localized package path(s) for 2 prioritized culture(s) in 0.034715 seconds
[2018.04.18-19.20.14:491][  0]LogUObjectArray: 34194 objects as part of root set at end of initial load.
[2018.04.18-19.20.14:491][  0]LogUObjectAllocator: 7260424 out of 0 bytes used by permanent object pool.
[2018.04.18-19.20.14:491][  0]LogUObjectArray: CloseDisregardForGC: 0/0 objects in disregard for GC pool
[2018.04.18-19.20.14:552][  0]LogInit: WinSock: version 1.1 (2.2), MaxSocks=32767, MaxUdp=65467
[2018.04.18-19.20.19:347][  0]LogSubstanceCoreModule: Substance [CPU] Engine Loaded, Max Texture Size = 2048
[2018.04.18-19.20.19:388][  0]LogTcpMessaging: Initializing TcpMessaging bridge
[2018.04.18-19.20.19:429][  0]LogUdpMessaging: Initializing bridge on interface 0.0.0.0:0 to multicast group 230.0.0.1:6666.
[2018.04.18-19.20.20:028][  0]LogMaterial: Uniform references updated for custom material expression Custom.
[2018.04.18-19.20.20:455][  0]SourceControl: Info Source control is disabled
[2018.04.18-19.20.21:290][  0]LogAndroidPermission: UAndroidPermissionCallbackProxy::GetInstance
[2018.04.18-19.20.21:993][  0]LogEngine: Initializing Engine...
[2018.04.18-19.20.22:292][  0]LogHMD: Failed to initialize OpenVR with code 126
[2018.04.18-19.20.22:479][  0]LogStats: UGameplayTagsManager::ConstructGameplayTagTree: Construct from data asset -  0.000 s
[2018.04.18-19.20.22:480][  0]LogStats: UGameplayTagsManager::ConstructGameplayTagTree: GameplayTagTreeChangedEvent.Broadcast -  0.000 s
[2018.04.18-19.20.22:653][  0]LogAIModule: Creating AISystem for world Untitled
[2018.04.18-19.20.22:699][  0]LogInit: XAudio2 using 'Headset Earphone (Corsair VOID PRO USB Gaming Headset )' : 2 channels at 44.1 kHz using 16 bits per sample (channel mask 0x3)
[2018.04.18-19.20.22:713][  0]LogInit: FAudioDevice initialized.
[2018.04.18-19.20.22:758][  0]LogDerivedDataCache: Saved boot cache 0.04s 90MB C:/Users/Ryan/AppData/Local/UnrealEngine/4.16/DerivedDataCache/Boot.ddc.
[2018.04.18-19.20.22:768][  0]LogInit: Texture streaming: Enabled
[2018.04.18-19.20.22:863][  0]LogEngineSessionManager: EngineSessionManager initialized
[2018.04.18-19.20.23:098][  0]LogWindowsTextInputMethodSystem:Display: IME system now deactivated.
[2018.04.18-19.20.23:220][  0]LogInit: Transaction tracking system initialized
[2018.04.18-19.20.23:533][  0]BlueprintLog: New page: Editor Load
[2018.04.18-19.20.25:295][  0]LocalizationService: Info Localization service is disabled
[2018.04.18-19.20.26:072][  0]LogConsoleResponse:Display: 
[2018.04.18-19.20.26:302][  0]LogCook:Display: Max memory allowance for cook 16384mb min free memory 0mb
[2018.04.18-19.20.26:303][  0]LogFileCache: Scanning file cache for directory 'F:/GitDownloaded/Fuse/Fuse/Content/' took 0.02s
[2018.04.18-19.20.26:303][  0]LogCook:Display: Mobile HDR setting 1
[2018.04.18-19.20.27:474][  0]Cmd: MAP LOAD FILE="../../../../../GitDownloaded/Fuse/Fuse/Content/Maps/HelloWorld.umap" TEMPLATE=0 SHOWPROGRESS=1 FEATURELEVEL=3
[2018.04.18-19.20.27:476][  0]LightingResults: New page: Lighting Build
[2018.04.18-19.20.27:539][  0]MapCheck: New page: Map Check
[2018.04.18-19.20.27:539][  0]LightingResults: New page: Lighting Build
[2018.04.18-19.20.27:858][  0]LogLinker:Warning: Can't find file '/Game/Materials/alphabox'
[2018.04.18-19.20.27:859][  0]LoadErrors: Info Failed to load /Game/Assets/PowerBlock/AlphaBox.AlphaBox Referenced by AlphaCube_GEN_VARIABLE
[2018.04.18-19.20.27:859][  0]LogLinker:Warning: Can't find file for asset '/Game/Materials/alphabox' while loading ../../../../../GitDownloaded/Fuse/Fuse/Content/Assets/PowerBlock/AlphaBox.uasset.
[2018.04.18-19.20.27:859][  0]LoadErrors: Info Failed to load /Game/Assets/PowerBlock/AlphaBox.AlphaBox Referenced by AlphaCube_GEN_VARIABLE
[2018.04.18-19.20.27:859][  0]LoadErrors:Error: Error /Game/Assets/PowerBlock/AlphaBox : Can't find file for asset. /Game/Materials/alphabox
[2018.04.18-19.20.27:859][  0]LogLinker:Warning: Can't find file '/Game/Materials/alphabox'
[2018.04.18-19.20.27:859][  0]LoadErrors: Info Failed to load /Game/Assets/PowerBlock/AlphaBox.AlphaBox Referenced by AlphaCube_GEN_VARIABLE
[2018.04.18-19.20.27:859][  0]LogLinker:Warning: Can't find file for asset '/Game/Materials/alphabox' while loading ../../../../../GitDownloaded/Fuse/Fuse/Content/Assets/PowerBlock/AlphaBox.uasset.
[2018.04.18-19.20.27:859][  0]LoadErrors: Info Failed to load /Game/Assets/PowerBlock/AlphaBox.AlphaBox Referenced by AlphaCube_GEN_VARIABLE
[2018.04.18-19.20.27:859][  0]LoadErrors:Error: Error /Game/Assets/PowerBlock/AlphaBox : Can't find file for asset. /Game/Materials/alphabox
[2018.04.18-19.20.27:875][  0]LogLinker:Warning: Can't find file '/Game/Materials/ButtonMaterial'
[2018.04.18-19.20.27:875][  0]LoadErrors: Info Failed to load /Game/Assets/PressurePad/Button_Base.Button_Base Referenced by Button_Base_GEN_VARIABLE
[2018.04.18-19.20.27:875][  0]LogLinker:Warning: Can't find file for asset '/Game/Materials/ButtonMaterial' while loading ../../../../../GitDownloaded/Fuse/Fuse/Content/Assets/PressurePad/Button_Base.uasset.
[2018.04.18-19.20.27:875][  0]LoadErrors: Info Failed to load /Game/Assets/PressurePad/Button_Base.Button_Base Referenced by Button_Base_GEN_VARIABLE
[2018.04.18-19.20.27:875][  0]LoadErrors:Error: Error /Game/Assets/PressurePad/Button_Base : Can't find file for asset. /Game/Materials/ButtonMaterial
[2018.04.18-19.20.27:875][  0]LogLinker:Warning: Can't find file '/Game/Materials/ButtonMaterial'
[2018.04.18-19.20.27:875][  0]LoadErrors: Info Failed to load /Game/Assets/PressurePad/Button_Base.Button_Base Referenced by Button_Base_GEN_VARIABLE
[2018.04.18-19.20.27:875][  0]LogLinker:Warning: Can't find file for asset '/Game/Materials/ButtonMaterial' while loading ../../../../../GitDownloaded/Fuse/Fuse/Content/Assets/PressurePad/Button_Base.uasset.
[2018.04.18-19.20.27:876][  0]LoadErrors: Info Failed to load /Game/Assets/PressurePad/Button_Base.Button_Base Referenced by Button_Base_GEN_VARIABLE
[2018.04.18-19.20.27:876][  0]LoadErrors:Error: Error /Game/Assets/PressurePad/Button_Base : Can't find file for asset. /Game/Materials/ButtonMaterial
[2018.04.18-19.20.27:877][  0]LogLinker:Warning: Can't find file '/Game/Materials/ButtonMaterial'
[2018.04.18-19.20.27:877][  0]LoadErrors: Info Failed to load /Game/Assets/PressurePad/Button_Push.Button_Push Referenced by Push_GEN_VARIABLE
[2018.04.18-19.20.27:877][  0]LogLinker:Warning: Can't find file for asset '/Game/Materials/ButtonMaterial' while loading ../../../../../GitDownloaded/Fuse/Fuse/Content/Assets/PressurePad/Button_Push.uasset.
[2018.04.18-19.20.27:877][  0]LoadErrors: Info Failed to load /Game/Assets/PressurePad/Button_Push.Button_Push Referenced by Push_GEN_VARIABLE
[2018.04.18-19.20.27:877][  0]LoadErrors:Error: Error /Game/Assets/PressurePad/Button_Push : Can't find file for asset. /Game/Materials/ButtonMaterial
[2018.04.18-19.20.27:877][  0]LogLinker:Warning: Can't find file '/Game/Materials/ButtonMaterial'
[2018.04.18-19.20.27:877][  0]LoadErrors: Info Failed to load /Game/Assets/PressurePad/Button_Push.Button_Push Referenced by Push_GEN_VARIABLE
[2018.04.18-19.20.27:877][  0]LogLinker:Warning: Can't find file for asset '/Game/Materials/ButtonMaterial' while loading ../../../../../GitDownloaded/Fuse/Fuse/Content/Assets/PressurePad/Button_Push.uasset.
[2018.04.18-19.20.27:877][  0]LoadErrors: Info Failed to load /Game/Assets/PressurePad/Button_Push.Button_Push Referenced by Push_GEN_VARIABLE
[2018.04.18-19.20.27:877][  0]LoadErrors:Error: Error /Game/Assets/PressurePad/Button_Push : Can't find file for asset. /Game/Materials/ButtonMaterial
[2018.04.18-19.20.28:097][  0]LogLinker:Warning: Can't find file '/Game/Materials/alphabox'
[2018.04.18-19.20.28:098][  0]LoadErrors: Info Failed to load /Game/Materials/alphabox.alphabox Referenced by AlphaBox
[2018.04.18-19.20.28:098][  0]LogLinker:Warning: Can't find file for asset '/Game/Materials/alphabox' while loading NULL.
[2018.04.18-19.20.28:098][  0]LoadErrors: Info Failed to load /Game/Materials/alphabox.alphabox Referenced by AlphaBox
[2018.04.18-19.20.28:098][  0]LogLinker:Warning: Can't find file '/Game/Materials/ButtonMaterial'
[2018.04.18-19.20.28:098][  0]LoadErrors: Info Failed to load /Game/Materials/ButtonMaterial.ButtonMaterial Referenced by Button_Push
[2018.04.18-19.20.28:098][  0]LogLinker:Warning: Can't find file for asset '/Game/Materials/ButtonMaterial' while loading NULL.
[2018.04.18-19.20.28:098][  0]LoadErrors: Info Failed to load /Game/Materials/ButtonMaterial.ButtonMaterial Referenced by Button_Push
[2018.04.18-19.20.28:098][  0]LogLinker:Warning: Can't find file '/Game/Materials/ButtonMaterial'
[2018.04.18-19.20.28:098][  0]LoadErrors: Info Failed to load /Game/Materials/ButtonMaterial.ButtonMaterial Referenced by Button_Base
[2018.04.18-19.20.28:098][  0]LogLinker:Warning: Can't find file for asset '/Game/Materials/ButtonMaterial' while loading NULL.
[2018.04.18-19.20.28:098][  0]LoadErrors: Info Failed to load /Game/Materials/ButtonMaterial.ButtonMaterial Referenced by Button_Base
[2018.04.18-19.20.28:240][  0]LogMaterial: Missing cached shader map for material M_rock, compiling. 
[2018.04.18-19.20.28:296][  0]LogStaticMesh: Building static mesh Rock_1...
[2018.04.18-19.20.28:305][  0]LogStaticMesh: Built static mesh [0.01s] /Game/Assets/Rocks/Rock_1.Rock_1
[2018.04.18-19.20.28:314][  0]LogStaticMesh: Building static mesh Path_4_...
[2018.04.18-19.20.28:321][  0]LogStaticMesh: Built static mesh [0.01s] /Game/Assets/Rocks/Path_4_.Path_4_
[2018.04.18-19.20.28:324][  0]LogStaticMesh: Building static mesh Path_3_...
[2018.04.18-19.20.28:327][  0]LogStaticMesh: Built static mesh [0.00s] /Game/Assets/Rocks/Path_3_.Path_3_
[2018.04.18-19.20.28:329][  0]LogStaticMesh: Building static mesh Path_2...
[2018.04.18-19.20.28:332][  0]LogStaticMesh: Built static mesh [0.00s] /Game/Assets/Rocks/Path_2.Path_2
[2018.04.18-19.20.28:337][  0]LogMaterial: Missing cached shader map for material lambert2, compiling. 
[2018.04.18-19.20.28:361][  0]LogStaticMesh: Building static mesh Path_1...
[2018.04.18-19.20.28:367][  0]LogStaticMesh: Built static mesh [0.01s] /Game/Assets/Rocks/Path_1.Path_1
[2018.04.18-19.20.28:372][  0]LogMaterial: Missing cached shader map for material Rock, compiling. 
[2018.04.18-19.20.28:397][  0]LogStaticMesh: Building static mesh BigRock1NotBroke...
[2018.04.18-19.20.28:404][  0]LogStaticMesh: Built static mesh [0.01s] /Game/Assets/Rocks/BigRock1NotBroke.BigRock1NotBroke
[2018.04.18-19.20.28:406][  0]LogStaticMesh: Building static mesh Slanted_Palm_Tree...
[2018.04.18-19.20.28:440][  0]LogStaticMesh: Built static mesh [0.03s] /Game/Assets/NewTrees/Slanted_Palm_Tree.Slanted_Palm_Tree
[2018.04.18-19.20.28:444][  0]LogStaticMesh: Building static mesh Palm_Tree_2_...
[2018.04.18-19.20.28:502][  0]LogStaticMesh: Built static mesh [0.06s] /Game/Assets/NewTrees/Palm_Tree_2_.Palm_Tree_2_
[2018.04.18-19.20.28:510][  0]LogMaterial: Missing cached shader map for material M_LeavesLightGreen, compiling. 
[2018.04.18-19.20.28:536][  0]LogMaterial: Missing cached shader map for material M_DarkTrunk, compiling. 
[2018.04.18-19.20.28:558][  0]LogStaticMesh: Building static mesh Palm_Tree...
[2018.04.18-19.20.28:599][  0]LogStaticMesh: Built static mesh [0.04s] /Game/Assets/NewTrees/Palm_Tree.Palm_Tree
[2018.04.18-19.20.28:612][  0]LogTexture:Display: Building textures: Electric_Texture (AutoDXT, 1024X1024)
[2018.04.18-19.20.28:780][  0]LogMaterial: Missing cached shader map for material lambert4, compiling. 
[2018.04.18-19.20.28:816][  0]LogStaticMesh: Building static mesh Electric_Sign...
[2018.04.18-19.20.28:819][  0]LogStaticMesh: Built static mesh [0.00s] /Game/Assets/Misc_Objects/Signs/Electric_Sign.Electric_Sign
[2018.04.18-19.20.28:885][  0]LogMaterial: Missing cached shader map for material W_White, compiling. 
[2018.04.18-19.20.28:934][  0]LogMaterial: Missing cached shader map for material M_Red, compiling. 
[2018.04.18-19.20.28:997][  0]LogMaterial: Missing cached shader map for material M_Grey, compiling. 
[2018.04.18-19.20.29:050][  0]LogMaterial: Missing cached shader map for material M_Copper, compiling. 
[2018.04.18-19.20.29:107][  0]LogMaterial: Missing cached shader map for material M_Chrome, compiling. 
[2018.04.18-19.20.29:163][  0]LogMaterial: Missing cached shader map for material M_Blue, compiling. 
[2018.04.18-19.20.29:221][  0]LogMaterial: Missing cached shader map for material M_Black, compiling. 
[2018.04.18-19.20.29:278][  0]LogMaterial: Missing cached shader map for material lambert2, compiling. 
[2018.04.18-19.20.29:472][  0]LogStaticMesh: Building static mesh Facility_...
[2018.04.18-19.20.29:549][  0]LogStaticMesh: Built static mesh [0.08s] /Game/Assets/Facility/Facility_.Facility_
[2018.04.18-19.20.29:557][  0]LogMaterial: Missing cached shader map for material stone, compiling. 
[2018.04.18-19.20.29:651][  0]LogTexture:Display: Building textures: HQ_Lightmap0_10 (AutoDXT, 256X256)
[2018.04.18-19.20.29:726][  0]LogTexture:Display: Building textures: HQ_Lightmap0_11 (AutoDXT, 512X512)
[2018.04.18-19.20.29:831][  0]LogTexture:Display: Building textures: HQ_Lightmap0_12 (AutoDXT, 512X512)
[2018.04.18-19.20.29:959][  0]LogTexture:Display: Building textures: HQ_Lightmap0_13 (AutoDXT, 512X512)
[2018.04.18-19.20.30:054][  0]LogTexture:Display: Building textures: HQ_Lightmap0_14 (AutoDXT, 512X512)
[2018.04.18-19.20.30:129][  0]LogTexture:Display: Building textures: HQ_Lightmap0_15 (AutoDXT, 512X512)
[2018.04.18-19.20.30:241][  0]LogTexture:Display: Building textures: HQ_Lightmap0_16 (AutoDXT, 256X256)
[2018.04.18-19.20.30:305][  0]LogTexture:Display: Building textures: HQ_Lightmap0_17 (AutoDXT, 256X256)
[2018.04.18-19.20.30:366][  0]LogTexture:Display: Building textures: HQ_Lightmap0_18 (AutoDXT, 256X256)
[2018.04.18-19.20.30:449][  0]LogTexture:Display: Building textures: HQ_Lightmap0_19 (AutoDXT, 512X512)
[2018.04.18-19.20.30:619][  0]LogTexture:Display: Building textures: HQ_Lightmap0_20 (AutoDXT, 256X256)
[2018.04.18-19.20.30:692][  0]LogTexture:Display: Building textures: HQ_Lightmap0_21 (AutoDXT, 256X256)
[2018.04.18-19.20.30:786][  0]LogTexture:Display: Building textures: HQ_Lightmap0_22 (AutoDXT, 512X512)
[2018.04.18-19.20.30:892][  0]LogTexture:Display: Building textures: HQ_Lightmap0_3 (AutoDXT, 512X512)
[2018.04.18-19.20.30:992][  0]LogTexture:Display: Building textures: HQ_Lightmap0_4 (AutoDXT, 512X512)
[2018.04.18-19.20.31:079][  0]LogTexture:Display: Building textures: HQ_Lightmap0_5 (AutoDXT, 256X256)
[2018.04.18-19.20.31:152][  0]LogTexture:Display: Building textures: HQ_Lightmap0_6 (AutoDXT, 256X256)
[2018.04.18-19.20.31:214][  0]LogTexture:Display: Building textures: HQ_Lightmap0_7 (AutoDXT, 256X256)
[2018.04.18-19.20.31:301][  0]LogTexture:Display: Building textures: HQ_Lightmap0_8 (AutoDXT, 512X512)
[2018.04.18-19.20.31:411][  0]LogTexture:Display: Building textures: HQ_Lightmap0_9 (AutoDXT, 256X256)
[2018.04.18-19.20.31:503][  0]LogTexture:Display: Building textures: HQ_Lightmap1_1 (AutoDXT, 512X512)
[2018.04.18-19.20.31:644][  0]LogTexture:Display: Building textures: HQ_Lightmap1_2 (AutoDXT, 256X256)
[2018.04.18-19.20.31:770][  0]LogTexture:Display: Building textures: HQ_Lightmap1_23 (AutoDXT, 512X512)
[2018.04.18-19.20.31:875][  0]LogTexture:Display: Building textures: HQ_Lightmap1_24 (AutoDXT, 512X512)
[2018.04.18-19.20.32:034][  0]LogTexture:Display: Building textures: HQ_Lightmap1_25 (AutoDXT, 256X256)
[2018.04.18-19.20.32:047][  0]LogTexture:Display: Building textures: HQ_Lightmap1_26 (AutoDXT, 128X128)
[2018.04.18-19.20.32:050][  0]LogTexture:Display: Building textures: HQ_Lightmap1_27 (AutoDXT, 128X128)
[2018.04.18-19.20.32:069][  0]LogTexture:Display: Building textures: LQ_Lightmap_0_10 (DXT1, 256X256)
[2018.04.18-19.20.32:151][  0]LogTexture:Display: Building textures: LQ_Lightmap_0_11 (DXT1, 512X512)
[2018.04.18-19.20.32:275][  0]LogTexture:Display: Building textures: LQ_Lightmap_0_12 (DXT1, 512X512)
[2018.04.18-19.20.32:380][  0]LogTexture:Display: Building textures: LQ_Lightmap_0_13 (DXT1, 512X512)
[2018.04.18-19.20.32:471][  0]LogTexture:Display: Building textures: LQ_Lightmap_0_14 (DXT1, 512X512)
[2018.04.18-19.20.32:593][  0]LogTexture:Display: Building textures: LQ_Lightmap_0_15 (DXT1, 512X512)
[2018.04.18-19.20.32:735][  0]LogTexture:Display: Building textures: LQ_Lightmap_0_16 (DXT1, 256X256)
[2018.04.18-19.20.32:870][  0]LogTexture:Display: Building textures: LQ_Lightmap_0_17 (DXT1, 256X256)
[2018.04.18-19.20.33:028][  0]LogTexture:Display: Building textures: LQ_Lightmap_0_18 (DXT1, 256X256)
[2018.04.18-19.20.33:139][  0]LogTexture:Display: Building textures: LQ_Lightmap_0_19 (DXT1, 512X512)
[2018.04.18-19.20.33:299][  0]LogTexture:Display: Building textures: LQ_Lightmap_0_20 (DXT1, 256X256)
[2018.04.18-19.20.33:399][  0]LogTexture:Display: Building textures: LQ_Lightmap_0_21 (DXT1, 256X256)
[2018.04.18-19.20.33:477][  0]LogTexture:Display: Building textures: LQ_Lightmap_0_22 (DXT1, 512X512)
[2018.04.18-19.20.33:607][  0]LogTexture:Display: Building textures: LQ_Lightmap_0_3 (DXT1, 512X512)
[2018.04.18-19.20.33:688][  0]LogTexture:Display: Building textures: LQ_Lightmap_0_4 (DXT1, 512X512)
[2018.04.18-19.20.33:787][  0]LogTexture:Display: Building textures: LQ_Lightmap_0_5 (DXT1, 256X256)
[2018.04.18-19.20.33:882][  0]LogTexture:Display: Building textures: LQ_Lightmap_0_6 (DXT1, 256X256)
[2018.04.18-19.20.33:963][  0]LogTexture:Display: Building textures: LQ_Lightmap_0_7 (DXT1, 256X256)
[2018.04.18-19.20.34:023][  0]LogTexture:Display: Building textures: LQ_Lightmap_0_8 (DXT1, 512X512)
[2018.04.18-19.20.34:103][  0]LogTexture:Display: Building textures: LQ_Lightmap_0_9 (DXT1, 256X256)
[2018.04.18-19.20.34:163][  0]LogTexture:Display: Building textures: LQ_Lightmap_1_1 (DXT1, 512X512)
[2018.04.18-19.20.34:265][  0]LogTexture:Display: Building textures: LQ_Lightmap_1_2 (DXT1, 256X256)
[2018.04.18-19.20.34:345][  0]LogTexture:Display: Building textures: LQ_Lightmap_1_23 (DXT1, 512X512)
[2018.04.18-19.20.34:443][  0]LogTexture:Display: Building textures: LQ_Lightmap_1_24 (DXT1, 512X512)
[2018.04.18-19.20.34:528][  0]LogTexture:Display: Building textures: LQ_Lightmap_1_25 (DXT1, 256X256)
[2018.04.18-19.20.34:534][  0]LogTexture:Display: Building textures: LQ_Lightmap_1_26 (DXT1, 128X128)
[2018.04.18-19.20.34:547][  0]LogTexture:Display: Building textures: LQ_Lightmap_1_27 (DXT1, 128X128)
[2018.04.18-19.20.34:578][  0]LogTexture:Display: Building textures: SkyOcclusion0_10 (AutoDXT, 256X128)
[2018.04.18-19.20.34:633][  0]LogTexture:Display: Building textures: SkyOcclusion0_11 (AutoDXT, 512X256)
[2018.04.18-19.20.34:692][  0]LogTexture:Display: Building textures: SkyOcclusion0_12 (AutoDXT, 512X256)
[2018.04.18-19.20.34:766][  0]LogTexture:Display: Building textures: SkyOcclusion0_13 (AutoDXT, 512X256)
[2018.04.18-19.20.34:832][  0]LogTexture:Display: Building textures: SkyOcclusion0_14 (AutoDXT, 512X256)
[2018.04.18-19.20.34:897][  0]LogTexture:Display: Building textures: SkyOcclusion0_15 (AutoDXT, 512X256)
[2018.04.18-19.20.34:959][  0]LogTexture:Display: Building textures: SkyOcclusion0_16 (AutoDXT, 256X128)
[2018.04.18-19.20.35:013][  0]LogTexture:Display: Building textures: SkyOcclusion0_17 (AutoDXT, 256X128)
[2018.04.18-19.20.35:084][  0]LogTexture:Display: Building textures: SkyOcclusion0_18 (AutoDXT, 256X128)
[2018.04.18-19.20.35:148][  0]LogTexture:Display: Building textures: SkyOcclusion0_19 (AutoDXT, 512X256)
[2018.04.18-19.20.35:214][  0]LogTexture:Display: Building textures: SkyOcclusion0_20 (AutoDXT, 256X128)
[2018.04.18-19.20.35:268][  0]LogTexture:Display: Building textures: SkyOcclusion0_21 (AutoDXT, 256X128)
[2018.04.18-19.20.35:327][  0]LogTexture:Display: Building textures: SkyOcclusion0_22 (AutoDXT, 512X256)
[2018.04.18-19.20.35:399][  0]LogTexture:Display: Building textures: SkyOcclusion0_3 (AutoDXT, 512X256)
[2018.04.18-19.20.35:474][  0]LogTexture:Display: Building textures: SkyOcclusion0_4 (AutoDXT, 512X256)
[2018.04.18-19.20.35:543][  0]LogTexture:Display: Building textures: SkyOcclusion0_5 (AutoDXT, 256X128)
[2018.04.18-19.20.35:596][  0]LogTexture:Display: Building textures: SkyOcclusion0_6 (AutoDXT, 256X128)
[2018.04.18-19.20.35:658][  0]LogTexture:Display: Building textures: SkyOcclusion0_7 (AutoDXT, 256X128)
[2018.04.18-19.20.35:719][  0]LogTexture:Display: Building textures: SkyOcclusion0_8 (AutoDXT, 512X256)
[2018.04.18-19.20.35:753][  0]LogTexture:Display: Building textures: SkyOcclusion0_9 (AutoDXT, 256X128)
[2018.04.18-19.20.35:791][  0]LogTexture:Display: Building textures: SkyOcclusion1_1 (AutoDXT, 512X256)
[2018.04.18-19.20.35:854][  0]LogTexture:Display: Building textures: SkyOcclusion1_2 (AutoDXT, 256X128)
[2018.04.18-19.20.35:930][  0]LogTexture:Display: Building textures: SkyOcclusion1_23 (AutoDXT, 512X256)
[2018.04.18-19.20.35:994][  0]LogTexture:Display: Building textures: SkyOcclusion1_24 (AutoDXT, 512X256)
[2018.04.18-19.20.36:052][  0]LogTexture:Display: Building textures: SkyOcclusion1_25 (AutoDXT, 256X128)
[2018.04.18-19.20.36:063][  0]LogTexture:Display: Building textures: SkyOcclusion1_26 (AutoDXT, 128X64)
[2018.04.18-19.20.36:073][  0]LogTexture:Display: Building textures: SkyOcclusion1_27 (AutoDXT, 128X64)
[2018.04.18-19.20.36:092][  0]LogTexture:Display: Building textures: ShadowMapTexture2D_383 (G8, 512X128)
[2018.04.18-19.20.36:095][  0]LogTexture:Display: Building textures: ShadowMapTexture2D_384 (G8, 256X128)
[2018.04.18-19.20.36:096][  0]LogTexture:Display: Building textures: ShadowMapTexture2D_385 (G8, 512X128)
[2018.04.18-19.20.36:099][  0]LogTexture:Display: Building textures: ShadowMapTexture2D_386 (G8, 512X128)
[2018.04.18-19.20.36:101][  0]LogTexture:Display: Building textures: ShadowMapTexture2D_387 (G8, 256X128)
[2018.04.18-19.20.36:103][  0]LogTexture:Display: Building textures: ShadowMapTexture2D_388 (G8, 256X128)
[2018.04.18-19.20.36:105][  0]LogTexture:Display: Building textures: ShadowMapTexture2D_389 (G8, 256X128)
[2018.04.18-19.20.36:109][  0]LogTexture:Display: Building textures: ShadowMapTexture2D_390 (G8, 512X128)
[2018.04.18-19.20.36:111][  0]LogTexture:Display: Building textures: ShadowMapTexture2D_391 (G8, 128X128)
[2018.04.18-19.20.36:112][  0]LogTexture:Display: Building textures: ShadowMapTexture2D_392 (G8, 256X128)
[2018.04.18-19.20.36:113][  0]LogTexture:Display: Building textures: ShadowMapTexture2D_393 (G8, 512X128)
[2018.04.18-19.20.36:116][  0]LogTexture:Display: Building textures: ShadowMapTexture2D_394 (G8, 512X128)
[2018.04.18-19.20.36:118][  0]LogTexture:Display: Building textures: ShadowMapTexture2D_395 (G8, 512X128)
[2018.04.18-19.20.36:122][  0]LogTexture:Display: Building textures: ShadowMapTexture2D_396 (G8, 512X128)
[2018.04.18-19.20.36:125][  0]LogTexture:Display: Building textures: ShadowMapTexture2D_397 (G8, 512X128)
[2018.04.18-19.20.36:128][  0]LogTexture:Display: Building textures: ShadowMapTexture2D_398 (G8, 256X128)
[2018.04.18-19.20.36:130][  0]LogTexture:Display: Building textures: ShadowMapTexture2D_399 (G8, 256X128)
[2018.04.18-19.20.36:131][  0]LogTexture:Display: Building textures: ShadowMapTexture2D_400 (G8, 256X128)
[2018.04.18-19.20.36:133][  0]LogTexture:Display: Building textures: ShadowMapTexture2D_401 (G8, 1024X128)
[2018.04.18-19.20.36:139][  0]LogTexture:Display: Building textures: ShadowMapTexture2D_402 (G8, 256X128)
[2018.04.18-19.20.36:144][  0]LogTexture:Display: Building textures: ShadowMapTexture2D_403 (G8, 256X128)
[2018.04.18-19.20.36:146][  0]LogTexture:Display: Building textures: ShadowMapTexture2D_404 (G8, 512X128)
[2018.04.18-19.20.36:148][  0]LogTexture:Display: Building textures: ShadowMapTexture2D_405 (G8, 512X128)
[2018.04.18-19.20.36:151][  0]LogTexture:Display: Building textures: ShadowMapTexture2D_406 (G8, 512X128)
[2018.04.18-19.20.36:154][  0]LogTexture:Display: Building textures: ShadowMapTexture2D_407 (G8, 64X128)
[2018.04.18-19.20.36:154][  0]LogTexture:Display: Building textures: ShadowMapTexture2D_408 (G8, 64X64)
[2018.04.18-19.20.36:155][  0]LogTexture:Display: Building textures: ShadowMapTexture2D_409 (G8, 128X64)
[2018.04.18-19.20.36:161][  0]LogMaterial: Missing cached shader map for material Grass, compiling. 
[2018.04.18-19.20.36:277][  0]LogStaticMesh: Building static mesh pileofbricks...
[2018.04.18-19.20.36:297][  0]LogStaticMesh: Built static mesh [0.02s] /Game/Assets/Debris/pileofbricks.pileofbricks
[2018.04.18-19.20.36:789][  0]LogAnimationCompression: Building Anim DDC data for AnimSequence /Game/Assets/Misc_Objects/Generators/Generator_1_Anim.Generator_1_Anim
[2018.04.18-19.20.36:820][  0]LogMaterial: Missing cached shader map for material Grass, compiling. 
[2018.04.18-19.20.36:968][  0]LogTexture:Display: Building textures: Texture2D_0 (BGRA8, 512X512)
[2018.04.18-19.20.36:986][  0]LogTexture:Display: Building textures: Texture2D_1 (BGRA8, 64X64)
[2018.04.18-19.20.36:993][  0]LogTexture:Display: Building textures: Texture2D_19 (BGRA8, 64X64)
[2018.04.18-19.20.36:993][  0]LogTexture:Display: Building textures: Texture2D_2 (BGRA8, 64X64)
[2018.04.18-19.20.36:994][  0]LogTexture:Display: Building textures: Texture2D_20 (BGRA8, 64X64)
[2018.04.18-19.20.36:998][  0]LogAIModule: Creating AISystem for world HelloWorld
[2018.04.18-19.20.39:034][  0]LogEditorServer: Finished looking for orphan Actors (0.000 secs)
[2018.04.18-19.20.39:070][  0]Cmd: MAP CHECKDEP NOCLEARLOG
[2018.04.18-19.20.39:203][  0]MapCheck: Info Map check complete: 0 Error(s), 0 Warning(s), took 131.594ms to complete.
[2018.04.18-19.20.39:203][  0]LogFileHelpers: Loading map 'HelloWorld' took 11.731
[2018.04.18-19.20.39:609][  0]LogCollectionManager: Loaded 0 collections in 0.002193 seconds
[2018.04.18-19.20.39:754][  0]LogFileCache: Scanning file cache for directory 'F:/GitDownloaded/Fuse/Fuse/Saved/Collections/' took 0.01s
[2018.04.18-19.20.39:754][  0]LogFileCache: Scanning file cache for directory 'F:/GitDownloaded/Fuse/Fuse/Content/Developers/Ryan/Collections/' took 0.01s
[2018.04.18-19.20.39:754][  0]LogFileCache: Scanning file cache for directory 'F:/GitDownloaded/Fuse/Fuse/Content/Collections/' took 0.01s
[2018.04.18-19.20.39:754][  0]LogCollectionManager: Rebuilt the GUID cache for 0 collections in 0.000005 seconds
[2018.04.18-19.20.39:778][  0]LogContentBrowser: Native class hierarchy populated in 0.0208 seconds. Added 2343 classes and 497 folders.
[2018.04.18-19.20.39:899][  0]LogContentBrowser: Native class hierarchy updated for 'WidgetCarousel' in 0.0008 seconds. Added 0 classes and 0 folders.
[2018.04.18-19.20.40:514][  0]LogContentBrowser: Native class hierarchy updated for 'AddContentDialog' in 0.0010 seconds. Added 0 classes and 0 folders.
[2018.04.18-19.20.40:606][  0]LogContentBrowser: Native class hierarchy updated for 'SceneOutliner' in 0.0012 seconds. Added 1 classes and 2 folders.
[2018.04.18-19.20.40:746][  0]LogCrashTracker: Crashtracker disabled due to settings.
[2018.04.18-19.20.40:788][  0]LogSlate: Took 0.008080 seconds to synchronously load lazily loaded font '../../../Engine/Content/Slate/Fonts/Roboto-Regular.ttf' (155K)
[2018.04.18-19.20.40:800][  0]LogSlate: Took 0.007621 seconds to synchronously load lazily loaded font '../../../Engine/Content/Slate/Fonts/Roboto-Bold.ttf' (160K)
[2018.04.18-19.20.40:822][  0]LogSlate: Took 0.008805 seconds to synchronously load lazily loaded font '../../../Engine/Content/Editor/Slate/Fonts/FontAwesome.ttf' (139K)
[2018.04.18-19.20.41:089][  0]LogRenderer: Reallocating scene render targets to support 1168x600 NumSamples 1 (Frame:1).
[2018.04.18-19.20.41:252][  0]LogSlate: Took 0.007131 seconds to synchronously load lazily loaded font '../../../Engine/Content/Slate/Fonts/Roboto-Light.ttf' (159K)
[2018.04.18-19.20.42:232][  0]LogUObjectGlobals:Warning: Failed to find object 'Class None.'
[2018.04.18-19.20.42:336][  0]LogContentBrowser: Native class hierarchy updated for 'HierarchicalLODOutliner' in 0.0009 seconds. Added 1 classes and 2 folders.
[2018.04.18-19.20.42:337][  0]LogLoad: (Engine Initialization) Total time: 47.47 seconds
[2018.04.18-19.20.42:337][  0]LogLoad: (Engine Initialization) Total Blueprint compile time: 0.28 seconds
[2018.04.18-19.20.42:337][  0]LogExternalProfiler: Found external profiler: VSPerf
[2018.04.18-19.20.42:337][  0]LogExternalProfiler: Using external profiler: VSPerf
[2018.04.18-19.20.42:682][  0]LogOcInput: OculusInput pre-init called
[2018.04.18-19.20.42:682][  0]LogHMD: Starting GearVRController plugin
[2018.04.18-19.20.42:749][  0]LogContentStreaming: Texture pool size now 1000 MB
[2018.04.18-19.20.43:375][  2]LogAssetRegistry: Asset discovery search completed in 28.9694 seconds
[2018.04.18-19.20.43:384][  2]LogCollectionManager: Rebuilt the object cache for 0 collections in 0.000001 seconds (found 0 objects)
[2018.04.18-19.20.43:384][  2]LogCollectionManager: Fixed up redirectors for 0 collections in 0.000055 seconds (updated 0 objects)
[2018.04.18-19.24.15:050][781]LogSlate: Took 0.000166 seconds to synchronously load lazily loaded font '../../../Engine/Content/Slate/Fonts/Roboto-Light.ttf' (159K)
[2018.04.18-19.24.15:077][781]LogFactory: FactoryCreateFile: StaticMesh with FbxFactory (0 0 E:/PowerCube.fbx)
[2018.04.18-19.24.15:117][781]LogFbx: ItemName: GlobalSettings, ItemCount : 1
[2018.04.18-19.24.15:117][781]LogFbx: ItemName: AnimationStack, ItemCount : 1
[2018.04.18-19.24.15:117][781]LogFbx: ItemName: AnimationLayer, ItemCount : 1
[2018.04.18-19.24.15:117][781]LogFbx: ItemName: NodeAttribute, ItemCount : 8
[2018.04.18-19.24.15:117][781]LogFbx: ItemName: Model, ItemCount : 9
[2018.04.18-19.24.15:117][781]LogFbx: ItemName: Geometry, ItemCount : 1
[2018.04.18-19.24.15:117][781]LogFbx: ItemName: Material, ItemCount : 1
[2018.04.18-19.24.15:117][781]LogFbx: ItemName: AnimationCurve, ItemCount : 6
[2018.04.18-19.24.15:117][781]LogFbx: ItemName: AnimationCurveNode, ItemCount : 3
[2018.04.18-19.24.15:125][781]LogFbx: Loading FBX Scene from E:/PowerCube.fbx
[2018.04.18-19.24.15:137][781]LogFbx: FBX Scene Loaded Succesfully
[2018.04.18-19.24.18:281][781]LogFbx: Loading FBX Scene from E:/PowerCube.fbx
[2018.04.18-19.24.18:289][781]LogFbx: FBX Scene Loaded Succesfully
[2018.04.18-19.24.18:294][781]LogFbx:Warning: Triangulating static mesh pCube3
[2018.04.18-19.24.18:371][781]LogStaticMesh: Building static mesh PowerCube...
[2018.04.18-19.24.18:387][781]LogStaticMesh: Built static mesh [0.02s] /Game/PowerCube.PowerCube
[2018.04.18-19.24.28:821][732]LogContentBrowser: Native class hierarchy updated for 'BlueprintGraph' in 0.0010 seconds. Added 112 classes and 0 folders.
[2018.04.18-19.24.29:546][732]LogSlate: Took 0.000162 seconds to synchronously load lazily loaded font '../../../Engine/Content/Slate/Fonts/Roboto-Regular.ttf' (155K)
[2018.04.18-19.24.29:636][732]LogSlate: Took 0.004307 seconds to synchronously load lazily loaded font '../../../Engine/Content/Editor/Slate/Fonts/Roboto-BoldCondensed.ttf' (158K)
[2018.04.18-19.24.29:732][733]LogSlate: Took 0.004754 seconds to synchronously load lazily loaded font '../../../Engine/Content/Editor/Slate/Fonts/Roboto-Italic.ttf' (157K)
[2018.04.18-19.24.50:413][971]BlueprintLog: New page: Compile Cube
[2018.04.18-19.24.51:258][992]Cmd: OBJ SAVEPACKAGE PACKAGE="/Game/Assets/PowerBlock/Cube" FILE="../../../../../GitDownloaded/Fuse/Fuse/Content/Assets/PowerBlock/Cube.uasset" SILENT=true
[2018.04.18-19.24.51:291][992]LogSavePackage: Save=24.22ms
[2018.04.18-19.24.51:292][992]LogSavePackage: Moving '../../../../../GitDownloaded/Fuse/Fuse/Saved/Cube07E87F434D29D6AE168481991F547FC0.tmp' to '../../../../../GitDownloaded/Fuse/Fuse/Content/Assets/PowerBlock/Cube.uasset'
[2018.04.18-19.24.51:293][992]LogSavePackage:Display: Finished SavePackage ../../../../../GitDownloaded/Fuse/Fuse/Content/Assets/PowerBlock/Cube.uasset
[2018.04.18-19.24.53:559][154]LogSlate: Took 0.000166 seconds to synchronously load lazily loaded font '../../../Engine/Content/Slate/Fonts/Roboto-Light.ttf' (159K)
[2018.04.18-19.24.59:425][495]BlueprintLog: New page: Compile Cube
[2018.04.18-19.25.00:032][523]Cmd: OBJ SAVEPACKAGE PACKAGE="/Game/Assets/PowerBlock/Cube" FILE="../../../../../GitDownloaded/Fuse/Fuse/Content/Assets/PowerBlock/Cube.uasset" SILENT=true
[2018.04.18-19.25.00:053][523]LogSavePackage: Save=16.73ms
[2018.04.18-19.25.00:053][523]LogSavePackage: Moving '../../../../../GitDownloaded/Fuse/Fuse/Saved/Cube273878714DA0B84C8E119586AED99546.tmp' to '../../../../../GitDownloaded/Fuse/Fuse/Content/Assets/PowerBlock/Cube.uasset'
[2018.04.18-19.25.00:055][523]LogSavePackage:Display: Finished SavePackage ../../../../../GitDownloaded/Fuse/Fuse/Content/Assets/PowerBlock/Cube.uasset
[2018.04.18-19.25.02:375][718]LogRenderer: Reallocating scene render targets to support 1168x744 NumSamples 1 (Frame:1).
[2018.04.18-19.25.13:323][757]BlueprintLog: New page: Compile Cube
[2018.04.18-19.25.14:178][782]Cmd: OBJ SAVEPACKAGE PACKAGE="/Game/Assets/PowerBlock/Cube" FILE="../../../../../GitDownloaded/Fuse/Fuse/Content/Assets/PowerBlock/Cube.uasset" SILENT=true
[2018.04.18-19.25.14:199][782]LogSavePackage: Save=16.51ms
[2018.04.18-19.25.14:199][782]LogSavePackage: Moving '../../../../../GitDownloaded/Fuse/Fuse/Saved/Cube25A86B984C4256C2317921A34F467958.tmp' to '../../../../../GitDownloaded/Fuse/Fuse/Content/Assets/PowerBlock/Cube.uasset'
[2018.04.18-19.25.14:200][782]LogSavePackage:Display: Finished SavePackage ../../../../../GitDownloaded/Fuse/Fuse/Content/Assets/PowerBlock/Cube.uasset
[2018.04.18-19.30.45:810][ 28]Cmd: OBJ SAVEPACKAGE PACKAGE="/Game/Maps/HelloWorld" FILE="../../../../../GitDownloaded/Fuse/Fuse/Saved/Autosaves/Game/Maps/HelloWorld_Auto1.umap" SILENT=true AUTOSAVING=true KEEPDIRTY=false
[2018.04.18-19.30.46:523][ 28]LogSavePackage: Save=694.28ms
[2018.04.18-19.30.46:523][ 28]LogSavePackage: Moving '../../../../../GitDownloaded/Fuse/Fuse/Saved/HelloWorld_Auto1C07C0A904C4465EB55966482EBFF67BF.tmp' to '../../../../../GitDownloaded/Fuse/Fuse/Saved/Autosaves/Game/Maps/HelloWorld_Auto1.umap'
[2018.04.18-19.30.46:524][ 28]LogSavePackage:Display: Finished SavePackage ../../../../../GitDownloaded/Fuse/Fuse/Saved/Autosaves/Game/Maps/HelloWorld_Auto1.umap
[2018.04.18-19.30.46:528][ 28]LogFileHelpers: Editor autosave (incl. sublevels) for '/Game/Maps/HelloWorld' took 0.766
[2018.04.18-19.30.46:528][ 28]LogFileHelpers: Editor autosave (incl. sublevels) for all levels took 0.766
[2018.04.18-19.30.46:566][ 28]OBJ SavePackage: Generating thumbnails for [1] asset(s) in package [/Game/PowerCube] ([1] browsable assets)...
[2018.04.18-19.30.46:609][ 28]OBJ SavePackage:     Rendered thumbnail for [StaticMesh /Game/PowerCube.PowerCube]
[2018.04.18-19.30.46:609][ 28]OBJ SavePackage: Finished generating thumbnails for package [/Game/PowerCube]
[2018.04.18-19.30.46:609][ 28]Cmd: OBJ SAVEPACKAGE PACKAGE="/Game/PowerCube" FILE="../../../../../GitDownloaded/Fuse/Fuse/Saved/Autosaves/Game/PowerCube_Auto1.uasset" SILENT=false AUTOSAVING=true
[2018.04.18-19.30.46:631][ 28]LogSavePackage: Save=20.61ms
[2018.04.18-19.30.46:631][ 28]LogSavePackage: Moving '../../../../../GitDownloaded/Fuse/Fuse/Saved/PowerCube_Auto1CB94CABF4CA51E633222748E43334FDE.tmp' to '../../../../../GitDownloaded/Fuse/Fuse/Saved/Autosaves/Game/PowerCube_Auto1.uasset'
[2018.04.18-19.30.46:632][ 28]LogSavePackage:Display: Finished SavePackage ../../../../../GitDownloaded/Fuse/Fuse/Saved/Autosaves/Game/PowerCube_Auto1.uasset
[2018.04.18-19.30.46:632][ 28]LogFileHelpers: Auto-saving content packages took 0.067
[2018.04.18-19.30.47:344][ 43]LogEditorViewport: Clicking on Actor (LMB): Cube_C (Cube)
[2018.04.18-19.30.55:443][483]LogEditorViewport: Clicking on Actor (LMB): Cube_C (Cube2)
[2018.04.18-19.32.46:335][437]LogFactory: FactoryCreateFile: StaticMesh with FbxFactory (0 0 E:/Cabinets/Cabinet_01.fbx)
[2018.04.18-19.32.46:348][437]LogFbx: ItemName: GlobalSettings, ItemCount : 1
[2018.04.18-19.32.46:348][437]LogFbx: ItemName: AnimationStack, ItemCount : 1
[2018.04.18-19.32.46:348][437]LogFbx: ItemName: AnimationLayer, ItemCount : 1
[2018.04.18-19.32.46:348][437]LogFbx: ItemName: NodeAttribute, ItemCount : 10
[2018.04.18-19.32.46:348][437]LogFbx: ItemName: Model, ItemCount : 11
[2018.04.18-19.32.46:348][437]LogFbx: ItemName: Geometry, ItemCount : 1
[2018.04.18-19.32.46:348][437]LogFbx: ItemName: Material, ItemCount : 1
[2018.04.18-19.32.46:352][437]LogFbx: Loading FBX Scene from E:/Cabinets/Cabinet_01.fbx
[2018.04.18-19.32.46:362][437]LogFbx: FBX Scene Loaded Succesfully
[2018.04.18-19.32.48:922][437]LogFbx: Loading FBX Scene from E:/Cabinets/Cabinet_01.fbx
[2018.04.18-19.32.48:933][437]LogFbx: FBX Scene Loaded Succesfully
[2018.04.18-19.32.48:938][437]LogFbx:Warning: Triangulating static mesh pCube17
[2018.04.18-19.32.48:972][437]LogStaticMesh: Building static mesh Cabinet_01...
[2018.04.18-19.32.48:988][437]LogStaticMesh: Built static mesh [0.02s] /Game/Cabinet_01.Cabinet_01
[2018.04.18-19.32.49:027][437]LogFactory: FactoryCreateFile: StaticMesh with FbxFactory (0 0 E:/Cabinets/Cabinet_02.fbx)
[2018.04.18-19.32.49:042][437]LogFbx: Loading FBX Scene from E:/Cabinets/Cabinet_02.fbx
[2018.04.18-19.32.49:052][437]LogFbx: FBX Scene Loaded Succesfully
[2018.04.18-19.32.49:055][437]LogFbx:Warning: Triangulating static mesh pCube18
[2018.04.18-19.32.49:085][437]LogStaticMesh: Building static mesh Cabinet_02...
[2018.04.18-19.32.49:100][437]LogStaticMesh: Built static mesh [0.02s] /Game/Cabinet_02.Cabinet_02
[2018.04.18-19.32.49:123][437]LogFactory: FactoryCreateFile: StaticMesh with FbxFactory (0 0 E:/Cabinets/Cabinet_03.fbx)
[2018.04.18-19.32.49:134][437]LogFbx: Loading FBX Scene from E:/Cabinets/Cabinet_03.fbx
[2018.04.18-19.32.49:145][437]LogFbx: FBX Scene Loaded Succesfully
[2018.04.18-19.32.49:148][437]LogFbx:Warning: Triangulating static mesh pCube10
[2018.04.18-19.32.49:195][437]LogStaticMesh: Building static mesh Cabinet_03...
[2018.04.18-19.32.49:215][437]LogStaticMesh: Built static mesh [0.02s] /Game/Cabinet_03.Cabinet_03
[2018.04.18-19.32.51:656][590]LogTemp: Repeting last play command: Selected Viewport
[2018.04.18-19.32.51:859][590]LogBlueprintUserMessages: Early PlayInEditor Detection: Level '/Game/Maps/HelloWorld.HelloWorld:PersistentLevel' has LevelScriptBlueprint '/Game/Maps/HelloWorld.HelloWorld:PersistentLevel.HelloWorld' with GeneratedClass '/Game/Maps/HelloWorld.HelloWorld_C' with ClassGeneratedBy '/Game/Maps/HelloWorld.HelloWorld:PersistentLevel.HelloWorld'
[2018.04.18-19.32.51:860][590]LogPlayLevel: PlayLevel: No blueprints needed recompiling
[2018.04.18-19.32.51:864][590]PIE: New page: PIE session: HelloWorld (18 Apr 2018 21:32:51)
[2018.04.18-19.32.51:864][590]LogPlayLevel: Creating play world package: /Game/Maps/UEDPIE_0_HelloWorld
[2018.04.18-19.32.51:896][590]LogPlayLevel: PIE: StaticDuplicateObject took: (0.031145s)
[2018.04.18-19.32.51:897][590]LogAIModule: Creating AISystem for world HelloWorld
[2018.04.18-19.32.51:897][590]LogPlayLevel: PIE: World Init took: (0.001183s)
[2018.04.18-19.32.51:897][590]LogPlayLevel: PIE: Created PIE world by copying editor world from /Game/Maps/HelloWorld.HelloWorld to /Game/Maps/UEDPIE_0_HelloWorld.HelloWorld (0.032765s)
[2018.04.18-19.32.51:937][590]LogInit: XAudio2 using 'Headset Earphone (Corsair VOID PRO USB Gaming Headset )' : 2 channels at 44.1 kHz using 16 bits per sample (channel mask 0x3)
[2018.04.18-19.32.51:958][590]LogInit: FAudioDevice initialized.
[2018.04.18-19.32.52:019][590]LogLoad: Game class is 'FuseGM_C'
[2018.04.18-19.32.52:035][590]LogWorld: Bringing World /Game/Maps/UEDPIE_0_HelloWorld.HelloWorld up for play (max tick rate 0) at 2018.04.18-20.32.52
[2018.04.18-19.32.52:038][590]LogWorld: Bringing up level for play took: 0.010758
[2018.04.18-19.32.52:108][590]LogContentBrowser: Native class hierarchy updated for 'MovieSceneCapture' in 0.0007 seconds. Added 11 classes and 0 folders.
[2018.04.18-19.32.52:117][590]PIE: Info Play in editor start time for /Game/Maps/UEDPIE_0_HelloWorld 0.876
[2018.04.18-19.32.52:118][590]LogBlueprintUserMessages: Late PlayInEditor Detection: Level '/Game/Maps/HelloWorld.HelloWorld:PersistentLevel' has LevelScriptBlueprint '/Game/Maps/HelloWorld.HelloWorld:PersistentLevel.HelloWorld' with GeneratedClass '/Game/Maps/HelloWorld.HelloWorld_C' with ClassGeneratedBy '/Game/Maps/HelloWorld.HelloWorld:PersistentLevel.HelloWorld'
[2018.04.18-19.32.58:742][161]LogBlueprintUserMessages: Early EndPlayMap Detection: Level '/Game/Maps/HelloWorld.HelloWorld:PersistentLevel' has LevelScriptBlueprint '/Game/Maps/HelloWorld.HelloWorld:PersistentLevel.HelloWorld' with GeneratedClass '/Game/Maps/HelloWorld.HelloWorld_C' with ClassGeneratedBy '/Game/Maps/HelloWorld.HelloWorld:PersistentLevel.HelloWorld'
[2018.04.18-19.32.58:798][161]LogBlueprintUserMessages: Late EndPlayMap Detection: Level '/Game/Maps/HelloWorld.HelloWorld:PersistentLevel' has LevelScriptBlueprint '/Game/Maps/HelloWorld.HelloWorld:PersistentLevel.HelloWorld' with GeneratedClass '/Game/Maps/HelloWorld.HelloWorld_C' with ClassGeneratedBy '/Game/Maps/HelloWorld.HelloWorld:PersistentLevel.HelloWorld'
[2018.04.18-19.33.01:517][301]LogEditorViewport: Clicking on Actor (LMB): Cube_C (Cube)
[2018.04.18-19.33.16:130][667]LogTemp: Repeting last play command: Selected Viewport
[2018.04.18-19.33.16:165][667]LogBlueprintUserMessages: Early PlayInEditor Detection: Level '/Game/Maps/HelloWorld.HelloWorld:PersistentLevel' has LevelScriptBlueprint '/Game/Maps/HelloWorld.HelloWorld:PersistentLevel.HelloWorld' with GeneratedClass '/Game/Maps/HelloWorld.HelloWorld_C' with ClassGeneratedBy '/Game/Maps/HelloWorld.HelloWorld:PersistentLevel.HelloWorld'
[2018.04.18-19.33.16:165][667]LogPlayLevel: PlayLevel: No blueprints needed recompiling
[2018.04.18-19.33.16:165][667]PIE: New page: PIE session: HelloWorld (18 Apr 2018 21:33:16)
[2018.04.18-19.33.16:165][667]LogPlayLevel: Creating play world package: /Game/Maps/UEDPIE_0_HelloWorld
[2018.04.18-19.33.16:194][667]LogPlayLevel: PIE: StaticDuplicateObject took: (0.028923s)
[2018.04.18-19.33.16:195][667]LogAIModule: Creating AISystem for world HelloWorld
[2018.04.18-19.33.16:195][667]LogPlayLevel: PIE: World Init took: (0.000895s)
[2018.04.18-19.33.16:195][667]LogPlayLevel: PIE: Created PIE world by copying editor world from /Game/Maps/HelloWorld.HelloWorld to /Game/Maps/UEDPIE_0_HelloWorld.HelloWorld (0.030080s)
[2018.04.18-19.33.16:252][667]LogInit: XAudio2 using 'Headset Earphone (Corsair VOID PRO USB Gaming Headset )' : 2 channels at 44.1 kHz using 16 bits per sample (channel mask 0x3)
[2018.04.18-19.33.16:271][667]LogInit: FAudioDevice initialized.
[2018.04.18-19.33.16:307][667]LogLoad: Game class is 'FuseGM_C'
[2018.04.18-19.33.16:318][667]LogWorld: Bringing World /Game/Maps/UEDPIE_0_HelloWorld.HelloWorld up for play (max tick rate 0) at 2018.04.18-20.33.16
[2018.04.18-19.33.16:319][667]LogWorld: Bringing up level for play took: 0.008160
[2018.04.18-19.33.16:322][667]PIE: Info Play in editor start time for /Game/Maps/UEDPIE_0_HelloWorld 1.08
[2018.04.18-19.33.16:322][667]LogBlueprintUserMessages: Late PlayInEditor Detection: Level '/Game/Maps/HelloWorld.HelloWorld:PersistentLevel' has LevelScriptBlueprint '/Game/Maps/HelloWorld.HelloWorld:PersistentLevel.HelloWorld' with GeneratedClass '/Game/Maps/HelloWorld.HelloWorld_C' with ClassGeneratedBy '/Game/Maps/HelloWorld.HelloWorld:PersistentLevel.HelloWorld'
[2018.04.18-19.34.22:004][ 38]LogBlueprintUserMessages: [TriggerBox_Blueprint] You Died!
[2018.04.18-19.34.24:019][214]LogNet: Browse: /Game/Maps/HelloWorld
[2018.04.18-19.34.24:019][214]LogLoad: LoadMap: /Game/Maps/HelloWorld
[2018.04.18-19.34.24:049][214]Cmd: MEM
[2018.04.18-19.34.24:070][214]LogMemory: Platform Memory Stats for Windows
[2018.04.18-19.34.24:070][214]LogMemory: Process Physical Memory: 1486.84 MB used, 1500.27 MB peak
[2018.04.18-19.34.24:070][214]LogMemory: Process Virtual Memory: 2310.25 MB used, 2362.19 MB peak
[2018.04.18-19.34.24:070][214]LogMemory: Physical Memory: 6165.57 MB used,  1972.30 MB free, 8137.87 MB total
[2018.04.18-19.34.24:070][214]LogMemory: Virtual Memory: 3326.98 MB used,  1972.30 MB free, 134217728.00 MB total
[2018.04.18-19.34.24:070][214]LogMemory: 
[2018.04.18-19.34.24:070][214]Allocator Stats for TBB: (not implemented)
[2018.04.18-19.34.24:070][214]LogPlayLevel: Creating play world package: /Game/Maps/UEDPIE_0_HelloWorld
[2018.04.18-19.34.24:100][214]LogPlayLevel: PIE: StaticDuplicateObject took: (0.029319s)
[2018.04.18-19.34.24:100][214]LogAIModule: Creating AISystem for world HelloWorld
[2018.04.18-19.34.24:100][214]LogPlayLevel: PIE: World Init took: (0.000618s)
[2018.04.18-19.34.24:101][214]LogPlayLevel: PIE: Created PIE world by copying editor world from /Game/Maps/HelloWorld.HelloWorld to /Game/Maps/UEDPIE_0_HelloWorld.HelloWorld (0.030131s)
[2018.04.18-19.34.24:101][214]LogLoad: Game class is 'FuseGM_C'
[2018.04.18-19.34.24:109][214]LogWorld: Bringing World /Game/Maps/UEDPIE_0_HelloWorld.HelloWorld up for play (max tick rate 0) at 2018.04.18-20.34.24
[2018.04.18-19.34.24:111][214]LogWorld: Bringing up level for play took: 0.008528
[2018.04.18-19.34.24:114][214]LogLoad: Took 0.094696 seconds to LoadMap(/Game/Maps/UEDPIE_0_HelloWorld)
[2018.04.18-19.34.27:268][473]LogBlueprintUserMessages: Early EndPlayMap Detection: Level '/Game/Maps/HelloWorld.HelloWorld:PersistentLevel' has LevelScriptBlueprint '/Game/Maps/HelloWorld.HelloWorld:PersistentLevel.HelloWorld' with GeneratedClass '/Game/Maps/HelloWorld.HelloWorld_C' with ClassGeneratedBy '/Game/Maps/HelloWorld.HelloWorld:PersistentLevel.HelloWorld'
[2018.04.18-19.34.27:317][473]LogBlueprintUserMessages: Late EndPlayMap Detection: Level '/Game/Maps/HelloWorld.HelloWorld:PersistentLevel' has LevelScriptBlueprint '/Game/Maps/HelloWorld.HelloWorld:PersistentLevel.HelloWorld' with GeneratedClass '/Game/Maps/HelloWorld.HelloWorld_C' with ClassGeneratedBy '/Game/Maps/HelloWorld.HelloWorld:PersistentLevel.HelloWorld'
[2018.04.18-19.34.28:015][515]Cmd: SELECT NONE
[2018.04.18-19.34.30:464][661]Cmd: OBJ SAVEPACKAGE PACKAGE="/Game/Maps/HelloWorld" FILE="../../../../../GitDownloaded/Fuse/Fuse/Content/Maps/HelloWorld.umap" SILENT=true AUTOSAVING=false KEEPDIRTY=false
[2018.04.18-19.34.31:115][661]LogSavePackage: Save=626.90ms
[2018.04.18-19.34.31:115][661]LogSavePackage: Moving '../../../../../GitDownloaded/Fuse/Fuse/Saved/HelloWorldA834B1394DBE6D712B9B22BC66C72FF9.tmp' to '../../../../../GitDownloaded/Fuse/Fuse/Content/Maps/HelloWorld.umap'
[2018.04.18-19.34.31:119][661]LogSavePackage:Display: Finished SavePackage ../../../../../GitDownloaded/Fuse/Fuse/Content/Maps/HelloWorld.umap
[2018.04.18-19.34.31:188][661]Cmd: OBJ SAVEPACKAGE PACKAGE="/Game/Maps/HelloWorld_BuiltData" FILE="../../../../../GitDownloaded/Fuse/Fuse/Content/Maps/HelloWorld_BuiltData.uasset" SILENT=true
[2018.04.18-19.34.32:313][661]LogSavePackage: Save=1079.50ms
[2018.04.18-19.34.32:313][661]LogSavePackage: Moving '../../../../../GitDownloaded/Fuse/Fuse/Saved/HelloWorld_BuiltData3F29AE4A4C9C319A0A473790772FBA5A.tmp' to '../../../../../GitDownloaded/Fuse/Fuse/Content/Maps/HelloWorld_BuiltData.uasset'
[2018.04.18-19.34.32:317][661]LogSavePackage:Display: Finished SavePackage ../../../../../GitDownloaded/Fuse/Fuse/Content/Maps/HelloWorld_BuiltData.uasset
[2018.04.18-19.34.35:956][778]Cmd: OBJ SAVEPACKAGE PACKAGE="/Game/Cabinet_01" FILE="../../../../../GitDownloaded/Fuse/Fuse/Content/Cabinet_01.uasset" SILENT=true
[2018.04.18-19.34.35:983][778]LogSavePackage: Save=23.73ms
[2018.04.18-19.34.35:983][778]LogSavePackage: Moving '../../../../../GitDownloaded/Fuse/Fuse/Saved/Cabinet_01AA01A3AE430ECCEDEBE210900BAF134B.tmp' to '../../../../../GitDownloaded/Fuse/Fuse/Content/Cabinet_01.uasset'
[2018.04.18-19.34.35:984][778]LogSavePackage:Display: Finished SavePackage ../../../../../GitDownloaded/Fuse/Fuse/Content/Cabinet_01.uasset
[2018.04.18-19.34.36:003][778]Cmd: OBJ SAVEPACKAGE PACKAGE="/Game/Cabinet_02" FILE="../../../../../GitDownloaded/Fuse/Fuse/Content/Cabinet_02.uasset" SILENT=true
[2018.04.18-19.34.36:032][778]LogSavePackage: Save=21.90ms
[2018.04.18-19.34.36:032][778]LogSavePackage: Moving '../../../../../GitDownloaded/Fuse/Fuse/Saved/Cabinet_02DAB505D34B566496CA6F5BA2509ABEBA.tmp' to '../../../../../GitDownloaded/Fuse/Fuse/Content/Cabinet_02.uasset'
[2018.04.18-19.34.36:034][778]LogSavePackage:Display: Finished SavePackage ../../../../../GitDownloaded/Fuse/Fuse/Content/Cabinet_02.uasset
[2018.04.18-19.34.36:052][778]Cmd: OBJ SAVEPACKAGE PACKAGE="/Game/Cabinet_03" FILE="../../../../../GitDownloaded/Fuse/Fuse/Content/Cabinet_03.uasset" SILENT=true
[2018.04.18-19.34.36:076][778]LogSavePackage: Save=22.40ms
[2018.04.18-19.34.36:076][778]LogSavePackage: Moving '../../../../../GitDownloaded/Fuse/Fuse/Saved/Cabinet_03961209434C3D2AC979C4B0AF4C08ED68.tmp' to '../../../../../GitDownloaded/Fuse/Fuse/Content/Cabinet_03.uasset'
[2018.04.18-19.34.36:082][778]LogSavePackage:Display: Finished SavePackage ../../../../../GitDownloaded/Fuse/Fuse/Content/Cabinet_03.uasset
[2018.04.18-19.34.36:100][778]Cmd: OBJ SAVEPACKAGE PACKAGE="/Game/PowerCube" FILE="../../../../../GitDownloaded/Fuse/Fuse/Content/PowerCube.uasset" SILENT=true
[2018.04.18-19.34.36:126][778]LogSavePackage: Save=23.94ms
[2018.04.18-19.34.36:126][778]LogSavePackage: Moving '../../../../../GitDownloaded/Fuse/Fuse/Saved/PowerCubeE59923A24375DD58C88AB6B525C230AB.tmp' to '../../../../../GitDownloaded/Fuse/Fuse/Content/PowerCube.uasset'
[2018.04.18-19.34.36:128][778]LogSavePackage:Display: Finished SavePackage ../../../../../GitDownloaded/Fuse/Fuse/Content/PowerCube.uasset
[2018.04.18-19.34.36:283][778]LogWindowsTextInputMethodSystem:Display: IME system now deactivated.
[2018.04.18-19.34.36:546][779]Cmd: QUIT_EDITOR
[2018.04.18-19.34.36:951][779]LogExit: Preparing to exit.
[2018.04.18-19.34.38:033][779]LogDirectoryWatcher: A directory notification for 'F:/GitDownloaded/Fuse/Fuse/Content/' was aborted.
[2018.04.18-19.34.38:116][779]LogExit: Editor shut down
[2018.04.18-19.34.38:120][779]LogExit: Transaction tracking system shut down
[2018.04.18-19.34.38:418][779]LogObj: Freed 0b from 0 cluster array pools.
[2018.04.18-19.34.38:418][779]LogExit: Object subsystem successfully closed.
[2018.04.18-19.34.38:470][779]LogD3D11RHI: Shutdown
[2018.04.18-19.34.38:471][779]LogD3D11RHI: CleanupD3DDevice
[2018.04.18-19.34.38:699][779]LogD3D11RHI: ~FD3D11DynamicRHI
[2018.04.18-19.34.38:739][779]LogModuleManager: Shutting down and abandoning module StaticMeshEditor (538)
[2018.04.18-19.34.38:739][779]LogModuleManager: Shutting down and abandoning module MovieSceneCapture (536)
[2018.04.18-19.34.38:739][779]LogModuleManager: Shutting down and abandoning module HierarchicalLODUtilities (534)
[2018.04.18-19.34.38:739][779]LogModuleManager: Shutting down and abandoning module BlueprintGraph (532)
[2018.04.18-19.34.38:739][779]LogModuleManager: Shutting down and abandoning module BlueprintProfiler (530)
[2018.04.18-19.34.38:740][779]LogModuleManager: Shutting down and abandoning module HierarchicalLODOutliner (528)
[2018.04.18-19.34.38:740][779]LogModuleManager: Shutting down and abandoning module CrashTracker (526)
[2018.04.18-19.34.38:740][779]LogModuleManager: Shutting down and abandoning module SceneOutliner (524)
[2018.04.18-19.34.38:740][779]LogModuleManager: Shutting down and abandoning module AddContentDialog (522)
[2018.04.18-19.34.38:741][779]LogDirectoryWatcher: A directory notification for 'F:/UE/UE_4.16/FeaturePacks/' was aborted.
[2018.04.18-19.34.38:742][779]LogModuleManager: Shutting down and abandoning module WidgetCarousel (521)
[2018.04.18-19.34.38:742][779]LogModuleManager: Shutting down and abandoning module EditorWidgets (518)
[2018.04.18-19.34.38:742][779]LogModuleManager: Shutting down and abandoning module CollectionManager (516)
[2018.04.18-19.34.38:742][779]LogDirectoryWatcher: A directory notification for 'F:/GitDownloaded/Fuse/Fuse/Content/Collections/' was aborted.
[2018.04.18-19.34.38:742][779]LogDirectoryWatcher: A directory notification for 'F:/GitDownloaded/Fuse/Fuse/Content/Developers/Ryan/Collections/' was aborted.
[2018.04.18-19.34.38:742][779]LogDirectoryWatcher: A directory notification for 'F:/GitDownloaded/Fuse/Fuse/Saved/Collections/' was aborted.
[2018.04.18-19.34.38:742][779]LogModuleManager: Shutting down and abandoning module StatsViewer (514)
[2018.04.18-19.34.38:743][779]LogModuleManager: Shutting down and abandoning module FoliageEdit (512)
[2018.04.18-19.34.38:743][779]LogModuleManager: Shutting down and abandoning module LandscapeEditor (510)
[2018.04.18-19.34.38:743][779]LogModuleManager: Shutting down and abandoning module MeshPaintMode (508)
[2018.04.18-19.34.38:743][779]LogModuleManager: Shutting down and abandoning module SceneDepthPickerMode (506)
[2018.04.18-19.34.38:743][779]LogModuleManager: Shutting down and abandoning module ActorPickerMode (504)
[2018.04.18-19.34.38:743][779]LogModuleManager: Shutting down and abandoning module GeometryMode (502)
[2018.04.18-19.34.38:743][779]LogModuleManager: Shutting down and abandoning module TextureAlignMode (500)
[2018.04.18-19.34.38:743][779]LogModuleManager: Shutting down and abandoning module BspMode (498)
[2018.04.18-19.34.38:743][779]LogModuleManager: Shutting down and abandoning module HardwareSurvey (496)
[2018.04.18-19.34.38:743][779]LogModuleManager: Shutting down and abandoning module SequenceRecorderSections (494)
[2018.04.18-19.34.38:743][779]LogModuleManager: Shutting down and abandoning module AutomationWorker (492)
[2018.04.18-19.34.38:744][779]LogModuleManager: Shutting down and abandoning module MatineeToLevelSequence (490)
[2018.04.18-19.34.38:744][779]LogModuleManager: Shutting down and abandoning module LevelSequenceEditor (488)
[2018.04.18-19.34.38:746][779]LogModuleManager: Shutting down and abandoning module PlacementMode (487)
[2018.04.18-19.34.38:746][779]LogModuleManager: Shutting down and abandoning module WmfMediaFactory (484)
[2018.04.18-19.34.38:746][779]LogModuleManager: Shutting down and abandoning module WmfMediaEditor (482)
[2018.04.18-19.34.38:746][779]LogModuleManager: Shutting down and abandoning module AvfMediaFactory (480)
[2018.04.18-19.34.38:746][779]LogModuleManager: Shutting down and abandoning module AvfMediaEditor (478)
[2018.04.18-19.34.38:746][779]LogModuleManager: Shutting down and abandoning module AndroidMediaFactory (476)
[2018.04.18-19.34.38:746][779]LogModuleManager: Shutting down and abandoning module Media (475)
[2018.04.18-19.34.38:746][779]LogModuleManager: Shutting down and abandoning module AndroidMediaEditor (472)
[2018.04.18-19.34.38:746][779]LogModuleManager: Shutting down and abandoning module CharacterAI (470)
[2018.04.18-19.34.38:746][779]LogModuleManager: Shutting down and abandoning module AudioCapture (468)
[2018.04.18-19.34.38:747][779]LogModuleManager: Shutting down and abandoning module SequenceRecorder (467)
[2018.04.18-19.34.38:747][779]LogModuleManager: Shutting down and abandoning module SmartSnapping (464)
[2018.04.18-19.34.38:747][779]LogModuleManager: Shutting down and abandoning module SessionServices (462)
[2018.04.18-19.34.38:747][779]LogModuleManager: Shutting down and abandoning module ViewportSnapping (460)
[2018.04.18-19.34.38:748][779]LogModuleManager: Shutting down and abandoning module ViewportInteraction (458)
[2018.04.18-19.34.38:748][779]LogModuleManager: Shutting down and abandoning module ClothPainter (456)
[2018.04.18-19.34.38:749][779]LogModuleManager: Shutting down and abandoning module LogVisualizer (454)
[2018.04.18-19.34.38:750][779]LogModuleManager: Shutting down and abandoning module IntroTutorials (452)
[2018.04.18-19.34.38:751][779]LogModuleManager: Shutting down and abandoning module GameProjectGeneration (451)
[2018.04.18-19.34.38:752][779]LogModuleManager: Shutting down and abandoning module EditorLiveStreaming (448)
[2018.04.18-19.34.38:752][779]LogModuleManager: Shutting down and abandoning module IOSPlatformEditor (446)
[2018.04.18-19.34.38:752][779]LogModuleManager: Shutting down and abandoning module HTML5PlatformEditor (444)
[2018.04.18-19.34.38:752][779]LogModuleManager: Shutting down and abandoning module AndroidPlatformEditor (442)
[2018.04.18-19.34.38:752][779]LogModuleManager: Shutting down and abandoning module AndroidDeviceDetection (441)
[2018.04.18-19.34.39:253][779]LogModuleManager: Shutting down and abandoning module IOSRuntimeSettings (438)
[2018.04.18-19.34.39:253][779]LogModuleManager: Shutting down and abandoning module AndroidRuntimeSettings (436)
[2018.04.18-19.34.39:253][779]LogModuleManager: Shutting down and abandoning module InputBindingEditor (434)
[2018.04.18-19.34.39:253][779]LogModuleManager: Shutting down and abandoning module MergeActors (432)
[2018.04.18-19.34.39:254][779]LogModuleManager: Shutting down and abandoning module SizeMap (430)
[2018.04.18-19.34.39:254][779]LogModuleManager: Shutting down and abandoning module TreeMap (428)
[2018.04.18-19.34.39:254][779]LogModuleManager: Shutting down and abandoning module ReferenceViewer (426)
[2018.04.18-19.34.39:256][779]LogModuleManager: Shutting down and abandoning module LocalizationDashboard (424)
[2018.04.18-19.34.39:257][779]LogModuleManager: Shutting down and abandoning module LocalizationService (423)
[2018.04.18-19.34.39:258][779]LogModuleManager: Shutting down and abandoning module HardwareTargeting (420)
[2018.04.18-19.34.39:258][779]LogModuleManager: Shutting down and abandoning module DeviceProfileEditor (418)
[2018.04.18-19.34.39:258][779]LogModuleManager: Shutting down and abandoning module UndoHistory (416)
[2018.04.18-19.34.39:258][779]LogModuleManager: Shutting down and abandoning module UserFeedback (414)
[2018.04.18-19.34.39:258][779]LogModuleManager: Shutting down and abandoning module XmlParser (412)
[2018.04.18-19.34.39:258][779]LogModuleManager: Shutting down and abandoning module Blutility (410)
[2018.04.18-19.34.39:259][779]LogModuleManager: Shutting down and abandoning module ProjectSettingsViewer (408)
[2018.04.18-19.34.39:259][779]LogModuleManager: Shutting down and abandoning module ProjectTargetPlatformEditor (407)
[2018.04.18-19.34.39:259][779]LogModuleManager: Shutting down and abandoning module EditorSettingsViewer (404)
[2018.04.18-19.34.39:259][779]LogModuleManager: Shutting down and abandoning module SettingsEditor (402)
[2018.04.18-19.34.39:260][779]LogModuleManager: Shutting down and abandoning module ProjectLauncher (400)
[2018.04.18-19.34.39:260][779]LogModuleManager: Shutting down and abandoning module SessionFrontend (398)
[2018.04.18-19.34.39:261][779]LogModuleManager: Shutting down and abandoning module ProfilerClient (396)
[2018.04.18-19.34.39:261][779]LogModuleManager: Shutting down and abandoning module DeviceManager (394)
[2018.04.18-19.34.39:262][779]LogModuleManager: Shutting down and abandoning module TargetDeviceServices (393)
[2018.04.18-19.34.39:316][779]LogModuleManager: Shutting down and abandoning module AutomationController (390)
[2018.04.18-19.34.39:316][779]LogModuleManager: Shutting down and abandoning module AutomationWindow (388)
[2018.04.18-19.34.39:317][779]LogModuleManager: Shutting down and abandoning module Layers (386)
[2018.04.18-19.34.39:319][779]LogModuleManager: Shutting down and abandoning module ComponentVisualizers (384)
[2018.04.18-19.34.39:319][779]LogModuleManager: Shutting down and abandoning module DetailCustomizations (382)
[2018.04.18-19.34.39:319][779]LogModuleManager: Shutting down and abandoning module PackagesDialog (380)
[2018.04.18-19.34.39:319][779]LogModuleManager: Shutting down and abandoning module Persona (378)
[2018.04.18-19.34.39:320][779]LogModuleManager: Shutting down and abandoning module AdvancedPreviewScene (377)
[2018.04.18-19.34.39:320][779]LogModuleManager: Shutting down and abandoning module AnimGraph (375)
[2018.04.18-19.34.39:320][779]LogModuleManager: Shutting down and abandoning module Kismet (372)
[2018.04.18-19.34.39:329][779]LogModuleManager: Shutting down and abandoning module ClassViewer (370)
[2018.04.18-19.34.39:329][779]LogModuleManager: Shutting down and abandoning module Toolbox (368)
[2018.04.18-19.34.39:329][779]LogModuleManager: Shutting down and abandoning module ModuleUI (366)
[2018.04.18-19.34.39:330][779]LogModuleManager: Shutting down and abandoning module MovieSceneTools (364)
[2018.04.18-19.34.39:331][779]LogModuleManager: Shutting down and abandoning module OutputLog (362)
[2018.04.18-19.34.39:331][779]LogModuleManager: Shutting down and abandoning module GammaUI (360)
[2018.04.18-19.34.39:332][779]LogModuleManager: Shutting down and abandoning module Documentation (358)
[2018.04.18-19.34.39:332][779]LogModuleManager: Shutting down and abandoning module MovieSceneTracks (356)
[2018.04.18-19.34.39:332][779]LogModuleManager: Shutting down and abandoning module MovieScene (354)
[2018.04.18-19.34.39:332][779]LogModuleManager: Shutting down and abandoning module Niagara (352)
[2018.04.18-19.34.39:332][779]LogModuleManager: Shutting down and abandoning module NiagaraEditor (351)
[2018.04.18-19.34.39:335][779]LogModuleManager: Shutting down and abandoning module StreamingPauseRendering (348)
[2018.04.18-19.34.39:335][779]LogModuleManager: Shutting down and abandoning module AnalyticsET (346)
[2018.04.18-19.34.39:335][779]LogModuleManager: Shutting down and abandoning module PortalServices (344)
[2018.04.18-19.34.39:335][779]LogModuleManager: Shutting down and abandoning module PortalRpc (342)
[2018.04.18-19.34.39:335][779]LogModuleManager: Shutting down and abandoning module MessagingRpc (340)
[2018.04.18-19.34.39:335][779]LogModuleManager: Shutting down and abandoning module AIModule (338)
[2018.04.18-19.34.39:335][779]LogModuleManager: Shutting down and abandoning module GameplayDebugger (337)
[2018.04.18-19.34.39:335][779]LogModuleManager: Shutting down and abandoning module AITestSuite (335)
[2018.04.18-19.34.39:336][779]LogModuleManager: Shutting down and abandoning module ProfilerService (332)
[2018.04.18-19.34.39:483][779]LogModuleManager: Shutting down and abandoning module TaskGraph (330)
[2018.04.18-19.34.39:489][779]LogModuleManager: Shutting down and abandoning module SubstanceEditor (328)
[2018.04.18-19.34.39:490][779]LogModuleManager: Shutting down and abandoning module SteamVRController (326)
[2018.04.18-19.34.39:490][779]LogModuleManager: Shutting down and abandoning module SteamVR (324)
[2018.04.18-19.34.39:490][779]LogModuleManager: Shutting down and abandoning module ProceduralMeshComponentEditor (322)
[2018.04.18-19.34.39:490][779]LogModuleManager: Shutting down and abandoning module ProceduralMeshComponent (320)
[2018.04.18-19.34.39:490][779]LogModuleManager: Shutting down and abandoning module OculusLibrary (318)
[2018.04.18-19.34.39:490][779]LogModuleManager: Shutting down and abandoning module OculusInput (316)
[2018.04.18-19.34.39:490][779]LogModuleManager: Shutting down and abandoning module MobilePatchingUtils (314)
[2018.04.18-19.34.39:490][779]LogModuleManager: Shutting down and abandoning module CustomMeshComponent (312)
[2018.04.18-19.34.39:490][779]LogModuleManager: Shutting down and abandoning module CableComponent (310)
[2018.04.18-19.34.39:490][779]LogModuleManager: Shutting down and abandoning module ArchVisCharacter (308)
[2018.04.18-19.34.39:490][779]LogModuleManager: Shutting down and abandoning module AndroidPermission (306)
[2018.04.18-19.34.39:490][779]LogModuleManager: Shutting down and abandoning module MediaPlayerEditor (302)
[2018.04.18-19.34.39:492][779]LogModuleManager: Shutting down and abandoning module HTML5Networking (300)
[2018.04.18-19.34.39:492][779]LogModuleManager: Shutting down and abandoning module AlembicImporter (298)
[2018.04.18-19.34.39:492][779]LogModuleManager: Shutting down and abandoning module AlembicLibrary (297)
[2018.04.18-19.34.39:492][779]LogModuleManager: Shutting down and abandoning module GeometryCache (296)
[2018.04.18-19.34.39:492][779]LogModuleManager: Shutting down and abandoning module GeometryCacheEd (295)
[2018.04.18-19.34.39:492][779]LogModuleManager: Shutting down and abandoning module SuperSearchEditor (290)
[2018.04.18-19.34.39:492][779]LogModuleManager: Shutting down and abandoning module SuperSearch (289)
[2018.04.18-19.34.39:492][779]LogModuleManager: Shutting down and abandoning module SpeedTreeImporter (286)
[2018.04.18-19.34.39:492][779]LogModuleManager: Shutting down and abandoning module PluginBrowser (284)
[2018.04.18-19.34.39:493][779]LogModuleManager: Shutting down and abandoning module MobileLauncherProfileWizard (282)
[2018.04.18-19.34.39:494][779]LogModuleManager: Shutting down and abandoning module VisualStudioSourceCodeAccess (280)
[2018.04.18-19.34.39:494][779]LogModuleManager: Shutting down and abandoning module DesktopPlatform (279)
[2018.04.18-19.34.39:494][779]LogModuleManager: Shutting down and abandoning module UObjectPlugin (276)
[2018.04.18-19.34.39:494][779]LogModuleManager: Shutting down and abandoning module SubversionSourceControl (274)
[2018.04.18-19.34.39:495][779]LogModuleManager: Shutting down and abandoning module PerforceSourceControl (272)
[2018.04.18-19.34.39:496][779]LogModuleManager: Shutting down and abandoning module GitSourceControl (270)
[2018.04.18-19.34.39:496][779]LogModuleManager: Shutting down and abandoning module SourceControl (269)
[2018.04.18-19.34.39:496][779]LogModuleManager: Shutting down and abandoning module LightPropagationVolumeEditor (266)
[2018.04.18-19.34.39:496][779]LogModuleManager: Shutting down and abandoning module PaperTiledImporter (264)
[2018.04.18-19.34.39:496][779]LogModuleManager: Shutting down and abandoning module PaperSpriteSheetImporter (262)
[2018.04.18-19.34.39:496][779]LogModuleManager: Shutting down and abandoning module Paper2DEditor (260)
[2018.04.18-19.34.39:497][779]LogModuleManager: Shutting down and abandoning module MeshPaint (259)
[2018.04.18-19.34.39:497][779]LogModuleManager: Shutting down and abandoning module LevelEditor (257)
[2018.04.18-19.34.39:498][779]LogModuleManager: Shutting down and abandoning module PixelInspectorModule (256)
[2018.04.18-19.34.39:499][779]LogModuleManager: Shutting down and abandoning module MainFrame (254)
[2018.04.18-19.34.39:499][779]LogModuleManager: Shutting down and abandoning module HotReload (253)
[2018.04.18-19.34.39:499][779]LogModuleManager: Shutting down and abandoning module PhysXVehiclesEditor (248)
[2018.04.18-19.34.39:500][779]LogModuleManager: Shutting down and abandoning module PhysXVehicles (246)
[2018.04.18-19.34.39:500][779]LogModuleManager: Shutting down and abandoning module LocationServicesBPLibrary (244)
[2018.04.18-19.34.39:500][779]LogModuleManager: Shutting down and abandoning module ImmediatePhysicsEditor (242)
[2018.04.18-19.34.39:500][779]LogModuleManager: Shutting down and abandoning module ImmediatePhysics (240)
[2018.04.18-19.34.39:500][779]LogModuleManager: Shutting down and abandoning module UdpMessaging (238)
[2018.04.18-19.34.39:600][779]LogModuleManager: Shutting down and abandoning module TcpMessaging (236)
[2018.04.18-19.34.39:701][779]LogModuleManager: Shutting down and abandoning module SubstanceCore (234)
[2018.04.18-19.34.39:702][779]LogModuleManager: Shutting down and abandoning module GameplayTagsEditor (232)
[2018.04.18-19.34.39:703][779]LogModuleManager: Shutting down and abandoning module FacialAnimationEditor (230)
[2018.04.18-19.34.39:703][779]LogModuleManager: Shutting down and abandoning module FacialAnimation (228)
[2018.04.18-19.34.39:703][779]LogModuleManager: Shutting down and abandoning module AssetManagerEditor (226)
[2018.04.18-19.34.39:705][779]LogModuleManager: Shutting down and abandoning module GraphEditor (225)
[2018.04.18-19.34.39:706][779]LogModuleManager: Shutting down and abandoning module ContentBrowser (223)
[2018.04.18-19.34.39:707][779]LogModuleManager: Shutting down and abandoning module LightPropagationVolumeRuntime (220)
[2018.04.18-19.34.39:707][779]LogModuleManager: Shutting down and abandoning module Paper2D (218)
[2018.04.18-19.34.39:707][779]LogModuleManager: Shutting down and abandoning module WindowsMoviePlayer (216)
[2018.04.18-19.34.39:707][779]LogModuleManager: Shutting down and abandoning module WmfMedia (214)
[2018.04.18-19.34.39:713][779]LogModuleManager: Shutting down and abandoning module ClothingSystemEditor (212)
[2018.04.18-19.34.39:713][779]LogModuleManager: Shutting down and abandoning module ClothingSystemRuntime (210)
[2018.04.18-19.34.39:714][779]LogModuleManager: Shutting down and abandoning module MediaAssets (208)
[2018.04.18-19.34.39:714][779]LogModuleManager: Shutting down and abandoning module GameLiveStreaming (206)
[2018.04.18-19.34.39:714][779]LogModuleManager: Shutting down and abandoning module VREditor (204)
[2018.04.18-19.34.39:714][779]LogModuleManager: Shutting down and abandoning module StringTableEditor (202)
[2018.04.18-19.34.39:715][779]LogModuleManager: Shutting down and abandoning module GameplayTasksEditor (200)
[2018.04.18-19.34.39:715][779]LogModuleManager: Shutting down and abandoning module BehaviorTreeEditor (198)
[2018.04.18-19.34.39:717][779]LogModuleManager: Shutting down and abandoning module FunctionalTesting (196)
[2018.04.18-19.34.39:717][779]LogModuleManager: Shutting down and abandoning module CollisionAnalyzer (194)
[2018.04.18-19.34.39:718][779]LogModuleManager: Shutting down and abandoning module UMG (192)
[2018.04.18-19.34.39:718][779]LogModuleManager: Shutting down and abandoning module UMGEditor (191)
[2018.04.18-19.34.39:720][779]LogModuleManager: Shutting down and abandoning module Sequencer (190)
[2018.04.18-19.34.39:724][779]LogModuleManager: Shutting down and abandoning module AssetTools (188)
[2018.04.18-19.34.39:725][779]LogModuleManager: Shutting down and abandoning module MessageLog (187)
[2018.04.18-19.34.39:725][779]LogModuleManager: Shutting down and abandoning module WorkspaceMenuStructure (186)
[2018.04.18-19.34.39:725][779]LogModuleManager: Shutting down and abandoning module SlateReflector (180)
[2018.04.18-19.34.39:727][779]LogModuleManager: Shutting down and abandoning module Slate (178)
[2018.04.18-19.34.39:727][779]LogModuleManager: Shutting down and abandoning module EditorStyle (176)
[2018.04.18-19.34.39:729][779]LogModuleManager: Shutting down and abandoning module SourceCodeAccess (174)
[2018.04.18-19.34.39:729][779]LogModuleManager: Shutting down and abandoning module HeadMountedDisplay (172)
[2018.04.18-19.34.39:729][779]LogModuleManager: Shutting down and abandoning module XAudio2 (170)
[2018.04.18-19.34.39:729][779]LogModuleManager: Shutting down and abandoning module Networking (168)
[2018.04.18-19.34.39:729][779]LogModuleManager: Shutting down and abandoning module Core (164)
[2018.04.18-19.34.39:729][779]LogModuleManager: Shutting down and abandoning module AssetRegistry (162)
[2018.04.18-19.34.39:895][779]LogDirectoryWatcher: A directory notification for '../../../Engine/Content/' was aborted.
[2018.04.18-19.34.39:895][779]LogDirectoryWatcher: A directory notification for '../../../../../GitDownloaded/Fuse/Fuse/Content/' was aborted.
[2018.04.18-19.34.39:895][779]LogDirectoryWatcher: A directory notification for '../../../Engine/Plugins/2D/Paper2D/Content/' was aborted.
[2018.04.18-19.34.39:895][779]LogDirectoryWatcher: A directory notification for '../../../Engine/Plugins/Runtime/GearVR/Content/' was aborted.
[2018.04.18-19.34.39:899][779]LogModuleManager: Shutting down and abandoning module DirectoryWatcher (161)
[2018.04.18-19.34.39:899][779]LogModuleManager: Shutting down and abandoning module KismetCompiler (158)
[2018.04.18-19.34.39:899][779]LogModuleManager: Shutting down and abandoning module LevelSequence (156)
[2018.04.18-19.34.39:899][779]LogModuleManager: Shutting down and abandoning module PhysXFormats (154)
[2018.04.18-19.34.39:899][779]LogModuleManager: Shutting down and abandoning module MeshUtilities (152)
[2018.04.18-19.34.39:900][779]LogModuleManager: Shutting down and abandoning module SimplygonSwarm (151)
[2018.04.18-19.34.39:900][779]LogModuleManager: Shutting down and abandoning module SimplygonMeshReduction (149)
[2018.04.18-19.34.39:900][779]LogModuleManager: Shutting down and abandoning module QuadricMeshReduction (147)
[2018.04.18-19.34.39:900][779]LogModuleManager: Shutting down and abandoning module DerivedDataCache (144)
[2018.04.18-19.34.39:907][779]LogDerivedDataCache: Shutdown
[2018.04.18-19.34.39:907][779]LogModuleManager: Shutting down and abandoning module TargetPlatform (142)
[2018.04.18-19.34.39:907][779]LogModuleManager: Shutting down and abandoning module VulkanShaderFormat (141)
[2018.04.18-19.34.39:908][779]LogModuleManager: Shutting down and abandoning module ShaderFormatVectorVM (139)
[2018.04.18-19.34.39:908][779]LogModuleManager: Shutting down and abandoning module ShaderFormatOpenGL (137)
[2018.04.18-19.34.39:909][779]LogModuleManager: Shutting down and abandoning module ShaderFormatD3D (135)
[2018.04.18-19.34.39:909][779]LogModuleManager: Shutting down and abandoning module MetalShaderFormat (133)
[2018.04.18-19.34.39:909][779]LogModuleManager: Shutting down and abandoning module TextureFormatUncompressed (131)
[2018.04.18-19.34.39:909][779]LogModuleManager: Shutting down and abandoning module TextureFormatPVR (129)
[2018.04.18-19.34.39:909][779]LogModuleManager: Shutting down and abandoning module TextureFormatDXT (127)
[2018.04.18-19.34.39:909][779]LogModuleManager: Shutting down and abandoning module TextureFormatIntelISPCTexComp (125)
[2018.04.18-19.34.39:910][779]LogModuleManager: Shutting down and abandoning module TextureFormatASTC (123)
[2018.04.18-19.34.39:910][779]LogModuleManager: Shutting down and abandoning module ImageWrapper (122)
[2018.04.18-19.34.39:910][779]LogModuleManager: Shutting down and abandoning module TextureFormatAndroid (119)
[2018.04.18-19.34.39:910][779]LogModuleManager: Shutting down and abandoning module AudioFormatOpus (117)
[2018.04.18-19.34.39:910][779]LogModuleManager: Shutting down and abandoning module AudioFormatOgg (115)
[2018.04.18-19.34.39:910][779]LogModuleManager: Shutting down and abandoning module AudioFormatADPCM (113)
[2018.04.18-19.34.39:910][779]LogModuleManager: Shutting down and abandoning module LinuxTargetPlatform (111)
[2018.04.18-19.34.39:910][779]LogModuleManager: Shutting down and abandoning module LinuxServerTargetPlatform (109)
[2018.04.18-19.34.39:910][779]LogModuleManager: Shutting down and abandoning module LinuxNoEditorTargetPlatform (107)
[2018.04.18-19.34.39:910][779]LogModuleManager: Shutting down and abandoning module LinuxClientTargetPlatform (105)
[2018.04.18-19.34.39:910][779]LogModuleManager: Shutting down and abandoning module TVOSTargetPlatform (103)
[2018.04.18-19.34.39:910][779]LogModuleManager: Shutting down and abandoning module Messaging (101)
[2018.04.18-19.34.39:910][779]LogModuleManager: Shutting down and abandoning module IOSTargetPlatform (99)
[2018.04.18-19.34.39:910][779]LogModuleManager: Shutting down and abandoning module HTML5TargetPlatform (97)
[2018.04.18-19.34.39:910][779]LogModuleManager: Shutting down and abandoning module Android_PVRTCTargetPlatform (95)
[2018.04.18-19.34.39:910][779]LogModuleManager: Shutting down and abandoning module Android_MultiTargetPlatform (93)
[2018.04.18-19.34.39:910][779]LogModuleManager: Shutting down and abandoning module Android_ETC2TargetPlatform (91)
[2018.04.18-19.34.39:910][779]LogModuleManager: Shutting down and abandoning module Android_ETC1TargetPlatform (89)
[2018.04.18-19.34.39:910][779]LogModuleManager: Shutting down and abandoning module Android_DXTTargetPlatform (87)
[2018.04.18-19.34.39:910][779]LogModuleManager: Shutting down and abandoning module Android_ATCTargetPlatform (85)
[2018.04.18-19.34.39:910][779]LogModuleManager: Shutting down and abandoning module Android_ASTCTargetPlatform (83)
[2018.04.18-19.34.39:910][779]LogModuleManager: Shutting down and abandoning module AndroidTargetPlatform (81)
[2018.04.18-19.34.39:910][779]LogModuleManager: Shutting down and abandoning module WindowsTargetPlatform (79)
[2018.04.18-19.34.39:910][779]LogModuleManager: Shutting down and abandoning module WindowsServerTargetPlatform (77)
[2018.04.18-19.34.39:910][779]LogModuleManager: Shutting down and abandoning module WindowsNoEditorTargetPlatform (75)
[2018.04.18-19.34.39:910][779]LogModuleManager: Shutting down and abandoning module WindowsClientTargetPlatform (73)
[2018.04.18-19.34.39:910][779]LogModuleManager: Shutting down and abandoning module MacTargetPlatform (71)
[2018.04.18-19.34.39:910][779]LogModuleManager: Shutting down and abandoning module MacServerTargetPlatform (69)
[2018.04.18-19.34.39:910][779]LogModuleManager: Shutting down and abandoning module MacNoEditorTargetPlatform (67)
[2018.04.18-19.34.39:910][779]LogModuleManager: Shutting down and abandoning module MacClientTargetPlatform (65)
[2018.04.18-19.34.39:910][779]LogModuleManager: Shutting down and abandoning module AllDesktopTargetPlatform (63)
[2018.04.18-19.34.39:910][779]LogModuleManager: Shutting down and abandoning module InputCore (60)
[2018.04.18-19.34.39:910][779]LogModuleManager: Shutting down and abandoning module Settings (58)
[2018.04.18-19.34.39:910][779]LogModuleManager: Shutting down and abandoning module OculusRift (56)
[2018.04.18-19.34.39:911][779]LogModuleManager: Shutting down and abandoning module GearVRController (54)
[2018.04.18-19.34.39:911][779]LogModuleManager: Shutting down and abandoning module GearVR (52)
[2018.04.18-19.34.39:911][779]LogModuleManager: Shutting down and abandoning module ExampleDeviceProfileSelector (50)
[2018.04.18-19.34.39:911][779]LogModuleManager: Shutting down and abandoning module OnlineBlueprintSupport (48)
[2018.04.18-19.34.39:911][779]LogModuleManager: Shutting down and abandoning module OnlineSubsystem (44)
[2018.04.18-19.34.39:911][779]LogOnline:Display: Unloading online subsystem: NULL
[2018.04.18-19.34.39:912][779]LogModuleManager: Shutting down and abandoning module XMPP (43)
[2018.04.18-19.34.39:914][779]LogModuleManager: Shutting down and abandoning module HTTP (41)
[2018.04.18-19.34.39:914][779]LogHttp:Display: Http module shutting down, but needs to wait on 1 outstanding Http requests:
[2018.04.18-19.34.39:914][779]LogHttp:Display: 	verb=[POST] url=[https://datarouter.ol.epicgames.com/datarouter/api/v1/public/data?SessionID=%7B8392A309-4FFC-F2EA-C2BB-1FAB12ABFAA8%7D&AppID=UEEditor.Rocket.Release&AppVersion=4.16.3-3561208%2B%2B%2BUE4%2BRelease-4.16&UserID=80685d1f44f32b1fbce3579e86be7684%7C1cd4d5901e88499eb9139176ba5a7f4f%7Cd4885e74-c0c5-4abc-a5e8-67608077d65b&AppEnvironment=datacollector-binary&UploadType=eteventstream] status=Processing
[2018.04.18-19.34.39:919][779]LogModuleManager: Shutting down and abandoning module SSL (40)
[2018.04.18-19.34.39:923][779]LogModuleManager: Shutting down and abandoning module HTTPChunkInstaller (36)
[2018.04.18-19.34.39:925][779]LogModuleManager: Shutting down and abandoning module AnimationModifiers (34)
[2018.04.18-19.34.39:926][779]LogModuleManager: Shutting down and abandoning module PropertyEditor (33)
[2018.04.18-19.34.39:926][779]LogModuleManager: Shutting down and abandoning module AudioEditor (30)
[2018.04.18-19.34.39:926][779]LogModuleManager: Shutting down and abandoning module TextureCompressor (28)
[2018.04.18-19.34.39:926][779]LogModuleManager: Shutting down and abandoning module ShaderCore (26)
[2018.04.18-19.34.39:926][779]LogModuleManager: Shutting down and abandoning module Landscape (24)
[2018.04.18-19.34.39:926][779]LogModuleManager: Shutting down and abandoning module SlateRHIRenderer (22)
[2018.04.18-19.34.39:927][779]LogModuleManager: Shutting down and abandoning module OpenGLDrv (20)
[2018.04.18-19.34.39:929][779]LogModuleManager: Shutting down and abandoning module D3D11RHI (18)
[2018.04.18-19.34.39:929][779]LogModuleManager: Shutting down and abandoning module AnimGraphRuntime (16)
[2018.04.18-19.34.39:929][779]LogModuleManager: Shutting down and abandoning module Renderer (14)
[2018.04.18-19.34.39:929][779]LogModuleManager: Shutting down and abandoning module Engine (12)
[2018.04.18-19.34.39:929][779]LogModuleManager: Shutting down and abandoning module CoreUObject (10)
[2018.04.18-19.34.39:929][779]LogModuleManager: Shutting down and abandoning module NetworkFile (8)
[2018.04.18-19.34.39:929][779]LogModuleManager: Shutting down and abandoning module StreamingFile (6)
[2018.04.18-19.34.39:929][779]LogModuleManager: Shutting down and abandoning module SandboxFile (4)
[2018.04.18-19.34.39:929][779]LogModuleManager: Shutting down and abandoning module PakFile (2)
[2018.04.18-19.34.39:933][779]LogExit: Exiting.
[2018.04.18-19.34.39:965][779]Log file closed, 04/18/18 20:34:39
