Log file open, 04/25/18 21:44:32
LogInit:Display: Running engine for game: RPG_Game
LogPlatformFile: Not using cached read wrapper
LogInit:Display: RandInit(278057161) SRandInit(278057161).
LogTaskGraph: Started task graph with 5 named threads and 8 total threads with 1 sets of task threads.
LogStats: Stats thread started at 0.082852
LogInit: Using libcurl 7.47.1
LogInit:  - built for x86_64-pc-win32
LogInit:  - supports SSL with OpenSSL/1.0.2g
LogInit:  - supports HTTP deflate (compression) using libz 1.2.8
LogInit:  - other features:
LogInit:      CURL_VERSION_SSL
LogInit:      CURL_VERSION_LIBZ
LogInit:      CURL_VERSION_IPV6
LogInit:      CURL_VERSION_ASYNCHDNS
LogInit:      CURL_VERSION_LARGEFILE
LogInit:      CURL_VERSION_IDN
LogInit:  CurlRequestOptions (configurable via config and command line):
LogInit:  - bVerifyPeer = false  - Libcurl will NOT verify peer certificate
LogInit:  - bUseHttpProxy = false  - Libcurl will NOT use HTTP proxy
LogInit:  - bDontReuseConnections = false  - Libcurl will reuse connections
LogInit:  - CertBundlePath = nullptr  - Libcurl will use whatever was configured at build time.
LogInit: Build: ++UE4+Release-4.16-CL-3561208
LogInit: Engine Version: 4.16.3-3561208+++UE4+Release-4.16
LogInit: Compatible Engine Version: 4.16.0-3452394+++UE4+Release-4.16
LogInit: Net CL: 3452394
LogDevObjectVersion: Number of dev versions registered: 16
LogDevObjectVersion:   Dev-Blueprints (B0D832E4-1F89-4F0D-ACCF-7EB736FD4AA2): 9
LogDevObjectVersion:   Dev-Build (E1C64328-A22C-4D53-A36C-8E866417BD8C): 0
LogDevObjectVersion:   Dev-Core (375EC13C-06E4-48FB-B500-84F0262A717E): 2
LogDevObjectVersion:   Dev-Editor (E4B068ED-F494-42E9-A231-DA0B2E46BB41): 17
LogDevObjectVersion:   Dev-Framework (CFFC743F-43B0-4480-9391-14DF171D2073): 23
LogDevObjectVersion:   Dev-Mobile (B02B49B5-BB20-44E9-A304-32B752E40360): 0
LogDevObjectVersion:   Dev-Networking (A4E4105C-59A1-49B5-A7C5-40C4547EDFEE): 0
LogDevObjectVersion:   Dev-Online (39C831C9-5AE6-47DC-9A44-9C173E1C8E7C): 0
LogDevObjectVersion:   Dev-Physics (78F01B33-EBEA-4F98-B9B4-84EACCB95AA2): 0
LogDevObjectVersion:   Dev-Platform (6631380F-2D4D-43E0-8009-CF276956A95A): 0
LogDevObjectVersion:   Dev-Rendering (12F88B9F-8875-4AFC-A67C-D90C383ABD29): 15
LogDevObjectVersion:   Dev-Sequencer (7B5AE74C-D270-4C10-A958-57980B212A5A): 4
LogDevObjectVersion:   Dev-VR (D7296918-1DD6-4BDD-9DE2-64A83CC13884): 0
LogDevObjectVersion:   Dev-LoadTimes (C2A15278-BFE7-4AFE-6C17-90FF531DF755): 1
LogDevObjectVersion:   Private-Geometry (6EACA3D4-40EC-4CC1-B786-8BED09428FC5): 1
LogDevObjectVersion:   Dev-AnimPhys (29E575DD-E0A3-4627-9D10-D276232CDCEA): 3
LogInit: Compiled (64-bit): Jul 28 2017 11:49:47
LogInit: Compiled with Visual C++: 19.00.24215.01
LogInit: Build Configuration: Development
LogInit: Branch Name: ++UE4+Release-4.16
LogInit: Command line:  
LogInit: Base directory: D:/Program Files/UE_4.16/Engine/Binaries/Win64/
LogInit: Installed Engine Build: 1
LogInit: Presizing for max 8388607 objects, including 0 objects not considered by GC, pre-allocating 0 bytes for permanent pool.
LogInit: Object subsystem initialized
[2018.04.25-20.44.32:725][  0]LogInit: Selected Device Profile: [Windows]
[2018.04.25-20.44.32:725][  0]LogInit: Applying CVar settings loaded from the selected device profile: [Windows]
[2018.04.25-20.44.32:731][  0]LogInit: Computer: DESKTOP-46CB9MQ
[2018.04.25-20.44.32:731][  0]LogInit: User: JoshR
[2018.04.25-20.44.32:731][  0]LogInit: CPU Page size=4096, Cores=4
[2018.04.25-20.44.32:731][  0]LogInit: High frequency timer resolution =3.421876 MHz
[2018.04.25-20.44.32:732][  0]LogMemory: Memory total: Physical=16.0GB (16GB approx)
[2018.04.25-20.44.32:732][  0]LogMemory: Platform Memory Stats for Windows
[2018.04.25-20.44.32:732][  0]LogMemory: Process Physical Memory: 273.27 MB used, 273.27 MB peak
[2018.04.25-20.44.32:732][  0]LogMemory: Process Virtual Memory: 270.70 MB used, 270.70 MB peak
[2018.04.25-20.44.32:732][  0]LogMemory: Physical Memory: 5670.89 MB used,  10673.11 MB free, 16344.00 MB total
[2018.04.25-20.44.32:732][  0]LogMemory: Virtual Memory: 666.43 MB used,  10673.11 MB free, 134217728.00 MB total
[2018.04.25-20.44.32:777][  0]LogInit: Using OS detected language (en-GB).
[2018.04.25-20.44.32:777][  0]LogInit: Using OS detected locale (en-GB).
[2018.04.25-20.44.32:781][  0]LogTextLocalizationManager: No specific localization for 'en-GB' exists, so the 'en' localization will be used.
[2018.04.25-20.44.33:593][  0]LogD3D11RHI: D3D11 adapters:
[2018.04.25-20.44.33:631][  0]LogD3D11RHI:    0. 'NVIDIA GeForce GTX 970' (Feature Level 11_0)
[2018.04.25-20.44.33:631][  0]LogD3D11RHI:       4043/0/8172 MB DedicatedVideo/DedicatedSystem/SharedSystem, Outputs:1, VendorId:0x10de
[2018.04.25-20.44.33:633][  0]LogD3D11RHI:    1. 'Microsoft Basic Render Driver' (Feature Level 11_0)
[2018.04.25-20.44.33:633][  0]LogD3D11RHI:       0/0/8172 MB DedicatedVideo/DedicatedSystem/SharedSystem, Outputs:0, VendorId:0x1414
[2018.04.25-20.44.33:633][  0]LogD3D11RHI: Chosen D3D11 Adapter: 0
[2018.04.25-20.44.33:638][  0]LogD3D11RHI: Creating new Direct3DDevice
[2018.04.25-20.44.33:638][  0]LogD3D11RHI:     GPU DeviceId: 0x13c2 (for the marketing name, search the web for "GPU Device Id")
[2018.04.25-20.44.33:638][  0]LogWindows: EnumDisplayDevices:
[2018.04.25-20.44.33:639][  0]LogWindows:    0. 'NVIDIA GeForce GTX 970' (P:1 D:1)
[2018.04.25-20.44.33:639][  0]LogWindows:    1. 'NVIDIA GeForce GTX 970' (P:0 D:0)
[2018.04.25-20.44.33:639][  0]LogWindows:    2. 'NVIDIA GeForce GTX 970' (P:0 D:0)
[2018.04.25-20.44.33:639][  0]LogWindows:    3. 'NVIDIA GeForce GTX 970' (P:0 D:0)
[2018.04.25-20.44.33:639][  0]LogWindows: DebugString: GetVideoDriverDetailsInvalid PrimaryIsNotTheChoosenAdapter GetVideoDriverDetailsInvalid PrimaryIsNotTheChoosenAdapter GetVideoDriverDetailsInvalid PrimaryIsNotTheChoosenAdapter GetVideoDriverDetailsInvalid PrimaryIsNotTheChoosenAdapter FoundDriverCount:0 
[2018.04.25-20.44.33:639][  0]LogD3D11RHI:     Adapter Name: NVIDIA GeForce GTX 970
[2018.04.25-20.44.33:639][  0]LogD3D11RHI:   Driver Version: Unknown (internal:Unknown, unified:Unknown)
[2018.04.25-20.44.33:639][  0]LogD3D11RHI:      Driver Date: Unknown
[2018.04.25-20.44.33:639][  0]LogRHI: Texture pool is 1361 MB (70% of 1945 MB)
[2018.04.25-20.44.33:663][  0]LogD3D11RHI: Async texture creation enabled
[2018.04.25-20.44.33:683][  0]LogD3D11RHI: GPU Timing Frequency: 1000.000000 (Debug: 2 2)
[2018.04.25-20.44.33:730][  0]LogShaderCompilers: Guid format shader working directory is -1 characters bigger than the processId version (../../../../../Users/JoshR/Documents/GitHub/Fuse/Intermediate/Shaders/WorkingDirectory/524/).
[2018.04.25-20.44.33:730][  0]LogShaderCompilers: Cleaned the shader compiler working directory 'C:/Users/JoshR/AppData/Local/Temp/UnrealShaderWorkingDir/250FE9BB4C15E6ED36F5B3B51F81BC9A/'.
[2018.04.25-20.44.33:730][  0]LogShaderCompilers:Display: Using Local Shader Compiler.
[2018.04.25-20.44.34:511][  0]LogTemp:Display: Loaded TP AllDesktopTargetPlatform
[2018.04.25-20.44.34:549][  0]LogTemp:Display: Loaded TP MacClientTargetPlatform
[2018.04.25-20.44.34:588][  0]LogTemp:Display: Loaded TP MacNoEditorTargetPlatform
[2018.04.25-20.44.34:626][  0]LogTemp:Display: Loaded TP MacServerTargetPlatform
[2018.04.25-20.44.34:665][  0]LogTemp:Display: Loaded TP MacTargetPlatform
[2018.04.25-20.44.34:703][  0]LogTemp:Display: Loaded TP WindowsClientTargetPlatform
[2018.04.25-20.44.34:741][  0]LogTemp:Display: Loaded TP WindowsNoEditorTargetPlatform
[2018.04.25-20.44.34:779][  0]LogTemp:Display: Loaded TP WindowsServerTargetPlatform
[2018.04.25-20.44.34:813][  0]LogTemp:Display: Loaded TP WindowsTargetPlatform
[2018.04.25-20.44.34:851][  0]LogTemp:Display: Loaded TP AndroidTargetPlatform
[2018.04.25-20.44.34:888][  0]LogTemp:Display: Loaded TP Android_ASTCTargetPlatform
[2018.04.25-20.44.34:927][  0]LogTemp:Display: Loaded TP Android_ATCTargetPlatform
[2018.04.25-20.44.34:969][  0]LogTemp:Display: Loaded TP Android_DXTTargetPlatform
[2018.04.25-20.44.35:008][  0]LogTemp:Display: Loaded TP Android_ETC1TargetPlatform
[2018.04.25-20.44.35:047][  0]LogTemp:Display: Loaded TP Android_ETC2TargetPlatform
[2018.04.25-20.44.35:125][  0]LogTemp:Display: Loaded TP Android_MultiTargetPlatform
[2018.04.25-20.44.35:125][  0]LogTemp:Display: Loaded TP Android_PVRTCTargetPlatform
[2018.04.25-20.44.35:156][  0]LogTemp:Display: Loaded TP HTML5TargetPlatform
[2018.04.25-20.44.35:229][  0]LogTemp:Display: Loaded TP IOSTargetPlatform
[2018.04.25-20.44.35:248][  0]LogTemp:Display: Loaded TP TVOSTargetPlatform
[2018.04.25-20.44.35:286][  0]LogTemp:Display: Loaded TP LinuxClientTargetPlatform
[2018.04.25-20.44.35:324][  0]LogTemp:Display: Loaded TP LinuxNoEditorTargetPlatform
[2018.04.25-20.44.35:362][  0]LogTemp:Display: Loaded TP LinuxServerTargetPlatform
[2018.04.25-20.44.35:402][  0]LogTemp:Display: Loaded TP LinuxTargetPlatform
[2018.04.25-20.44.35:402][  0]LogTargetPlatformManager:Display: Building Assets For Windows
[2018.04.25-20.44.35:746][  0]LogDerivedDataCache:Display: Max Cache Size: 512 MB
[2018.04.25-20.44.35:812][  0]LogDerivedDataCache: Loaded boot cache 0.07s 90MB C:/Users/JoshR/AppData/Local/UnrealEngine/4.16/DerivedDataCache/Boot.ddc.
[2018.04.25-20.44.35:812][  0]LogDerivedDataCache:Display: Loaded Boot cache: C:/Users/JoshR/AppData/Local/UnrealEngine/4.16/DerivedDataCache/Boot.ddc
[2018.04.25-20.44.35:812][  0]LogDerivedDataCache: FDerivedDataBackendGraph:  Pak pak cache file ../../../../../Users/JoshR/Documents/GitHub/Fuse/DerivedDataCache/DDC.ddp not found, will not use a pak cache.
[2018.04.25-20.44.35:812][  0]LogDerivedDataCache: Unable to find inner node Pak for hierarchical cache Hierarchy.
[2018.04.25-20.44.35:812][  0]LogDerivedDataCache: FDerivedDataBackendGraph:  CompressedPak pak cache file ../../../../../Users/JoshR/Documents/GitHub/Fuse/DerivedDataCache/Compressed.ddp not found, will not use a pak cache.
[2018.04.25-20.44.35:812][  0]LogDerivedDataCache: Unable to find inner node CompressedPak for hierarchical cache Hierarchy.
[2018.04.25-20.44.35:824][  0]LogDerivedDataCache:Display: Pak cache opened for reading ../../../Engine/DerivedDataCache/Compressed.ddp.
[2018.04.25-20.44.35:836][  0]LogDerivedDataCache: Using Local data cache path C:/Users/JoshR/AppData/Local/UnrealEngine/Common/DerivedDataCache: Writable
[2018.04.25-20.44.35:843][  0]LogMaterial: Verifying Global Shaders for PCD3D_SM5
[2018.04.25-20.44.35:844][  0]LogSlate: Using Freetype 2.6.0
[2018.04.25-20.44.35:844][  0]LogSlate: SlateFontCache - WITH_FREETYPE: 1, WITH_HARFBUZZ: 1
[2018.04.25-20.44.35:844][  0]LogSlate: SlateFontCache - WITH_FREETYPE: 1, WITH_HARFBUZZ: 1
[2018.04.25-20.44.36:122][  0]LogInit: Selected Device Profile: [Windows]
[2018.04.25-20.44.36:174][  0]LogContentStreaming: Texture pool size is 0.00 MB
[2018.04.25-20.44.36:295][  0]LogMeshUtilities: Using QuadricMeshReduction for automatic static mesh reduction
[2018.04.25-20.44.36:328][  0]LogSimplygon: Simplygon DLL not present - disabling.
[2018.04.25-20.44.36:371][  0]LogMeshUtilities: Using SimplygonSwarm for distributed automatic mesh merging
[2018.04.25-20.44.36:371][  0]LogMeshUtilities: No automatic skeletal mesh reduction module available
[2018.04.25-20.44.36:371][  0]LogMeshUtilities: No automatic mesh merging module available
[2018.04.25-20.44.36:770][  0]LogNetVersion: RPG_Game , NetCL: 3452394, EngineNetVer: 2, GameNetVer: 0 (Checksum: 2586067795)
[2018.04.25-20.44.36:818][  0]LogAssetRegistry: FAssetRegistry took 0.0241 seconds to start up
[2018.04.25-20.44.36:871][  0]LogPackageLocalizationCache: Processed 4 localized package path(s) for 2 prioritized culture(s) in 0.038954 seconds
[2018.04.25-20.44.36:875][  0]LogUObjectArray: 34194 objects as part of root set at end of initial load.
[2018.04.25-20.44.36:875][  0]LogUObjectAllocator: 7260424 out of 0 bytes used by permanent object pool.
[2018.04.25-20.44.36:875][  0]LogUObjectArray: CloseDisregardForGC: 0/0 objects in disregard for GC pool
[2018.04.25-20.44.36:914][  0]LogInit: WinSock: version 1.1 (2.2), MaxSocks=32767, MaxUdp=65467
[2018.04.25-20.44.38:957][  0]LogSubstanceCoreModule: Substance [CPU] Engine Loaded, Max Texture Size = 2048
[2018.04.25-20.44.38:983][  0]LogTcpMessaging: Initializing TcpMessaging bridge
[2018.04.25-20.44.39:019][  0]LogUdpMessaging: Initializing bridge on interface 0.0.0.0:0 to multicast group 230.0.0.1:6666.
[2018.04.25-20.44.39:458][  0]LogMaterial: Uniform references updated for custom material expression Custom.
[2018.04.25-20.44.39:781][  0]SourceControl: Info Source control is disabled
[2018.04.25-20.44.40:429][  0]LogAndroidPermission: UAndroidPermissionCallbackProxy::GetInstance
[2018.04.25-20.44.40:993][  0]LogEngine: Initializing Engine...
[2018.04.25-20.44.40:994][  0]LogHMD: Failed to initialize OpenVR with code 110
[2018.04.25-20.44.41:139][  0]LogStats: UGameplayTagsManager::ConstructGameplayTagTree: Construct from data asset -  0.000 s
[2018.04.25-20.44.41:139][  0]LogStats: UGameplayTagsManager::ConstructGameplayTagTree: GameplayTagTreeChangedEvent.Broadcast -  0.000 s
[2018.04.25-20.44.41:235][  0]LogAIModule: Creating AISystem for world Untitled
[2018.04.25-20.44.41:243][  0]LogInit: XAudio2 using 'Speakers (High Definition Audio Device)' : 2 channels at 44.1 kHz using 16 bits per sample (channel mask 0x3)
[2018.04.25-20.44.41:253][  0]LogInit: FAudioDevice initialized.
[2018.04.25-20.44.41:289][  0]LogDerivedDataCache: Saved boot cache 0.04s 90MB C:/Users/JoshR/AppData/Local/UnrealEngine/4.16/DerivedDataCache/Boot.ddc.
[2018.04.25-20.44.41:296][  0]LogInit: Texture streaming: Enabled
[2018.04.25-20.44.41:353][  0]LogEngineSessionManager: EngineSessionManager initialized
[2018.04.25-20.44.41:550][  0]LogInit: Transaction tracking system initialized
[2018.04.25-20.44.41:801][  0]BlueprintLog: New page: Editor Load
[2018.04.25-20.44.42:586][  0]LocalizationService: Info Localization service is disabled
[2018.04.25-20.44.43:150][  0]LogConsoleResponse:Display: 
[2018.04.25-20.44.43:260][  0]LogCook:Display: Max memory allowance for cook 16384mb min free memory 0mb
[2018.04.25-20.44.43:260][  0]LogCook:Display: Mobile HDR setting 1
[2018.04.25-20.44.43:450][  0]LogFileCache: Scanning file cache for directory 'D:/Users/JoshR/Documents/GitHub/Fuse/Content/' took 0.02s
[2018.04.25-20.44.44:077][  0]Cmd: MAP LOAD FILE="../../../../../Users/JoshR/Documents/GitHub/Fuse/Content/Maps/HelloWorld.umap" TEMPLATE=0 SHOWPROGRESS=1 FEATURELEVEL=3
[2018.04.25-20.44.44:078][  0]LightingResults: New page: Lighting Build
[2018.04.25-20.44.44:110][  0]MapCheck: New page: Map Check
[2018.04.25-20.44.44:110][  0]LightingResults: New page: Lighting Build
[2018.04.25-20.44.44:279][  0]LogLinker:Warning: Can't find file '/Game/Materials/ButtonMaterial'
[2018.04.25-20.44.44:279][  0]LogLinker:Warning: Can't find file for asset '/Game/Materials/ButtonMaterial' while loading ../../../../../Users/JoshR/Documents/GitHub/Fuse/Content/Assets/PressurePad/Button_Base.uasset.
[2018.04.25-20.44.44:279][  0]LoadErrors:Error: Error /Game/Assets/PressurePad/Button_Base : Can't find file for asset. /Game/Materials/ButtonMaterial
[2018.04.25-20.44.44:279][  0]LogLinker:Warning: Can't find file '/Game/Materials/ButtonMaterial'
[2018.04.25-20.44.44:279][  0]LogLinker:Warning: Can't find file for asset '/Game/Materials/ButtonMaterial' while loading ../../../../../Users/JoshR/Documents/GitHub/Fuse/Content/Assets/PressurePad/Button_Base.uasset.
[2018.04.25-20.44.44:279][  0]LoadErrors:Error: Error /Game/Assets/PressurePad/Button_Base : Can't find file for asset. /Game/Materials/ButtonMaterial
[2018.04.25-20.44.44:280][  0]LogLinker:Warning: Can't find file '/Game/Materials/ButtonMaterial'
[2018.04.25-20.44.44:280][  0]LogLinker:Warning: Can't find file for asset '/Game/Materials/ButtonMaterial' while loading ../../../../../Users/JoshR/Documents/GitHub/Fuse/Content/Assets/PressurePad/Button_Push.uasset.
[2018.04.25-20.44.44:280][  0]LoadErrors:Error: Error /Game/Assets/PressurePad/Button_Push : Can't find file for asset. /Game/Materials/ButtonMaterial
[2018.04.25-20.44.44:280][  0]LogLinker:Warning: Can't find file '/Game/Materials/ButtonMaterial'
[2018.04.25-20.44.44:280][  0]LogLinker:Warning: Can't find file for asset '/Game/Materials/ButtonMaterial' while loading ../../../../../Users/JoshR/Documents/GitHub/Fuse/Content/Assets/PressurePad/Button_Push.uasset.
[2018.04.25-20.44.44:280][  0]LoadErrors:Error: Error /Game/Assets/PressurePad/Button_Push : Can't find file for asset. /Game/Materials/ButtonMaterial
[2018.04.25-20.44.44:478][  0]LogLinker:Warning: Can't find file '/Game/Materials/ButtonMaterial'
[2018.04.25-20.44.44:478][  0]LoadErrors: Info Failed to load /Game/Materials/ButtonMaterial.ButtonMaterial Referenced by Button_Push
[2018.04.25-20.44.44:478][  0]LogLinker:Warning: Can't find file for asset '/Game/Materials/ButtonMaterial' while loading NULL.
[2018.04.25-20.44.44:478][  0]LoadErrors: Info Failed to load /Game/Materials/ButtonMaterial.ButtonMaterial Referenced by Button_Push
[2018.04.25-20.44.44:478][  0]LogLinker:Warning: Can't find file '/Game/Materials/ButtonMaterial'
[2018.04.25-20.44.44:478][  0]LoadErrors: Info Failed to load /Game/Materials/ButtonMaterial.ButtonMaterial Referenced by Button_Base
[2018.04.25-20.44.44:478][  0]LogLinker:Warning: Can't find file for asset '/Game/Materials/ButtonMaterial' while loading NULL.
[2018.04.25-20.44.44:478][  0]LoadErrors: Info Failed to load /Game/Materials/ButtonMaterial.ButtonMaterial Referenced by Button_Base
[2018.04.25-20.44.44:511][  0]LogTexture:Display: Building textures: Diffuse_LaunchPad (AutoDXT, 1024X1024)
[2018.04.25-20.44.44:752][  0]LogTexture:Display: Building textures: AO_LaunchPad_01 (AutoDXT, 2048X2048)
[2018.04.25-20.44.47:078][  0]LogMaterial: Missing cached shader map for material LaunchPadMAT, compiling. 
[2018.04.25-20.44.47:106][  0]LogStaticMesh: Building static mesh LaunchPad...
[2018.04.25-20.44.47:114][  0]LogStaticMesh: Built static mesh [0.01s] /Game/Assets/LaunchPad/Model/LaunchPad.LaunchPad
[2018.04.25-20.44.47:118][  0]LogMaterial: Missing cached shader map for material M_Water, compiling. 
[2018.04.25-20.44.47:361][  0]LogMaterial: Missing cached shader map for material Grass, compiling. 
[2018.04.25-20.44.47:397][  0]LogMaterial: Missing cached shader map for material Grass, compiling. 
[2018.04.25-20.44.47:528][  0]LogAIModule: Creating AISystem for world HelloWorld
[2018.04.25-20.44.47:594][  0]LogEditorServer: Finished looking for orphan Actors (0.000 secs)
[2018.04.25-20.44.47:605][  0]Cmd: MAP CHECKDEP NOCLEARLOG
[2018.04.25-20.44.47:682][  0]MapCheck: Info Map check complete: 0 Error(s), 0 Warning(s), took 77.004ms to complete.
[2018.04.25-20.44.47:682][  0]LogFileHelpers: Loading map 'HelloWorld' took 3.605
[2018.04.25-20.44.47:795][  0]LogCollectionManager: Loaded 0 collections in 0.001291 seconds
[2018.04.25-20.44.47:866][  0]LogFileCache: Scanning file cache for directory 'D:/Users/JoshR/Documents/GitHub/Fuse/Saved/Collections/' took 0.01s
[2018.04.25-20.44.47:866][  0]LogFileCache: Scanning file cache for directory 'D:/Users/JoshR/Documents/GitHub/Fuse/Content/Developers/JoshR/Collections/' took 0.01s
[2018.04.25-20.44.47:866][  0]LogFileCache: Scanning file cache for directory 'D:/Users/JoshR/Documents/GitHub/Fuse/Content/Collections/' took 0.01s
[2018.04.25-20.44.47:866][  0]LogCollectionManager: Rebuilt the GUID cache for 0 collections in 0.000002 seconds
[2018.04.25-20.44.47:873][  0]LogContentBrowser: Native class hierarchy populated in 0.0073 seconds. Added 2343 classes and 497 folders.
[2018.04.25-20.44.47:925][  0]LogContentBrowser: Native class hierarchy updated for 'WidgetCarousel' in 0.0007 seconds. Added 0 classes and 0 folders.
[2018.04.25-20.44.47:993][  0]LogContentBrowser: Native class hierarchy updated for 'AddContentDialog' in 0.0006 seconds. Added 0 classes and 0 folders.
[2018.04.25-20.44.48:030][  0]LogContentBrowser: Native class hierarchy updated for 'SceneOutliner' in 0.0006 seconds. Added 1 classes and 2 folders.
[2018.04.25-20.44.48:120][  0]LogCrashTracker: Crashtracker disabled due to settings.
[2018.04.25-20.44.48:125][  0]LogSlate: Took 0.000254 seconds to synchronously load lazily loaded font '../../../Engine/Content/Slate/Fonts/Roboto-Regular.ttf' (155K)
[2018.04.25-20.44.48:126][  0]LogSlate: Took 0.000238 seconds to synchronously load lazily loaded font '../../../Engine/Content/Slate/Fonts/Roboto-Bold.ttf' (160K)
[2018.04.25-20.44.48:130][  0]LogSlate: Took 0.000294 seconds to synchronously load lazily loaded font '../../../Engine/Content/Editor/Slate/Fonts/FontAwesome.ttf' (139K)
[2018.04.25-20.44.48:210][  0]LogRenderer: Reallocating scene render targets to support 1772x692 NumSamples 1 (Frame:1).
[2018.04.25-20.44.48:248][  0]LogSlate: Took 0.000264 seconds to synchronously load lazily loaded font '../../../Engine/Content/Slate/Fonts/Roboto-Light.ttf' (159K)
[2018.04.25-20.44.52:688][  0]LogUObjectGlobals:Warning: Failed to find object 'Class None.'
[2018.04.25-20.44.53:800][  0]LogContentBrowser: Native class hierarchy updated for 'HierarchicalLODOutliner' in 0.0007 seconds. Added 1 classes and 2 folders.
[2018.04.25-20.44.53:800][  0]LogLoad: (Engine Initialization) Total time: 22.63 seconds
[2018.04.25-20.44.53:800][  0]LogLoad: (Engine Initialization) Total Blueprint compile time: 0.13 seconds
[2018.04.25-20.44.53:800][  0]LogExternalProfiler: No external profilers were discovered.  External profiling features will not be available.
[2018.04.25-20.44.53:810][  0]LogOcInput: OculusInput pre-init called
[2018.04.25-20.44.53:811][  0]LogHMD: Starting GearVRController plugin
[2018.04.25-20.44.53:859][  0]LogContentStreaming: Texture pool size now 1000 MB
[2018.04.25-20.44.57:152][  1]LogAssetRegistry: Asset discovery search completed in 20.3554 seconds
[2018.04.25-20.44.57:154][  1]LogCollectionManager: Rebuilt the object cache for 0 collections in 0.000000 seconds (found 0 objects)
[2018.04.25-20.44.57:154][  1]LogCollectionManager: Fixed up redirectors for 0 collections in 0.000029 seconds (updated 0 objects)
[2018.04.25-20.45.05:406][951]LogSlate: Took 0.000230 seconds to synchronously load lazily loaded font '../../../Engine/Content/Slate/Fonts/Roboto-Light.ttf' (159K)
[2018.04.25-20.45.05:506][951]LogLinker:Warning: Can't find file '/Game/lambert4'
[2018.04.25-20.45.05:506][951]LogLinker:Warning: Can't find file for asset '/Game/lambert4' while loading ../../../../../Users/JoshR/Documents/GitHub/Fuse/Content/Maps/Enviroment.uasset.
[2018.04.25-20.45.05:506][951]LoadErrors:Error: Error /Game/Maps/Enviroment : Can't find file for asset. /Game/lambert4
[2018.04.25-20.45.05:506][951]LogLinker:Warning: Can't find file '/Game/M_Ground'
[2018.04.25-20.45.05:506][951]LogLinker:Warning: Can't find file for asset '/Game/M_Ground' while loading ../../../../../Users/JoshR/Documents/GitHub/Fuse/Content/Maps/Enviroment.uasset.
[2018.04.25-20.45.05:506][951]LoadErrors:Error: Error /Game/Maps/Enviroment : Can't find file for asset. /Game/M_Ground
[2018.04.25-20.45.05:506][951]LogLinker:Warning: Can't find file '/Game/lambert4'
[2018.04.25-20.45.05:506][951]LogLinker:Warning: Can't find file for asset '/Game/lambert4' while loading ../../../../../Users/JoshR/Documents/GitHub/Fuse/Content/Maps/Enviroment.uasset.
[2018.04.25-20.45.05:506][951]LogLinker:Warning: Can't find file '/Game/M_Ground'
[2018.04.25-20.45.05:506][951]LogLinker:Warning: Can't find file for asset '/Game/M_Ground' while loading ../../../../../Users/JoshR/Documents/GitHub/Fuse/Content/Maps/Enviroment.uasset.
[2018.04.25-20.45.05:522][951]LogLinker:Warning: Can't find file '/Game/M_Ground'
[2018.04.25-20.45.05:522][951]LoadErrors: Info Failed to load /Game/M_Ground.M_Ground Referenced by Enviroment
[2018.04.25-20.45.05:522][951]LogLinker:Warning: Can't find file for asset '/Game/M_Ground' while loading NULL.
[2018.04.25-20.45.05:522][951]LogLinker:Warning: Can't find file '/Game/lambert4'
[2018.04.25-20.45.05:522][951]LoadErrors: Info Failed to load /Game/lambert4.lambert4 Referenced by Enviroment
[2018.04.25-20.45.05:522][951]LogLinker:Warning: Can't find file for asset '/Game/lambert4' while loading NULL.
[2018.04.25-20.45.05:544][951]LogTexture:Display: Building textures: AO_Log (AutoDXT, 1024X1024)
[2018.04.25-20.45.06:124][951]LogTexture:Display: Building textures: Diffuse_Log (AutoDXT, 1024X1024)
[2018.04.25-20.45.06:267][951]LogMaterial: Missing cached shader map for material lambert1, compiling. 
[2018.04.25-20.45.06:278][951]LogStaticMesh: Building static mesh Well_2...
[2018.04.25-20.45.06:286][951]LogMeshUtilities: Invalid vertex normals found for mesh. Forcing recomputation of vertex normals for MikkTSpace. Fix mesh or disable "Use MikkTSpace Tangent Space" to avoid forced recomputation of normals.
[2018.04.25-20.45.06:353][951]LogStaticMesh: Built static mesh [0.08s] /Game/Assets/WishingWell/Well_2.Well_2
[2018.04.25-20.45.06:373][951]LogStaticMesh: Building static mesh platform...
[2018.04.25-20.45.06:387][951]LogStaticMesh: Built static mesh [0.01s] /Game/Assets/Platform/platform.platform
[2018.04.25-20.45.06:389][951]LogMaterial: Missing cached shader map for material wood, compiling. 
[2018.04.25-20.45.06:413][951]LogMaterial: Missing cached shader map for material MAT_log, compiling. 
[2018.04.25-20.45.06:427][951]LogStaticMesh: Building static mesh SM_Log...
[2018.04.25-20.45.06:433][951]LogStaticMesh: Built static mesh [0.01s] /Game/Assets/log/Models/SM_Log.SM_Log
[2018.04.25-20.45.06:475][951]LogAIModule: Creating AISystem for world RiverDale
[2018.04.25-20.45.06:477][951]LogMaterial:Warning: Material /Game/Assets/NewTrees/M_DarkGreenLeaves.M_DarkGreenLeaves needed to have new flag set bUsedWithInstancedStaticMeshes !
[2018.04.25-20.45.06:479][951]LogMaterial: Missing cached shader map for material M_DarkGreenLeaves, compiling. 
[2018.04.25-20.45.06:510][951]MapCheck:Warning: Warning M_DarkGreenLeaves Material /Game/Assets/NewTrees/M_DarkGreenLeaves.M_DarkGreenLeaves was missing the usage flag bUsedWithInstancedStaticMeshes. If the material asset is not re-saved, it may not render correctly when run outside the editor. Fix
[2018.04.25-20.45.06:518][951]LogMaterial:Warning: Material /Game/Assets/NewTrees/M_Trunk.M_Trunk needed to have new flag set bUsedWithInstancedStaticMeshes !
[2018.04.25-20.45.06:520][951]LogMaterial: Missing cached shader map for material M_Trunk, compiling. 
[2018.04.25-20.45.06:552][951]MapCheck:Warning: Warning M_Trunk Material /Game/Assets/NewTrees/M_Trunk.M_Trunk was missing the usage flag bUsedWithInstancedStaticMeshes. If the material asset is not re-saved, it may not render correctly when run outside the editor. Fix
[2018.04.25-20.45.06:573][951]Cmd: MAP LOAD FILE="../../../../../Users/JoshR/Documents/GitHub/Fuse/Content/Maps/RiverDale.umap" TEMPLATE=0 SHOWPROGRESS=1 FEATURELEVEL=3
[2018.04.25-20.45.06:573][951]LightingResults: New page: Lighting Build
[2018.04.25-20.45.06:573][951]LoadErrors: New page: Loading map: RiverDale.umap
[2018.04.25-20.45.06:574][951]MapCheck: New page: Map Check
[2018.04.25-20.45.06:574][951]LightingResults: New page: Lighting Build
[2018.04.25-20.45.06:633][951]LogEditorServer: Finished looking for orphan Actors (0.000 secs)
[2018.04.25-20.45.06:663][951]Cmd: MAP CHECKDEP NOCLEARLOG
[2018.04.25-20.45.06:742][951]MapCheck: Info Map check complete: 0 Error(s), 0 Warning(s), took 77.976ms to complete.
[2018.04.25-20.45.06:742][951]LogFileHelpers: Loading map 'RiverDale' took 0.170
[2018.04.25-20.45.37:014][289]LogRenderer: Reallocating scene render targets to support 1912x912 NumSamples 1 (Frame:141).
[2018.04.25-20.45.43:836][ 64]LogEditorFactories: Performing atomic reimport of [F:/Year 2/Assignments/Cut Scene []/Enviroment.fbx]
[2018.04.25-20.45.43:852][ 64]LogFbx: Loading FBX Scene from F:/Year 2/Assignments/Cut Scene []/Enviroment.fbx
[2018.04.25-20.45.43:861][ 64]LogFbx: FBX Scene Loaded Succesfully
[2018.04.25-20.45.43:898][ 64]LogStaticMesh: Building static mesh Enviroment...
[2018.04.25-20.45.43:905][ 64]LogMeshUtilities: Invalid vertex normals found for mesh. Forcing recomputation of vertex normals for MikkTSpace. Fix mesh or disable "Use MikkTSpace Tangent Space" to avoid forced recomputation of normals.
[2018.04.25-20.45.43:974][ 64]LogStaticMesh: Built static mesh [0.08s] /Game/Maps/Enviroment.Enviroment
[2018.04.25-20.45.44:007][ 64]LogEditorFactories: -- imported successfully
[2018.04.25-20.45.44:070][ 64]LogSlate: Took 0.000267 seconds to synchronously load lazily loaded font '../../../Engine/Content/Slate/Fonts/Roboto-Light.ttf' (159K)
[2018.04.25-20.45.50:069][740]LogEditorViewport: Clicking on Actor (LMB): StaticMeshActor (Terrain_Test_pPlane15)
[2018.04.25-20.45.55:895][370]LogEditorViewport: Clicking on Actor (LMB): InstancedFoliageActor (InstancedFoliageActor)
[2018.04.25-20.45.56:758][469]Cmd: DELETE
[2018.04.25-20.45.56:758][469]Cmd: ACTOR DELETE
[2018.04.25-20.45.56:758][469]LogEditorActor: Deleted Actor: InstancedFoliageActor
[2018.04.25-20.45.56:765][469]LogEditorActor: Deleted 1 Actors (0.007 secs)
[2018.04.25-20.45.57:904][604]LogEditorViewport: Clicking on Actor (LMB): StaticMeshActor (Terrain_Test_pPlane15)
[2018.04.25-20.45.58:974][727]LogEditorViewport: Clicking on Actor (LMB): StaticMeshActor (Terrain_Test_pPlane15)
[2018.04.25-20.45.59:518][789]LogEditorViewport: Clicking on Actor (LMB): StaticMeshActor (Terrain_Test_pPlane15)
[2018.04.25-20.46.00:967][929]LogEditorViewport: Clicking on Actor (LMB): StaticMeshActor (Terrain_Test_pPlane15)
[2018.04.25-20.46.30:192][293]LogEditorViewport: Clicking on Actor (LMB): StaticMeshActor (WaterGrid145)
[2018.04.25-20.46.36:281][984]Cmd: TRANSACTION UNDO
[2018.04.25-20.46.36:281][984]LogEditorTransaction: Undo Move Actors
[2018.04.25-20.46.36:282][984]LogActorComponent: ~FComponentReregisterContext: (/Game/Maps/RiverDale.RiverDale:PersistentLevel.WaterGrid118.StaticMeshComponent0) Component already registered.
[2018.04.25-20.46.37:316][ 84]Cmd: DELETE
[2018.04.25-20.46.37:316][ 84]Cmd: ACTOR DELETE
[2018.04.25-20.46.37:317][ 84]LogEditorActor: Deleted Actor: StaticMeshActor
[2018.04.25-20.46.37:317][ 84]LogEditorActor: Deleted Actor: StaticMeshActor
[2018.04.25-20.46.37:317][ 84]LogEditorActor: Deleted Actor: StaticMeshActor
[2018.04.25-20.46.37:317][ 84]LogEditorActor: Deleted Actor: StaticMeshActor
[2018.04.25-20.46.37:323][ 84]LogEditorActor: Deleted 4 Actors (0.007 secs)
[2018.04.25-20.46.39:198][308]Cmd: TRANSACTION UNDO
[2018.04.25-20.46.39:198][308]LogEditorTransaction: Undo Delete Actors
[2018.04.25-20.46.55:052][149]LogEditorViewport: Clicking on Actor (LMB): StaticMeshActor (Terrain_Test_pPlane15)
[2018.04.25-20.47.00:679][747]LogMaterial: Missing cached shader map for material Grey, compiling. 
[2018.04.25-20.47.22:252][205]LogEditorViewport: Clicking on Actor (context menu): StaticMeshActor (WaterGrid203)
[2018.04.25-20.47.22:873][273]LogEditorViewport: Clicking on Actor (LMB): StaticMeshActor (WaterGrid211)
[2018.04.25-20.47.23:494][340]LogEditorViewport: Clicking on Actor (LMB): StaticMeshActor (WaterGrid218)
[2018.04.25-20.47.44:625][783]LogEditorViewport: Clicking on Actor (LMB): StaticMeshActor (WaterGrid243)
[2018.04.25-20.47.49:582][352]LogEditorViewport: Clicking on Actor (LMB): StaticMeshActor (WaterGrid246)
[2018.04.25-20.47.51:562][580]Cmd: TRANSACTION UNDO
[2018.04.25-20.47.51:562][580]LogEditorTransaction: Undo Marquee Select
[2018.04.25-20.47.51:990][608]LogEditorViewport: Clicking on Actor (LMB): StaticMeshActor (WaterGrid246)
[2018.04.25-20.47.56:232][104]LogEditorViewport: Clicking on Actor (LMB): StaticMeshActor (WaterGrid246)
[2018.04.25-20.48.03:535][928]LogEditorViewport: Clicking on Actor (LMB): StaticMeshActor (WaterGrid258)
[2018.04.25-20.48.08:331][463]LogEditorViewport: Clicking on Actor (LMB): StaticMeshActor (WaterGrid265)
[2018.04.25-20.48.14:472][169]LogEditorViewport: Clicking on Actor (LMB): StaticMeshActor (WaterGrid266)
[2018.04.25-20.48.18:888][670]LogEditorViewport: Clicking on Actor (LMB): StaticMeshActor (WaterGrid261)
[2018.04.25-20.48.19:413][728]LogEditorViewport: Clicking on Actor (LMB): StaticMeshActor (Terrain_Test_pPlane15)
[2018.04.25-20.48.19:862][777]LogEditorViewport: Clicking on Actor (LMB): StaticMeshActor (WaterGrid267)
[2018.04.25-20.48.20:798][884]LogEditorViewport: Clicking on Actor (LMB): StaticMeshActor (WaterGrid261)
[2018.04.25-20.48.23:484][189]LogEditorViewport: Clicking on Actor (LMB): StaticMeshActor (WaterGrid249)
[2018.04.25-20.48.33:118][279]LogEditorViewport: Clicking on Actor (LMB): StaticMeshActor (Terrain_Test_pPlane15)
[2018.04.25-20.48.33:601][332]LogEditorViewport: Clicking on Actor (LMB): StaticMeshActor (WaterGrid281)
[2018.04.25-20.48.39:064][942]LogEditorViewport: Clicking on Actor (LMB): StaticMeshActor (Terrain_Test_pPlane15)
[2018.04.25-20.48.39:614][  3]LogEditorViewport: Clicking on Actor (LMB): StaticMeshActor (WaterGrid288)
[2018.04.25-20.48.40:713][125]LogEditorViewport: Clicking on Actor (LMB): StaticMeshActor (WaterGrid289)
[2018.04.25-20.48.44:701][566]LogEditorViewport: Clicking on Actor (LMB): StaticMeshActor (WaterGrid276)
[2018.04.25-20.48.53:502][587]LogTemp: Repeting last play command: Selected Viewport
[2018.04.25-20.48.53:617][587]LogBlueprintUserMessages: Early PlayInEditor Detection: Level '/Game/Maps/RiverDale.RiverDale:PersistentLevel' has LevelScriptBlueprint '/Game/Maps/RiverDale.RiverDale:PersistentLevel.RiverDale' with GeneratedClass '/Game/Maps/RiverDale.RiverDale_C' with ClassGeneratedBy '/Game/Maps/RiverDale.RiverDale:PersistentLevel.RiverDale'
[2018.04.25-20.48.53:618][587]LogPlayLevel: PlayLevel: No blueprints needed recompiling
[2018.04.25-20.48.53:618][587]PIE: New page: PIE session: RiverDale (25 Apr 2018 22:48:53)
[2018.04.25-20.48.53:618][587]LogPlayLevel: Creating play world package: /Game/Maps/UEDPIE_0_RiverDale
[2018.04.25-20.48.53:641][587]LogPlayLevel: PIE: StaticDuplicateObject took: (0.022876s)
[2018.04.25-20.48.53:642][587]LogAIModule: Creating AISystem for world RiverDale
[2018.04.25-20.48.53:642][587]LogPlayLevel: PIE: World Init took: (0.001029s)
[2018.04.25-20.48.53:642][587]LogPlayLevel: PIE: Created PIE world by copying editor world from /Game/Maps/RiverDale.RiverDale to /Game/Maps/UEDPIE_0_RiverDale.RiverDale (0.024295s)
[2018.04.25-20.48.53:655][587]LogInit: XAudio2 using 'Speakers (High Definition Audio Device)' : 2 channels at 44.1 kHz using 16 bits per sample (channel mask 0x3)
[2018.04.25-20.48.53:661][587]LogInit: FAudioDevice initialized.
[2018.04.25-20.48.53:705][587]LogLoad: Game class is 'FuseGM_C'
[2018.04.25-20.48.53:711][587]LogWorld: Bringing World /Game/Maps/UEDPIE_0_RiverDale.RiverDale up for play (max tick rate 0) at 2018.04.25-21.48.53
[2018.04.25-20.48.53:711][587]LogWorld: Bringing up level for play took: 0.004697
[2018.04.25-20.48.53:743][587]LogContentBrowser: Native class hierarchy updated for 'MovieSceneCapture' in 0.0007 seconds. Added 11 classes and 0 folders.
[2018.04.25-20.48.53:744][587]PIE: Info Play in editor start time for /Game/Maps/UEDPIE_0_RiverDale 0.837
[2018.04.25-20.48.53:744][587]LogBlueprintUserMessages: Late PlayInEditor Detection: Level '/Game/Maps/RiverDale.RiverDale:PersistentLevel' has LevelScriptBlueprint '/Game/Maps/RiverDale.RiverDale:PersistentLevel.RiverDale' with GeneratedClass '/Game/Maps/RiverDale.RiverDale_C' with ClassGeneratedBy '/Game/Maps/RiverDale.RiverDale:PersistentLevel.RiverDale'
[2018.04.25-20.48.58:110][107]LogBlueprintUserMessages: Early EndPlayMap Detection: Level '/Game/Maps/RiverDale.RiverDale:PersistentLevel' has LevelScriptBlueprint '/Game/Maps/RiverDale.RiverDale:PersistentLevel.RiverDale' with GeneratedClass '/Game/Maps/RiverDale.RiverDale_C' with ClassGeneratedBy '/Game/Maps/RiverDale.RiverDale:PersistentLevel.RiverDale'
[2018.04.25-20.48.58:155][107]LogBlueprintUserMessages: Late EndPlayMap Detection: Level '/Game/Maps/RiverDale.RiverDale:PersistentLevel' has LevelScriptBlueprint '/Game/Maps/RiverDale.RiverDale:PersistentLevel.RiverDale' with GeneratedClass '/Game/Maps/RiverDale.RiverDale_C' with ClassGeneratedBy '/Game/Maps/RiverDale.RiverDale:PersistentLevel.RiverDale'
[2018.04.25-20.49.05:458][706]LogMaterial: Missing cached shader map for material M_Water, compiling. 
[2018.04.25-20.49.05:622][706]LogMaterial: Missing cached shader map for material M_Water, compiling. 
[2018.04.25-20.49.05:667][706]LogMaterial: Missing cached shader map for material FMatExpressionPreview MaterialExpressionVectorParameter_19, compiling. 
[2018.04.25-20.49.05:672][706]LogMaterial: Missing cached shader map for material FMatExpressionPreview MaterialExpressionMultiply_0, compiling. 
[2018.04.25-20.49.05:676][706]LogMaterial: Missing cached shader map for material FMatExpressionPreview MaterialExpressionTextureSample_0, compiling. 
[2018.04.25-20.49.05:680][706]LogMaterial: Missing cached shader map for material FMatExpressionPreview MaterialExpressionSubtract_0, compiling. 
[2018.04.25-20.49.05:713][706]LogSlate: Took 0.014487 seconds to synchronously load lazily loaded font '../../../Engine/Content/Editor/Slate/Fonts/Roboto-BoldCondensed.ttf' (158K)
[2018.04.25-20.49.06:035][707]LogSlate: Took 0.014223 seconds to synchronously load lazily loaded font '../../../Engine/Content/Editor/Slate/Fonts/Roboto-Italic.ttf' (157K)
[2018.04.25-20.49.08:099][943]MaterialEditorStats: Info Base pass shader: 91 instructions
[2018.04.25-20.49.08:099][943]MaterialEditorStats: Info Vertex shader: 37 instructions
[2018.04.25-20.49.08:099][943]MaterialEditorStats: Info Texture samplers: 3/16
[2018.04.25-20.51.00:620][777]LogMaterial: Missing cached shader map for material M_Water, compiling. 
[2018.04.25-20.51.00:642][777]LogMaterial: Missing cached shader map for material FMatExpressionPreview MaterialExpressionVectorParameter_19, compiling. 
[2018.04.25-20.51.03:616][122]MaterialEditorStats: Info Base pass shader: 91 instructions
[2018.04.25-20.51.03:616][122]MaterialEditorStats: Info Vertex shader: 37 instructions
[2018.04.25-20.51.03:616][122]MaterialEditorStats: Info Texture samplers: 3/16
[2018.04.25-20.51.03:802][144]LogMaterial: Missing cached shader map for material M_Water, compiling. 
[2018.04.25-20.51.03:820][144]LogMaterial: Missing cached shader map for material FMatExpressionPreview MaterialExpressionVectorParameter_19, compiling. 
[2018.04.25-20.51.06:185][416]MaterialEditorStats: Info Base pass shader: 91 instructions
[2018.04.25-20.51.06:185][416]MaterialEditorStats: Info Vertex shader: 37 instructions
[2018.04.25-20.51.06:185][416]MaterialEditorStats: Info Texture samplers: 3/16
[2018.04.25-20.51.08:185][656]LogMaterialEditor: Applying material M_Water
[2018.04.25-20.51.08:626][656]LogMaterial: Missing cached shader map for material M_Water, compiling. 
[2018.04.25-20.51.08:681][656]LogMaterial: Missing cached shader map for material M_Water, compiling. 
[2018.04.25-20.51.08:728][656]LogMaterial: Missing cached shader map for material M_Water, compiling. 
[2018.04.25-20.51.08:770][656]LogMaterial: Missing cached shader map for material FDebugViewModeMaterialProxy M_Water, compiling. 
[2018.04.25-20.51.09:875][656]TextureStreamingBuild:Display: Compiling optional shaders took 1.110 seconds.
[2018.04.25-20.51.10:214][693]LogMaterialEditor: Saving and Compiling material M_Water
[2018.04.25-20.51.12:276][693]LogSlate: Took 0.000210 seconds to synchronously load lazily loaded font '../../../Engine/Content/Slate/Fonts/Roboto-Regular.ttf' (155K)
[2018.04.25-20.51.12:287][693]Cmd: OBJ SAVEPACKAGE PACKAGE="/Game/Water/Smallwater/M_Water" FILE="../../../../../Users/JoshR/Documents/GitHub/Fuse/Content/Water/Smallwater/M_Water.uasset" SILENT=true
[2018.04.25-20.51.12:307][693]LogSavePackage: Save=15.33ms
[2018.04.25-20.51.12:307][693]LogSavePackage: Moving '../../../../../Users/JoshR/Documents/GitHub/Fuse/Saved/M_Water59D0D94E4F439DE68A06F7AB7F600D5D.tmp' to '../../../../../Users/JoshR/Documents/GitHub/Fuse/Content/Water/Smallwater/M_Water.uasset'
[2018.04.25-20.51.12:312][693]LogSavePackage:Display: Finished SavePackage ../../../../../Users/JoshR/Documents/GitHub/Fuse/Content/Water/Smallwater/M_Water.uasset
[2018.04.25-20.51.12:315][693]MaterialEditorStats: Info Base pass shader: 91 instructions
[2018.04.25-20.51.12:315][693]MaterialEditorStats: Info Vertex shader: 51 instructions
[2018.04.25-20.51.12:315][693]MaterialEditorStats: Info Texture samplers: 3/16
[2018.04.25-20.51.16:686][173]LogTemp: Repeting last play command: Selected Viewport
[2018.04.25-20.51.16:701][173]LogBlueprintUserMessages: Early PlayInEditor Detection: Level '/Game/Maps/RiverDale.RiverDale:PersistentLevel' has LevelScriptBlueprint '/Game/Maps/RiverDale.RiverDale:PersistentLevel.RiverDale' with GeneratedClass '/Game/Maps/RiverDale.RiverDale_C' with ClassGeneratedBy '/Game/Maps/RiverDale.RiverDale:PersistentLevel.RiverDale'
[2018.04.25-20.51.16:701][173]LogPlayLevel: PlayLevel: No blueprints needed recompiling
[2018.04.25-20.51.16:701][173]PIE: New page: PIE session: RiverDale (25 Apr 2018 22:51:16)
[2018.04.25-20.51.16:701][173]LogPlayLevel: Creating play world package: /Game/Maps/UEDPIE_0_RiverDale
[2018.04.25-20.51.16:723][173]LogPlayLevel: PIE: StaticDuplicateObject took: (0.021730s)
[2018.04.25-20.51.16:723][173]LogAIModule: Creating AISystem for world RiverDale
[2018.04.25-20.51.16:723][173]LogPlayLevel: PIE: World Init took: (0.000759s)
[2018.04.25-20.51.16:724][173]LogPlayLevel: PIE: Created PIE world by copying editor world from /Game/Maps/RiverDale.RiverDale to /Game/Maps/UEDPIE_0_RiverDale.RiverDale (0.022796s)
[2018.04.25-20.51.16:739][173]LogInit: XAudio2 using 'Speakers (High Definition Audio Device)' : 2 channels at 44.1 kHz using 16 bits per sample (channel mask 0x3)
[2018.04.25-20.51.16:746][173]LogInit: FAudioDevice initialized.
[2018.04.25-20.51.16:775][173]LogLoad: Game class is 'FuseGM_C'
[2018.04.25-20.51.16:781][173]LogWorld: Bringing World /Game/Maps/UEDPIE_0_RiverDale.RiverDale up for play (max tick rate 0) at 2018.04.25-21.51.16
[2018.04.25-20.51.16:781][173]LogWorld: Bringing up level for play took: 0.004766
[2018.04.25-20.51.16:782][173]PIE: Info Play in editor start time for /Game/Maps/UEDPIE_0_RiverDale -0.125
[2018.04.25-20.51.16:782][173]LogBlueprintUserMessages: Late PlayInEditor Detection: Level '/Game/Maps/RiverDale.RiverDale:PersistentLevel' has LevelScriptBlueprint '/Game/Maps/RiverDale.RiverDale:PersistentLevel.RiverDale' with GeneratedClass '/Game/Maps/RiverDale.RiverDale_C' with ClassGeneratedBy '/Game/Maps/RiverDale.RiverDale:PersistentLevel.RiverDale'
[2018.04.25-20.51.22:239][825]LogBlueprintUserMessages: Early EndPlayMap Detection: Level '/Game/Maps/RiverDale.RiverDale:PersistentLevel' has LevelScriptBlueprint '/Game/Maps/RiverDale.RiverDale:PersistentLevel.RiverDale' with GeneratedClass '/Game/Maps/RiverDale.RiverDale_C' with ClassGeneratedBy '/Game/Maps/RiverDale.RiverDale:PersistentLevel.RiverDale'
[2018.04.25-20.51.22:285][825]LogBlueprintUserMessages: Late EndPlayMap Detection: Level '/Game/Maps/RiverDale.RiverDale:PersistentLevel' has LevelScriptBlueprint '/Game/Maps/RiverDale.RiverDale:PersistentLevel.RiverDale' with GeneratedClass '/Game/Maps/RiverDale.RiverDale_C' with ClassGeneratedBy '/Game/Maps/RiverDale.RiverDale:PersistentLevel.RiverDale'
[2018.04.25-20.51.23:483][955]LogMaterial: Missing cached shader map for material PreviewMaterial_0, compiling. 
[2018.04.25-20.51.23:548][955]LogMaterial: Missing cached shader map for material PreviewMaterial_0, compiling. 
[2018.04.25-20.51.23:567][955]LogMaterial: Missing cached shader map for material PreviewMaterial_0, compiling. 
[2018.04.25-20.51.23:609][955]LogMaterial: Missing cached shader map for material FMatExpressionPreview MaterialExpressionVectorParameter_19, compiling. 
[2018.04.25-20.51.23:613][955]LogMaterial: Missing cached shader map for material FMatExpressionPreview MaterialExpressionMultiply_0, compiling. 
[2018.04.25-20.51.23:616][955]LogMaterial: Missing cached shader map for material FMatExpressionPreview MaterialExpressionTextureSample_0, compiling. 
[2018.04.25-20.51.23:620][955]LogMaterial: Missing cached shader map for material FMatExpressionPreview MaterialExpressionSubtract_0, compiling. 
[2018.04.25-20.51.26:076][229]MaterialEditorStats: Info Base pass shader: 91 instructions
[2018.04.25-20.51.26:076][229]MaterialEditorStats: Info Vertex shader: 37 instructions
[2018.04.25-20.51.26:076][229]MaterialEditorStats: Info Texture samplers: 3/16
[2018.04.25-20.51.26:941][331]LogMaterial: Missing cached shader map for material PreviewMaterial_0, compiling. 
[2018.04.25-20.51.26:961][331]LogMaterial: Missing cached shader map for material FMatExpressionPreview MaterialExpressionVectorParameter_19, compiling. 
[2018.04.25-20.51.28:302][483]LogMaterialEditor: Applying material M_Water
[2018.04.25-20.51.28:778][483]LogMaterial: Missing cached shader map for material PreviewMaterial_0, compiling. 
[2018.04.25-20.51.28:832][483]LogMaterial: Missing cached shader map for material M_Water, compiling. 
[2018.04.25-20.51.28:878][483]LogMaterial: Missing cached shader map for material M_Water, compiling. 
[2018.04.25-20.51.28:922][483]LogMaterial: Missing cached shader map for material FDebugViewModeMaterialProxy M_Water, compiling. 
[2018.04.25-20.51.30:207][483]TextureStreamingBuild:Display: Compiling optional shaders took 1.289 seconds.
[2018.04.25-20.51.30:523][518]LogMaterialEditor: Saving and Compiling material M_Water
[2018.04.25-20.51.32:541][518]Cmd: OBJ SAVEPACKAGE PACKAGE="/Game/Water/Smallwater/M_Water" FILE="../../../../../Users/JoshR/Documents/GitHub/Fuse/Content/Water/Smallwater/M_Water.uasset" SILENT=true
[2018.04.25-20.51.32:559][518]LogSavePackage: Save=13.99ms
[2018.04.25-20.51.32:559][518]LogSavePackage: Moving '../../../../../Users/JoshR/Documents/GitHub/Fuse/Saved/M_Water645AD50E44AE75E9DD495F9888F6CD05.tmp' to '../../../../../Users/JoshR/Documents/GitHub/Fuse/Content/Water/Smallwater/M_Water.uasset'
[2018.04.25-20.51.32:564][518]LogSavePackage:Display: Finished SavePackage ../../../../../Users/JoshR/Documents/GitHub/Fuse/Content/Water/Smallwater/M_Water.uasset
[2018.04.25-20.51.32:569][518]MaterialEditorStats: Info Base pass shader: 91 instructions
[2018.04.25-20.51.32:569][518]MaterialEditorStats: Info Vertex shader: 51 instructions
[2018.04.25-20.51.32:569][518]MaterialEditorStats: Info Texture samplers: 3/16
[2018.04.25-20.51.33:687][642]LogTemp: Repeting last play command: Selected Viewport
[2018.04.25-20.51.33:702][642]LogBlueprintUserMessages: Early PlayInEditor Detection: Level '/Game/Maps/RiverDale.RiverDale:PersistentLevel' has LevelScriptBlueprint '/Game/Maps/RiverDale.RiverDale:PersistentLevel.RiverDale' with GeneratedClass '/Game/Maps/RiverDale.RiverDale_C' with ClassGeneratedBy '/Game/Maps/RiverDale.RiverDale:PersistentLevel.RiverDale'
[2018.04.25-20.51.33:702][642]LogPlayLevel: PlayLevel: No blueprints needed recompiling
[2018.04.25-20.51.33:702][642]PIE: New page: PIE session: RiverDale (25 Apr 2018 22:51:33)
[2018.04.25-20.51.33:702][642]LogPlayLevel: Creating play world package: /Game/Maps/UEDPIE_0_RiverDale
[2018.04.25-20.51.33:723][642]LogPlayLevel: PIE: StaticDuplicateObject took: (0.020973s)
[2018.04.25-20.51.33:723][642]LogAIModule: Creating AISystem for world RiverDale
[2018.04.25-20.51.33:723][642]LogPlayLevel: PIE: World Init took: (0.000708s)
[2018.04.25-20.51.33:724][642]LogPlayLevel: PIE: Created PIE world by copying editor world from /Game/Maps/RiverDale.RiverDale to /Game/Maps/UEDPIE_0_RiverDale.RiverDale (0.021966s)
[2018.04.25-20.51.33:737][642]LogInit: XAudio2 using 'Speakers (High Definition Audio Device)' : 2 channels at 44.1 kHz using 16 bits per sample (channel mask 0x3)
[2018.04.25-20.51.33:743][642]LogInit: FAudioDevice initialized.
[2018.04.25-20.51.33:772][642]LogLoad: Game class is 'FuseGM_C'
[2018.04.25-20.51.33:777][642]LogWorld: Bringing World /Game/Maps/UEDPIE_0_RiverDale.RiverDale up for play (max tick rate 0) at 2018.04.25-21.51.33
[2018.04.25-20.51.33:777][642]LogWorld: Bringing up level for play took: 0.004708
[2018.04.25-20.51.33:778][642]PIE: Info Play in editor start time for /Game/Maps/UEDPIE_0_RiverDale 0.872
[2018.04.25-20.51.33:779][642]LogBlueprintUserMessages: Late PlayInEditor Detection: Level '/Game/Maps/RiverDale.RiverDale:PersistentLevel' has LevelScriptBlueprint '/Game/Maps/RiverDale.RiverDale:PersistentLevel.RiverDale' with GeneratedClass '/Game/Maps/RiverDale.RiverDale_C' with ClassGeneratedBy '/Game/Maps/RiverDale.RiverDale:PersistentLevel.RiverDale'
[2018.04.25-20.51.37:041][ 31]Cmd: LevelEditor.ToggleImmersive
[2018.04.25-20.51.37:175][ 32]LogRenderer: Reallocating scene render targets to support 1940x912 NumSamples 1 (Frame:391).
[2018.04.25-20.51.37:217][ 33]LogRenderer: Reallocating scene render targets to support 2560x1052 NumSamples 1 (Frame:393).
[2018.04.25-20.51.39:572][313]LogBlueprintUserMessages: Early EndPlayMap Detection: Level '/Game/Maps/RiverDale.RiverDale:PersistentLevel' has LevelScriptBlueprint '/Game/Maps/RiverDale.RiverDale:PersistentLevel.RiverDale' with GeneratedClass '/Game/Maps/RiverDale.RiverDale_C' with ClassGeneratedBy '/Game/Maps/RiverDale.RiverDale:PersistentLevel.RiverDale'
[2018.04.25-20.51.39:641][313]LogBlueprintUserMessages: Late EndPlayMap Detection: Level '/Game/Maps/RiverDale.RiverDale:PersistentLevel' has LevelScriptBlueprint '/Game/Maps/RiverDale.RiverDale:PersistentLevel.RiverDale' with GeneratedClass '/Game/Maps/RiverDale.RiverDale_C' with ClassGeneratedBy '/Game/Maps/RiverDale.RiverDale:PersistentLevel.RiverDale'
[2018.04.25-20.51.43:355][721]LogEditorViewport: Clicking on Actor (LMB): StaticMeshActor (Path_1)
[2018.04.25-20.51.44:053][790]Cmd: DELETE
[2018.04.25-20.51.44:053][790]Cmd: ACTOR DELETE
[2018.04.25-20.51.44:054][790]LogEditorActor: Deleted Actor: StaticMeshActor
[2018.04.25-20.51.44:060][790]LogEditorActor: Deleted 1 Actors (0.007 secs)
[2018.04.25-20.51.44:592][853]LogEditorViewport: Clicking on Actor (LMB): StaticMeshActor (Terrain_Test_pPlane15)
[2018.04.25-20.51.44:710][862]Cmd: DELETE
[2018.04.25-20.51.44:710][862]Cmd: ACTOR DELETE
[2018.04.25-20.51.44:711][862]LogEditorActor: Deleted Actor: StaticMeshActor
[2018.04.25-20.51.44:721][862]LogEditorActor: Deleted 1 Actors (0.010 secs)
[2018.04.25-20.51.45:584][965]Cmd: TRANSACTION UNDO
[2018.04.25-20.51.45:584][965]LogEditorTransaction: Undo Delete Actors
[2018.04.25-20.51.45:898][999]LogEditorViewport: Clicking on Actor (LMB): StaticMeshActor (Path_3_)
[2018.04.25-20.51.46:550][ 72]Cmd: DELETE
[2018.04.25-20.51.46:550][ 72]Cmd: ACTOR DELETE
[2018.04.25-20.51.46:551][ 72]LogEditorActor: Deleted Actor: StaticMeshActor
[2018.04.25-20.51.46:560][ 72]LogEditorActor: Deleted 1 Actors (0.010 secs)
[2018.04.25-20.51.48:875][329]LogEditorViewport: Clicking on Actor (LMB): StaticMeshActor (Volcano)
[2018.04.25-20.51.50:099][440]Cmd: CAMERA ALIGN ACTIVEVIEWPORTONLY
[2018.04.25-20.51.56:184][139]Cmd: CAMERA ALIGN ACTIVEVIEWPORTONLY
[2018.04.25-20.52.13:558][ 73]LogEditorViewport: Clicking on Actor (LMB): StaticMeshActor (Terrain_Test_pPlane15)
[2018.04.25-20.52.20:125][790]LogEditorViewport: Clicking on Actor (LMB): StaticMeshActor (WaterGrid235)
[2018.04.25-20.52.20:406][816]Cmd: CAMERA ALIGN ACTIVEVIEWPORTONLY
[2018.04.25-20.52.33:694][280]SourceControl: Info On branch master
[2018.04.25-20.52.33:694][280]SourceControl: Info Your branch is up to date with 'origin/master'.
[2018.04.25-20.52.33:694][280]SourceControl: Info Changes not staged for commit:
[2018.04.25-20.52.33:694][280]SourceControl: Info   (use "git add/rm <file>..." to update what will be committed)
[2018.04.25-20.52.33:694][280]SourceControl: Info   (use "git checkout -- <file>..." to discard changes in working directory)
[2018.04.25-20.52.33:694][280]SourceControl: Info 	modified:   Content/Water/Smallwater/M_Water.uasset
[2018.04.25-20.52.33:694][280]SourceControl: Info 	modified:   Intermediate/AssetRegistryCache/311563bb.bin
[2018.04.25-20.52.33:694][280]SourceControl: Info 	modified:   Intermediate/AssetRegistryCache/c90e3f55.bin
[2018.04.25-20.52.33:695][280]SourceControl: Info 	modified:   Intermediate/CachedAssetRegistry.bin
[2018.04.25-20.52.33:695][280]SourceControl: Info 	modified:   Saved/Autosaves/PackageRestoreData.json
[2018.04.25-20.52.33:695][280]SourceControl: Info 	modified:   Saved/Config/Windows/EditorPerProjectUserSettings.ini
[2018.04.25-20.52.33:695][280]SourceControl: Info 	modified:   Saved/Config/Windows/Engine.ini
[2018.04.25-20.52.33:695][280]SourceControl: Info 	deleted:    Saved/Logs/RPG_Game-backup-2018.04.21-11.54.06.log
[2018.04.25-20.52.33:695][280]SourceControl: Info 	modified:   Saved/Logs/RPG_Game.log
[2018.04.25-20.52.33:695][280]SourceControl: Info Untracked files:
[2018.04.25-20.52.33:695][280]SourceControl: Info   (use "git add <file>..." to include in what will be committed)
[2018.04.25-20.52.33:695][280]SourceControl: Info 	Saved/Backup/M_Water_2018-04-25-21-51-12.uasset
[2018.04.25-20.52.33:695][280]SourceControl: Info 	Saved/Config/CrashReportClient/UE4CC-Windows-C8E5A6574271D7DAF08188B1D0D39A36/
[2018.04.25-20.52.33:695][280]SourceControl: Info 	Saved/Logs/RPG_Game-backup-2018.04.25-21.44.32.log
[2018.04.25-20.52.33:695][280]SourceControl: Info no changes added to commit (use "git add" and/or "git commit -a")
[2018.04.25-20.52.37:875][606]Cmd: OBJ SAVEPACKAGE PACKAGE="/Game/Maps/Enviroment" FILE="../../../../../Users/JoshR/Documents/GitHub/Fuse/Content/Maps/Enviroment.uasset" SILENT=true
[2018.04.25-20.52.37:890][606]LogSavePackage: Save=8.99ms
[2018.04.25-20.52.37:890][606]LogSavePackage: Moving '../../../../../Users/JoshR/Documents/GitHub/Fuse/Saved/Enviroment746038224F42C4D5BC1839A780C120A8.tmp' to '../../../../../Users/JoshR/Documents/GitHub/Fuse/Content/Maps/Enviroment.uasset'
[2018.04.25-20.52.37:894][606]LogSavePackage:Display: Finished SavePackage ../../../../../Users/JoshR/Documents/GitHub/Fuse/Content/Maps/Enviroment.uasset
[2018.04.25-20.52.37:974][606]Cmd: OBJ SAVEPACKAGE PACKAGE="/Game/Maps/RiverDale" FILE="../../../../../Users/JoshR/Documents/GitHub/Fuse/Content/Maps/RiverDale.umap" SILENT=true AUTOSAVING=false KEEPDIRTY=false
[2018.04.25-20.52.38:307][606]LogSavePackage: Save=317.26ms
[2018.04.25-20.52.38:307][606]LogSavePackage: Moving '../../../../../Users/JoshR/Documents/GitHub/Fuse/Saved/RiverDaleE51E7B624513B6A16DF6719556CF28C3.tmp' to '../../../../../Users/JoshR/Documents/GitHub/Fuse/Content/Maps/RiverDale.umap'
[2018.04.25-20.52.38:312][606]LogSavePackage:Display: Finished SavePackage ../../../../../Users/JoshR/Documents/GitHub/Fuse/Content/Maps/RiverDale.umap
[2018.04.25-20.52.38:336][606]LogFileHelpers: Saving map 'RiverDale' took 0.440
[2018.04.25-20.52.41:258][944]SourceControl: Info fatal: D:/Program Files/UE_4.16/Engine/Content/: 'D:/Program Files/UE_4.16/Engine/Content/' is outside repository
[2018.04.25-20.52.56:355][944]LogSourceControl: FGitCheckInWorker: commit successful
[2018.04.25-20.52.56:460][944]SourceControl: Info [master 898edcc] Enviroment Change
[2018.04.25-20.52.56:460][944]SourceControl: Info  3 files changed, 0 insertions(+), 0 deletions(-)
[2018.04.25-20.52.56:460][944]SourceControl: Info  rewrite Content/Maps/Enviroment.uasset (78%)
[2018.04.25-20.52.56:460][944]SourceControl: Info  rewrite Content/Water/Smallwater/M_Water.uasset (89%)
[2018.04.25-20.52.56:465][944]SourceControl: Info Commited [master 898edcc] Enviroment Change.
[2018.04.25-20.52.58:908][207]Cmd: OBJ SAVEPACKAGE PACKAGE="/Game/Maps/RiverDale" FILE="../../../../../Users/JoshR/Documents/GitHub/Fuse/Content/Maps/RiverDale.umap" SILENT=true AUTOSAVING=false KEEPDIRTY=false
[2018.04.25-20.52.59:233][207]LogSavePackage: Save=314.75ms
[2018.04.25-20.52.59:234][207]LogSavePackage: Moving '../../../../../Users/JoshR/Documents/GitHub/Fuse/Saved/RiverDale5EC6802B449BE5C7CADB40A8B9563A6F.tmp' to '../../../../../Users/JoshR/Documents/GitHub/Fuse/Content/Maps/RiverDale.umap'
[2018.04.25-20.52.59:236][207]LogSavePackage:Display: Finished SavePackage ../../../../../Users/JoshR/Documents/GitHub/Fuse/Content/Maps/RiverDale.umap
[2018.04.25-20.53.21:932][762]LogContentBrowser: Native class hierarchy updated for 'BlueprintGraph' in 0.0009 seconds. Added 112 classes and 0 folders.
[2018.04.25-20.54.13:282][790]Cmd: OBJ SAVEPACKAGE PACKAGE="/Game/Gameplay/HUD/MainMenu/Menu" FILE="../../../../../Users/JoshR/Documents/GitHub/Fuse/Content/Gameplay/HUD/MainMenu/Menu.uasset" SILENT=true
[2018.04.25-20.54.13:533][790]LogSavePackage: Save=244.68ms
[2018.04.25-20.54.13:533][790]LogSavePackage: Moving '../../../../../Users/JoshR/Documents/GitHub/Fuse/Saved/Menu0B7544304C5A3A754689D9BF18609FF2.tmp' to '../../../../../Users/JoshR/Documents/GitHub/Fuse/Content/Gameplay/HUD/MainMenu/Menu.uasset'
[2018.04.25-20.54.13:535][790]LogSavePackage:Display: Finished SavePackage ../../../../../Users/JoshR/Documents/GitHub/Fuse/Content/Gameplay/HUD/MainMenu/Menu.uasset
[2018.04.25-20.55.13:152][154]LogEditorFactories: Performing atomic reimport of [D:/Users/JoshR/Desktop/Menu.png]
[2018.04.25-20.55.13:156][154]LogFactory: FactoryCreateFile: Texture2D with ReimportTextureFactory (0 0 D:/Users/JoshR/Desktop/Menu.png)
[2018.04.25-20.55.13:254][154]LogTexture:Display: Building textures: MainBackground (AutoDXT, 1920X1080)
[2018.04.25-20.55.14:302][154]LogEditorFactories: -- imported successfully
[2018.04.25-20.55.15:141][248]LogAIModule: Creating AISystem for world Menu
[2018.04.25-20.55.16:841][248]LogSavePackage: Save=203.88ms
[2018.04.25-20.55.16:841][248]LogSavePackage: Moving '../../../../../Users/JoshR/Documents/GitHub/Fuse/Saved/MainBackgroundF36A484F429BEE5F0CD6F3837DDD79D7.tmp' to '../../../../../Users/JoshR/Documents/GitHub/Fuse/Content/Gameplay/HUD/MainMenu/Background/MainBackground.uasset'
[2018.04.25-20.55.16:846][248]LogSavePackage:Display: Finished SavePackage ../../../../../Users/JoshR/Documents/GitHub/Fuse/Content/Gameplay/HUD/MainMenu/Background/MainBackground.uasset
[2018.04.25-20.55.16:847][248]Cmd: MAP LOAD FILE="../../../../../Users/JoshR/Documents/GitHub/Fuse/Content/Maps/Menu.umap" TEMPLATE=0 SHOWPROGRESS=1 FEATURELEVEL=3
[2018.04.25-20.55.16:847][248]LightingResults: New page: Lighting Build
[2018.04.25-20.55.16:847][248]LoadErrors: New page: Loading map: Menu.umap
[2018.04.25-20.55.16:849][248]MapCheck: New page: Map Check
[2018.04.25-20.55.16:849][248]LightingResults: New page: Lighting Build
[2018.04.25-20.55.16:917][248]LogEditorServer: Finished looking for orphan Actors (0.000 secs)
[2018.04.25-20.55.16:950][248]Cmd: MAP CHECKDEP NOCLEARLOG
[2018.04.25-20.55.17:032][248]MapCheck: Info Map check complete: 0 Error(s), 0 Warning(s), took 81.26ms to complete.
[2018.04.25-20.55.17:032][248]LogFileHelpers: Loading map 'Menu' took 0.186
[2018.04.25-20.55.20:587][660]Cmd: OBJ SAVEPACKAGE PACKAGE="/Game/Gameplay/HUD/MainMenu/Menu" FILE="../../../../../Users/JoshR/Documents/GitHub/Fuse/Content/Gameplay/HUD/MainMenu/Menu.uasset" SILENT=true
[2018.04.25-20.55.20:860][660]LogSavePackage: Save=268.20ms
[2018.04.25-20.55.20:860][660]LogSavePackage: Moving '../../../../../Users/JoshR/Documents/GitHub/Fuse/Saved/Menu1E60D1D7422E2EAF11F2CDBD49B5DFAE.tmp' to '../../../../../Users/JoshR/Documents/GitHub/Fuse/Content/Gameplay/HUD/MainMenu/Menu.uasset'
[2018.04.25-20.55.20:862][660]LogSavePackage:Display: Finished SavePackage ../../../../../Users/JoshR/Documents/GitHub/Fuse/Content/Gameplay/HUD/MainMenu/Menu.uasset
[2018.04.25-20.55.28:791][587]Cmd: MAP LOAD FILE="../../../../../Users/JoshR/Documents/GitHub/Fuse/Content/Maps/Menu.umap" TEMPLATE=0 SHOWPROGRESS=1 FEATURELEVEL=3
[2018.04.25-20.55.28:791][587]LightingResults: New page: Lighting Build
[2018.04.25-20.55.28:792][587]LoadErrors: New page: Loading map: Menu.umap
[2018.04.25-20.55.28:792][587]MapCheck: New page: Map Check
[2018.04.25-20.55.28:792][587]LightingResults: New page: Lighting Build
[2018.04.25-20.55.28:816][587]LogAIModule: Creating AISystem for world Menu
[2018.04.25-20.55.28:882][587]LogEditorServer: Finished looking for orphan Actors (0.000 secs)
[2018.04.25-20.55.28:921][587]Cmd: MAP CHECKDEP NOCLEARLOG
[2018.04.25-20.55.29:000][587]MapCheck: Info Map check complete: 0 Error(s), 0 Warning(s), took 78.691ms to complete.
[2018.04.25-20.55.29:000][587]LogFileHelpers: Loading map 'Menu' took 0.210
[2018.04.25-20.55.31:752][900]Cmd: OBJ SAVEPACKAGE PACKAGE="/Game/Maps/Menu" FILE="../../../../../Users/JoshR/Documents/GitHub/Fuse/Saved/Autosaves/Game/Maps/UEDPCMenu.umap" SILENT=true AUTOSAVING=true KEEPDIRTY=true
[2018.04.25-20.55.31:832][900]LogSavePackage: Save=75.64ms
[2018.04.25-20.55.31:832][900]LogSavePackage: Moving '../../../../../Users/JoshR/Documents/GitHub/Fuse/Saved/UEDPCMenu56CD0FB04FE1E436256102AE13088237.tmp' to '../../../../../Users/JoshR/Documents/GitHub/Fuse/Saved/Autosaves/Game/Maps/UEDPCMenu.umap'
[2018.04.25-20.55.31:835][900]LogSavePackage:Display: Finished SavePackage ../../../../../Users/JoshR/Documents/GitHub/Fuse/Saved/Autosaves/Game/Maps/UEDPCMenu.umap
[2018.04.25-20.55.31:909][900]Cmd: OBJ SAVEPACKAGE PACKAGE="/Game/Maps/Menu_BuiltData" FILE="../../../../../Users/JoshR/Documents/GitHub/Fuse/Content/Maps/Menu_BuiltData.uasset" SILENT=true
[2018.04.25-20.55.31:915][900]LogSavePackage: Save=1.66ms
[2018.04.25-20.55.31:915][900]LogSavePackage: Moving '../../../../../Users/JoshR/Documents/GitHub/Fuse/Saved/Menu_BuiltDataADB575E94791319732AEC19DA79F60EA.tmp' to '../../../../../Users/JoshR/Documents/GitHub/Fuse/Content/Maps/Menu_BuiltData.uasset'
[2018.04.25-20.55.31:918][900]LogSavePackage:Display: Finished SavePackage ../../../../../Users/JoshR/Documents/GitHub/Fuse/Content/Maps/Menu_BuiltData.uasset
[2018.04.25-20.55.31:920][900]LogEditorTransaction: Undo Spawn Play From Here Start
[2018.04.25-20.55.57:725][990]SourceControl: Info fatal: D:/Program Files/UE_4.16/Engine/Content/: 'D:/Program Files/UE_4.16/Engine/Content/' is outside repository
[2018.04.25-20.56.03:916][990]LogSourceControl: FGitCheckInWorker: commit successful
[2018.04.25-20.56.04:084][990]SourceControl: Info [master 8dcc43d] Menu Change
[2018.04.25-20.56.04:084][990]SourceControl: Info  4 files changed, 0 insertions(+), 0 deletions(-)
[2018.04.25-20.56.04:084][990]SourceControl: Info  rewrite Content/Gameplay/HUD/MainMenu/Background/MainBackground.uasset (72%)
[2018.04.25-20.56.04:088][990]SourceControl: Info Commited [master 8dcc43d] Menu Change.
[2018.04.25-20.56.05:999][210]Cmd: OBJ SAVEPACKAGE PACKAGE="/Game/Maps/Menu" FILE="../../../../../Users/JoshR/Documents/GitHub/Fuse/Content/Maps/Menu.umap" SILENT=true AUTOSAVING=false KEEPDIRTY=false
[2018.04.25-20.56.06:091][210]LogSavePackage: Save=74.89ms
[2018.04.25-20.56.06:092][210]LogSavePackage: Moving '../../../../../Users/JoshR/Documents/GitHub/Fuse/Saved/MenuF0834C2C4DA54D51B204EF9D87118D4D.tmp' to '../../../../../Users/JoshR/Documents/GitHub/Fuse/Content/Maps/Menu.umap'
[2018.04.25-20.56.06:094][210]LogSavePackage:Display: Finished SavePackage ../../../../../Users/JoshR/Documents/GitHub/Fuse/Content/Maps/Menu.umap
[2018.04.25-20.56.06:191][210]Cmd: OBJ SAVEPACKAGE PACKAGE="/Game/Maps/Menu_BuiltData" FILE="../../../../../Users/JoshR/Documents/GitHub/Fuse/Content/Maps/Menu_BuiltData.uasset" SILENT=true
[2018.04.25-20.56.06:196][210]LogSavePackage: Save=1.60ms
[2018.04.25-20.56.06:196][210]LogSavePackage: Moving '../../../../../Users/JoshR/Documents/GitHub/Fuse/Saved/Menu_BuiltData59BE18B74E1AB77CE8601CA114FAB777.tmp' to '../../../../../Users/JoshR/Documents/GitHub/Fuse/Content/Maps/Menu_BuiltData.uasset'
[2018.04.25-20.56.06:198][210]LogSavePackage:Display: Finished SavePackage ../../../../../Users/JoshR/Documents/GitHub/Fuse/Content/Maps/Menu_BuiltData.uasset
[2018.04.25-20.56.09:123][544]LogAIModule: Creating AISystem for world RiverDale
[2018.04.25-20.56.09:142][544]Cmd: MAP LOAD FILE="../../../../../Users/JoshR/Documents/GitHub/Fuse/Content/Maps/RiverDale.umap" TEMPLATE=0 SHOWPROGRESS=1 FEATURELEVEL=3
[2018.04.25-20.56.09:142][544]LightingResults: New page: Lighting Build
[2018.04.25-20.56.09:143][544]LoadErrors: New page: Loading map: RiverDale.umap
[2018.04.25-20.56.09:143][544]MapCheck: New page: Map Check
[2018.04.25-20.56.09:143][544]LightingResults: New page: Lighting Build
[2018.04.25-20.56.09:231][544]LogEditorServer: Finished looking for orphan Actors (0.000 secs)
[2018.04.25-20.56.09:264][544]Cmd: MAP CHECKDEP NOCLEARLOG
[2018.04.25-20.56.09:343][544]MapCheck: Info Map check complete: 0 Error(s), 0 Warning(s), took 78.586ms to complete.
[2018.04.25-20.56.09:344][544]LogFileHelpers: Loading map 'RiverDale' took 0.202
[2018.04.25-20.56.11:460][780]LogEditorViewport: Clicking on Actor (LMB): StaticMeshActor (BigRock1NotBroke2)
[2018.04.25-20.56.11:606][791]Cmd: CAMERA ALIGN ACTIVEVIEWPORTONLY
[2018.04.25-20.56.12:272][849]LogEditorViewport: Clicking on Actor (LMB): StaticMeshActor (WaterGrid132)
[2018.04.25-20.56.17:744][453]Cmd: OBJ SAVEPACKAGE PACKAGE="/Game/Maps/RiverDale" FILE="../../../../../Users/JoshR/Documents/GitHub/Fuse/Content/Maps/RiverDale.umap" SILENT=true AUTOSAVING=false KEEPDIRTY=false
[2018.04.25-20.56.18:101][453]LogSavePackage: Save=343.53ms
[2018.04.25-20.56.18:101][453]LogSavePackage: Moving '../../../../../Users/JoshR/Documents/GitHub/Fuse/Saved/RiverDaleB8E9D6DB478A285988F498BE6DDC6AEA.tmp' to '../../../../../Users/JoshR/Documents/GitHub/Fuse/Content/Maps/RiverDale.umap'
[2018.04.25-20.56.18:103][453]LogSavePackage:Display: Finished SavePackage ../../../../../Users/JoshR/Documents/GitHub/Fuse/Content/Maps/RiverDale.umap
[2018.04.25-20.56.20:492][730]SourceControl: Info fatal: D:/Program Files/UE_4.16/Engine/Content/: 'D:/Program Files/UE_4.16/Engine/Content/' is outside repository
[2018.04.25-20.56.26:259][730]LogSourceControl: FGitCheckInWorker: commit successful
[2018.04.25-20.56.26:312][730]SourceControl: Info [master eda3a01] Menu
[2018.04.25-20.56.26:312][730]SourceControl: Info  3 files changed, 0 insertions(+), 0 deletions(-)
[2018.04.25-20.56.26:316][730]SourceControl: Info Commited [master eda3a01] Menu.
[2018.04.25-20.56.27:470][858]LogWindowsTextInputMethodSystem:Display: IME system now deactivated.
[2018.04.25-20.56.27:645][859]Cmd: QUIT_EDITOR
[2018.04.25-20.56.27:987][859]LogExit: Preparing to exit.
[2018.04.25-20.56.29:282][859]LogDirectoryWatcher: A directory notification for 'D:/Users/JoshR/Documents/GitHub/Fuse/Content/' was aborted.
[2018.04.25-20.56.29:321][859]LogExit: Editor shut down
[2018.04.25-20.56.29:325][859]LogExit: Transaction tracking system shut down
[2018.04.25-20.56.29:425][859]LogObj: Freed 0b from 0 cluster array pools.
[2018.04.25-20.56.29:425][859]LogExit: Object subsystem successfully closed.
[2018.04.25-20.56.29:444][859]LogD3D11RHI: Shutdown
[2018.04.25-20.56.29:444][859]LogD3D11RHI: CleanupD3DDevice
[2018.04.25-20.56.29:539][859]LogD3D11RHI: ~FD3D11DynamicRHI
[2018.04.25-20.56.29:560][859]LogModuleManager: Shutting down and abandoning module SequencerWidgets (542)
[2018.04.25-20.56.29:560][859]LogModuleManager: Shutting down and abandoning module BlueprintGraph (540)
[2018.04.25-20.56.29:560][859]LogModuleManager: Shutting down and abandoning module BlueprintProfiler (538)
[2018.04.25-20.56.29:561][859]LogModuleManager: Shutting down and abandoning module MaterialEditor (536)
[2018.04.25-20.56.29:561][859]LogModuleManager: Shutting down and abandoning module MovieSceneCapture (534)
[2018.04.25-20.56.29:561][859]LogModuleManager: Shutting down and abandoning module HierarchicalLODUtilities (532)
[2018.04.25-20.56.29:561][859]LogModuleManager: Shutting down and abandoning module StaticMeshEditor (530)
[2018.04.25-20.56.29:561][859]LogModuleManager: Shutting down and abandoning module HierarchicalLODOutliner (528)
[2018.04.25-20.56.29:561][859]LogModuleManager: Shutting down and abandoning module CrashTracker (526)
[2018.04.25-20.56.29:561][859]LogModuleManager: Shutting down and abandoning module SceneOutliner (524)
[2018.04.25-20.56.29:561][859]LogModuleManager: Shutting down and abandoning module AddContentDialog (522)
[2018.04.25-20.56.29:561][859]LogDirectoryWatcher: A directory notification for 'D:/Program Files/UE_4.16/FeaturePacks/' was aborted.
[2018.04.25-20.56.29:562][859]LogModuleManager: Shutting down and abandoning module WidgetCarousel (521)
[2018.04.25-20.56.29:562][859]LogModuleManager: Shutting down and abandoning module EditorWidgets (518)
[2018.04.25-20.56.29:562][859]LogModuleManager: Shutting down and abandoning module CollectionManager (516)
[2018.04.25-20.56.29:562][859]LogDirectoryWatcher: A directory notification for 'D:/Users/JoshR/Documents/GitHub/Fuse/Content/Collections/' was aborted.
[2018.04.25-20.56.29:562][859]LogDirectoryWatcher: A directory notification for 'D:/Users/JoshR/Documents/GitHub/Fuse/Content/Developers/JoshR/Collections/' was aborted.
[2018.04.25-20.56.29:562][859]LogDirectoryWatcher: A directory notification for 'D:/Users/JoshR/Documents/GitHub/Fuse/Saved/Collections/' was aborted.
[2018.04.25-20.56.29:562][859]LogModuleManager: Shutting down and abandoning module StatsViewer (514)
[2018.04.25-20.56.29:562][859]LogModuleManager: Shutting down and abandoning module FoliageEdit (512)
[2018.04.25-20.56.29:562][859]LogModuleManager: Shutting down and abandoning module LandscapeEditor (510)
[2018.04.25-20.56.29:562][859]LogModuleManager: Shutting down and abandoning module MeshPaintMode (508)
[2018.04.25-20.56.29:562][859]LogModuleManager: Shutting down and abandoning module SceneDepthPickerMode (506)
[2018.04.25-20.56.29:562][859]LogModuleManager: Shutting down and abandoning module ActorPickerMode (504)
[2018.04.25-20.56.29:562][859]LogModuleManager: Shutting down and abandoning module GeometryMode (502)
[2018.04.25-20.56.29:562][859]LogModuleManager: Shutting down and abandoning module TextureAlignMode (500)
[2018.04.25-20.56.29:562][859]LogModuleManager: Shutting down and abandoning module BspMode (498)
[2018.04.25-20.56.29:562][859]LogModuleManager: Shutting down and abandoning module HardwareSurvey (496)
[2018.04.25-20.56.29:562][859]LogModuleManager: Shutting down and abandoning module SequenceRecorderSections (494)
[2018.04.25-20.56.29:562][859]LogModuleManager: Shutting down and abandoning module AutomationWorker (492)
[2018.04.25-20.56.29:562][859]LogModuleManager: Shutting down and abandoning module MatineeToLevelSequence (490)
[2018.04.25-20.56.29:562][859]LogModuleManager: Shutting down and abandoning module LevelSequenceEditor (488)
[2018.04.25-20.56.29:562][859]LogModuleManager: Shutting down and abandoning module PlacementMode (487)
[2018.04.25-20.56.29:562][859]LogModuleManager: Shutting down and abandoning module WmfMediaFactory (484)
[2018.04.25-20.56.29:562][859]LogModuleManager: Shutting down and abandoning module WmfMediaEditor (482)
[2018.04.25-20.56.29:562][859]LogModuleManager: Shutting down and abandoning module AvfMediaFactory (480)
[2018.04.25-20.56.29:562][859]LogModuleManager: Shutting down and abandoning module AvfMediaEditor (478)
[2018.04.25-20.56.29:562][859]LogModuleManager: Shutting down and abandoning module AndroidMediaFactory (476)
[2018.04.25-20.56.29:562][859]LogModuleManager: Shutting down and abandoning module Media (475)
[2018.04.25-20.56.29:562][859]LogModuleManager: Shutting down and abandoning module AndroidMediaEditor (472)
[2018.04.25-20.56.29:562][859]LogModuleManager: Shutting down and abandoning module CharacterAI (470)
[2018.04.25-20.56.29:562][859]LogModuleManager: Shutting down and abandoning module AudioCapture (468)
[2018.04.25-20.56.29:562][859]LogModuleManager: Shutting down and abandoning module SequenceRecorder (467)
[2018.04.25-20.56.29:562][859]LogModuleManager: Shutting down and abandoning module SmartSnapping (464)
[2018.04.25-20.56.29:562][859]LogModuleManager: Shutting down and abandoning module SessionServices (462)
[2018.04.25-20.56.29:562][859]LogModuleManager: Shutting down and abandoning module ViewportSnapping (460)
[2018.04.25-20.56.29:562][859]LogModuleManager: Shutting down and abandoning module ViewportInteraction (458)
[2018.04.25-20.56.29:562][859]LogModuleManager: Shutting down and abandoning module ClothPainter (456)
[2018.04.25-20.56.29:562][859]LogModuleManager: Shutting down and abandoning module LogVisualizer (454)
[2018.04.25-20.56.29:562][859]LogModuleManager: Shutting down and abandoning module IntroTutorials (452)
[2018.04.25-20.56.29:562][859]LogModuleManager: Shutting down and abandoning module GameProjectGeneration (451)
[2018.04.25-20.56.29:562][859]LogModuleManager: Shutting down and abandoning module EditorLiveStreaming (448)
[2018.04.25-20.56.29:562][859]LogModuleManager: Shutting down and abandoning module IOSPlatformEditor (446)
[2018.04.25-20.56.29:562][859]LogModuleManager: Shutting down and abandoning module HTML5PlatformEditor (444)
[2018.04.25-20.56.29:562][859]LogModuleManager: Shutting down and abandoning module AndroidPlatformEditor (442)
[2018.04.25-20.56.29:562][859]LogModuleManager: Shutting down and abandoning module AndroidDeviceDetection (441)
[2018.04.25-20.56.29:993][859]LogModuleManager: Shutting down and abandoning module IOSRuntimeSettings (438)
[2018.04.25-20.56.29:993][859]LogModuleManager: Shutting down and abandoning module AndroidRuntimeSettings (436)
[2018.04.25-20.56.29:993][859]LogModuleManager: Shutting down and abandoning module InputBindingEditor (434)
[2018.04.25-20.56.29:993][859]LogModuleManager: Shutting down and abandoning module MergeActors (432)
[2018.04.25-20.56.29:993][859]LogModuleManager: Shutting down and abandoning module SizeMap (430)
[2018.04.25-20.56.29:993][859]LogModuleManager: Shutting down and abandoning module TreeMap (428)
[2018.04.25-20.56.29:993][859]LogModuleManager: Shutting down and abandoning module ReferenceViewer (426)
[2018.04.25-20.56.29:993][859]LogModuleManager: Shutting down and abandoning module LocalizationDashboard (424)
[2018.04.25-20.56.29:993][859]LogModuleManager: Shutting down and abandoning module LocalizationService (423)
[2018.04.25-20.56.29:993][859]LogModuleManager: Shutting down and abandoning module HardwareTargeting (420)
[2018.04.25-20.56.29:993][859]LogModuleManager: Shutting down and abandoning module DeviceProfileEditor (418)
[2018.04.25-20.56.29:993][859]LogModuleManager: Shutting down and abandoning module UndoHistory (416)
[2018.04.25-20.56.29:993][859]LogModuleManager: Shutting down and abandoning module UserFeedback (414)
[2018.04.25-20.56.29:993][859]LogModuleManager: Shutting down and abandoning module XmlParser (412)
[2018.04.25-20.56.29:993][859]LogModuleManager: Shutting down and abandoning module Blutility (410)
[2018.04.25-20.56.29:993][859]LogModuleManager: Shutting down and abandoning module ProjectSettingsViewer (408)
[2018.04.25-20.56.29:993][859]LogModuleManager: Shutting down and abandoning module ProjectTargetPlatformEditor (407)
[2018.04.25-20.56.29:993][859]LogModuleManager: Shutting down and abandoning module EditorSettingsViewer (404)
[2018.04.25-20.56.29:993][859]LogModuleManager: Shutting down and abandoning module SettingsEditor (402)
[2018.04.25-20.56.29:994][859]LogModuleManager: Shutting down and abandoning module ProjectLauncher (400)
[2018.04.25-20.56.29:994][859]LogModuleManager: Shutting down and abandoning module SessionFrontend (398)
[2018.04.25-20.56.29:994][859]LogModuleManager: Shutting down and abandoning module ProfilerClient (396)
[2018.04.25-20.56.29:994][859]LogModuleManager: Shutting down and abandoning module DeviceManager (394)
[2018.04.25-20.56.29:994][859]LogModuleManager: Shutting down and abandoning module TargetDeviceServices (393)
[2018.04.25-20.56.30:383][859]LogModuleManager: Shutting down and abandoning module AutomationController (390)
[2018.04.25-20.56.30:383][859]LogModuleManager: Shutting down and abandoning module AutomationWindow (388)
[2018.04.25-20.56.30:383][859]LogModuleManager: Shutting down and abandoning module Layers (386)
[2018.04.25-20.56.30:383][859]LogModuleManager: Shutting down and abandoning module ComponentVisualizers (384)
[2018.04.25-20.56.30:383][859]LogModuleManager: Shutting down and abandoning module DetailCustomizations (382)
[2018.04.25-20.56.30:383][859]LogModuleManager: Shutting down and abandoning module PackagesDialog (380)
[2018.04.25-20.56.30:387][859]LogModuleManager: Shutting down and abandoning module Persona (378)
[2018.04.25-20.56.30:387][859]LogModuleManager: Shutting down and abandoning module AdvancedPreviewScene (377)
[2018.04.25-20.56.30:387][859]LogModuleManager: Shutting down and abandoning module AnimGraph (375)
[2018.04.25-20.56.30:387][859]LogModuleManager: Shutting down and abandoning module Kismet (372)
[2018.04.25-20.56.30:419][859]LogModuleManager: Shutting down and abandoning module ClassViewer (370)
[2018.04.25-20.56.30:419][859]LogModuleManager: Shutting down and abandoning module Toolbox (368)
[2018.04.25-20.56.30:419][859]LogModuleManager: Shutting down and abandoning module ModuleUI (366)
[2018.04.25-20.56.30:419][859]LogModuleManager: Shutting down and abandoning module MovieSceneTools (364)
[2018.04.25-20.56.30:419][859]LogModuleManager: Shutting down and abandoning module OutputLog (362)
[2018.04.25-20.56.30:419][859]LogModuleManager: Shutting down and abandoning module GammaUI (360)
[2018.04.25-20.56.30:419][859]LogModuleManager: Shutting down and abandoning module Documentation (358)
[2018.04.25-20.56.30:419][859]LogModuleManager: Shutting down and abandoning module MovieSceneTracks (356)
[2018.04.25-20.56.30:419][859]LogModuleManager: Shutting down and abandoning module MovieScene (354)
[2018.04.25-20.56.30:419][859]LogModuleManager: Shutting down and abandoning module Niagara (352)
[2018.04.25-20.56.30:419][859]LogModuleManager: Shutting down and abandoning module NiagaraEditor (351)
[2018.04.25-20.56.30:419][859]LogModuleManager: Shutting down and abandoning module StreamingPauseRendering (348)
[2018.04.25-20.56.30:419][859]LogModuleManager: Shutting down and abandoning module AnalyticsET (346)
[2018.04.25-20.56.30:419][859]LogModuleManager: Shutting down and abandoning module PortalServices (344)
[2018.04.25-20.56.30:419][859]LogModuleManager: Shutting down and abandoning module PortalRpc (342)
[2018.04.25-20.56.30:419][859]LogModuleManager: Shutting down and abandoning module MessagingRpc (340)
[2018.04.25-20.56.30:419][859]LogModuleManager: Shutting down and abandoning module AIModule (338)
[2018.04.25-20.56.30:419][859]LogModuleManager: Shutting down and abandoning module GameplayDebugger (337)
[2018.04.25-20.56.30:419][859]LogModuleManager: Shutting down and abandoning module AITestSuite (335)
[2018.04.25-20.56.30:419][859]LogModuleManager: Shutting down and abandoning module ProfilerService (332)
[2018.04.25-20.56.30:420][859]LogModuleManager: Shutting down and abandoning module TaskGraph (330)
[2018.04.25-20.56.30:420][859]LogModuleManager: Shutting down and abandoning module SubstanceEditor (328)
[2018.04.25-20.56.30:420][859]LogModuleManager: Shutting down and abandoning module SteamVRController (326)
[2018.04.25-20.56.30:420][859]LogModuleManager: Shutting down and abandoning module SteamVR (324)
[2018.04.25-20.56.30:421][859]LogModuleManager: Shutting down and abandoning module ProceduralMeshComponentEditor (322)
[2018.04.25-20.56.30:421][859]LogModuleManager: Shutting down and abandoning module ProceduralMeshComponent (320)
[2018.04.25-20.56.30:421][859]LogModuleManager: Shutting down and abandoning module OculusLibrary (318)
[2018.04.25-20.56.30:421][859]LogModuleManager: Shutting down and abandoning module OculusInput (316)
[2018.04.25-20.56.30:421][859]LogModuleManager: Shutting down and abandoning module MobilePatchingUtils (314)
[2018.04.25-20.56.30:421][859]LogModuleManager: Shutting down and abandoning module CustomMeshComponent (312)
[2018.04.25-20.56.30:421][859]LogModuleManager: Shutting down and abandoning module CableComponent (310)
[2018.04.25-20.56.30:421][859]LogModuleManager: Shutting down and abandoning module ArchVisCharacter (308)
[2018.04.25-20.56.30:421][859]LogModuleManager: Shutting down and abandoning module AndroidPermission (306)
[2018.04.25-20.56.30:421][859]LogModuleManager: Shutting down and abandoning module MediaPlayerEditor (302)
[2018.04.25-20.56.30:421][859]LogModuleManager: Shutting down and abandoning module HTML5Networking (300)
[2018.04.25-20.56.30:421][859]LogModuleManager: Shutting down and abandoning module AlembicImporter (298)
[2018.04.25-20.56.30:421][859]LogModuleManager: Shutting down and abandoning module AlembicLibrary (297)
[2018.04.25-20.56.30:421][859]LogModuleManager: Shutting down and abandoning module GeometryCache (296)
[2018.04.25-20.56.30:421][859]LogModuleManager: Shutting down and abandoning module GeometryCacheEd (295)
[2018.04.25-20.56.30:421][859]LogModuleManager: Shutting down and abandoning module SuperSearchEditor (290)
[2018.04.25-20.56.30:421][859]LogModuleManager: Shutting down and abandoning module SuperSearch (289)
[2018.04.25-20.56.30:421][859]LogModuleManager: Shutting down and abandoning module SpeedTreeImporter (286)
[2018.04.25-20.56.30:421][859]LogModuleManager: Shutting down and abandoning module PluginBrowser (284)
[2018.04.25-20.56.30:421][859]LogModuleManager: Shutting down and abandoning module MobileLauncherProfileWizard (282)
[2018.04.25-20.56.30:421][859]LogModuleManager: Shutting down and abandoning module VisualStudioSourceCodeAccess (280)
[2018.04.25-20.56.30:421][859]LogModuleManager: Shutting down and abandoning module DesktopPlatform (279)
[2018.04.25-20.56.30:421][859]LogModuleManager: Shutting down and abandoning module UObjectPlugin (276)
[2018.04.25-20.56.30:421][859]LogModuleManager: Shutting down and abandoning module SubversionSourceControl (274)
[2018.04.25-20.56.30:421][859]LogModuleManager: Shutting down and abandoning module PerforceSourceControl (272)
[2018.04.25-20.56.30:421][859]LogModuleManager: Shutting down and abandoning module GitSourceControl (270)
[2018.04.25-20.56.30:421][859]LogModuleManager: Shutting down and abandoning module SourceControl (269)
[2018.04.25-20.56.30:421][859]LogModuleManager: Shutting down and abandoning module LightPropagationVolumeEditor (266)
[2018.04.25-20.56.30:421][859]LogModuleManager: Shutting down and abandoning module PaperTiledImporter (264)
[2018.04.25-20.56.30:421][859]LogModuleManager: Shutting down and abandoning module PaperSpriteSheetImporter (262)
[2018.04.25-20.56.30:421][859]LogModuleManager: Shutting down and abandoning module Paper2DEditor (260)
[2018.04.25-20.56.30:421][859]LogModuleManager: Shutting down and abandoning module MeshPaint (259)
[2018.04.25-20.56.30:421][859]LogModuleManager: Shutting down and abandoning module LevelEditor (257)
[2018.04.25-20.56.30:421][859]LogModuleManager: Shutting down and abandoning module PixelInspectorModule (256)
[2018.04.25-20.56.30:421][859]LogModuleManager: Shutting down and abandoning module MainFrame (254)
[2018.04.25-20.56.30:422][859]LogModuleManager: Shutting down and abandoning module HotReload (253)
[2018.04.25-20.56.30:422][859]LogModuleManager: Shutting down and abandoning module PhysXVehiclesEditor (248)
[2018.04.25-20.56.30:422][859]LogModuleManager: Shutting down and abandoning module PhysXVehicles (246)
[2018.04.25-20.56.30:422][859]LogModuleManager: Shutting down and abandoning module LocationServicesBPLibrary (244)
[2018.04.25-20.56.30:422][859]LogModuleManager: Shutting down and abandoning module ImmediatePhysicsEditor (242)
[2018.04.25-20.56.30:422][859]LogModuleManager: Shutting down and abandoning module ImmediatePhysics (240)
[2018.04.25-20.56.30:422][859]LogModuleManager: Shutting down and abandoning module UdpMessaging (238)
[2018.04.25-20.56.30:522][859]LogModuleManager: Shutting down and abandoning module TcpMessaging (236)
[2018.04.25-20.56.30:623][859]LogModuleManager: Shutting down and abandoning module SubstanceCore (234)
[2018.04.25-20.56.30:623][859]LogModuleManager: Shutting down and abandoning module GameplayTagsEditor (232)
[2018.04.25-20.56.30:623][859]LogModuleManager: Shutting down and abandoning module FacialAnimationEditor (230)
[2018.04.25-20.56.30:623][859]LogModuleManager: Shutting down and abandoning module FacialAnimation (228)
[2018.04.25-20.56.30:623][859]LogModuleManager: Shutting down and abandoning module AssetManagerEditor (226)
[2018.04.25-20.56.30:623][859]LogModuleManager: Shutting down and abandoning module GraphEditor (225)
[2018.04.25-20.56.30:623][859]LogModuleManager: Shutting down and abandoning module ContentBrowser (223)
[2018.04.25-20.56.30:623][859]LogModuleManager: Shutting down and abandoning module LightPropagationVolumeRuntime (220)
[2018.04.25-20.56.30:623][859]LogModuleManager: Shutting down and abandoning module Paper2D (218)
[2018.04.25-20.56.30:623][859]LogModuleManager: Shutting down and abandoning module WindowsMoviePlayer (216)
[2018.04.25-20.56.30:623][859]LogModuleManager: Shutting down and abandoning module WmfMedia (214)
[2018.04.25-20.56.30:627][859]LogModuleManager: Shutting down and abandoning module ClothingSystemEditor (212)
[2018.04.25-20.56.30:627][859]LogModuleManager: Shutting down and abandoning module ClothingSystemRuntime (210)
[2018.04.25-20.56.30:627][859]LogModuleManager: Shutting down and abandoning module MediaAssets (208)
[2018.04.25-20.56.30:627][859]LogModuleManager: Shutting down and abandoning module GameLiveStreaming (206)
[2018.04.25-20.56.30:627][859]LogModuleManager: Shutting down and abandoning module VREditor (204)
[2018.04.25-20.56.30:627][859]LogModuleManager: Shutting down and abandoning module StringTableEditor (202)
[2018.04.25-20.56.30:627][859]LogModuleManager: Shutting down and abandoning module GameplayTasksEditor (200)
[2018.04.25-20.56.30:627][859]LogModuleManager: Shutting down and abandoning module BehaviorTreeEditor (198)
[2018.04.25-20.56.30:627][859]LogModuleManager: Shutting down and abandoning module FunctionalTesting (196)
[2018.04.25-20.56.30:627][859]LogModuleManager: Shutting down and abandoning module CollisionAnalyzer (194)
[2018.04.25-20.56.30:627][859]LogModuleManager: Shutting down and abandoning module UMG (192)
[2018.04.25-20.56.30:627][859]LogModuleManager: Shutting down and abandoning module UMGEditor (191)
[2018.04.25-20.56.30:627][859]LogModuleManager: Shutting down and abandoning module Sequencer (190)
[2018.04.25-20.56.30:627][859]LogModuleManager: Shutting down and abandoning module AssetTools (188)
[2018.04.25-20.56.30:627][859]LogModuleManager: Shutting down and abandoning module MessageLog (187)
[2018.04.25-20.56.30:627][859]LogModuleManager: Shutting down and abandoning module WorkspaceMenuStructure (186)
[2018.04.25-20.56.30:627][859]LogModuleManager: Shutting down and abandoning module SlateReflector (180)
[2018.04.25-20.56.30:627][859]LogModuleManager: Shutting down and abandoning module Slate (178)
[2018.04.25-20.56.30:627][859]LogModuleManager: Shutting down and abandoning module EditorStyle (176)
[2018.04.25-20.56.30:628][859]LogModuleManager: Shutting down and abandoning module SourceCodeAccess (174)
[2018.04.25-20.56.30:628][859]LogModuleManager: Shutting down and abandoning module HeadMountedDisplay (172)
[2018.04.25-20.56.30:628][859]LogModuleManager: Shutting down and abandoning module XAudio2 (170)
[2018.04.25-20.56.30:628][859]LogModuleManager: Shutting down and abandoning module Networking (168)
[2018.04.25-20.56.30:628][859]LogModuleManager: Shutting down and abandoning module Core (164)
[2018.04.25-20.56.30:628][859]LogModuleManager: Shutting down and abandoning module AssetRegistry (162)
[2018.04.25-20.56.30:763][859]LogDirectoryWatcher: A directory notification for '../../../Engine/Content/' was aborted.
[2018.04.25-20.56.30:763][859]LogDirectoryWatcher: A directory notification for '../../../../../Users/JoshR/Documents/GitHub/Fuse/Content/' was aborted.
[2018.04.25-20.56.30:763][859]LogDirectoryWatcher: A directory notification for '../../../Engine/Plugins/2D/Paper2D/Content/' was aborted.
[2018.04.25-20.56.30:763][859]LogDirectoryWatcher: A directory notification for '../../../Engine/Plugins/Runtime/GearVR/Content/' was aborted.
[2018.04.25-20.56.30:765][859]LogModuleManager: Shutting down and abandoning module DirectoryWatcher (161)
[2018.04.25-20.56.30:765][859]LogModuleManager: Shutting down and abandoning module KismetCompiler (158)
[2018.04.25-20.56.30:765][859]LogModuleManager: Shutting down and abandoning module LevelSequence (156)
[2018.04.25-20.56.30:765][859]LogModuleManager: Shutting down and abandoning module PhysXFormats (154)
[2018.04.25-20.56.30:765][859]LogModuleManager: Shutting down and abandoning module MeshUtilities (152)
[2018.04.25-20.56.30:765][859]LogModuleManager: Shutting down and abandoning module SimplygonSwarm (151)
[2018.04.25-20.56.30:765][859]LogModuleManager: Shutting down and abandoning module SimplygonMeshReduction (149)
[2018.04.25-20.56.30:765][859]LogModuleManager: Shutting down and abandoning module QuadricMeshReduction (147)
[2018.04.25-20.56.30:765][859]LogModuleManager: Shutting down and abandoning module DerivedDataCache (144)
[2018.04.25-20.56.30:836][859]LogDerivedDataCache: Shutdown
[2018.04.25-20.56.30:836][859]LogModuleManager: Shutting down and abandoning module TargetPlatform (142)
[2018.04.25-20.56.30:836][859]LogModuleManager: Shutting down and abandoning module VulkanShaderFormat (141)
[2018.04.25-20.56.30:836][859]LogModuleManager: Shutting down and abandoning module ShaderFormatVectorVM (139)
[2018.04.25-20.56.30:836][859]LogModuleManager: Shutting down and abandoning module ShaderFormatOpenGL (137)
[2018.04.25-20.56.30:836][859]LogModuleManager: Shutting down and abandoning module ShaderFormatD3D (135)
[2018.04.25-20.56.30:836][859]LogModuleManager: Shutting down and abandoning module MetalShaderFormat (133)
[2018.04.25-20.56.30:836][859]LogModuleManager: Shutting down and abandoning module TextureFormatUncompressed (131)
[2018.04.25-20.56.30:836][859]LogModuleManager: Shutting down and abandoning module TextureFormatPVR (129)
[2018.04.25-20.56.30:836][859]LogModuleManager: Shutting down and abandoning module TextureFormatDXT (127)
[2018.04.25-20.56.30:836][859]LogModuleManager: Shutting down and abandoning module TextureFormatIntelISPCTexComp (125)
[2018.04.25-20.56.30:836][859]LogModuleManager: Shutting down and abandoning module TextureFormatASTC (123)
[2018.04.25-20.56.30:836][859]LogModuleManager: Shutting down and abandoning module ImageWrapper (122)
[2018.04.25-20.56.30:836][859]LogModuleManager: Shutting down and abandoning module TextureFormatAndroid (119)
[2018.04.25-20.56.30:836][859]LogModuleManager: Shutting down and abandoning module AudioFormatOpus (117)
[2018.04.25-20.56.30:836][859]LogModuleManager: Shutting down and abandoning module AudioFormatOgg (115)
[2018.04.25-20.56.30:836][859]LogModuleManager: Shutting down and abandoning module AudioFormatADPCM (113)
[2018.04.25-20.56.30:836][859]LogModuleManager: Shutting down and abandoning module LinuxTargetPlatform (111)
[2018.04.25-20.56.30:836][859]LogModuleManager: Shutting down and abandoning module LinuxServerTargetPlatform (109)
[2018.04.25-20.56.30:836][859]LogModuleManager: Shutting down and abandoning module LinuxNoEditorTargetPlatform (107)
[2018.04.25-20.56.30:836][859]LogModuleManager: Shutting down and abandoning module LinuxClientTargetPlatform (105)
[2018.04.25-20.56.30:836][859]LogModuleManager: Shutting down and abandoning module TVOSTargetPlatform (103)
[2018.04.25-20.56.30:836][859]LogModuleManager: Shutting down and abandoning module Messaging (101)
[2018.04.25-20.56.30:836][859]LogModuleManager: Shutting down and abandoning module IOSTargetPlatform (99)
[2018.04.25-20.56.30:836][859]LogModuleManager: Shutting down and abandoning module HTML5TargetPlatform (97)
[2018.04.25-20.56.30:836][859]LogModuleManager: Shutting down and abandoning module Android_PVRTCTargetPlatform (95)
[2018.04.25-20.56.30:836][859]LogModuleManager: Shutting down and abandoning module Android_MultiTargetPlatform (93)
[2018.04.25-20.56.30:836][859]LogModuleManager: Shutting down and abandoning module Android_ETC2TargetPlatform (91)
[2018.04.25-20.56.30:836][859]LogModuleManager: Shutting down and abandoning module Android_ETC1TargetPlatform (89)
[2018.04.25-20.56.30:836][859]LogModuleManager: Shutting down and abandoning module Android_DXTTargetPlatform (87)
[2018.04.25-20.56.30:836][859]LogModuleManager: Shutting down and abandoning module Android_ATCTargetPlatform (85)
[2018.04.25-20.56.30:836][859]LogModuleManager: Shutting down and abandoning module Android_ASTCTargetPlatform (83)
[2018.04.25-20.56.30:836][859]LogModuleManager: Shutting down and abandoning module AndroidTargetPlatform (81)
[2018.04.25-20.56.30:836][859]LogModuleManager: Shutting down and abandoning module WindowsTargetPlatform (79)
[2018.04.25-20.56.30:836][859]LogModuleManager: Shutting down and abandoning module WindowsServerTargetPlatform (77)
[2018.04.25-20.56.30:836][859]LogModuleManager: Shutting down and abandoning module WindowsNoEditorTargetPlatform (75)
[2018.04.25-20.56.30:836][859]LogModuleManager: Shutting down and abandoning module WindowsClientTargetPlatform (73)
[2018.04.25-20.56.30:836][859]LogModuleManager: Shutting down and abandoning module MacTargetPlatform (71)
[2018.04.25-20.56.30:836][859]LogModuleManager: Shutting down and abandoning module MacServerTargetPlatform (69)
[2018.04.25-20.56.30:836][859]LogModuleManager: Shutting down and abandoning module MacNoEditorTargetPlatform (67)
[2018.04.25-20.56.30:836][859]LogModuleManager: Shutting down and abandoning module MacClientTargetPlatform (65)
[2018.04.25-20.56.30:836][859]LogModuleManager: Shutting down and abandoning module AllDesktopTargetPlatform (63)
[2018.04.25-20.56.30:836][859]LogModuleManager: Shutting down and abandoning module InputCore (60)
[2018.04.25-20.56.30:836][859]LogModuleManager: Shutting down and abandoning module Settings (58)
[2018.04.25-20.56.30:836][859]LogModuleManager: Shutting down and abandoning module OculusRift (56)
[2018.04.25-20.56.30:836][859]LogModuleManager: Shutting down and abandoning module GearVRController (54)
[2018.04.25-20.56.30:836][859]LogModuleManager: Shutting down and abandoning module GearVR (52)
[2018.04.25-20.56.30:836][859]LogModuleManager: Shutting down and abandoning module ExampleDeviceProfileSelector (50)
[2018.04.25-20.56.30:836][859]LogModuleManager: Shutting down and abandoning module OnlineBlueprintSupport (48)
[2018.04.25-20.56.30:836][859]LogModuleManager: Shutting down and abandoning module OnlineSubsystem (44)
[2018.04.25-20.56.30:836][859]LogOnline:Display: Unloading online subsystem: NULL
[2018.04.25-20.56.30:836][859]LogModuleManager: Shutting down and abandoning module XMPP (43)
[2018.04.25-20.56.30:836][859]LogModuleManager: Shutting down and abandoning module HTTP (41)
[2018.04.25-20.56.30:836][859]LogHttp:Display: Http module shutting down, but needs to wait on 1 outstanding Http requests:
[2018.04.25-20.56.30:836][859]LogHttp:Display: 	verb=[POST] url=[https://datarouter.ol.epicgames.com/datarouter/api/v1/public/data?SessionID=%7B3594A058-4A36-DAF3-67A6-F489F4278A53%7D&AppID=UEEditor.Rocket.Release&AppVersion=4.16.3-3561208%2B%2B%2BUE4%2BRelease-4.16&UserID=f0737b824c736c28631198aee30172af%7C8019e3778a0b4ba78522874ce4acdb0a%7C8a4654aa-9b80-41bd-a943-1725ad37d445&AppEnvironment=datacollector-binary&UploadType=eteventstream] status=Processing
[2018.04.25-20.56.30:844][859]LogModuleManager: Shutting down and abandoning module SSL (40)
[2018.04.25-20.56.30:845][859]LogModuleManager: Shutting down and abandoning module HTTPChunkInstaller (36)
[2018.04.25-20.56.30:845][859]LogModuleManager: Shutting down and abandoning module AnimationModifiers (34)
[2018.04.25-20.56.30:845][859]LogModuleManager: Shutting down and abandoning module PropertyEditor (33)
[2018.04.25-20.56.30:845][859]LogModuleManager: Shutting down and abandoning module AudioEditor (30)
[2018.04.25-20.56.30:845][859]LogModuleManager: Shutting down and abandoning module TextureCompressor (28)
[2018.04.25-20.56.30:845][859]LogModuleManager: Shutting down and abandoning module ShaderCore (26)
[2018.04.25-20.56.30:845][859]LogModuleManager: Shutting down and abandoning module Landscape (24)
[2018.04.25-20.56.30:845][859]LogModuleManager: Shutting down and abandoning module SlateRHIRenderer (22)
[2018.04.25-20.56.30:846][859]LogModuleManager: Shutting down and abandoning module OpenGLDrv (20)
[2018.04.25-20.56.30:846][859]LogModuleManager: Shutting down and abandoning module D3D11RHI (18)
[2018.04.25-20.56.30:846][859]LogModuleManager: Shutting down and abandoning module AnimGraphRuntime (16)
[2018.04.25-20.56.30:846][859]LogModuleManager: Shutting down and abandoning module Renderer (14)
[2018.04.25-20.56.30:846][859]LogModuleManager: Shutting down and abandoning module Engine (12)
[2018.04.25-20.56.30:846][859]LogModuleManager: Shutting down and abandoning module CoreUObject (10)
[2018.04.25-20.56.30:846][859]LogModuleManager: Shutting down and abandoning module NetworkFile (8)
[2018.04.25-20.56.30:846][859]LogModuleManager: Shutting down and abandoning module StreamingFile (6)
[2018.04.25-20.56.30:846][859]LogModuleManager: Shutting down and abandoning module SandboxFile (4)
[2018.04.25-20.56.30:846][859]LogModuleManager: Shutting down and abandoning module PakFile (2)
[2018.04.25-20.56.30:849][859]LogExit: Exiting.
[2018.04.25-20.56.30:862][859]Log file closed, 04/25/18 21:56:30
