Log file open, 04/20/18 10:44:31
LogInit:Display: Running engine for game: RPG_Game
LogPlatformFile: Not using cached read wrapper
LogInit:Display: RandInit(1321384045) SRandInit(1321384045).
LogTaskGraph: Started task graph with 5 named threads and 12 total threads with 1 sets of task threads.
LogStats: Stats thread started at 0.597723
LogInit: Using libcurl 7.47.1
LogInit:  - built for x86_64-pc-win32
LogInit:  - supports SSL with OpenSSL/1.0.2g
LogInit:  - supports HTTP deflate (compression) using libz 1.2.8
LogInit:  - other features:
LogInit:      CURL_VERSION_SSL
LogInit:      CURL_VERSION_LIBZ
LogInit:      CURL_VERSION_IPV6
LogInit:      CURL_VERSION_ASYNCHDNS
LogInit:      CURL_VERSION_LARGEFILE
LogInit:      CURL_VERSION_IDN
LogInit:  CurlRequestOptions (configurable via config and command line):
LogInit:  - bVerifyPeer = false  - Libcurl will NOT verify peer certificate
LogInit:  - bUseHttpProxy = false  - Libcurl will NOT use HTTP proxy
LogInit:  - bDontReuseConnections = false  - Libcurl will reuse connections
LogInit:  - CertBundlePath = nullptr  - Libcurl will use whatever was configured at build time.
LogInit: Build: ++UE4+Release-4.16-CL-3561208
LogInit: Engine Version: 4.16.3-3561208+++UE4+Release-4.16
LogInit: Compatible Engine Version: 4.16.0-3452394+++UE4+Release-4.16
LogInit: Net CL: 3452394
LogDevObjectVersion: Number of dev versions registered: 16
LogDevObjectVersion:   Dev-Blueprints (B0D832E4-1F89-4F0D-ACCF-7EB736FD4AA2): 9
LogDevObjectVersion:   Dev-Build (E1C64328-A22C-4D53-A36C-8E866417BD8C): 0
LogDevObjectVersion:   Dev-Core (375EC13C-06E4-48FB-B500-84F0262A717E): 2
LogDevObjectVersion:   Dev-Editor (E4B068ED-F494-42E9-A231-DA0B2E46BB41): 17
LogDevObjectVersion:   Dev-Framework (CFFC743F-43B0-4480-9391-14DF171D2073): 23
LogDevObjectVersion:   Dev-Mobile (B02B49B5-BB20-44E9-A304-32B752E40360): 0
LogDevObjectVersion:   Dev-Networking (A4E4105C-59A1-49B5-A7C5-40C4547EDFEE): 0
LogDevObjectVersion:   Dev-Online (39C831C9-5AE6-47DC-9A44-9C173E1C8E7C): 0
LogDevObjectVersion:   Dev-Physics (78F01B33-EBEA-4F98-B9B4-84EACCB95AA2): 0
LogDevObjectVersion:   Dev-Platform (6631380F-2D4D-43E0-8009-CF276956A95A): 0
LogDevObjectVersion:   Dev-Rendering (12F88B9F-8875-4AFC-A67C-D90C383ABD29): 15
LogDevObjectVersion:   Dev-Sequencer (7B5AE74C-D270-4C10-A958-57980B212A5A): 4
LogDevObjectVersion:   Dev-VR (D7296918-1DD6-4BDD-9DE2-64A83CC13884): 0
LogDevObjectVersion:   Dev-LoadTimes (C2A15278-BFE7-4AFE-6C17-90FF531DF755): 1
LogDevObjectVersion:   Private-Geometry (6EACA3D4-40EC-4CC1-B786-8BED09428FC5): 1
LogDevObjectVersion:   Dev-AnimPhys (29E575DD-E0A3-4627-9D10-D276232CDCEA): 3
LogInit: Compiled (64-bit): Jul 28 2017 11:49:47
LogInit: Compiled with Visual C++: 19.00.24215.01
LogInit: Build Configuration: Development
LogInit: Branch Name: ++UE4+Release-4.16
LogInit: Command line:  
LogInit: Base directory: C:/Program Files/Epic Games/UE_4.16/Engine/Binaries/Win64/
LogInit: Installed Engine Build: 1
LogInit: Presizing for max 8388607 objects, including 0 objects not considered by GC, pre-allocating 0 bytes for permanent pool.
LogInit: Object subsystem initialized
[2018.04.20-09.44.32:444][  0]LogInit: Selected Device Profile: [Windows]
[2018.04.20-09.44.32:444][  0]LogInit: Applying CVar settings loaded from the selected device profile: [Windows]
[2018.04.20-09.44.32:588][  0]LogInit: Computer: SONOFMORT
[2018.04.20-09.44.32:588][  0]LogInit: User: Jordan
[2018.04.20-09.44.32:588][  0]LogInit: CPU Page size=4096, Cores=8
[2018.04.20-09.44.32:588][  0]LogInit: High frequency timer resolution =3.125000 MHz
[2018.04.20-09.44.32:589][  0]LogMemory: Memory total: Physical=8.0GB (8GB approx)
[2018.04.20-09.44.32:589][  0]LogMemory: Platform Memory Stats for Windows
[2018.04.20-09.44.32:589][  0]LogMemory: Process Physical Memory: 276.64 MB used, 276.64 MB peak
[2018.04.20-09.44.32:589][  0]LogMemory: Process Virtual Memory: 261.59 MB used, 261.59 MB peak
[2018.04.20-09.44.32:589][  0]LogMemory: Physical Memory: 4381.05 MB used,  3766.18 MB free, 8147.22 MB total
[2018.04.20-09.44.32:589][  0]LogMemory: Virtual Memory: 668.00 MB used,  3766.18 MB free, 134217728.00 MB total
[2018.04.20-09.44.32:777][  0]LogInit: Using OS detected language (en-GB).
[2018.04.20-09.44.32:777][  0]LogInit: Using OS detected locale (en-GB).
[2018.04.20-09.44.32:789][  0]LogTextLocalizationManager: No specific localization for 'en-GB' exists, so the 'en' localization will be used.
[2018.04.20-09.44.34:214][  0]LogD3D11RHI: D3D11 adapters:
[2018.04.20-09.44.34:300][  0]LogD3D11RHI:    0. 'NVIDIA GeForce GTX 1070' (Feature Level 11_0)
[2018.04.20-09.44.34:300][  0]LogD3D11RHI:       8088/0/4073 MB DedicatedVideo/DedicatedSystem/SharedSystem, Outputs:2, VendorId:0x10de
[2018.04.20-09.44.34:304][  0]LogD3D11RHI:    1. 'Microsoft Basic Render Driver' (Feature Level 11_0)
[2018.04.20-09.44.34:304][  0]LogD3D11RHI:       0/0/4073 MB DedicatedVideo/DedicatedSystem/SharedSystem, Outputs:0, VendorId:0x1414
[2018.04.20-09.44.34:304][  0]LogD3D11RHI: Chosen D3D11 Adapter: 0
[2018.04.20-09.44.34:313][  0]LogD3D11RHI: Creating new Direct3DDevice
[2018.04.20-09.44.34:314][  0]LogD3D11RHI:     GPU DeviceId: 0x1b81 (for the marketing name, search the web for "GPU Device Id")
[2018.04.20-09.44.34:314][  0]LogWindows: EnumDisplayDevices:
[2018.04.20-09.44.34:314][  0]LogWindows:    0. 'NVIDIA GeForce GTX 1070' (P:1 D:1)
[2018.04.20-09.44.34:314][  0]LogWindows:    1. 'NVIDIA GeForce GTX 1070' (P:0 D:1)
[2018.04.20-09.44.34:314][  0]LogWindows:    2. 'NVIDIA GeForce GTX 1070' (P:0 D:0)
[2018.04.20-09.44.34:314][  0]LogWindows:    3. 'NVIDIA GeForce GTX 1070' (P:0 D:0)
[2018.04.20-09.44.34:314][  0]LogWindows: DebugString: GetVideoDriverDetailsInvalid PrimaryIsNotTheChoosenAdapter GetVideoDriverDetailsInvalid PrimaryIsNotTheChoosenAdapter GetVideoDriverDetailsInvalid PrimaryIsNotTheChoosenAdapter GetVideoDriverDetailsInvalid PrimaryIsNotTheChoosenAdapter FoundDriverCount:0 
[2018.04.20-09.44.34:314][  0]LogD3D11RHI:     Adapter Name: NVIDIA GeForce GTX 1070
[2018.04.20-09.44.34:314][  0]LogD3D11RHI:   Driver Version: Unknown (internal:Unknown, unified:Unknown)
[2018.04.20-09.44.34:314][  0]LogD3D11RHI:      Driver Date: Unknown
[2018.04.20-09.44.34:315][  0]LogRHI: Texture pool is 1361 MB (70% of 1945 MB)
[2018.04.20-09.44.34:367][  0]LogD3D11RHI: Async texture creation enabled
[2018.04.20-09.44.34:424][  0]LogD3D11RHI: GPU Timing Frequency: 1000.000000 (Debug: 2 2)
[2018.04.20-09.44.34:520][  0]LogShaderCompilers: Guid format shader working directory is 31 characters bigger than the processId version (F:/FMP/RPG_Game/Intermediate/Shaders/WorkingDirectory/13512/).
[2018.04.20-09.44.34:520][  0]LogShaderCompilers: Cleaned the shader compiler working directory 'C:/Users/Jordan/AppData/Local/Temp/UnrealShaderWorkingDir/70A00E3E40C219CAE8D5E4B2B5469959/'.
[2018.04.20-09.44.34:520][  0]LogShaderCompilers:Display: Using Local Shader Compiler.
[2018.04.20-09.44.36:009][  0]LogTemp:Display: Loaded TP AllDesktopTargetPlatform
[2018.04.20-09.44.36:099][  0]LogTemp:Display: Loaded TP MacClientTargetPlatform
[2018.04.20-09.44.36:192][  0]LogTemp:Display: Loaded TP MacNoEditorTargetPlatform
[2018.04.20-09.44.36:282][  0]LogTemp:Display: Loaded TP MacServerTargetPlatform
[2018.04.20-09.44.36:378][  0]LogTemp:Display: Loaded TP MacTargetPlatform
[2018.04.20-09.44.36:474][  0]LogTemp:Display: Loaded TP WindowsClientTargetPlatform
[2018.04.20-09.44.36:564][  0]LogTemp:Display: Loaded TP WindowsNoEditorTargetPlatform
[2018.04.20-09.44.36:652][  0]LogTemp:Display: Loaded TP WindowsServerTargetPlatform
[2018.04.20-09.44.36:736][  0]LogTemp:Display: Loaded TP WindowsTargetPlatform
[2018.04.20-09.44.36:825][  0]LogTemp:Display: Loaded TP AndroidTargetPlatform
[2018.04.20-09.44.36:913][  0]LogTemp:Display: Loaded TP Android_ASTCTargetPlatform
[2018.04.20-09.44.37:003][  0]LogTemp:Display: Loaded TP Android_ATCTargetPlatform
[2018.04.20-09.44.37:091][  0]LogTemp:Display: Loaded TP Android_DXTTargetPlatform
[2018.04.20-09.44.37:181][  0]LogTemp:Display: Loaded TP Android_ETC1TargetPlatform
[2018.04.20-09.44.37:269][  0]LogTemp:Display: Loaded TP Android_ETC2TargetPlatform
[2018.04.20-09.44.37:450][  0]LogTemp:Display: Loaded TP Android_MultiTargetPlatform
[2018.04.20-09.44.37:450][  0]LogTemp:Display: Loaded TP Android_PVRTCTargetPlatform
[2018.04.20-09.44.37:526][  0]LogTemp:Display: Loaded TP HTML5TargetPlatform
[2018.04.20-09.44.37:676][  0]LogTemp:Display: Loaded TP IOSTargetPlatform
[2018.04.20-09.44.37:726][  0]LogTemp:Display: Loaded TP TVOSTargetPlatform
[2018.04.20-09.44.37:813][  0]LogTemp:Display: Loaded TP LinuxClientTargetPlatform
[2018.04.20-09.44.37:902][  0]LogTemp:Display: Loaded TP LinuxNoEditorTargetPlatform
[2018.04.20-09.44.37:989][  0]LogTemp:Display: Loaded TP LinuxServerTargetPlatform
[2018.04.20-09.44.38:076][  0]LogTemp:Display: Loaded TP LinuxTargetPlatform
[2018.04.20-09.44.38:076][  0]LogTargetPlatformManager:Display: Building Assets For Windows
[2018.04.20-09.44.39:014][  0]LogDerivedDataCache:Display: Max Cache Size: 512 MB
[2018.04.20-09.44.39:398][  0]LogDerivedDataCache: Loaded boot cache 0.38s 90MB C:/Users/Jordan/AppData/Local/UnrealEngine/4.16/DerivedDataCache/Boot.ddc.
[2018.04.20-09.44.39:398][  0]LogDerivedDataCache:Display: Loaded Boot cache: C:/Users/Jordan/AppData/Local/UnrealEngine/4.16/DerivedDataCache/Boot.ddc
[2018.04.20-09.44.39:398][  0]LogDerivedDataCache: FDerivedDataBackendGraph:  Pak pak cache file F:/FMP/RPG_Game/DerivedDataCache/DDC.ddp not found, will not use a pak cache.
[2018.04.20-09.44.39:398][  0]LogDerivedDataCache: Unable to find inner node Pak for hierarchical cache Hierarchy.
[2018.04.20-09.44.39:398][  0]LogDerivedDataCache: FDerivedDataBackendGraph:  CompressedPak pak cache file F:/FMP/RPG_Game/DerivedDataCache/Compressed.ddp not found, will not use a pak cache.
[2018.04.20-09.44.39:398][  0]LogDerivedDataCache: Unable to find inner node CompressedPak for hierarchical cache Hierarchy.
[2018.04.20-09.44.39:423][  0]LogDerivedDataCache:Display: Pak cache opened for reading ../../../Engine/DerivedDataCache/Compressed.ddp.
[2018.04.20-09.44.39:437][  0]LogDerivedDataCache: Using Local data cache path C:/Users/Jordan/AppData/Local/UnrealEngine/Common/DerivedDataCache: Writable
[2018.04.20-09.44.39:452][  0]LogMaterial: Verifying Global Shaders for PCD3D_SM5
[2018.04.20-09.44.39:457][  0]LogSlate: Using Freetype 2.6.0
[2018.04.20-09.44.39:462][  0]LogSlate: SlateFontCache - WITH_FREETYPE: 1, WITH_HARFBUZZ: 1
[2018.04.20-09.44.39:462][  0]LogSlate: SlateFontCache - WITH_FREETYPE: 1, WITH_HARFBUZZ: 1
[2018.04.20-09.44.40:347][  0]LogInit: Selected Device Profile: [Windows]
[2018.04.20-09.44.40:601][  0]LogContentStreaming: Texture pool size is 0.00 MB
[2018.04.20-09.44.40:856][  0]LogMeshUtilities: Using QuadricMeshReduction for automatic static mesh reduction
[2018.04.20-09.44.40:946][  0]LogSimplygon: Simplygon DLL not present - disabling.
[2018.04.20-09.44.41:040][  0]LogMeshUtilities: Using SimplygonSwarm for distributed automatic mesh merging
[2018.04.20-09.44.41:040][  0]LogMeshUtilities: No automatic skeletal mesh reduction module available
[2018.04.20-09.44.41:040][  0]LogMeshUtilities: No automatic mesh merging module available
[2018.04.20-09.44.42:193][  0]LogNetVersion: RPG_Game , NetCL: 3452394, EngineNetVer: 2, GameNetVer: 0 (Checksum: 2586067795)
[2018.04.20-09.44.42:297][  0]LogAssetRegistry: FAssetRegistry took 0.0312 seconds to start up
[2018.04.20-09.44.43:345][  0]LogPackageLocalizationCache: Processed 4 localized package path(s) for 2 prioritized culture(s) in 1.008268 seconds
[2018.04.20-09.44.43:352][  0]LogUObjectArray: 34194 objects as part of root set at end of initial load.
[2018.04.20-09.44.43:352][  0]LogUObjectAllocator: 7260424 out of 0 bytes used by permanent object pool.
[2018.04.20-09.44.43:352][  0]LogUObjectArray: CloseDisregardForGC: 0/0 objects in disregard for GC pool
[2018.04.20-09.44.43:463][  0]LogInit: WinSock: version 1.1 (2.2), MaxSocks=32767, MaxUdp=65467
[2018.04.20-09.44.48:433][  0]LogSubstanceCoreModule: Substance [CPU] Engine Loaded, Max Texture Size = 2048
[2018.04.20-09.44.48:494][  0]LogTcpMessaging: Initializing TcpMessaging bridge
[2018.04.20-09.44.48:561][  0]LogUdpMessaging: Initializing bridge on interface 0.0.0.0:0 to multicast group 230.0.0.1:6666.
[2018.04.20-09.44.49:560][  0]LogMaterial: Uniform references updated for custom material expression Custom.
[2018.04.20-09.44.50:344][  0]SourceControl: Info Source control is disabled
[2018.04.20-09.44.51:872][  0]LogAndroidPermission: UAndroidPermissionCallbackProxy::GetInstance
[2018.04.20-09.44.53:119][  0]LogEngine: Initializing Engine...
[2018.04.20-09.44.53:123][  0]LogHMD: Failed to initialize OpenVR with code 110
[2018.04.20-09.44.53:354][  0]LogStats: UGameplayTagsManager::ConstructGameplayTagTree: Construct from data asset -  0.000 s
[2018.04.20-09.44.53:354][  0]LogStats: UGameplayTagsManager::ConstructGameplayTagTree: GameplayTagTreeChangedEvent.Broadcast -  0.000 s
[2018.04.20-09.44.53:654][  0]LogAIModule: Creating AISystem for world Untitled
[2018.04.20-09.44.53:681][  0]LogInit: XAudio2 using 'SONY TV (NVIDIA High Definition Audio)' : 2 channels at 48 kHz using 16 bits per sample (channel mask 0x3)
[2018.04.20-09.44.53:715][  0]LogInit: FAudioDevice initialized.
[2018.04.20-09.44.53:783][  0]LogDerivedDataCache: Saved boot cache 0.07s 90MB C:/Users/Jordan/AppData/Local/UnrealEngine/4.16/DerivedDataCache/Boot.ddc.
[2018.04.20-09.44.53:801][  0]LogInit: Texture streaming: Enabled
[2018.04.20-09.44.53:999][  0]LogEngineSessionManager: EngineSessionManager initialized
[2018.04.20-09.44.54:474][  0]LogInit: Transaction tracking system initialized
[2018.04.20-09.44.55:151][  0]BlueprintLog: New page: Editor Load
[2018.04.20-09.44.57:309][  0]LocalizationService: Info Localization service is disabled
[2018.04.20-09.44.58:808][  0]LogConsoleResponse:Display: 
[2018.04.20-09.44.59:040][  0]LogCook:Display: Max memory allowance for cook 16384mb min free memory 0mb
[2018.04.20-09.44.59:041][  0]LogCook:Display: Mobile HDR setting 1
[2018.04.20-09.44.59:609][  0]LogFileCache: Scanning file cache for directory 'F:/FMP/RPG_Game/Content/' took 0.02s
[2018.04.20-09.45.01:220][  0]Cmd: MAP LOAD FILE="F:/FMP/RPG_Game/Content/Maps/HelloWorld.umap" TEMPLATE=0 SHOWPROGRESS=1 FEATURELEVEL=3
[2018.04.20-09.45.01:222][  0]LightingResults: New page: Lighting Build
[2018.04.20-09.45.01:320][  0]MapCheck: New page: Map Check
[2018.04.20-09.45.01:320][  0]LightingResults: New page: Lighting Build
[2018.04.20-09.45.01:770][  0]LogLinker:Warning: Can't find file '/Game/Materials/ButtonMaterial'
[2018.04.20-09.45.01:770][  0]LogLinker:Warning: Can't find file for asset '/Game/Materials/ButtonMaterial' while loading F:/FMP/RPG_Game/Content/Assets/PressurePad/Button_Base.uasset.
[2018.04.20-09.45.01:770][  0]LoadErrors:Error: Error /Game/Assets/PressurePad/Button_Base : Can't find file for asset. /Game/Materials/ButtonMaterial
[2018.04.20-09.45.01:771][  0]LogLinker:Warning: Can't find file '/Game/Materials/ButtonMaterial'
[2018.04.20-09.45.01:771][  0]LogLinker:Warning: Can't find file for asset '/Game/Materials/ButtonMaterial' while loading F:/FMP/RPG_Game/Content/Assets/PressurePad/Button_Base.uasset.
[2018.04.20-09.45.01:771][  0]LoadErrors:Error: Error /Game/Assets/PressurePad/Button_Base : Can't find file for asset. /Game/Materials/ButtonMaterial
[2018.04.20-09.45.01:772][  0]LogLinker:Warning: Can't find file '/Game/Materials/ButtonMaterial'
[2018.04.20-09.45.01:772][  0]LogLinker:Warning: Can't find file for asset '/Game/Materials/ButtonMaterial' while loading F:/FMP/RPG_Game/Content/Assets/PressurePad/Button_Push.uasset.
[2018.04.20-09.45.01:772][  0]LoadErrors:Error: Error /Game/Assets/PressurePad/Button_Push : Can't find file for asset. /Game/Materials/ButtonMaterial
[2018.04.20-09.45.01:772][  0]LogLinker:Warning: Can't find file '/Game/Materials/ButtonMaterial'
[2018.04.20-09.45.01:772][  0]LogLinker:Warning: Can't find file for asset '/Game/Materials/ButtonMaterial' while loading F:/FMP/RPG_Game/Content/Assets/PressurePad/Button_Push.uasset.
[2018.04.20-09.45.01:772][  0]LoadErrors:Error: Error /Game/Assets/PressurePad/Button_Push : Can't find file for asset. /Game/Materials/ButtonMaterial
[2018.04.20-09.45.02:185][  0]LogLinker:Warning: Can't find file '/Game/Materials/ButtonMaterial'
[2018.04.20-09.45.02:185][  0]LoadErrors: Info Failed to load /Game/Materials/ButtonMaterial.ButtonMaterial Referenced by Button_Push
[2018.04.20-09.45.02:185][  0]LogLinker:Warning: Can't find file for asset '/Game/Materials/ButtonMaterial' while loading NULL.
[2018.04.20-09.45.02:185][  0]LoadErrors: Info Failed to load /Game/Materials/ButtonMaterial.ButtonMaterial Referenced by Button_Push
[2018.04.20-09.45.02:186][  0]LogLinker:Warning: Can't find file '/Game/Materials/ButtonMaterial'
[2018.04.20-09.45.02:186][  0]LoadErrors: Info Failed to load /Game/Materials/ButtonMaterial.ButtonMaterial Referenced by Button_Base
[2018.04.20-09.45.02:186][  0]LogLinker:Warning: Can't find file for asset '/Game/Materials/ButtonMaterial' while loading NULL.
[2018.04.20-09.45.02:186][  0]LoadErrors: Info Failed to load /Game/Materials/ButtonMaterial.ButtonMaterial Referenced by Button_Base
[2018.04.20-09.45.02:222][  0]LogStaticMesh: Building static mesh PowerCube...
[2018.04.20-09.45.02:245][  0]LogStaticMesh: Built static mesh [0.02s] /Game/PowerCube.PowerCube
[2018.04.20-09.45.02:622][  0]LogAIModule: Creating AISystem for world HelloWorld
[2018.04.20-09.45.02:930][  0]LogEditorServer: Finished looking for orphan Actors (0.000 secs)
[2018.04.20-09.45.02:951][  0]Cmd: MAP CHECKDEP NOCLEARLOG
[2018.04.20-09.45.03:062][  0]MapCheck: Info Map check complete: 0 Error(s), 0 Warning(s), took 111.706ms to complete.
[2018.04.20-09.45.03:062][  0]LogFileHelpers: Loading map 'HelloWorld' took 1.843
[2018.04.20-09.45.03:332][  0]LogCollectionManager: Loaded 0 collections in 0.002794 seconds
[2018.04.20-09.45.03:476][  0]LogFileCache: Scanning file cache for directory 'F:/FMP/RPG_Game/Saved/Collections/' took 0.01s
[2018.04.20-09.45.03:476][  0]LogFileCache: Scanning file cache for directory 'F:/FMP/RPG_Game/Content/Developers/Jordan/Collections/' took 0.01s
[2018.04.20-09.45.03:476][  0]LogFileCache: Scanning file cache for directory 'F:/FMP/RPG_Game/Content/Collections/' took 0.01s
[2018.04.20-09.45.03:476][  0]LogCollectionManager: Rebuilt the GUID cache for 0 collections in 0.000003 seconds
[2018.04.20-09.45.03:491][  0]LogContentBrowser: Native class hierarchy populated in 0.0134 seconds. Added 2343 classes and 497 folders.
[2018.04.20-09.45.03:628][  0]LogContentBrowser: Native class hierarchy updated for 'WidgetCarousel' in 0.0008 seconds. Added 0 classes and 0 folders.
[2018.04.20-09.45.03:778][  0]LogContentBrowser: Native class hierarchy updated for 'AddContentDialog' in 0.0008 seconds. Added 0 classes and 0 folders.
[2018.04.20-09.45.03:871][  0]LogContentBrowser: Native class hierarchy updated for 'SceneOutliner' in 0.0008 seconds. Added 1 classes and 2 folders.
[2018.04.20-09.45.04:007][  0]LogCrashTracker: Crashtracker disabled due to settings.
[2018.04.20-09.45.04:026][  0]LogSlate: Took 0.001469 seconds to synchronously load lazily loaded font '../../../Engine/Content/Slate/Fonts/Roboto-Regular.ttf' (155K)
[2018.04.20-09.45.04:033][  0]LogSlate: Took 0.001335 seconds to synchronously load lazily loaded font '../../../Engine/Content/Slate/Fonts/Roboto-Bold.ttf' (160K)
[2018.04.20-09.45.04:037][  0]LogSlate: Took 0.001280 seconds to synchronously load lazily loaded font '../../../Engine/Content/Editor/Slate/Fonts/FontAwesome.ttf' (139K)
[2018.04.20-09.45.04:130][  0]LogRenderer: Reallocating scene render targets to support 1528x624 NumSamples 1 (Frame:1).
[2018.04.20-09.45.04:240][  0]LogSlate: Took 0.001408 seconds to synchronously load lazily loaded font '../../../Engine/Content/Slate/Fonts/Roboto-Light.ttf' (159K)
[2018.04.20-09.45.04:427][  0]LogUObjectGlobals:Warning: Failed to find object 'Class None.'
[2018.04.20-09.45.04:542][  0]LogContentBrowser: Native class hierarchy updated for 'HierarchicalLODOutliner' in 0.0008 seconds. Added 1 classes and 2 folders.
[2018.04.20-09.45.04:542][  0]LogLoad: (Engine Initialization) Total time: 37.71 seconds
[2018.04.20-09.45.04:542][  0]LogLoad: (Engine Initialization) Total Blueprint compile time: 0.27 seconds
[2018.04.20-09.45.04:542][  0]LogExternalProfiler: No external profilers were discovered.  External profiling features will not be available.
[2018.04.20-09.45.04:553][  0]LogWindowsTextInputMethodSystem:Display: IME system now deactivated.
[2018.04.20-09.45.04:555][  0]LogOcInput: OculusInput pre-init called
[2018.04.20-09.45.04:555][  0]LogHMD: Starting GearVRController plugin
[2018.04.20-09.45.04:587][  0]LogContentStreaming: Texture pool size now 1000 MB
[2018.04.20-09.45.04:614][  1]LogAssetRegistry: Asset discovery search completed in 22.3392 seconds
[2018.04.20-09.45.04:622][  1]LogCollectionManager: Rebuilt the object cache for 0 collections in 0.000001 seconds (found 0 objects)
[2018.04.20-09.45.04:622][  1]LogCollectionManager: Fixed up redirectors for 0 collections in 0.000042 seconds (updated 0 objects)
[2018.04.20-09.47.30:683][438]LogEditorViewport: Clicking on Actor (LMB): StaticMeshActor (10mGlassWall5)
[2018.04.20-09.47.39:205][416]LogTemp: Repeting last play command: Selected Viewport
[2018.04.20-09.47.40:782][416]LogBlueprintUserMessages: Early PlayInEditor Detection: Level '/Game/Maps/HelloWorld.HelloWorld:PersistentLevel' has LevelScriptBlueprint '/Game/Maps/HelloWorld.HelloWorld:PersistentLevel.HelloWorld' with GeneratedClass '/Game/Maps/HelloWorld.HelloWorld_C' with ClassGeneratedBy '/Game/Maps/HelloWorld.HelloWorld:PersistentLevel.HelloWorld'
[2018.04.20-09.47.40:783][416]LogPlayLevel: PlayLevel: No blueprints needed recompiling
[2018.04.20-09.47.40:787][416]PIE: New page: PIE session: HelloWorld (20 Apr 2018 11:47:40)
[2018.04.20-09.47.40:787][416]LogPlayLevel: Creating play world package: /Game/Maps/UEDPIE_0_HelloWorld
[2018.04.20-09.47.40:886][416]LogPlayLevel: PIE: StaticDuplicateObject took: (0.099282s)
[2018.04.20-09.47.40:888][416]LogAIModule: Creating AISystem for world HelloWorld
[2018.04.20-09.47.40:889][416]LogPlayLevel: PIE: World Init took: (0.002187s)
[2018.04.20-09.47.40:889][416]LogPlayLevel: PIE: Created PIE world by copying editor world from /Game/Maps/HelloWorld.HelloWorld to /Game/Maps/UEDPIE_0_HelloWorld.HelloWorld (0.102198s)
[2018.04.20-09.47.40:911][416]LogInit: XAudio2 using 'SONY TV (NVIDIA High Definition Audio)' : 2 channels at 48 kHz using 16 bits per sample (channel mask 0x3)
[2018.04.20-09.47.40:924][416]LogInit: FAudioDevice initialized.
[2018.04.20-09.47.40:980][416]LogLoad: Game class is 'FuseGM_C'
[2018.04.20-09.47.40:993][416]LogWorld: Bringing World /Game/Maps/UEDPIE_0_HelloWorld.HelloWorld up for play (max tick rate 0) at 2018.04.20-10.47.40
[2018.04.20-09.47.40:999][416]LogWorld: Bringing up level for play took: 0.011079
[2018.04.20-09.47.41:167][416]LogContentBrowser: Native class hierarchy updated for 'MovieSceneCapture' in 0.0008 seconds. Added 11 classes and 0 folders.
[2018.04.20-09.47.41:177][416]PIE: Info Play in editor start time for /Game/Maps/UEDPIE_0_HelloWorld 0.124
[2018.04.20-09.47.41:177][416]LogBlueprintUserMessages: Late PlayInEditor Detection: Level '/Game/Maps/HelloWorld.HelloWorld:PersistentLevel' has LevelScriptBlueprint '/Game/Maps/HelloWorld.HelloWorld:PersistentLevel.HelloWorld' with GeneratedClass '/Game/Maps/HelloWorld.HelloWorld_C' with ClassGeneratedBy '/Game/Maps/HelloWorld.HelloWorld:PersistentLevel.HelloWorld'
[2018.04.20-09.48.34:753][839]LogBlueprintUserMessages: Early EndPlayMap Detection: Level '/Game/Maps/HelloWorld.HelloWorld:PersistentLevel' has LevelScriptBlueprint '/Game/Maps/HelloWorld.HelloWorld:PersistentLevel.HelloWorld' with GeneratedClass '/Game/Maps/HelloWorld.HelloWorld_C' with ClassGeneratedBy '/Game/Maps/HelloWorld.HelloWorld:PersistentLevel.HelloWorld'
[2018.04.20-09.48.34:811][839]LogBlueprintUserMessages: Late EndPlayMap Detection: Level '/Game/Maps/HelloWorld.HelloWorld:PersistentLevel' has LevelScriptBlueprint '/Game/Maps/HelloWorld.HelloWorld:PersistentLevel.HelloWorld' with GeneratedClass '/Game/Maps/HelloWorld.HelloWorld_C' with ClassGeneratedBy '/Game/Maps/HelloWorld.HelloWorld:PersistentLevel.HelloWorld'
[2018.04.20-09.48.37:553][108]LogWindowsTextInputMethodSystem:Display: IME system now deactivated.
[2018.04.20-09.48.37:864][109]Cmd: QUIT_EDITOR
[2018.04.20-09.48.38:257][109]LogExit: Preparing to exit.
[2018.04.20-09.48.38:879][109]LogExit: Editor shut down
[2018.04.20-09.48.38:890][109]LogExit: Transaction tracking system shut down
[2018.04.20-09.48.38:996][109]LogObj: Freed 0b from 0 cluster array pools.
[2018.04.20-09.48.38:996][109]LogExit: Object subsystem successfully closed.
[2018.04.20-09.48.39:031][109]LogD3D11RHI: Shutdown
[2018.04.20-09.48.39:031][109]LogD3D11RHI: CleanupD3DDevice
[2018.04.20-09.48.39:130][109]LogD3D11RHI: ~FD3D11DynamicRHI
[2018.04.20-09.48.39:188][109]LogModuleManager: Shutting down and abandoning module MovieSceneCapture (530)
[2018.04.20-09.48.39:188][109]LogModuleManager: Shutting down and abandoning module HierarchicalLODOutliner (528)
[2018.04.20-09.48.39:188][109]LogModuleManager: Shutting down and abandoning module CrashTracker (526)
[2018.04.20-09.48.39:188][109]LogModuleManager: Shutting down and abandoning module SceneOutliner (524)
[2018.04.20-09.48.39:188][109]LogModuleManager: Shutting down and abandoning module AddContentDialog (522)
[2018.04.20-09.48.39:189][109]LogDirectoryWatcher: A directory notification for 'C:/Program Files/Epic Games/UE_4.16/FeaturePacks/' was aborted.
[2018.04.20-09.48.39:190][109]LogModuleManager: Shutting down and abandoning module WidgetCarousel (521)
[2018.04.20-09.48.39:190][109]LogModuleManager: Shutting down and abandoning module EditorWidgets (518)
[2018.04.20-09.48.39:190][109]LogModuleManager: Shutting down and abandoning module CollectionManager (516)
[2018.04.20-09.48.39:190][109]LogDirectoryWatcher: A directory notification for 'F:/FMP/RPG_Game/Content/Collections/' was aborted.
[2018.04.20-09.48.39:190][109]LogDirectoryWatcher: A directory notification for 'F:/FMP/RPG_Game/Content/Developers/Jordan/Collections/' was aborted.
[2018.04.20-09.48.39:190][109]LogDirectoryWatcher: A directory notification for 'F:/FMP/RPG_Game/Saved/Collections/' was aborted.
[2018.04.20-09.48.39:190][109]LogModuleManager: Shutting down and abandoning module StatsViewer (514)
[2018.04.20-09.48.39:190][109]LogModuleManager: Shutting down and abandoning module FoliageEdit (512)
[2018.04.20-09.48.39:190][109]LogModuleManager: Shutting down and abandoning module LandscapeEditor (510)
[2018.04.20-09.48.39:191][109]LogModuleManager: Shutting down and abandoning module MeshPaintMode (508)
[2018.04.20-09.48.39:191][109]LogModuleManager: Shutting down and abandoning module SceneDepthPickerMode (506)
[2018.04.20-09.48.39:191][109]LogModuleManager: Shutting down and abandoning module ActorPickerMode (504)
[2018.04.20-09.48.39:191][109]LogModuleManager: Shutting down and abandoning module GeometryMode (502)
[2018.04.20-09.48.39:191][109]LogModuleManager: Shutting down and abandoning module TextureAlignMode (500)
[2018.04.20-09.48.39:191][109]LogModuleManager: Shutting down and abandoning module BspMode (498)
[2018.04.20-09.48.39:191][109]LogModuleManager: Shutting down and abandoning module HardwareSurvey (496)
[2018.04.20-09.48.39:191][109]LogModuleManager: Shutting down and abandoning module SequenceRecorderSections (494)
[2018.04.20-09.48.39:192][109]LogModuleManager: Shutting down and abandoning module AutomationWorker (492)
[2018.04.20-09.48.39:192][109]LogModuleManager: Shutting down and abandoning module MatineeToLevelSequence (490)
[2018.04.20-09.48.39:192][109]LogModuleManager: Shutting down and abandoning module LevelSequenceEditor (488)
[2018.04.20-09.48.39:195][109]LogModuleManager: Shutting down and abandoning module PlacementMode (487)
[2018.04.20-09.48.39:195][109]LogModuleManager: Shutting down and abandoning module WmfMediaFactory (484)
[2018.04.20-09.48.39:195][109]LogModuleManager: Shutting down and abandoning module WmfMediaEditor (482)
[2018.04.20-09.48.39:195][109]LogModuleManager: Shutting down and abandoning module AvfMediaFactory (480)
[2018.04.20-09.48.39:195][109]LogModuleManager: Shutting down and abandoning module AvfMediaEditor (478)
[2018.04.20-09.48.39:195][109]LogModuleManager: Shutting down and abandoning module AndroidMediaFactory (476)
[2018.04.20-09.48.39:195][109]LogModuleManager: Shutting down and abandoning module Media (475)
[2018.04.20-09.48.39:195][109]LogModuleManager: Shutting down and abandoning module AndroidMediaEditor (472)
[2018.04.20-09.48.39:195][109]LogModuleManager: Shutting down and abandoning module CharacterAI (470)
[2018.04.20-09.48.39:195][109]LogModuleManager: Shutting down and abandoning module AudioCapture (468)
[2018.04.20-09.48.39:195][109]LogModuleManager: Shutting down and abandoning module SequenceRecorder (467)
[2018.04.20-09.48.39:196][109]LogModuleManager: Shutting down and abandoning module SmartSnapping (464)
[2018.04.20-09.48.39:196][109]LogModuleManager: Shutting down and abandoning module SessionServices (462)
[2018.04.20-09.48.39:196][109]LogModuleManager: Shutting down and abandoning module ViewportSnapping (460)
[2018.04.20-09.48.39:196][109]LogModuleManager: Shutting down and abandoning module ViewportInteraction (458)
[2018.04.20-09.48.39:196][109]LogModuleManager: Shutting down and abandoning module ClothPainter (456)
[2018.04.20-09.48.39:198][109]LogModuleManager: Shutting down and abandoning module LogVisualizer (454)
[2018.04.20-09.48.39:198][109]LogModuleManager: Shutting down and abandoning module IntroTutorials (452)
[2018.04.20-09.48.39:199][109]LogModuleManager: Shutting down and abandoning module GameProjectGeneration (451)
[2018.04.20-09.48.39:200][109]LogModuleManager: Shutting down and abandoning module EditorLiveStreaming (448)
[2018.04.20-09.48.39:200][109]LogModuleManager: Shutting down and abandoning module IOSPlatformEditor (446)
[2018.04.20-09.48.39:200][109]LogModuleManager: Shutting down and abandoning module HTML5PlatformEditor (444)
[2018.04.20-09.48.39:200][109]LogModuleManager: Shutting down and abandoning module AndroidPlatformEditor (442)
[2018.04.20-09.48.39:200][109]LogModuleManager: Shutting down and abandoning module AndroidDeviceDetection (441)
[2018.04.20-09.48.40:105][109]LogModuleManager: Shutting down and abandoning module IOSRuntimeSettings (438)
[2018.04.20-09.48.40:105][109]LogModuleManager: Shutting down and abandoning module AndroidRuntimeSettings (436)
[2018.04.20-09.48.40:105][109]LogModuleManager: Shutting down and abandoning module InputBindingEditor (434)
[2018.04.20-09.48.40:106][109]LogModuleManager: Shutting down and abandoning module MergeActors (432)
[2018.04.20-09.48.40:106][109]LogModuleManager: Shutting down and abandoning module SizeMap (430)
[2018.04.20-09.48.40:106][109]LogModuleManager: Shutting down and abandoning module TreeMap (428)
[2018.04.20-09.48.40:106][109]LogModuleManager: Shutting down and abandoning module ReferenceViewer (426)
[2018.04.20-09.48.40:106][109]LogModuleManager: Shutting down and abandoning module LocalizationDashboard (424)
[2018.04.20-09.48.40:107][109]LogModuleManager: Shutting down and abandoning module LocalizationService (423)
[2018.04.20-09.48.40:107][109]LogModuleManager: Shutting down and abandoning module HardwareTargeting (420)
[2018.04.20-09.48.40:107][109]LogModuleManager: Shutting down and abandoning module DeviceProfileEditor (418)
[2018.04.20-09.48.40:107][109]LogModuleManager: Shutting down and abandoning module UndoHistory (416)
[2018.04.20-09.48.40:108][109]LogModuleManager: Shutting down and abandoning module UserFeedback (414)
[2018.04.20-09.48.40:108][109]LogModuleManager: Shutting down and abandoning module XmlParser (412)
[2018.04.20-09.48.40:108][109]LogModuleManager: Shutting down and abandoning module Blutility (410)
[2018.04.20-09.48.40:108][109]LogModuleManager: Shutting down and abandoning module ProjectSettingsViewer (408)
[2018.04.20-09.48.40:108][109]LogModuleManager: Shutting down and abandoning module ProjectTargetPlatformEditor (407)
[2018.04.20-09.48.40:108][109]LogModuleManager: Shutting down and abandoning module EditorSettingsViewer (404)
[2018.04.20-09.48.40:108][109]LogModuleManager: Shutting down and abandoning module SettingsEditor (402)
[2018.04.20-09.48.40:109][109]LogModuleManager: Shutting down and abandoning module ProjectLauncher (400)
[2018.04.20-09.48.40:110][109]LogModuleManager: Shutting down and abandoning module SessionFrontend (398)
[2018.04.20-09.48.40:110][109]LogModuleManager: Shutting down and abandoning module ProfilerClient (396)
[2018.04.20-09.48.40:110][109]LogModuleManager: Shutting down and abandoning module DeviceManager (394)
[2018.04.20-09.48.40:111][109]LogModuleManager: Shutting down and abandoning module TargetDeviceServices (393)
[2018.04.20-09.48.40:167][109]LogModuleManager: Shutting down and abandoning module AutomationController (390)
[2018.04.20-09.48.40:167][109]LogModuleManager: Shutting down and abandoning module AutomationWindow (388)
[2018.04.20-09.48.40:168][109]LogModuleManager: Shutting down and abandoning module Layers (386)
[2018.04.20-09.48.40:169][109]LogModuleManager: Shutting down and abandoning module ComponentVisualizers (384)
[2018.04.20-09.48.40:169][109]LogModuleManager: Shutting down and abandoning module DetailCustomizations (382)
[2018.04.20-09.48.40:169][109]LogModuleManager: Shutting down and abandoning module PackagesDialog (380)
[2018.04.20-09.48.40:170][109]LogModuleManager: Shutting down and abandoning module Persona (378)
[2018.04.20-09.48.40:171][109]LogModuleManager: Shutting down and abandoning module AdvancedPreviewScene (377)
[2018.04.20-09.48.40:171][109]LogModuleManager: Shutting down and abandoning module AnimGraph (375)
[2018.04.20-09.48.40:171][109]LogModuleManager: Shutting down and abandoning module Kismet (372)
[2018.04.20-09.48.40:172][109]LogModuleManager: Shutting down and abandoning module ClassViewer (370)
[2018.04.20-09.48.40:172][109]LogModuleManager: Shutting down and abandoning module Toolbox (368)
[2018.04.20-09.48.40:172][109]LogModuleManager: Shutting down and abandoning module ModuleUI (366)
[2018.04.20-09.48.40:172][109]LogModuleManager: Shutting down and abandoning module MovieSceneTools (364)
[2018.04.20-09.48.40:173][109]LogModuleManager: Shutting down and abandoning module OutputLog (362)
[2018.04.20-09.48.40:173][109]LogModuleManager: Shutting down and abandoning module GammaUI (360)
[2018.04.20-09.48.40:173][109]LogModuleManager: Shutting down and abandoning module Documentation (358)
[2018.04.20-09.48.40:174][109]LogModuleManager: Shutting down and abandoning module MovieSceneTracks (356)
[2018.04.20-09.48.40:174][109]LogModuleManager: Shutting down and abandoning module MovieScene (354)
[2018.04.20-09.48.40:174][109]LogModuleManager: Shutting down and abandoning module Niagara (352)
[2018.04.20-09.48.40:174][109]LogModuleManager: Shutting down and abandoning module NiagaraEditor (351)
[2018.04.20-09.48.40:175][109]LogModuleManager: Shutting down and abandoning module StreamingPauseRendering (348)
[2018.04.20-09.48.40:175][109]LogModuleManager: Shutting down and abandoning module AnalyticsET (346)
[2018.04.20-09.48.40:175][109]LogModuleManager: Shutting down and abandoning module PortalServices (344)
[2018.04.20-09.48.40:175][109]LogModuleManager: Shutting down and abandoning module PortalRpc (342)
[2018.04.20-09.48.40:175][109]LogModuleManager: Shutting down and abandoning module MessagingRpc (340)
[2018.04.20-09.48.40:175][109]LogModuleManager: Shutting down and abandoning module AIModule (338)
[2018.04.20-09.48.40:175][109]LogModuleManager: Shutting down and abandoning module GameplayDebugger (337)
[2018.04.20-09.48.40:175][109]LogModuleManager: Shutting down and abandoning module AITestSuite (335)
[2018.04.20-09.48.40:175][109]LogModuleManager: Shutting down and abandoning module ProfilerService (332)
[2018.04.20-09.48.40:355][109]LogModuleManager: Shutting down and abandoning module TaskGraph (330)
[2018.04.20-09.48.40:356][109]LogModuleManager: Shutting down and abandoning module SubstanceEditor (328)
[2018.04.20-09.48.40:357][109]LogModuleManager: Shutting down and abandoning module SteamVRController (326)
[2018.04.20-09.48.40:357][109]LogModuleManager: Shutting down and abandoning module SteamVR (324)
[2018.04.20-09.48.40:357][109]LogModuleManager: Shutting down and abandoning module ProceduralMeshComponentEditor (322)
[2018.04.20-09.48.40:358][109]LogModuleManager: Shutting down and abandoning module ProceduralMeshComponent (320)
[2018.04.20-09.48.40:358][109]LogModuleManager: Shutting down and abandoning module OculusLibrary (318)
[2018.04.20-09.48.40:358][109]LogModuleManager: Shutting down and abandoning module OculusInput (316)
[2018.04.20-09.48.40:358][109]LogModuleManager: Shutting down and abandoning module MobilePatchingUtils (314)
[2018.04.20-09.48.40:358][109]LogModuleManager: Shutting down and abandoning module CustomMeshComponent (312)
[2018.04.20-09.48.40:358][109]LogModuleManager: Shutting down and abandoning module CableComponent (310)
[2018.04.20-09.48.40:358][109]LogModuleManager: Shutting down and abandoning module ArchVisCharacter (308)
[2018.04.20-09.48.40:358][109]LogModuleManager: Shutting down and abandoning module AndroidPermission (306)
[2018.04.20-09.48.40:358][109]LogModuleManager: Shutting down and abandoning module MediaPlayerEditor (302)
[2018.04.20-09.48.40:359][109]LogModuleManager: Shutting down and abandoning module HTML5Networking (300)
[2018.04.20-09.48.40:359][109]LogModuleManager: Shutting down and abandoning module AlembicImporter (298)
[2018.04.20-09.48.40:360][109]LogModuleManager: Shutting down and abandoning module AlembicLibrary (297)
[2018.04.20-09.48.40:360][109]LogModuleManager: Shutting down and abandoning module GeometryCache (296)
[2018.04.20-09.48.40:360][109]LogModuleManager: Shutting down and abandoning module GeometryCacheEd (295)
[2018.04.20-09.48.40:360][109]LogModuleManager: Shutting down and abandoning module SuperSearchEditor (290)
[2018.04.20-09.48.40:360][109]LogModuleManager: Shutting down and abandoning module SuperSearch (289)
[2018.04.20-09.48.40:360][109]LogModuleManager: Shutting down and abandoning module SpeedTreeImporter (286)
[2018.04.20-09.48.40:360][109]LogModuleManager: Shutting down and abandoning module PluginBrowser (284)
[2018.04.20-09.48.40:361][109]LogModuleManager: Shutting down and abandoning module MobileLauncherProfileWizard (282)
[2018.04.20-09.48.40:362][109]LogModuleManager: Shutting down and abandoning module VisualStudioSourceCodeAccess (280)
[2018.04.20-09.48.40:362][109]LogModuleManager: Shutting down and abandoning module DesktopPlatform (279)
[2018.04.20-09.48.40:362][109]LogModuleManager: Shutting down and abandoning module UObjectPlugin (276)
[2018.04.20-09.48.40:362][109]LogModuleManager: Shutting down and abandoning module SubversionSourceControl (274)
[2018.04.20-09.48.40:363][109]LogModuleManager: Shutting down and abandoning module PerforceSourceControl (272)
[2018.04.20-09.48.40:363][109]LogModuleManager: Shutting down and abandoning module GitSourceControl (270)
[2018.04.20-09.48.40:364][109]LogModuleManager: Shutting down and abandoning module SourceControl (269)
[2018.04.20-09.48.40:364][109]LogModuleManager: Shutting down and abandoning module LightPropagationVolumeEditor (266)
[2018.04.20-09.48.40:364][109]LogModuleManager: Shutting down and abandoning module PaperTiledImporter (264)
[2018.04.20-09.48.40:364][109]LogModuleManager: Shutting down and abandoning module PaperSpriteSheetImporter (262)
[2018.04.20-09.48.40:364][109]LogModuleManager: Shutting down and abandoning module Paper2DEditor (260)
[2018.04.20-09.48.40:365][109]LogModuleManager: Shutting down and abandoning module MeshPaint (259)
[2018.04.20-09.48.40:365][109]LogModuleManager: Shutting down and abandoning module LevelEditor (257)
[2018.04.20-09.48.40:366][109]LogModuleManager: Shutting down and abandoning module PixelInspectorModule (256)
[2018.04.20-09.48.40:366][109]LogModuleManager: Shutting down and abandoning module MainFrame (254)
[2018.04.20-09.48.40:366][109]LogModuleManager: Shutting down and abandoning module HotReload (253)
[2018.04.20-09.48.40:367][109]LogModuleManager: Shutting down and abandoning module PhysXVehiclesEditor (248)
[2018.04.20-09.48.40:368][109]LogModuleManager: Shutting down and abandoning module PhysXVehicles (246)
[2018.04.20-09.48.40:368][109]LogModuleManager: Shutting down and abandoning module LocationServicesBPLibrary (244)
[2018.04.20-09.48.40:368][109]LogModuleManager: Shutting down and abandoning module ImmediatePhysicsEditor (242)
[2018.04.20-09.48.40:368][109]LogModuleManager: Shutting down and abandoning module ImmediatePhysics (240)
[2018.04.20-09.48.40:368][109]LogModuleManager: Shutting down and abandoning module UdpMessaging (238)
[2018.04.20-09.48.40:469][109]LogModuleManager: Shutting down and abandoning module TcpMessaging (236)
[2018.04.20-09.48.40:570][109]LogModuleManager: Shutting down and abandoning module SubstanceCore (234)
[2018.04.20-09.48.40:570][109]LogModuleManager: Shutting down and abandoning module GameplayTagsEditor (232)
[2018.04.20-09.48.40:572][109]LogModuleManager: Shutting down and abandoning module FacialAnimationEditor (230)
[2018.04.20-09.48.40:572][109]LogModuleManager: Shutting down and abandoning module FacialAnimation (228)
[2018.04.20-09.48.40:572][109]LogModuleManager: Shutting down and abandoning module AssetManagerEditor (226)
[2018.04.20-09.48.40:573][109]LogModuleManager: Shutting down and abandoning module GraphEditor (225)
[2018.04.20-09.48.40:574][109]LogModuleManager: Shutting down and abandoning module ContentBrowser (223)
[2018.04.20-09.48.40:575][109]LogModuleManager: Shutting down and abandoning module LightPropagationVolumeRuntime (220)
[2018.04.20-09.48.40:575][109]LogModuleManager: Shutting down and abandoning module Paper2D (218)
[2018.04.20-09.48.40:575][109]LogModuleManager: Shutting down and abandoning module WindowsMoviePlayer (216)
[2018.04.20-09.48.40:575][109]LogModuleManager: Shutting down and abandoning module WmfMedia (214)
[2018.04.20-09.48.40:578][109]LogModuleManager: Shutting down and abandoning module ClothingSystemEditor (212)
[2018.04.20-09.48.40:578][109]LogModuleManager: Shutting down and abandoning module ClothingSystemRuntime (210)
[2018.04.20-09.48.40:578][109]LogModuleManager: Shutting down and abandoning module MediaAssets (208)
[2018.04.20-09.48.40:578][109]LogModuleManager: Shutting down and abandoning module GameLiveStreaming (206)
[2018.04.20-09.48.40:579][109]LogModuleManager: Shutting down and abandoning module VREditor (204)
[2018.04.20-09.48.40:579][109]LogModuleManager: Shutting down and abandoning module StringTableEditor (202)
[2018.04.20-09.48.40:580][109]LogModuleManager: Shutting down and abandoning module GameplayTasksEditor (200)
[2018.04.20-09.48.40:580][109]LogModuleManager: Shutting down and abandoning module BehaviorTreeEditor (198)
[2018.04.20-09.48.40:581][109]LogModuleManager: Shutting down and abandoning module FunctionalTesting (196)
[2018.04.20-09.48.40:581][109]LogModuleManager: Shutting down and abandoning module CollisionAnalyzer (194)
[2018.04.20-09.48.40:581][109]LogModuleManager: Shutting down and abandoning module UMG (192)
[2018.04.20-09.48.40:582][109]LogModuleManager: Shutting down and abandoning module UMGEditor (191)
[2018.04.20-09.48.40:583][109]LogModuleManager: Shutting down and abandoning module Sequencer (190)
[2018.04.20-09.48.40:584][109]LogModuleManager: Shutting down and abandoning module AssetTools (188)
[2018.04.20-09.48.40:586][109]LogModuleManager: Shutting down and abandoning module MessageLog (187)
[2018.04.20-09.48.40:586][109]LogModuleManager: Shutting down and abandoning module WorkspaceMenuStructure (186)
[2018.04.20-09.48.40:586][109]LogModuleManager: Shutting down and abandoning module SlateReflector (180)
[2018.04.20-09.48.40:588][109]LogModuleManager: Shutting down and abandoning module Slate (178)
[2018.04.20-09.48.40:588][109]LogModuleManager: Shutting down and abandoning module EditorStyle (176)
[2018.04.20-09.48.40:591][109]LogModuleManager: Shutting down and abandoning module SourceCodeAccess (174)
[2018.04.20-09.48.40:591][109]LogModuleManager: Shutting down and abandoning module HeadMountedDisplay (172)
[2018.04.20-09.48.40:591][109]LogModuleManager: Shutting down and abandoning module XAudio2 (170)
[2018.04.20-09.48.40:592][109]LogModuleManager: Shutting down and abandoning module Networking (168)
[2018.04.20-09.48.40:592][109]LogModuleManager: Shutting down and abandoning module Core (164)
[2018.04.20-09.48.40:592][109]LogModuleManager: Shutting down and abandoning module AssetRegistry (162)
[2018.04.20-09.48.40:984][109]LogDirectoryWatcher: A directory notification for '../../../Engine/Content/' was aborted.
[2018.04.20-09.48.40:984][109]LogDirectoryWatcher: A directory notification for 'F:/FMP/RPG_Game/Content/' was aborted.
[2018.04.20-09.48.40:985][109]LogDirectoryWatcher: A directory notification for '../../../Engine/Plugins/2D/Paper2D/Content/' was aborted.
[2018.04.20-09.48.40:985][109]LogDirectoryWatcher: A directory notification for '../../../Engine/Plugins/Runtime/GearVR/Content/' was aborted.
[2018.04.20-09.48.40:988][109]LogModuleManager: Shutting down and abandoning module DirectoryWatcher (161)
[2018.04.20-09.48.40:989][109]LogModuleManager: Shutting down and abandoning module KismetCompiler (158)
[2018.04.20-09.48.40:989][109]LogModuleManager: Shutting down and abandoning module LevelSequence (156)
[2018.04.20-09.48.40:989][109]LogModuleManager: Shutting down and abandoning module PhysXFormats (154)
[2018.04.20-09.48.40:989][109]LogModuleManager: Shutting down and abandoning module MeshUtilities (152)
[2018.04.20-09.48.40:990][109]LogModuleManager: Shutting down and abandoning module SimplygonSwarm (151)
[2018.04.20-09.48.40:990][109]LogModuleManager: Shutting down and abandoning module SimplygonMeshReduction (149)
[2018.04.20-09.48.40:990][109]LogModuleManager: Shutting down and abandoning module QuadricMeshReduction (147)
[2018.04.20-09.48.40:990][109]LogModuleManager: Shutting down and abandoning module DerivedDataCache (144)
[2018.04.20-09.48.41:017][109]LogDerivedDataCache: Shutdown
[2018.04.20-09.48.41:017][109]LogModuleManager: Shutting down and abandoning module TargetPlatform (142)
[2018.04.20-09.48.41:017][109]LogModuleManager: Shutting down and abandoning module VulkanShaderFormat (141)
[2018.04.20-09.48.41:018][109]LogModuleManager: Shutting down and abandoning module ShaderFormatVectorVM (139)
[2018.04.20-09.48.41:019][109]LogModuleManager: Shutting down and abandoning module ShaderFormatOpenGL (137)
[2018.04.20-09.48.41:019][109]LogModuleManager: Shutting down and abandoning module ShaderFormatD3D (135)
[2018.04.20-09.48.41:019][109]LogModuleManager: Shutting down and abandoning module MetalShaderFormat (133)
[2018.04.20-09.48.41:020][109]LogModuleManager: Shutting down and abandoning module TextureFormatUncompressed (131)
[2018.04.20-09.48.41:020][109]LogModuleManager: Shutting down and abandoning module TextureFormatPVR (129)
[2018.04.20-09.48.41:020][109]LogModuleManager: Shutting down and abandoning module TextureFormatDXT (127)
[2018.04.20-09.48.41:020][109]LogModuleManager: Shutting down and abandoning module TextureFormatIntelISPCTexComp (125)
[2018.04.20-09.48.41:020][109]LogModuleManager: Shutting down and abandoning module TextureFormatASTC (123)
[2018.04.20-09.48.41:020][109]LogModuleManager: Shutting down and abandoning module ImageWrapper (122)
[2018.04.20-09.48.41:020][109]LogModuleManager: Shutting down and abandoning module TextureFormatAndroid (119)
[2018.04.20-09.48.41:020][109]LogModuleManager: Shutting down and abandoning module AudioFormatOpus (117)
[2018.04.20-09.48.41:020][109]LogModuleManager: Shutting down and abandoning module AudioFormatOgg (115)
[2018.04.20-09.48.41:020][109]LogModuleManager: Shutting down and abandoning module AudioFormatADPCM (113)
[2018.04.20-09.48.41:020][109]LogModuleManager: Shutting down and abandoning module LinuxTargetPlatform (111)
[2018.04.20-09.48.41:020][109]LogModuleManager: Shutting down and abandoning module LinuxServerTargetPlatform (109)
[2018.04.20-09.48.41:020][109]LogModuleManager: Shutting down and abandoning module LinuxNoEditorTargetPlatform (107)
[2018.04.20-09.48.41:020][109]LogModuleManager: Shutting down and abandoning module LinuxClientTargetPlatform (105)
[2018.04.20-09.48.41:020][109]LogModuleManager: Shutting down and abandoning module TVOSTargetPlatform (103)
[2018.04.20-09.48.41:020][109]LogModuleManager: Shutting down and abandoning module Messaging (101)
[2018.04.20-09.48.41:020][109]LogModuleManager: Shutting down and abandoning module IOSTargetPlatform (99)
[2018.04.20-09.48.41:020][109]LogModuleManager: Shutting down and abandoning module HTML5TargetPlatform (97)
[2018.04.20-09.48.41:020][109]LogModuleManager: Shutting down and abandoning module Android_PVRTCTargetPlatform (95)
[2018.04.20-09.48.41:021][109]LogModuleManager: Shutting down and abandoning module Android_MultiTargetPlatform (93)
[2018.04.20-09.48.41:021][109]LogModuleManager: Shutting down and abandoning module Android_ETC2TargetPlatform (91)
[2018.04.20-09.48.41:021][109]LogModuleManager: Shutting down and abandoning module Android_ETC1TargetPlatform (89)
[2018.04.20-09.48.41:021][109]LogModuleManager: Shutting down and abandoning module Android_DXTTargetPlatform (87)
[2018.04.20-09.48.41:021][109]LogModuleManager: Shutting down and abandoning module Android_ATCTargetPlatform (85)
[2018.04.20-09.48.41:022][109]LogModuleManager: Shutting down and abandoning module Android_ASTCTargetPlatform (83)
[2018.04.20-09.48.41:022][109]LogModuleManager: Shutting down and abandoning module AndroidTargetPlatform (81)
[2018.04.20-09.48.41:022][109]LogModuleManager: Shutting down and abandoning module WindowsTargetPlatform (79)
[2018.04.20-09.48.41:022][109]LogModuleManager: Shutting down and abandoning module WindowsServerTargetPlatform (77)
[2018.04.20-09.48.41:022][109]LogModuleManager: Shutting down and abandoning module WindowsNoEditorTargetPlatform (75)
[2018.04.20-09.48.41:022][109]LogModuleManager: Shutting down and abandoning module WindowsClientTargetPlatform (73)
[2018.04.20-09.48.41:022][109]LogModuleManager: Shutting down and abandoning module MacTargetPlatform (71)
[2018.04.20-09.48.41:022][109]LogModuleManager: Shutting down and abandoning module MacServerTargetPlatform (69)
[2018.04.20-09.48.41:022][109]LogModuleManager: Shutting down and abandoning module MacNoEditorTargetPlatform (67)
[2018.04.20-09.48.41:022][109]LogModuleManager: Shutting down and abandoning module MacClientTargetPlatform (65)
[2018.04.20-09.48.41:022][109]LogModuleManager: Shutting down and abandoning module AllDesktopTargetPlatform (63)
[2018.04.20-09.48.41:022][109]LogModuleManager: Shutting down and abandoning module InputCore (60)
[2018.04.20-09.48.41:022][109]LogModuleManager: Shutting down and abandoning module Settings (58)
[2018.04.20-09.48.41:022][109]LogModuleManager: Shutting down and abandoning module OculusRift (56)
[2018.04.20-09.48.41:022][109]LogModuleManager: Shutting down and abandoning module GearVRController (54)
[2018.04.20-09.48.41:022][109]LogModuleManager: Shutting down and abandoning module GearVR (52)
[2018.04.20-09.48.41:023][109]LogModuleManager: Shutting down and abandoning module ExampleDeviceProfileSelector (50)
[2018.04.20-09.48.41:023][109]LogModuleManager: Shutting down and abandoning module OnlineBlueprintSupport (48)
[2018.04.20-09.48.41:023][109]LogModuleManager: Shutting down and abandoning module OnlineSubsystem (44)
[2018.04.20-09.48.41:023][109]LogOnline:Display: Unloading online subsystem: NULL
[2018.04.20-09.48.41:024][109]LogModuleManager: Shutting down and abandoning module XMPP (43)
[2018.04.20-09.48.41:025][109]LogModuleManager: Shutting down and abandoning module HTTP (41)
[2018.04.20-09.48.41:025][109]LogHttp:Display: Http module shutting down, but needs to wait on 1 outstanding Http requests:
[2018.04.20-09.48.41:025][109]LogHttp:Display: 	verb=[POST] url=[https://datarouter.ol.epicgames.com/datarouter/api/v1/public/data?SessionID=%7B6B686024-4258-14ED-2268-5885DFA13E85%7D&AppID=UEEditor.Rocket.Release&AppVersion=4.16.3-3561208%2B%2B%2BUE4%2BRelease-4.16&UserID=f2ee2cd141fd990cd7bc44856aa9a1ea%7C3996f32fd2fe4f04a289bdcb1f9016df%7Cd35f91c7-4e6c-478a-b9f5-ce22f1949bcb&AppEnvironment=datacollector-binary&UploadType=eteventstream] status=Processing
[2018.04.20-09.48.41:049][109]LogModuleManager: Shutting down and abandoning module SSL (40)
[2018.04.20-09.48.41:051][109]LogModuleManager: Shutting down and abandoning module HTTPChunkInstaller (36)
[2018.04.20-09.48.41:051][109]LogModuleManager: Shutting down and abandoning module AnimationModifiers (34)
[2018.04.20-09.48.41:052][109]LogModuleManager: Shutting down and abandoning module PropertyEditor (33)
[2018.04.20-09.48.41:052][109]LogModuleManager: Shutting down and abandoning module AudioEditor (30)
[2018.04.20-09.48.41:053][109]LogModuleManager: Shutting down and abandoning module TextureCompressor (28)
[2018.04.20-09.48.41:053][109]LogModuleManager: Shutting down and abandoning module ShaderCore (26)
[2018.04.20-09.48.41:053][109]LogModuleManager: Shutting down and abandoning module Landscape (24)
[2018.04.20-09.48.41:053][109]LogModuleManager: Shutting down and abandoning module SlateRHIRenderer (22)
[2018.04.20-09.48.41:054][109]LogModuleManager: Shutting down and abandoning module OpenGLDrv (20)
[2018.04.20-09.48.41:055][109]LogModuleManager: Shutting down and abandoning module D3D11RHI (18)
[2018.04.20-09.48.41:055][109]LogModuleManager: Shutting down and abandoning module AnimGraphRuntime (16)
[2018.04.20-09.48.41:055][109]LogModuleManager: Shutting down and abandoning module Renderer (14)
[2018.04.20-09.48.41:055][109]LogModuleManager: Shutting down and abandoning module Engine (12)
[2018.04.20-09.48.41:055][109]LogModuleManager: Shutting down and abandoning module CoreUObject (10)
[2018.04.20-09.48.41:055][109]LogModuleManager: Shutting down and abandoning module NetworkFile (8)
[2018.04.20-09.48.41:055][109]LogModuleManager: Shutting down and abandoning module StreamingFile (6)
[2018.04.20-09.48.41:055][109]LogModuleManager: Shutting down and abandoning module SandboxFile (4)
[2018.04.20-09.48.41:056][109]LogModuleManager: Shutting down and abandoning module PakFile (2)
[2018.04.20-09.48.41:059][109]LogExit: Exiting.
[2018.04.20-09.48.41:102][109]Log file closed, 04/20/18 10:48:41
