Log file open, 07/06/18 14:02:16
LogInit:Display: Running engine for game: RPG_Game
LogPlatformFile: Not using cached read wrapper
LogInit:Display: RandInit(2003607391) SRandInit(2003607392).
LogTaskGraph: Started task graph with 5 named threads and 8 total threads with 1 sets of task threads.
LogStats: Stats thread started at 0.085254
LogInit: Using libcurl 7.47.1
LogInit:  - built for x86_64-pc-win32
LogInit:  - supports SSL with OpenSSL/1.0.2g
LogInit:  - supports HTTP deflate (compression) using libz 1.2.8
LogInit:  - other features:
LogInit:      CURL_VERSION_SSL
LogInit:      CURL_VERSION_LIBZ
LogInit:      CURL_VERSION_IPV6
LogInit:      CURL_VERSION_ASYNCHDNS
LogInit:      CURL_VERSION_LARGEFILE
LogInit:      CURL_VERSION_IDN
LogInit:  CurlRequestOptions (configurable via config and command line):
LogInit:  - bVerifyPeer = false  - Libcurl will NOT verify peer certificate
LogInit:  - bUseHttpProxy = false  - Libcurl will NOT use HTTP proxy
LogInit:  - bDontReuseConnections = false  - Libcurl will reuse connections
LogInit:  - CertBundlePath = nullptr  - Libcurl will use whatever was configured at build time.
LogInit: Build: ++UE4+Release-4.16-CL-3561208
LogInit: Engine Version: 4.16.3-3561208+++UE4+Release-4.16
LogInit: Compatible Engine Version: 4.16.0-3452394+++UE4+Release-4.16
LogInit: Net CL: 3452394
LogDevObjectVersion: Number of dev versions registered: 16
LogDevObjectVersion:   Dev-Blueprints (B0D832E4-1F89-4F0D-ACCF-7EB736FD4AA2): 9
LogDevObjectVersion:   Dev-Build (E1C64328-A22C-4D53-A36C-8E866417BD8C): 0
LogDevObjectVersion:   Dev-Core (375EC13C-06E4-48FB-B500-84F0262A717E): 2
LogDevObjectVersion:   Dev-Editor (E4B068ED-F494-42E9-A231-DA0B2E46BB41): 17
LogDevObjectVersion:   Dev-Framework (CFFC743F-43B0-4480-9391-14DF171D2073): 23
LogDevObjectVersion:   Dev-Mobile (B02B49B5-BB20-44E9-A304-32B752E40360): 0
LogDevObjectVersion:   Dev-Networking (A4E4105C-59A1-49B5-A7C5-40C4547EDFEE): 0
LogDevObjectVersion:   Dev-Online (39C831C9-5AE6-47DC-9A44-9C173E1C8E7C): 0
LogDevObjectVersion:   Dev-Physics (78F01B33-EBEA-4F98-B9B4-84EACCB95AA2): 0
LogDevObjectVersion:   Dev-Platform (6631380F-2D4D-43E0-8009-CF276956A95A): 0
LogDevObjectVersion:   Dev-Rendering (12F88B9F-8875-4AFC-A67C-D90C383ABD29): 15
LogDevObjectVersion:   Dev-Sequencer (7B5AE74C-D270-4C10-A958-57980B212A5A): 4
LogDevObjectVersion:   Dev-VR (D7296918-1DD6-4BDD-9DE2-64A83CC13884): 0
LogDevObjectVersion:   Dev-LoadTimes (C2A15278-BFE7-4AFE-6C17-90FF531DF755): 1
LogDevObjectVersion:   Private-Geometry (6EACA3D4-40EC-4CC1-B786-8BED09428FC5): 1
LogDevObjectVersion:   Dev-AnimPhys (29E575DD-E0A3-4627-9D10-D276232CDCEA): 3
LogInit: Compiled (64-bit): Jul 28 2017 11:49:47
LogInit: Compiled with Visual C++: 19.00.24215.01
LogInit: Build Configuration: Development
LogInit: Branch Name: ++UE4+Release-4.16
LogInit: Command line:  /Temp/Autosaves/Game/Maps/UEDPCRiverDale -game -PIEVIACONSOLE -ResX=1280 -ResY=720  -Multiprocess -messaging -SessionName="Play in Standalone Game" -windowed 
LogInit: Base directory: D:/Program Files/UE_4.16/Engine/Binaries/Win64/
LogInit: Installed Engine Build: 1
LogInit: Presizing for max 8388607 objects, including 0 objects not considered by GC, pre-allocating 0 bytes for permanent pool.
LogInit: Object subsystem initialized
[2018.07.06-13.02.16:748][  0]LogInit: Selected Device Profile: [Windows]
[2018.07.06-13.02.16:748][  0]LogInit: Applying CVar settings loaded from the selected device profile: [Windows]
[2018.07.06-13.02.16:751][  0]LogInit: Computer: DESKTOP-46CB9MQ
[2018.07.06-13.02.16:751][  0]LogInit: User: JoshR
[2018.07.06-13.02.16:751][  0]LogInit: CPU Page size=4096, Cores=4
[2018.07.06-13.02.16:751][  0]LogInit: High frequency timer resolution =3.421874 MHz
[2018.07.06-13.02.16:751][  0]LogMemory: Memory total: Physical=16.0GB (16GB approx)
[2018.07.06-13.02.16:751][  0]LogMemory: Platform Memory Stats for Windows
[2018.07.06-13.02.16:751][  0]LogMemory: Process Physical Memory: 273.48 MB used, 273.48 MB peak
[2018.07.06-13.02.16:751][  0]LogMemory: Process Virtual Memory: 266.64 MB used, 266.64 MB peak
[2018.07.06-13.02.16:751][  0]LogMemory: Physical Memory: 6505.71 MB used,  9838.29 MB free, 16344.00 MB total
[2018.07.06-13.02.16:751][  0]LogMemory: Virtual Memory: 4759.29 MB used,  9838.29 MB free, 134217728.00 MB total
[2018.07.06-13.02.16:798][  0]LogInit: Using OS detected language (en-GB).
[2018.07.06-13.02.16:798][  0]LogInit: Using OS detected locale (en-GB).
[2018.07.06-13.02.16:803][  0]LogTextLocalizationManager: No specific localization for 'en-GB' exists, so the 'en' localization will be used.
[2018.07.06-13.02.17:377][  0]LogD3D11RHI: D3D11 adapters:
[2018.07.06-13.02.17:416][  0]LogD3D11RHI:    0. 'NVIDIA GeForce GTX 970' (Feature Level 11_0)
[2018.07.06-13.02.17:416][  0]LogD3D11RHI:       4043/0/8172 MB DedicatedVideo/DedicatedSystem/SharedSystem, Outputs:1, VendorId:0x10de
[2018.07.06-13.02.17:418][  0]LogD3D11RHI:    1. 'Microsoft Basic Render Driver' (Feature Level 11_0)
[2018.07.06-13.02.17:418][  0]LogD3D11RHI:       0/0/8172 MB DedicatedVideo/DedicatedSystem/SharedSystem, Outputs:0, VendorId:0x1414
[2018.07.06-13.02.17:418][  0]LogD3D11RHI: Chosen D3D11 Adapter: 0
[2018.07.06-13.02.17:422][  0]LogD3D11RHI: Creating new Direct3DDevice
[2018.07.06-13.02.17:422][  0]LogD3D11RHI:     GPU DeviceId: 0x13c2 (for the marketing name, search the web for "GPU Device Id")
[2018.07.06-13.02.17:422][  0]LogWindows: EnumDisplayDevices:
[2018.07.06-13.02.17:423][  0]LogWindows:    0. 'NVIDIA GeForce GTX 970' (P:1 D:1)
[2018.07.06-13.02.17:423][  0]LogWindows:    1. 'NVIDIA GeForce GTX 970' (P:0 D:0)
[2018.07.06-13.02.17:423][  0]LogWindows:    2. 'NVIDIA GeForce GTX 970' (P:0 D:0)
[2018.07.06-13.02.17:423][  0]LogWindows:    3. 'NVIDIA GeForce GTX 970' (P:0 D:0)
[2018.07.06-13.02.17:423][  0]LogWindows: DebugString: GetVideoDriverDetailsInvalid PrimaryIsNotTheChoosenAdapter GetVideoDriverDetailsInvalid PrimaryIsNotTheChoosenAdapter GetVideoDriverDetailsInvalid PrimaryIsNotTheChoosenAdapter GetVideoDriverDetailsInvalid PrimaryIsNotTheChoosenAdapter FoundDriverCount:0 
[2018.07.06-13.02.17:423][  0]LogD3D11RHI:     Adapter Name: NVIDIA GeForce GTX 970
[2018.07.06-13.02.17:423][  0]LogD3D11RHI:   Driver Version: Unknown (internal:Unknown, unified:Unknown)
[2018.07.06-13.02.17:423][  0]LogD3D11RHI:      Driver Date: Unknown
[2018.07.06-13.02.17:423][  0]LogRHI: Texture pool is 1361 MB (70% of 1945 MB)
[2018.07.06-13.02.17:452][  0]LogD3D11RHI: Async texture creation enabled
[2018.07.06-13.02.17:471][  0]LogD3D11RHI: GPU Timing Frequency: 1000.000000 (Debug: 2 2)
[2018.07.06-13.02.17:519][  0]LogShaderCompilers: Guid format shader working directory is -3 characters bigger than the processId version (../../../../../Users/JoshR/Documents/GitHub/Fuse/Intermediate/Shaders/WorkingDirectory/13000/).
[2018.07.06-13.02.17:519][  0]LogShaderCompilers: Cleaned the shader compiler working directory 'C:/Users/JoshR/AppData/Local/Temp/UnrealShaderWorkingDir/E8F4002C486D4EF497D59DBC69190210/'.
[2018.07.06-13.02.17:519][  0]LogShaderCompilers:Display: Using Local Shader Compiler.
[2018.07.06-13.02.18:321][  0]LogTemp:Display: Loaded TP WindowsClientTargetPlatform
[2018.07.06-13.02.18:361][  0]LogTemp:Display: Loaded TP WindowsNoEditorTargetPlatform
[2018.07.06-13.02.18:401][  0]LogTemp:Display: Loaded TP WindowsServerTargetPlatform
[2018.07.06-13.02.18:440][  0]LogTemp:Display: Loaded TP WindowsTargetPlatform
[2018.07.06-13.02.18:440][  0]LogTargetPlatformManager:Display: Building Assets For Windows
[2018.07.06-13.02.18:827][  0]LogDerivedDataCache:Display: Max Cache Size: 512 MB
[2018.07.06-13.02.18:891][  0]LogDerivedDataCache: Loaded boot cache 0.06s 90MB C:/Users/JoshR/AppData/Local/UnrealEngine/4.16/DerivedDataCache/Boot.ddc.
[2018.07.06-13.02.18:891][  0]LogDerivedDataCache:Display: Loaded Boot cache: C:/Users/JoshR/AppData/Local/UnrealEngine/4.16/DerivedDataCache/Boot.ddc
[2018.07.06-13.02.18:891][  0]LogDerivedDataCache: FDerivedDataBackendGraph:  Pak pak cache file ../../../../../Users/JoshR/Documents/GitHub/Fuse/DerivedDataCache/DDC.ddp not found, will not use a pak cache.
[2018.07.06-13.02.18:891][  0]LogDerivedDataCache: Unable to find inner node Pak for hierarchical cache Hierarchy.
[2018.07.06-13.02.18:891][  0]LogDerivedDataCache: FDerivedDataBackendGraph:  CompressedPak pak cache file ../../../../../Users/JoshR/Documents/GitHub/Fuse/DerivedDataCache/Compressed.ddp not found, will not use a pak cache.
[2018.07.06-13.02.18:891][  0]LogDerivedDataCache: Unable to find inner node CompressedPak for hierarchical cache Hierarchy.
[2018.07.06-13.02.18:903][  0]LogDerivedDataCache:Display: Pak cache opened for reading ../../../Engine/DerivedDataCache/Compressed.ddp.
[2018.07.06-13.02.18:915][  0]LogDerivedDataCache: Using Local data cache path C:/Users/JoshR/AppData/Local/UnrealEngine/Common/DerivedDataCache: Writable
[2018.07.06-13.02.18:922][  0]LogMaterial: Verifying Global Shaders for PCD3D_SM5
[2018.07.06-13.02.18:922][  0]LogSlate: Using Freetype 2.6.0
[2018.07.06-13.02.18:923][  0]LogSlate: SlateFontCache - WITH_FREETYPE: 1, WITH_HARFBUZZ: 1
[2018.07.06-13.02.18:923][  0]LogSlate: SlateFontCache - WITH_FREETYPE: 1, WITH_HARFBUZZ: 1
[2018.07.06-13.02.19:176][  0]LogAssetRegistry: FAssetRegistry took 0.0031 seconds to start up
[2018.07.06-13.02.19:184][  0]LogPackageLocalizationCache: Processed 4 localized package path(s) for 2 prioritized culture(s) in 0.007696 seconds
[2018.07.06-13.02.19:248][  0]LogInit: Selected Device Profile: [Windows]
[2018.07.06-13.02.19:296][  0]LogContentStreaming: Texture pool size is 1000.00 MB
[2018.07.06-13.02.19:430][  0]LogMeshUtilities: Using QuadricMeshReduction for automatic static mesh reduction
[2018.07.06-13.02.19:466][  0]LogSimplygon: Simplygon DLL not present - disabling.
[2018.07.06-13.02.19:510][  0]LogMeshUtilities: Using SimplygonSwarm for distributed automatic mesh merging
[2018.07.06-13.02.19:510][  0]LogMeshUtilities: No automatic skeletal mesh reduction module available
[2018.07.06-13.02.19:510][  0]LogMeshUtilities: No automatic mesh merging module available
[2018.07.06-13.02.19:877][  0]LogNetVersion: RPG_Game , NetCL: 3452394, EngineNetVer: 2, GameNetVer: 0 (Checksum: 2586067795)
[2018.07.06-13.02.19:922][  0]LogInit: WinSock: version 1.1 (2.2), MaxSocks=32767, MaxUdp=65467
[2018.07.06-13.02.20:745][  0]LogMoviePlayer: Initializing movie player
[2018.07.06-13.02.21:028][  0]LogCollectionManager: Loaded 0 collections in 0.001174 seconds
[2018.07.06-13.02.21:077][  0]LogFileCache: Scanning file cache for directory 'D:/Users/JoshR/Documents/GitHub/Fuse/Saved/Collections/' took 0.01s
[2018.07.06-13.02.21:077][  0]LogFileCache: Scanning file cache for directory 'D:/Users/JoshR/Documents/GitHub/Fuse/Content/Developers/JoshR/Collections/' took 0.01s
[2018.07.06-13.02.21:077][  0]LogFileCache: Scanning file cache for directory 'D:/Users/JoshR/Documents/GitHub/Fuse/Content/Collections/' took 0.01s
[2018.07.06-13.02.21:077][  0]LogCollectionManager: Rebuilt the object cache for 0 collections in 0.000001 seconds (found 0 objects)
[2018.07.06-13.02.21:077][  0]LogCollectionManager: Fixed up redirectors for 0 collections in 0.000028 seconds (updated 0 objects)
[2018.07.06-13.02.21:223][  0]LogTcpMessaging: Initializing TcpMessaging bridge
[2018.07.06-13.02.21:259][  0]LogUdpMessaging: Initializing bridge on interface 0.0.0.0:0 to multicast group 230.0.0.1:6666.
[2018.07.06-13.02.21:621][  0]SourceControl: Info Source control is disabled
[2018.07.06-13.02.21:621][  0]SourceControl: Info Source control is disabled
[2018.07.06-13.02.21:664][  0]SourceControl: Info Source control is disabled
[2018.07.06-13.02.21:905][  0]LogAndroidPermission: UAndroidPermissionCallbackProxy::GetInstance
[2018.07.06-13.02.22:318][  0]LogUObjectArray: 37220 objects as part of root set at end of initial load.
[2018.07.06-13.02.22:318][  0]LogUObjectAllocator: 8398840 out of 0 bytes used by permanent object pool.
[2018.07.06-13.02.22:318][  0]LogUObjectArray: CloseDisregardForGC: 0/0 objects in disregard for GC pool
[2018.07.06-13.02.22:401][  0]LogEngine: Initializing Engine...
[2018.07.06-13.02.22:402][  0]LogHMD: Failed to initialize OpenVR with code 110
[2018.07.06-13.02.22:542][  0]LogStats: UGameplayTagsManager::ConstructGameplayTagTree: Construct from data asset -  0.000 s
[2018.07.06-13.02.22:542][  0]LogStats: UGameplayTagsManager::ConstructGameplayTagTree: GameplayTagTreeChangedEvent.Broadcast -  0.000 s
[2018.07.06-13.02.22:552][  0]LogInit: XAudio2 using 'Speakers (High Definition Audio Device)' : 2 channels at 44.1 kHz using 16 bits per sample (channel mask 0x3)
[2018.07.06-13.02.22:566][  0]LogInit: FAudioDevice initialized.
[2018.07.06-13.02.22:588][  0]LogInit: Texture streaming: Enabled
[2018.07.06-13.02.22:599][  0]LogMaterial: Uniform references updated for custom material expression Custom.
[2018.07.06-13.02.22:786][  0]LogSlateStyle:Warning: Unable to find Slate Widget Style 'NormalText'. Using FTextBlockStyle defaults instead.
[2018.07.06-13.02.22:786][  0]LogSlateStyle:Warning: Unable to find Slate Widget Style 'SpinBox'. Using FSpinBoxStyle defaults instead.
[2018.07.06-13.02.22:959][  0]LogInit:Display: Game Engine Initialized.
[2018.07.06-13.02.23:081][  0]LogInit:Display: Starting Game.
[2018.07.06-13.02.23:081][  0]LogNet: Browse: /Temp/Autosaves/Game/Maps/UEDPCRiverDale?Name=Player
[2018.07.06-13.02.23:081][  0]LogLoad: LoadMap: /Temp/Autosaves/Game/Maps/UEDPCRiverDale?Name=Player
[2018.07.06-13.02.23:093][  0]LogMemory: Platform Memory Stats for Windows
[2018.07.06-13.02.23:093][  0]LogMemory: Process Physical Memory: 793.79 MB used, 894.80 MB peak
[2018.07.06-13.02.23:093][  0]LogMemory: Process Virtual Memory: 915.17 MB used, 968.16 MB peak
[2018.07.06-13.02.23:093][  0]LogMemory: Physical Memory: 6769.54 MB used,  9574.46 MB free, 16344.00 MB total
[2018.07.06-13.02.23:093][  0]LogMemory: Virtual Memory: 5661.11 MB used,  9574.46 MB free, 134217728.00 MB total
[2018.07.06-13.02.23:093][  0]LogMemory: 
[2018.07.06-13.02.23:093][  0]Allocator Stats for TBB: (not implemented)
[2018.07.06-13.02.23:682][  0]LogAIModule: Creating AISystem for world RiverDale
[2018.07.06-13.02.23:685][  0]LogLoad: Game class is 'FuseGM_C'
[2018.07.06-13.02.23:703][  0]LogWorld: Bringing World /Temp/Autosaves/Game/Maps/UEDPCRiverDale.RiverDale up for play (max tick rate 0) at 2018.07.06-14.02.23
[2018.07.06-13.02.23:703][  0]LogWorld: Bringing up level for play took: 0.017503
[2018.07.06-13.02.23:705][  0]LogLoad: Took 0.623588 seconds to LoadMap(/Temp/Autosaves/Game/Maps/UEDPCRiverDale)
[2018.07.06-13.02.23:866][  0]LogRenderer: Reallocating scene render targets to support 1280x720 NumSamples 1 (Frame:1).
[2018.07.06-13.02.23:866][  0]LogLoad: (Engine Initialization) Total time: 8.57 seconds
[2018.07.06-13.02.23:866][  0]LogLoad: (Engine Initialization) Total Blueprint compile time: 0.16 seconds
[2018.07.06-13.02.23:866][  0]LogExternalProfiler: Found external profiler: VSPerf
[2018.07.06-13.02.23:866][  0]LogExternalProfiler: Using external profiler: VSPerf
[2018.07.06-13.02.23:884][  0]LogOcInput: OculusInput pre-init called
[2018.07.06-13.02.23:884][  0]LogHMD: Starting GearVRController plugin
[2018.07.06-13.02.31:827][484]LogPackageName: SearchForPackageOnDisk took   0.132s to resolve Menu.umap.
[2018.07.06-13.02.31:958][484]LogPackageName: SearchForPackageOnDisk took   0.131s to resolve Menu.umap.
[2018.07.06-13.02.31:958][484]LogNet: Browse: /Game/Maps/Menu
[2018.07.06-13.02.31:958][484]LogLoad: LoadMap: /Game/Maps/Menu
[2018.07.06-13.02.31:990][484]LogMemory: Platform Memory Stats for Windows
[2018.07.06-13.02.31:990][484]LogMemory: Process Physical Memory: 818.13 MB used, 915.32 MB peak
[2018.07.06-13.02.31:990][484]LogMemory: Process Virtual Memory: 1147.36 MB used, 1249.29 MB peak
[2018.07.06-13.02.31:990][484]LogMemory: Physical Memory: 6805.54 MB used,  9538.46 MB free, 16344.00 MB total
[2018.07.06-13.02.31:990][484]LogMemory: Virtual Memory: 5990.36 MB used,  9538.46 MB free, 134217728.00 MB total
[2018.07.06-13.02.31:990][484]LogMemory: 
[2018.07.06-13.02.31:990][484]Allocator Stats for TBB: (not implemented)
[2018.07.06-13.02.32:120][484]LogAIModule: Creating AISystem for world Menu
[2018.07.06-13.02.32:123][484]LogLoad: Game class is 'FuseGM_C'
[2018.07.06-13.02.32:125][484]LogWorld: Bringing World /Game/Maps/Menu.Menu up for play (max tick rate 0) at 2018.07.06-14.02.32
[2018.07.06-13.02.32:125][484]LogWorld: Bringing up level for play took: 0.000406
[2018.07.06-13.02.32:125][484]LogGameMode: FindPlayerStart: PATHS NOT DEFINED or NO PLAYERSTART with positive rating
[2018.07.06-13.02.32:128][484]LogLoad: Took 0.169128 seconds to LoadMap(/Game/Maps/Menu)
