Log file open, 05/18/18 12:06:30
LogInit:Display: Running engine for game: RPG_Game
LogPlatformFile: Not using cached read wrapper
LogInit:Display: RandInit(-1978422089) SRandInit(-1978422089).
LogTaskGraph: Started task graph with 5 named threads and 8 total threads with 1 sets of task threads.
LogStats: Stats thread started at 0.206023
LogInit: Using libcurl 7.47.1
LogInit:  - built for x86_64-pc-win32
LogInit:  - supports SSL with OpenSSL/1.0.2g
LogInit:  - supports HTTP deflate (compression) using libz 1.2.8
LogInit:  - other features:
LogInit:      CURL_VERSION_SSL
LogInit:      CURL_VERSION_LIBZ
LogInit:      CURL_VERSION_IPV6
LogInit:      CURL_VERSION_ASYNCHDNS
LogInit:      CURL_VERSION_LARGEFILE
LogInit:      CURL_VERSION_IDN
LogInit:  CurlRequestOptions (configurable via config and command line):
LogInit:  - bVerifyPeer = false  - Libcurl will NOT verify peer certificate
LogInit:  - bUseHttpProxy = false  - Libcurl will NOT use HTTP proxy
LogInit:  - bDontReuseConnections = false  - Libcurl will reuse connections
LogInit:  - CertBundlePath = nullptr  - Libcurl will use whatever was configured at build time.
LogInit: Build: ++UE4+Release-4.16-CL-3561208
LogInit: Engine Version: 4.16.3-3561208+++UE4+Release-4.16
LogInit: Compatible Engine Version: 4.16.0-3452394+++UE4+Release-4.16
LogInit: Net CL: 3452394
LogDevObjectVersion: Number of dev versions registered: 16
LogDevObjectVersion:   Dev-Blueprints (B0D832E4-1F89-4F0D-ACCF-7EB736FD4AA2): 9
LogDevObjectVersion:   Dev-Build (E1C64328-A22C-4D53-A36C-8E866417BD8C): 0
LogDevObjectVersion:   Dev-Core (375EC13C-06E4-48FB-B500-84F0262A717E): 2
LogDevObjectVersion:   Dev-Editor (E4B068ED-F494-42E9-A231-DA0B2E46BB41): 17
LogDevObjectVersion:   Dev-Framework (CFFC743F-43B0-4480-9391-14DF171D2073): 23
LogDevObjectVersion:   Dev-Mobile (B02B49B5-BB20-44E9-A304-32B752E40360): 0
LogDevObjectVersion:   Dev-Networking (A4E4105C-59A1-49B5-A7C5-40C4547EDFEE): 0
LogDevObjectVersion:   Dev-Online (39C831C9-5AE6-47DC-9A44-9C173E1C8E7C): 0
LogDevObjectVersion:   Dev-Physics (78F01B33-EBEA-4F98-B9B4-84EACCB95AA2): 0
LogDevObjectVersion:   Dev-Platform (6631380F-2D4D-43E0-8009-CF276956A95A): 0
LogDevObjectVersion:   Dev-Rendering (12F88B9F-8875-4AFC-A67C-D90C383ABD29): 15
LogDevObjectVersion:   Dev-Sequencer (7B5AE74C-D270-4C10-A958-57980B212A5A): 4
LogDevObjectVersion:   Dev-VR (D7296918-1DD6-4BDD-9DE2-64A83CC13884): 0
LogDevObjectVersion:   Dev-LoadTimes (C2A15278-BFE7-4AFE-6C17-90FF531DF755): 1
LogDevObjectVersion:   Private-Geometry (6EACA3D4-40EC-4CC1-B786-8BED09428FC5): 1
LogDevObjectVersion:   Dev-AnimPhys (29E575DD-E0A3-4627-9D10-D276232CDCEA): 3
LogInit: Compiled (64-bit): Jul 28 2017 11:49:47
LogInit: Compiled with Visual C++: 19.00.24215.01
LogInit: Build Configuration: Development
LogInit: Branch Name: ++UE4+Release-4.16
LogInit: Command line:  
LogInit: Base directory: D:/Program Files/UE_4.16/Engine/Binaries/Win64/
LogInit: Installed Engine Build: 1
LogInit: Presizing for max 8388607 objects, including 0 objects not considered by GC, pre-allocating 0 bytes for permanent pool.
LogInit: Object subsystem initialized
[2018.05.18-11.06.31:932][  0]LogInit: Selected Device Profile: [Windows]
[2018.05.18-11.06.31:932][  0]LogInit: Applying CVar settings loaded from the selected device profile: [Windows]
[2018.05.18-11.06.32:008][  0]LogInit: Computer: DESKTOP-46CB9MQ
[2018.05.18-11.06.32:008][  0]LogInit: User: JoshR
[2018.05.18-11.06.32:008][  0]LogInit: CPU Page size=4096, Cores=4
[2018.05.18-11.06.32:008][  0]LogInit: High frequency timer resolution =3.421877 MHz
[2018.05.18-11.06.32:028][  0]LogMemory: Memory total: Physical=16.0GB (16GB approx)
[2018.05.18-11.06.32:028][  0]LogMemory: Platform Memory Stats for Windows
[2018.05.18-11.06.32:028][  0]LogMemory: Process Physical Memory: 273.25 MB used, 273.25 MB peak
[2018.05.18-11.06.32:028][  0]LogMemory: Process Virtual Memory: 266.65 MB used, 266.65 MB peak
[2018.05.18-11.06.32:028][  0]LogMemory: Physical Memory: 4345.35 MB used,  11998.66 MB free, 16344.00 MB total
[2018.05.18-11.06.32:028][  0]LogMemory: Virtual Memory: 662.72 MB used,  11998.66 MB free, 134217728.00 MB total
[2018.05.18-11.06.32:650][  0]LogInit: Using OS detected language (en-GB).
[2018.05.18-11.06.32:650][  0]LogInit: Using OS detected locale (en-GB).
[2018.05.18-11.06.32:816][  0]LogTextLocalizationManager: No specific localization for 'en-GB' exists, so the 'en' localization will be used.
[2018.05.18-11.06.35:427][  0]LogD3D11RHI: D3D11 adapters:
[2018.05.18-11.06.35:481][  0]LogD3D11RHI:    0. 'NVIDIA GeForce GTX 970' (Feature Level 11_0)
[2018.05.18-11.06.35:481][  0]LogD3D11RHI:       4043/0/8172 MB DedicatedVideo/DedicatedSystem/SharedSystem, Outputs:1, VendorId:0x10de
[2018.05.18-11.06.35:484][  0]LogD3D11RHI:    1. 'Microsoft Basic Render Driver' (Feature Level 11_0)
[2018.05.18-11.06.35:484][  0]LogD3D11RHI:       0/0/8172 MB DedicatedVideo/DedicatedSystem/SharedSystem, Outputs:0, VendorId:0x1414
[2018.05.18-11.06.35:484][  0]LogD3D11RHI: Chosen D3D11 Adapter: 0
[2018.05.18-11.06.35:561][  0]LogD3D11RHI: Creating new Direct3DDevice
[2018.05.18-11.06.35:561][  0]LogD3D11RHI:     GPU DeviceId: 0x13c2 (for the marketing name, search the web for "GPU Device Id")
[2018.05.18-11.06.35:561][  0]LogWindows: EnumDisplayDevices:
[2018.05.18-11.06.35:561][  0]LogWindows:    0. 'NVIDIA GeForce GTX 970' (P:1 D:1)
[2018.05.18-11.06.35:561][  0]LogWindows:    1. 'NVIDIA GeForce GTX 970' (P:0 D:0)
[2018.05.18-11.06.35:561][  0]LogWindows:    2. 'NVIDIA GeForce GTX 970' (P:0 D:0)
[2018.05.18-11.06.35:561][  0]LogWindows:    3. 'NVIDIA GeForce GTX 970' (P:0 D:0)
[2018.05.18-11.06.35:561][  0]LogWindows: DebugString: GetVideoDriverDetailsInvalid PrimaryIsNotTheChoosenAdapter GetVideoDriverDetailsInvalid PrimaryIsNotTheChoosenAdapter GetVideoDriverDetailsInvalid PrimaryIsNotTheChoosenAdapter GetVideoDriverDetailsInvalid PrimaryIsNotTheChoosenAdapter FoundDriverCount:0 
[2018.05.18-11.06.35:561][  0]LogD3D11RHI:     Adapter Name: NVIDIA GeForce GTX 970
[2018.05.18-11.06.35:561][  0]LogD3D11RHI:   Driver Version: Unknown (internal:Unknown, unified:Unknown)
[2018.05.18-11.06.35:561][  0]LogD3D11RHI:      Driver Date: Unknown
[2018.05.18-11.06.35:562][  0]LogRHI: Texture pool is 1361 MB (70% of 1945 MB)
[2018.05.18-11.06.35:596][  0]LogD3D11RHI: Async texture creation enabled
[2018.05.18-11.06.36:276][  0]LogD3D11RHI: GPU Timing Frequency: 1000.000000 (Debug: 2 2)
[2018.05.18-11.06.36:414][  0]LogShaderCompilers: Guid format shader working directory is -2 characters bigger than the processId version (../../../../../Users/JoshR/Documents/GitHub/Fuse/Intermediate/Shaders/WorkingDirectory/5624/).
[2018.05.18-11.06.36:414][  0]LogShaderCompilers: Cleaned the shader compiler working directory 'C:/Users/JoshR/AppData/Local/Temp/UnrealShaderWorkingDir/68E88B1240D2AEC3EE7068A7E8F6F8A0/'.
[2018.05.18-11.06.36:446][  0]LogShaderCompilers:Display: Using Local Shader Compiler.
[2018.05.18-11.06.40:075][  0]LogTemp:Display: Loaded TP AllDesktopTargetPlatform
[2018.05.18-11.06.40:129][  0]LogTemp:Display: Loaded TP MacClientTargetPlatform
[2018.05.18-11.06.40:170][  0]LogTemp:Display: Loaded TP MacNoEditorTargetPlatform
[2018.05.18-11.06.40:214][  0]LogTemp:Display: Loaded TP MacServerTargetPlatform
[2018.05.18-11.06.40:301][  0]LogTemp:Display: Loaded TP MacTargetPlatform
[2018.05.18-11.06.40:344][  0]LogTemp:Display: Loaded TP WindowsClientTargetPlatform
[2018.05.18-11.06.40:388][  0]LogTemp:Display: Loaded TP WindowsNoEditorTargetPlatform
[2018.05.18-11.06.40:432][  0]LogTemp:Display: Loaded TP WindowsServerTargetPlatform
[2018.05.18-11.06.40:489][  0]LogTemp:Display: Loaded TP WindowsTargetPlatform
[2018.05.18-11.06.40:555][  0]LogTemp:Display: Loaded TP AndroidTargetPlatform
[2018.05.18-11.06.40:596][  0]LogTemp:Display: Loaded TP Android_ASTCTargetPlatform
[2018.05.18-11.06.40:637][  0]LogTemp:Display: Loaded TP Android_ATCTargetPlatform
[2018.05.18-11.06.40:682][  0]LogTemp:Display: Loaded TP Android_DXTTargetPlatform
[2018.05.18-11.06.40:723][  0]LogTemp:Display: Loaded TP Android_ETC1TargetPlatform
[2018.05.18-11.06.40:764][  0]LogTemp:Display: Loaded TP Android_ETC2TargetPlatform
[2018.05.18-11.06.40:883][  0]LogTemp:Display: Loaded TP Android_MultiTargetPlatform
[2018.05.18-11.06.40:883][  0]LogTemp:Display: Loaded TP Android_PVRTCTargetPlatform
[2018.05.18-11.06.41:006][  0]LogTemp:Display: Loaded TP HTML5TargetPlatform
[2018.05.18-11.06.41:198][  0]LogTemp:Display: Loaded TP IOSTargetPlatform
[2018.05.18-11.06.41:220][  0]LogTemp:Display: Loaded TP TVOSTargetPlatform
[2018.05.18-11.06.41:276][  0]LogTemp:Display: Loaded TP LinuxClientTargetPlatform
[2018.05.18-11.06.41:328][  0]LogTemp:Display: Loaded TP LinuxNoEditorTargetPlatform
[2018.05.18-11.06.41:383][  0]LogTemp:Display: Loaded TP LinuxServerTargetPlatform
[2018.05.18-11.06.41:437][  0]LogTemp:Display: Loaded TP LinuxTargetPlatform
[2018.05.18-11.06.41:437][  0]LogTargetPlatformManager:Display: Building Assets For Windows
[2018.05.18-11.06.42:451][  0]LogDerivedDataCache:Display: Max Cache Size: 512 MB
[2018.05.18-11.06.42:781][  0]LogDerivedDataCache: Loaded boot cache 0.33s 90MB C:/Users/JoshR/AppData/Local/UnrealEngine/4.16/DerivedDataCache/Boot.ddc.
[2018.05.18-11.06.42:781][  0]LogDerivedDataCache:Display: Loaded Boot cache: C:/Users/JoshR/AppData/Local/UnrealEngine/4.16/DerivedDataCache/Boot.ddc
[2018.05.18-11.06.42:781][  0]LogDerivedDataCache: FDerivedDataBackendGraph:  Pak pak cache file ../../../../../Users/JoshR/Documents/GitHub/Fuse/DerivedDataCache/DDC.ddp not found, will not use a pak cache.
[2018.05.18-11.06.42:781][  0]LogDerivedDataCache: Unable to find inner node Pak for hierarchical cache Hierarchy.
[2018.05.18-11.06.42:781][  0]LogDerivedDataCache: FDerivedDataBackendGraph:  CompressedPak pak cache file ../../../../../Users/JoshR/Documents/GitHub/Fuse/DerivedDataCache/Compressed.ddp not found, will not use a pak cache.
[2018.05.18-11.06.42:781][  0]LogDerivedDataCache: Unable to find inner node CompressedPak for hierarchical cache Hierarchy.
[2018.05.18-11.06.42:852][  0]LogDerivedDataCache:Display: Pak cache opened for reading ../../../Engine/DerivedDataCache/Compressed.ddp.
[2018.05.18-11.06.42:865][  0]LogDerivedDataCache: Using Local data cache path C:/Users/JoshR/AppData/Local/UnrealEngine/Common/DerivedDataCache: Writable
[2018.05.18-11.06.42:951][  0]LogMaterial: Verifying Global Shaders for PCD3D_SM5
[2018.05.18-11.06.43:014][  0]LogSlate: Using Freetype 2.6.0
[2018.05.18-11.06.43:108][  0]LogSlate: SlateFontCache - WITH_FREETYPE: 1, WITH_HARFBUZZ: 1
[2018.05.18-11.06.43:108][  0]LogSlate: SlateFontCache - WITH_FREETYPE: 1, WITH_HARFBUZZ: 1
[2018.05.18-11.06.49:046][  0]LogInit: Selected Device Profile: [Windows]
[2018.05.18-11.06.50:097][  0]LogContentStreaming: Texture pool size is 0.00 MB
[2018.05.18-11.06.51:276][  0]LogMeshUtilities: Using QuadricMeshReduction for automatic static mesh reduction
[2018.05.18-11.06.51:438][  0]LogSimplygon: Simplygon DLL not present - disabling.
[2018.05.18-11.06.51:518][  0]LogMeshUtilities: Using SimplygonSwarm for distributed automatic mesh merging
[2018.05.18-11.06.51:518][  0]LogMeshUtilities: No automatic skeletal mesh reduction module available
[2018.05.18-11.06.51:518][  0]LogMeshUtilities: No automatic mesh merging module available
[2018.05.18-11.06.56:416][  0]LogNetVersion: RPG_Game , NetCL: 3452394, EngineNetVer: 2, GameNetVer: 0 (Checksum: 2586067795)
[2018.05.18-11.06.56:772][  0]LogAssetRegistry: FAssetRegistry took 0.0326 seconds to start up
[2018.05.18-11.06.57:122][  0]LogPackageLocalizationCache: Processed 4 localized package path(s) for 2 prioritized culture(s) in 0.177531 seconds
[2018.05.18-11.06.57:367][  0]LogUObjectArray: 34194 objects as part of root set at end of initial load.
[2018.05.18-11.06.57:367][  0]LogUObjectAllocator: 7260424 out of 0 bytes used by permanent object pool.
[2018.05.18-11.06.57:367][  0]LogUObjectArray: CloseDisregardForGC: 0/0 objects in disregard for GC pool
[2018.05.18-11.06.57:473][  0]LogInit: WinSock: version 1.1 (2.2), MaxSocks=32767, MaxUdp=65467
[2018.05.18-11.07.10:261][  0]LogSubstanceCoreModule: Substance [CPU] Engine Loaded, Max Texture Size = 2048
[2018.05.18-11.07.10:372][  0]LogTcpMessaging: Initializing TcpMessaging bridge
[2018.05.18-11.07.10:429][  0]LogUdpMessaging: Initializing bridge on interface 0.0.0.0:0 to multicast group 230.0.0.1:6666.
[2018.05.18-11.07.11:860][  0]LogMaterial: Uniform references updated for custom material expression Custom.
[2018.05.18-11.07.12:774][  0]SourceControl: Info Source control is disabled
[2018.05.18-11.07.15:796][  0]LogAndroidPermission: UAndroidPermissionCallbackProxy::GetInstance
[2018.05.18-11.07.17:197][  0]LogEngine: Initializing Engine...
[2018.05.18-11.07.17:252][  0]LogHMD: Failed to initialize OpenVR with code 110
[2018.05.18-11.07.17:882][  0]LogStats: UGameplayTagsManager::ConstructGameplayTagTree: Construct from data asset -  0.000 s
[2018.05.18-11.07.17:882][  0]LogStats: UGameplayTagsManager::ConstructGameplayTagTree: GameplayTagTreeChangedEvent.Broadcast -  0.000 s
[2018.05.18-11.07.18:422][  0]LogAIModule: Creating AISystem for world Untitled
[2018.05.18-11.07.18:672][  0]LogInit: XAudio2 using 'Speakers (High Definition Audio Device)' : 2 channels at 44.1 kHz using 16 bits per sample (channel mask 0x3)
[2018.05.18-11.07.18:688][  0]LogInit: FAudioDevice initialized.
[2018.05.18-11.07.18:736][  0]LogDerivedDataCache: Saved boot cache 0.04s 90MB C:/Users/JoshR/AppData/Local/UnrealEngine/4.16/DerivedDataCache/Boot.ddc.
[2018.05.18-11.07.18:743][  0]LogInit: Texture streaming: Enabled
[2018.05.18-11.07.19:160][  0]LogEngineSessionManager: EngineSessionManager initialized
[2018.05.18-11.07.19:796][  0]LogInit: Transaction tracking system initialized
[2018.05.18-11.07.20:335][  0]BlueprintLog: New page: Editor Load
[2018.05.18-11.07.22:013][  0]LocalizationService: Info Localization service is disabled
[2018.05.18-11.07.23:198][  0]LogConsoleResponse:Display: 
[2018.05.18-11.07.26:516][  0]LogFileCache: Scanning file cache for directory 'D:/Users/JoshR/Documents/GitHub/Fuse/Content/' took 0.04s
[2018.05.18-11.07.26:516][  0]LogCook:Display: Max memory allowance for cook 16384mb min free memory 0mb
[2018.05.18-11.07.26:516][  0]LogCook:Display: Mobile HDR setting 1
[2018.05.18-11.07.30:483][  0]Cmd: MAP LOAD FILE="../../../../../Users/JoshR/Documents/GitHub/Fuse/Content/Maps/RiverDale.umap" TEMPLATE=0 SHOWPROGRESS=1 FEATURELEVEL=3
[2018.05.18-11.07.30:492][  0]LightingResults: New page: Lighting Build
[2018.05.18-11.07.30:820][  0]MapCheck: New page: Map Check
[2018.05.18-11.07.30:820][  0]LightingResults: New page: Lighting Build
[2018.05.18-11.07.32:998][  0]LogLinker:Warning: Can't find file '/Game/Materials/ButtonMaterial'
[2018.05.18-11.07.32:998][  0]LogLinker:Warning: Can't find file for asset '/Game/Materials/ButtonMaterial' while loading ../../../../../Users/JoshR/Documents/GitHub/Fuse/Content/Assets/PressurePad/Button_Base.uasset.
[2018.05.18-11.07.32:998][  0]LoadErrors:Error: Error /Game/Assets/PressurePad/Button_Base : Can't find file for asset. /Game/Materials/ButtonMaterial
[2018.05.18-11.07.32:998][  0]LogLinker:Warning: Can't find file '/Game/Materials/ButtonMaterial'
[2018.05.18-11.07.32:998][  0]LogLinker:Warning: Can't find file for asset '/Game/Materials/ButtonMaterial' while loading ../../../../../Users/JoshR/Documents/GitHub/Fuse/Content/Assets/PressurePad/Button_Base.uasset.
[2018.05.18-11.07.32:998][  0]LoadErrors:Error: Error /Game/Assets/PressurePad/Button_Base : Can't find file for asset. /Game/Materials/ButtonMaterial
[2018.05.18-11.07.33:011][  0]LogLinker:Warning: Can't find file '/Game/Materials/ButtonMaterial'
[2018.05.18-11.07.33:011][  0]LogLinker:Warning: Can't find file for asset '/Game/Materials/ButtonMaterial' while loading ../../../../../Users/JoshR/Documents/GitHub/Fuse/Content/Assets/PressurePad/Button_Push.uasset.
[2018.05.18-11.07.33:012][  0]LoadErrors:Error: Error /Game/Assets/PressurePad/Button_Push : Can't find file for asset. /Game/Materials/ButtonMaterial
[2018.05.18-11.07.33:012][  0]LogLinker:Warning: Can't find file '/Game/Materials/ButtonMaterial'
[2018.05.18-11.07.33:012][  0]LogLinker:Warning: Can't find file for asset '/Game/Materials/ButtonMaterial' while loading ../../../../../Users/JoshR/Documents/GitHub/Fuse/Content/Assets/PressurePad/Button_Push.uasset.
[2018.05.18-11.07.33:012][  0]LoadErrors:Error: Error /Game/Assets/PressurePad/Button_Push : Can't find file for asset. /Game/Materials/ButtonMaterial
[2018.05.18-11.07.34:548][  0]LogLinker:Warning: Can't find file '/Game/Materials/ButtonMaterial'
[2018.05.18-11.07.34:548][  0]LoadErrors: Info Failed to load /Game/Materials/ButtonMaterial.ButtonMaterial Referenced by Button_Push
[2018.05.18-11.07.34:548][  0]LogLinker:Warning: Can't find file for asset '/Game/Materials/ButtonMaterial' while loading NULL.
[2018.05.18-11.07.34:548][  0]LoadErrors: Info Failed to load /Game/Materials/ButtonMaterial.ButtonMaterial Referenced by Button_Push
[2018.05.18-11.07.34:548][  0]LogLinker:Warning: Can't find file '/Game/Materials/ButtonMaterial'
[2018.05.18-11.07.34:548][  0]LoadErrors: Info Failed to load /Game/Materials/ButtonMaterial.ButtonMaterial Referenced by Button_Base
[2018.05.18-11.07.34:548][  0]LogLinker:Warning: Can't find file for asset '/Game/Materials/ButtonMaterial' while loading NULL.
[2018.05.18-11.07.34:548][  0]LoadErrors: Info Failed to load /Game/Materials/ButtonMaterial.ButtonMaterial Referenced by Button_Base
[2018.05.18-11.07.35:512][  0]LogAIModule: Creating AISystem for world RiverDale
[2018.05.18-11.07.36:239][  0]LogEditorServer: Finished looking for orphan Actors (0.000 secs)
[2018.05.18-11.07.36:452][  0]Cmd: MAP CHECKDEP NOCLEARLOG
[2018.05.18-11.07.36:545][  0]MapCheck: Info Map check complete: 0 Error(s), 0 Warning(s), took 91.081ms to complete.
[2018.05.18-11.07.36:545][  0]LogFileHelpers: Loading map 'RiverDale' took 6.104
[2018.05.18-11.07.38:945][  0]LogCollectionManager: Loaded 0 collections in 0.001222 seconds
[2018.05.18-11.07.39:153][  0]LogFileCache: Scanning file cache for directory 'D:/Users/JoshR/Documents/GitHub/Fuse/Saved/Collections/' took 0.01s
[2018.05.18-11.07.39:153][  0]LogFileCache: Scanning file cache for directory 'D:/Users/JoshR/Documents/GitHub/Fuse/Content/Developers/JoshR/Collections/' took 0.01s
[2018.05.18-11.07.39:153][  0]LogFileCache: Scanning file cache for directory 'D:/Users/JoshR/Documents/GitHub/Fuse/Content/Collections/' took 0.01s
[2018.05.18-11.07.39:153][  0]LogCollectionManager: Rebuilt the GUID cache for 0 collections in 0.000001 seconds
[2018.05.18-11.07.39:173][  0]LogContentBrowser: Native class hierarchy populated in 0.0089 seconds. Added 2343 classes and 497 folders.
[2018.05.18-11.07.39:388][  0]LogContentBrowser: Native class hierarchy updated for 'WidgetCarousel' in 0.0007 seconds. Added 0 classes and 0 folders.
[2018.05.18-11.07.40:109][  0]LogContentBrowser: Native class hierarchy updated for 'AddContentDialog' in 0.0006 seconds. Added 0 classes and 0 folders.
[2018.05.18-11.07.40:171][  0]LogContentBrowser: Native class hierarchy updated for 'SceneOutliner' in 0.0006 seconds. Added 1 classes and 2 folders.
[2018.05.18-11.07.41:058][  0]LogCrashTracker: Crashtracker disabled due to settings.
[2018.05.18-11.07.41:230][  0]LogSlate: Took 0.007523 seconds to synchronously load lazily loaded font '../../../Engine/Content/Slate/Fonts/Roboto-Regular.ttf' (155K)
[2018.05.18-11.07.41:260][  0]LogSlate: Took 0.012374 seconds to synchronously load lazily loaded font '../../../Engine/Content/Slate/Fonts/Roboto-Bold.ttf' (160K)
[2018.05.18-11.07.41:329][  0]LogSlate: Took 0.005116 seconds to synchronously load lazily loaded font '../../../Engine/Content/Editor/Slate/Fonts/FontAwesome.ttf' (139K)
[2018.05.18-11.07.41:775][  0]LogRenderer: Reallocating scene render targets to support 1692x692 NumSamples 1 (Frame:1).
[2018.05.18-11.07.42:269][  0]LogSlate: Took 0.010385 seconds to synchronously load lazily loaded font '../../../Engine/Content/Slate/Fonts/Roboto-Light.ttf' (159K)
[2018.05.18-11.07.42:574][  0]LogUObjectGlobals:Warning: Failed to find object 'Class None.'
[2018.05.18-11.07.42:689][  0]LogContentBrowser: Native class hierarchy updated for 'HierarchicalLODOutliner' in 0.0007 seconds. Added 1 classes and 2 folders.
[2018.05.18-11.07.42:689][  0]LogLoad: (Engine Initialization) Total time: 76.47 seconds
[2018.05.18-11.07.42:689][  0]LogLoad: (Engine Initialization) Total Blueprint compile time: 1.01 seconds
[2018.05.18-11.07.42:689][  0]LogExternalProfiler: Found external profiler: VSPerf
[2018.05.18-11.07.42:689][  0]LogExternalProfiler: Using external profiler: VSPerf
[2018.05.18-11.07.43:093][  0]LogOcInput: OculusInput pre-init called
[2018.05.18-11.07.43:104][  0]LogHMD: Starting GearVRController plugin
[2018.05.18-11.07.43:433][  0]SourceControl: Info On branch master
[2018.05.18-11.07.43:433][  0]SourceControl: Info Your branch is up to date with 'origin/master'.
[2018.05.18-11.07.43:433][  0]SourceControl: Info Changes not staged for commit:
[2018.05.18-11.07.43:433][  0]SourceControl: Info   (use "git add/rm <file>..." to update what will be committed)
[2018.05.18-11.07.43:433][  0]SourceControl: Info   (use "git checkout -- <file>..." to discard changes in working directory)
[2018.05.18-11.07.43:433][  0]SourceControl: Info 	modified:   Intermediate/CachedAssetRegistry.bin
[2018.05.18-11.07.43:433][  0]SourceControl: Info 	modified:   Saved/Config/Windows/Editor.ini
[2018.05.18-11.07.43:433][  0]SourceControl: Info 	modified:   Saved/Config/Windows/Engine.ini
[2018.05.18-11.07.43:433][  0]SourceControl: Info 	deleted:    Saved/Logs/RPG_Game-backup-2018.05.15-17.32.03.log
[2018.05.18-11.07.43:433][  0]SourceControl: Info 	modified:   Saved/Logs/RPG_Game.log
[2018.05.18-11.07.43:433][  0]SourceControl: Info Untracked files:
[2018.05.18-11.07.43:433][  0]SourceControl: Info   (use "git add <file>..." to include in what will be committed)
[2018.05.18-11.07.43:433][  0]SourceControl: Info 	Saved/Config/CrashReportClient/UE4CC-Windows-F9589D7C48E34D1926E4F7A98B2D80A9/
[2018.05.18-11.07.43:433][  0]SourceControl: Info 	Saved/Logs/RPG_Game-backup-2018.05.18-12.06.30.log
[2018.05.18-11.07.43:433][  0]SourceControl: Info no changes added to commit (use "git add" and/or "git commit -a")
[2018.05.18-11.07.43:454][  0]LogContentStreaming: Texture pool size now 1000 MB
[2018.05.18-11.07.44:256][  2]LogAssetRegistry: Asset discovery search completed in 47.5061 seconds
[2018.05.18-11.07.44:319][  2]LogCollectionManager: Rebuilt the object cache for 0 collections in 0.000001 seconds (found 0 objects)
[2018.05.18-11.07.44:319][  2]LogCollectionManager: Fixed up redirectors for 0 collections in 0.007936 seconds (updated 0 objects)
[2018.05.18-11.08.17:538][708]Cmd: CAMERA ALIGN ACTIVEVIEWPORTONLY
[2018.05.18-11.10.55:931][ 69]LogEditorViewport: Clicking on Actor (LMB): BP_Sky_Sphere_C (SkySphereBlueprint)
[2018.05.18-11.10.58:600][362]LogTemp: Repeting last play command: Selected Viewport
[2018.05.18-11.10.58:803][362]LogBlueprintUserMessages: Early PlayInEditor Detection: Level '/Game/Maps/RiverDale.RiverDale:PersistentLevel' has LevelScriptBlueprint '/Game/Maps/RiverDale.RiverDale:PersistentLevel.RiverDale' with GeneratedClass '/Game/Maps/RiverDale.RiverDale_C' with ClassGeneratedBy '/Game/Maps/RiverDale.RiverDale:PersistentLevel.RiverDale'
[2018.05.18-11.10.58:819][362]LogPlayLevel: PlayLevel: No blueprints needed recompiling
[2018.05.18-11.10.58:873][362]PIE: New page: PIE session: RiverDale (18 May 2018 13:10:58)
[2018.05.18-11.10.58:882][362]LogPlayLevel: Creating play world package: /Game/Maps/UEDPIE_0_RiverDale
[2018.05.18-11.10.58:995][362]LogPlayLevel: PIE: StaticDuplicateObject took: (0.112114s)
[2018.05.18-11.10.58:995][362]LogAIModule: Creating AISystem for world RiverDale
[2018.05.18-11.10.58:995][362]LogPlayLevel: PIE: World Init took: (0.000606s)
[2018.05.18-11.10.59:006][362]LogPlayLevel: PIE: Created PIE world by copying editor world from /Game/Maps/RiverDale.RiverDale to /Game/Maps/UEDPIE_0_RiverDale.RiverDale (0.123943s)
[2018.05.18-11.10.59:092][362]LogInit: XAudio2 using 'Speakers (High Definition Audio Device)' : 2 channels at 44.1 kHz using 16 bits per sample (channel mask 0x3)
[2018.05.18-11.10.59:099][362]LogInit: FAudioDevice initialized.
[2018.05.18-11.10.59:165][362]LogLoad: Game class is 'FuseGM_C'
[2018.05.18-11.10.59:240][362]LogWorld: Bringing World /Game/Maps/UEDPIE_0_RiverDale.RiverDale up for play (max tick rate 0) at 2018.05.18-12.10.59
[2018.05.18-11.10.59:273][362]LogWorld: Bringing up level for play took: 0.055175
[2018.05.18-11.10.59:431][362]LogContentBrowser: Native class hierarchy updated for 'MovieSceneCapture' in 0.0007 seconds. Added 11 classes and 0 folders.
[2018.05.18-11.10.59:532][362]PIE: Info Play in editor start time for /Game/Maps/UEDPIE_0_RiverDale 0.418
[2018.05.18-11.10.59:532][362]LogBlueprintUserMessages: Late PlayInEditor Detection: Level '/Game/Maps/RiverDale.RiverDale:PersistentLevel' has LevelScriptBlueprint '/Game/Maps/RiverDale.RiverDale:PersistentLevel.RiverDale' with GeneratedClass '/Game/Maps/RiverDale.RiverDale_C' with ClassGeneratedBy '/Game/Maps/RiverDale.RiverDale:PersistentLevel.RiverDale'
[2018.05.18-11.10.59:681][363]Cmd: LevelEditor.ToggleImmersive
[2018.05.18-11.10.59:967][364]LogRenderer: Reallocating scene render targets to support 2560x1052 NumSamples 1 (Frame:3).
[2018.05.18-11.11.07:595][246]LogBlueprintUserMessages: Early EndPlayMap Detection: Level '/Game/Maps/RiverDale.RiverDale:PersistentLevel' has LevelScriptBlueprint '/Game/Maps/RiverDale.RiverDale:PersistentLevel.RiverDale' with GeneratedClass '/Game/Maps/RiverDale.RiverDale_C' with ClassGeneratedBy '/Game/Maps/RiverDale.RiverDale:PersistentLevel.RiverDale'
[2018.05.18-11.11.07:775][246]LogBlueprintUserMessages: Late EndPlayMap Detection: Level '/Game/Maps/RiverDale.RiverDale:PersistentLevel' has LevelScriptBlueprint '/Game/Maps/RiverDale.RiverDale:PersistentLevel.RiverDale' with GeneratedClass '/Game/Maps/RiverDale.RiverDale_C' with ClassGeneratedBy '/Game/Maps/RiverDale.RiverDale:PersistentLevel.RiverDale'
[2018.05.18-11.12.23:656][564]Cmd: CAMERA ALIGN ACTIVEVIEWPORTONLY
[2018.05.18-11.12.31:022][381]Cmd: CAMERA ALIGN ACTIVEVIEWPORTONLY
[2018.05.18-11.12.53:990][691]Cmd: CAMERA ALIGN ACTIVEVIEWPORTONLY
[2018.05.18-11.14.57:560][503]LogEditorViewport: Clicking on Actor (LMB): BP_Sky_Sphere_C (SkySphereBlueprint)
[2018.05.18-11.15.02:034][ 14]LogEditorViewport: Clicking on Actor (LMB): BlockingVolume (BlockingVolume)
[2018.05.18-11.15.19:775][101]LogEditorViewport: Clicking on Actor (LMB): PostProcessVolume (PostProcessVolume)
[2018.05.18-11.15.56:151][343]LogEditorViewport: Clicking on Actor (LMB): BlockingVolume (BlockingVolume)
[2018.05.18-11.16.13:204][312]LogEditorViewport: Clicking on Actor (LMB): BlockingVolume (BlockingVolume)
[2018.05.18-11.17.12:508][ 70]LogEditorViewport: Clicking Background
[2018.05.18-11.17.17:105][602]LogTemp: Repeting last play command: Selected Viewport
[2018.05.18-11.17.17:123][602]LogBlueprintUserMessages: Early PlayInEditor Detection: Level '/Game/Maps/RiverDale.RiverDale:PersistentLevel' has LevelScriptBlueprint '/Game/Maps/RiverDale.RiverDale:PersistentLevel.RiverDale' with GeneratedClass '/Game/Maps/RiverDale.RiverDale_C' with ClassGeneratedBy '/Game/Maps/RiverDale.RiverDale:PersistentLevel.RiverDale'
[2018.05.18-11.17.17:123][602]LogPlayLevel: PlayLevel: No blueprints needed recompiling
[2018.05.18-11.17.17:124][602]PIE: New page: PIE session: RiverDale (18 May 2018 13:17:17)
[2018.05.18-11.17.17:124][602]LogPlayLevel: Creating play world package: /Game/Maps/UEDPIE_0_RiverDale
[2018.05.18-11.17.17:185][602]LogPlayLevel: PIE: StaticDuplicateObject took: (0.061029s)
[2018.05.18-11.17.17:185][602]LogAIModule: Creating AISystem for world RiverDale
[2018.05.18-11.17.17:185][602]LogPlayLevel: PIE: World Init took: (0.000777s)
[2018.05.18-11.17.17:186][602]LogPlayLevel: PIE: Created PIE world by copying editor world from /Game/Maps/RiverDale.RiverDale to /Game/Maps/UEDPIE_0_RiverDale.RiverDale (0.062214s)
[2018.05.18-11.17.17:199][602]LogInit: XAudio2 using 'Speakers (High Definition Audio Device)' : 2 channels at 44.1 kHz using 16 bits per sample (channel mask 0x3)
[2018.05.18-11.17.17:208][602]LogInit: FAudioDevice initialized.
[2018.05.18-11.17.17:239][602]LogLoad: Game class is 'FuseGM_C'
[2018.05.18-11.17.17:249][602]LogWorld: Bringing World /Game/Maps/UEDPIE_0_RiverDale.RiverDale up for play (max tick rate 0) at 2018.05.18-12.17.17
[2018.05.18-11.17.17:250][602]LogWorld: Bringing up level for play took: 0.010004
[2018.05.18-11.17.17:252][602]PIE: Info Play in editor start time for /Game/Maps/UEDPIE_0_RiverDale 0.146
[2018.05.18-11.17.17:252][602]LogBlueprintUserMessages: Late PlayInEditor Detection: Level '/Game/Maps/RiverDale.RiverDale:PersistentLevel' has LevelScriptBlueprint '/Game/Maps/RiverDale.RiverDale:PersistentLevel.RiverDale' with GeneratedClass '/Game/Maps/RiverDale.RiverDale_C' with ClassGeneratedBy '/Game/Maps/RiverDale.RiverDale:PersistentLevel.RiverDale'
[2018.05.18-11.17.17:586][634]Cmd: LevelEditor.ToggleImmersive
[2018.05.18-11.17.37:594][ 15]LogBlueprintUserMessages: Early EndPlayMap Detection: Level '/Game/Maps/RiverDale.RiverDale:PersistentLevel' has LevelScriptBlueprint '/Game/Maps/RiverDale.RiverDale:PersistentLevel.RiverDale' with GeneratedClass '/Game/Maps/RiverDale.RiverDale_C' with ClassGeneratedBy '/Game/Maps/RiverDale.RiverDale:PersistentLevel.RiverDale'
[2018.05.18-11.17.37:652][ 15]LogBlueprintUserMessages: Late EndPlayMap Detection: Level '/Game/Maps/RiverDale.RiverDale:PersistentLevel' has LevelScriptBlueprint '/Game/Maps/RiverDale.RiverDale:PersistentLevel.RiverDale' with GeneratedClass '/Game/Maps/RiverDale.RiverDale_C' with ClassGeneratedBy '/Game/Maps/RiverDale.RiverDale:PersistentLevel.RiverDale'
[2018.05.18-11.17.55:306][104]LogTemp: Repeting last play command: Selected Viewport
[2018.05.18-11.17.55:323][104]LogBlueprintUserMessages: Early PlayInEditor Detection: Level '/Game/Maps/RiverDale.RiverDale:PersistentLevel' has LevelScriptBlueprint '/Game/Maps/RiverDale.RiverDale:PersistentLevel.RiverDale' with GeneratedClass '/Game/Maps/RiverDale.RiverDale_C' with ClassGeneratedBy '/Game/Maps/RiverDale.RiverDale:PersistentLevel.RiverDale'
[2018.05.18-11.17.55:323][104]LogPlayLevel: PlayLevel: No blueprints needed recompiling
[2018.05.18-11.17.55:324][104]PIE: New page: PIE session: RiverDale (18 May 2018 13:17:55)
[2018.05.18-11.17.55:324][104]LogPlayLevel: Creating play world package: /Game/Maps/UEDPIE_0_RiverDale
[2018.05.18-11.17.55:381][104]LogPlayLevel: PIE: StaticDuplicateObject took: (0.057375s)
[2018.05.18-11.17.55:381][104]LogAIModule: Creating AISystem for world RiverDale
[2018.05.18-11.17.55:382][104]LogPlayLevel: PIE: World Init took: (0.000768s)
[2018.05.18-11.17.55:382][104]LogPlayLevel: PIE: Created PIE world by copying editor world from /Game/Maps/RiverDale.RiverDale to /Game/Maps/UEDPIE_0_RiverDale.RiverDale (0.059033s)
[2018.05.18-11.17.55:399][104]LogInit: XAudio2 using 'Speakers (High Definition Audio Device)' : 2 channels at 44.1 kHz using 16 bits per sample (channel mask 0x3)
[2018.05.18-11.17.55:406][104]LogInit: FAudioDevice initialized.
[2018.05.18-11.17.55:441][104]LogLoad: Game class is 'FuseGM_C'
[2018.05.18-11.17.55:450][104]LogWorld: Bringing World /Game/Maps/UEDPIE_0_RiverDale.RiverDale up for play (max tick rate 0) at 2018.05.18-12.17.55
[2018.05.18-11.17.55:451][104]LogWorld: Bringing up level for play took: 0.008866
[2018.05.18-11.17.55:452][104]PIE: Info Play in editor start time for /Game/Maps/UEDPIE_0_RiverDale 0.346
[2018.05.18-11.17.55:453][104]LogBlueprintUserMessages: Late PlayInEditor Detection: Level '/Game/Maps/RiverDale.RiverDale:PersistentLevel' has LevelScriptBlueprint '/Game/Maps/RiverDale.RiverDale:PersistentLevel.RiverDale' with GeneratedClass '/Game/Maps/RiverDale.RiverDale_C' with ClassGeneratedBy '/Game/Maps/RiverDale.RiverDale:PersistentLevel.RiverDale'
[2018.05.18-11.18.03:084][986]LogBlueprintUserMessages: Early EndPlayMap Detection: Level '/Game/Maps/RiverDale.RiverDale:PersistentLevel' has LevelScriptBlueprint '/Game/Maps/RiverDale.RiverDale:PersistentLevel.RiverDale' with GeneratedClass '/Game/Maps/RiverDale.RiverDale_C' with ClassGeneratedBy '/Game/Maps/RiverDale.RiverDale:PersistentLevel.RiverDale'
[2018.05.18-11.18.03:115][986]LogBlueprintUserMessages: Late EndPlayMap Detection: Level '/Game/Maps/RiverDale.RiverDale:PersistentLevel' has LevelScriptBlueprint '/Game/Maps/RiverDale.RiverDale:PersistentLevel.RiverDale' with GeneratedClass '/Game/Maps/RiverDale.RiverDale_C' with ClassGeneratedBy '/Game/Maps/RiverDale.RiverDale:PersistentLevel.RiverDale'
[2018.05.18-11.18.30:348][894]LogTemp: Repeting last play command: Selected Viewport
[2018.05.18-11.18.30:364][894]LogBlueprintUserMessages: Early PlayInEditor Detection: Level '/Game/Maps/RiverDale.RiverDale:PersistentLevel' has LevelScriptBlueprint '/Game/Maps/RiverDale.RiverDale:PersistentLevel.RiverDale' with GeneratedClass '/Game/Maps/RiverDale.RiverDale_C' with ClassGeneratedBy '/Game/Maps/RiverDale.RiverDale:PersistentLevel.RiverDale'
[2018.05.18-11.18.30:364][894]LogPlayLevel: PlayLevel: No blueprints needed recompiling
[2018.05.18-11.18.30:364][894]PIE: New page: PIE session: RiverDale (18 May 2018 13:18:30)
[2018.05.18-11.18.30:364][894]LogPlayLevel: Creating play world package: /Game/Maps/UEDPIE_0_RiverDale
[2018.05.18-11.18.30:405][894]LogPlayLevel: PIE: StaticDuplicateObject took: (0.041680s)
[2018.05.18-11.18.30:406][894]LogAIModule: Creating AISystem for world RiverDale
[2018.05.18-11.18.30:406][894]LogPlayLevel: PIE: World Init took: (0.000632s)
[2018.05.18-11.18.30:406][894]LogPlayLevel: PIE: Created PIE world by copying editor world from /Game/Maps/RiverDale.RiverDale to /Game/Maps/UEDPIE_0_RiverDale.RiverDale (0.042584s)
[2018.05.18-11.18.30:428][894]LogInit: XAudio2 using 'Speakers (High Definition Audio Device)' : 2 channels at 44.1 kHz using 16 bits per sample (channel mask 0x3)
[2018.05.18-11.18.30:434][894]LogInit: FAudioDevice initialized.
[2018.05.18-11.18.30:464][894]LogLoad: Game class is 'FuseGM_C'
[2018.05.18-11.18.30:473][894]LogWorld: Bringing World /Game/Maps/UEDPIE_0_RiverDale.RiverDale up for play (max tick rate 0) at 2018.05.18-12.18.30
[2018.05.18-11.18.30:474][894]LogWorld: Bringing up level for play took: 0.008708
[2018.05.18-11.18.30:475][894]PIE: Info Play in editor start time for /Game/Maps/UEDPIE_0_RiverDale -0.631
[2018.05.18-11.18.30:476][894]LogBlueprintUserMessages: Late PlayInEditor Detection: Level '/Game/Maps/RiverDale.RiverDale:PersistentLevel' has LevelScriptBlueprint '/Game/Maps/RiverDale.RiverDale:PersistentLevel.RiverDale' with GeneratedClass '/Game/Maps/RiverDale.RiverDale_C' with ClassGeneratedBy '/Game/Maps/RiverDale.RiverDale:PersistentLevel.RiverDale'
[2018.05.18-11.18.31:340][992]Cmd: LevelEditor.ToggleImmersive
[2018.05.18-11.18.32:082][ 63]LogBlueprintUserMessages: Early EndPlayMap Detection: Level '/Game/Maps/RiverDale.RiverDale:PersistentLevel' has LevelScriptBlueprint '/Game/Maps/RiverDale.RiverDale:PersistentLevel.RiverDale' with GeneratedClass '/Game/Maps/RiverDale.RiverDale_C' with ClassGeneratedBy '/Game/Maps/RiverDale.RiverDale:PersistentLevel.RiverDale'
[2018.05.18-11.18.32:146][ 63]LogBlueprintUserMessages: Late EndPlayMap Detection: Level '/Game/Maps/RiverDale.RiverDale:PersistentLevel' has LevelScriptBlueprint '/Game/Maps/RiverDale.RiverDale:PersistentLevel.RiverDale' with GeneratedClass '/Game/Maps/RiverDale.RiverDale_C' with ClassGeneratedBy '/Game/Maps/RiverDale.RiverDale:PersistentLevel.RiverDale'
[2018.05.18-11.18.34:674][319]MapCheck: New page: Map Check
[2018.05.18-11.18.34:726][319]Cmd: MAP REBUILD ALLVISIBLE
[2018.05.18-11.18.34:733][319]LogEditorServer: Rebuildmap Clear paths rebuilt
[2018.05.18-11.18.34:944][319]LogEditorServer: Cleared 3 NULL BSP materials after rebuild.
[2018.05.18-11.18.35:108][319]LogMaterial: Missing cached shader map for material FDebugViewModeMaterialProxy WorldGridMaterial, compiling. Is special engine material.
[2018.05.18-11.18.35:168][319]LogMaterial: Missing cached shader map for material FDebugViewModeMaterialProxy MaterialInstanceDynamic_7, compiling. 
[2018.05.18-11.18.35:174][319]LogMaterial: Missing cached shader map for material FDebugViewModeMaterialProxy M_VolcanoMain, compiling. 
[2018.05.18-11.18.35:179][319]LogMaterial: Missing cached shader map for material FDebugViewModeMaterialProxy M_VolcanoTop, compiling. 
[2018.05.18-11.18.35:184][319]LogMaterial: Missing cached shader map for material FDebugViewModeMaterialProxy M_Water, compiling. 
[2018.05.18-11.18.35:189][319]LogMaterial: Missing cached shader map for material FDebugViewModeMaterialProxy wood, compiling. 
[2018.05.18-11.18.35:194][319]LogMaterial: Missing cached shader map for material FDebugViewModeMaterialProxy M_Foundation1, compiling. 
[2018.05.18-11.18.35:198][319]LogMaterial: Missing cached shader map for material FDebugViewModeMaterialProxy M_Grey, compiling. 
[2018.05.18-11.18.35:203][319]LogMaterial: Missing cached shader map for material FDebugViewModeMaterialProxy M_Floor, compiling. 
[2018.05.18-11.18.35:207][319]LogMaterial: Missing cached shader map for material FDebugViewModeMaterialProxy lambert1, compiling. 
[2018.05.18-11.18.35:212][319]LogMaterial: Missing cached shader map for material FDebugViewModeMaterialProxy HazardLiquid, compiling. 
[2018.05.18-11.18.35:217][319]LogMaterial: Missing cached shader map for material FDebugViewModeMaterialProxy LaunchPadMAT, compiling. 
[2018.05.18-11.18.35:221][319]LogMaterial: Missing cached shader map for material FDebugViewModeMaterialProxy M_White, compiling. 
[2018.05.18-11.18.35:226][319]LogMaterial: Missing cached shader map for material FDebugViewModeMaterialProxy lambert1, compiling. 
[2018.05.18-11.18.35:230][319]LogMaterial: Missing cached shader map for material FDebugViewModeMaterialProxy lambert2, compiling. 
[2018.05.18-11.18.35:235][319]LogMaterial: Missing cached shader map for material FDebugViewModeMaterialProxy lambert1, compiling. 
[2018.05.18-11.18.35:241][319]LogMaterial: Missing cached shader map for material FDebugViewModeMaterialProxy lambert2, compiling. 
[2018.05.18-11.18.35:246][319]LogMaterial: Missing cached shader map for material FDebugViewModeMaterialProxy stone, compiling. 
[2018.05.18-11.18.35:251][319]LogMaterial: Missing cached shader map for material FDebugViewModeMaterialProxy Metal, compiling. 
[2018.05.18-11.18.35:264][319]LogMaterial: Missing cached shader map for material FDebugViewModeMaterialProxy Glass, compiling. 
[2018.05.18-11.18.35:271][319]LogMaterial: Missing cached shader map for material FDebugViewModeMaterialProxy M_Ground, compiling. 
[2018.05.18-11.18.35:276][319]LogMaterial: Missing cached shader map for material FDebugViewModeMaterialProxy M_Rock, compiling. 
[2018.05.18-11.18.35:283][319]LogMaterial: Missing cached shader map for material FDebugViewModeMaterialProxy M_Metal, compiling. 
[2018.05.18-11.18.35:287][319]LogMaterial: Missing cached shader map for material FDebugViewModeMaterialProxy M_Glass, compiling. 
[2018.05.18-11.18.35:292][319]LogMaterial: Missing cached shader map for material FDebugViewModeMaterialProxy lambert1, compiling. 
[2018.05.18-11.18.35:296][319]LogMaterial: Missing cached shader map for material FDebugViewModeMaterialProxy M_Black, compiling. 
[2018.05.18-11.18.35:300][319]LogMaterial: Missing cached shader map for material FDebugViewModeMaterialProxy M_Grey, compiling. 
[2018.05.18-11.18.35:305][319]LogMaterial: Missing cached shader map for material FDebugViewModeMaterialProxy W_White, compiling. 
[2018.05.18-11.18.35:309][319]LogMaterial: Missing cached shader map for material FDebugViewModeMaterialProxy M_Chrome, compiling. 
[2018.05.18-11.18.35:314][319]LogMaterial: Missing cached shader map for material FDebugViewModeMaterialProxy M_Red, compiling. 
[2018.05.18-11.18.35:318][319]LogMaterial: Missing cached shader map for material FDebugViewModeMaterialProxy M_Copper, compiling. 
[2018.05.18-11.18.35:323][319]LogMaterial: Missing cached shader map for material FDebugViewModeMaterialProxy lambert2, compiling. 
[2018.05.18-11.18.35:328][319]LogMaterial: Missing cached shader map for material FDebugViewModeMaterialProxy M_Blue, compiling. 
[2018.05.18-11.18.35:333][319]LogMaterial: Missing cached shader map for material FDebugViewModeMaterialProxy lambert1, compiling. 
[2018.05.18-11.18.35:338][319]LogMaterial: Missing cached shader map for material FDebugViewModeMaterialProxy lambert4, compiling. 
[2018.05.18-11.18.37:834][319]TextureStreamingBuild:Display: Compiling optional shaders took 2.731 seconds.
[2018.05.18-11.18.37:889][319]LogLevel:Display: Export Material TexCoord Scales took 0.055 seconds.
[2018.05.18-11.18.37:952][319]TextureStreamingBuild:Display: Build Texture Streaming took 0.063 seconds.
[2018.05.18-11.18.37:975][319]LightingResults: New page: Lighting Build - 18 May 2018 13:18:37
[2018.05.18-11.18.38:087][319]LogSwarmInterface: [OpenConnection] Registering TCP channel ...
[2018.05.18-11.18.38:147][319]LogSwarmInterface: [OpenConnection] Connecting to agent ...
[2018.05.18-11.18.38:166][319]LogSwarmInterface: [TryOpenConnection] Testing the Agent
[2018.05.18-11.18.38:679][319]LogSwarmInterface: [TryOpenConnection] Opening Connection to Agent
[2018.05.18-11.18.38:679][319]LogSwarmInterface: [TryOpenConnection] Local Process ID is 5624
[2018.05.18-11.18.41:196][319]LogStaticLightingSystem: Running Lightmass w/ ImmediateImport mode ENABLED
[2018.05.18-11.18.41:196][319]LogStaticLightingSystem: Running Lightmass w/ ImmediateProcess mode ENABLED
[2018.05.18-11.18.41:196][319]LogStaticLightingSystem: Running Lightmass w/ Sorting mode ENABLED
[2018.05.18-11.18.41:196][319]LogStaticLightingSystem: Running Lightmass w/ Mapping paddings ENABLED
[2018.05.18-11.18.41:197][319]LogStaticLightingSystem: Running Lightmass w/ Mapping debug paddings DISABLED
[2018.05.18-11.18.41:367][319]Cmd: MAP CHECK DONTDISPLAYDIALOG
[2018.05.18-11.18.41:367][319]MapCheck: New page: RiverDale - 18 May 2018 13:18:41
[2018.05.18-11.18.41:496][319]MapCheck: Info Map check complete: 0 Error(s), 0 Warning(s), took 129.057ms to complete.
[2018.05.18-11.18.41:518][319]LogEditorBuildUtils: Build time 0:06
[2018.05.18-11.19.04:105][332]LightingResults:Warning: Warning Fire_Extinguisher_1 Object has overlapping UVs.
[2018.05.18-11.19.04:105][332]LightingResults: Info Fire_Extinguisher_1 Lightmap UV are overlapping by 2.1%. Please adjust content - Enable Error Coloring to visualize.
[2018.05.18-11.19.04:969][418]LightingResults:Warning: Warning Bucket Object has overlapping UVs.
[2018.05.18-11.19.04:969][418]LightingResults: Info Bucket Lightmap UV are overlapping by 2.1%. Please adjust content - Enable Error Coloring to visualize.
[2018.05.18-11.19.05:051][424]LogSlate: Took 0.000259 seconds to synchronously load lazily loaded font '../../../Engine/Content/Slate/Fonts/Roboto-Light.ttf' (159K)
[2018.05.18-11.19.14:038][317]LogSlate: Took 0.000240 seconds to synchronously load lazily loaded font '../../../Engine/Content/Slate/Fonts/Roboto-Light.ttf' (159K)
[2018.05.18-11.19.14:137][317]Cmd: OBJ SAVEPACKAGE PACKAGE="/Game/Maps/RiverDale" FILE="../../../../../Users/JoshR/Documents/GitHub/Fuse/Saved/Autosaves/Game/Maps/RiverDale_Auto1.umap" SILENT=true AUTOSAVING=true KEEPDIRTY=false
[2018.05.18-11.19.14:991][317]Job is a success!
[2018.05.18-11.19.15:223][317]LogSavePackage: Save=1033.84ms
[2018.05.18-11.19.15:223][317]LogSavePackage: Moving '../../../../../Users/JoshR/Documents/GitHub/Fuse/Saved/RiverDale_Auto1C3891ACF4145F4487307688BF0F1D7AF.tmp' to '../../../../../Users/JoshR/Documents/GitHub/Fuse/Saved/Autosaves/Game/Maps/RiverDale_Auto1.umap'
[2018.05.18-11.19.15:227][317]LogSavePackage:Display: Finished SavePackage ../../../../../Users/JoshR/Documents/GitHub/Fuse/Saved/Autosaves/Game/Maps/RiverDale_Auto1.umap
[2018.05.18-11.19.15:268][317]LogSlate: Took 0.000195 seconds to synchronously load lazily loaded font '../../../Engine/Content/Slate/Fonts/Roboto-Regular.ttf' (155K)
[2018.05.18-11.19.15:269][317]LogFileHelpers: Editor autosave (incl. sublevels) for '/Game/Maps/RiverDale' took 1.207
[2018.05.18-11.19.15:269][317]LogFileHelpers: Editor autosave (incl. sublevels) for all levels took 1.207
[2018.05.18-11.19.15:290][317]LightingResults:Warning: Warning Cylinder_Brush_StaticMesh Object has wrapping UVs.
[2018.05.18-11.19.15:290][317]LightingResults:Warning: Warning Cylinder_Brush_StaticMesh Object has wrapping UVs.
[2018.05.18-11.19.15:290][317]LightingResults:Warning: Warning Cylinder_Brush_StaticMesh Object has wrapping UVs.
[2018.05.18-11.19.15:290][317]LightingResults:Warning: Warning Cylinder_Brush_StaticMesh Object has wrapping UVs.
[2018.05.18-11.19.19:995][318]LogTexture:Display: Building textures: HQ_Lightmap1_1 (AutoDXT, 1024X1024)
[2018.05.18-11.19.19:995][318]LogTexture:Display: Building textures: SkyOcclusion1_1 (AutoDXT, 1024X512)
[2018.05.18-11.19.19:995][318]LogTexture:Display: Building textures: LQ_Lightmap_1_1 (DXT1, 1024X1024)
[2018.05.18-11.19.19:995][318]LogTexture:Display: Building textures: SkyOcclusion1_2 (AutoDXT, 1024X512)
[2018.05.18-11.19.19:995][318]LogTexture:Display: Building textures: HQ_Lightmap1_2 (AutoDXT, 1024X1024)
[2018.05.18-11.19.19:995][318]LogTexture:Display: Building textures: LQ_Lightmap_1_2 (DXT1, 1024X1024)
[2018.05.18-11.19.19:995][318]LogTexture:Display: Building textures: SkyOcclusion1_3 (AutoDXT, 1024X512)
[2018.05.18-11.19.19:995][318]LogTexture:Display: Building textures: HQ_Lightmap1_3 (AutoDXT, 1024X1024)
[2018.05.18-11.19.19:995][318]LogTexture:Display: Building textures: LQ_Lightmap_1_3 (DXT1, 1024X1024)
[2018.05.18-11.19.19:995][318]LogTexture:Display: Building textures: SkyOcclusion1_4 (AutoDXT, 128X64)
[2018.05.18-11.19.19:995][318]LogTexture:Display: Building textures: HQ_Lightmap1_4 (AutoDXT, 128X128)
[2018.05.18-11.19.19:995][318]LogTexture:Display: Building textures: LQ_Lightmap_1_4 (DXT1, 128X128)
[2018.05.18-11.19.19:995][318]LogTexture:Display: Building textures: SkyOcclusion1_5 (AutoDXT, 256X128)
[2018.05.18-11.19.19:995][318]LogTexture:Display: Building textures: HQ_Lightmap1_5 (AutoDXT, 256X256)
[2018.05.18-11.19.19:995][318]LogTexture:Display: Building textures: LQ_Lightmap_1_5 (DXT1, 256X256)
[2018.05.18-11.19.19:995][318]LogTexture:Display: Building textures: SkyOcclusion1_6 (AutoDXT, 1024X512)
[2018.05.18-11.19.19:995][318]LogTexture:Display: Building textures: HQ_Lightmap1_6 (AutoDXT, 1024X1024)
[2018.05.18-11.19.19:995][318]LogTexture:Display: Building textures: LQ_Lightmap_1_6 (DXT1, 1024X1024)
[2018.05.18-11.19.19:995][318]LogTexture:Display: Building textures: SkyOcclusion1_7 (AutoDXT, 512X256)
[2018.05.18-11.19.19:995][318]LogTexture:Display: Building textures: HQ_Lightmap1_7 (AutoDXT, 512X512)
[2018.05.18-11.19.19:995][318]LogTexture:Display: Building textures: LQ_Lightmap_1_7 (DXT1, 512X512)
[2018.05.18-11.19.19:995][318]LogTexture:Display: Building textures: SkyOcclusion0_8 (AutoDXT, 1024X512)
[2018.05.18-11.19.19:995][318]LogTexture:Display: Building textures: HQ_Lightmap0_8 (AutoDXT, 1024X1024)
[2018.05.18-11.19.19:995][318]LogTexture:Display: Building textures: LQ_Lightmap_0_8 (DXT1, 1024X1024)
[2018.05.18-11.19.19:995][318]LogTexture:Display: Building textures: SkyOcclusion0_9 (AutoDXT, 64X32)
[2018.05.18-11.19.19:995][318]LogTexture:Display: Building textures: HQ_Lightmap0_9 (AutoDXT, 64X64)
[2018.05.18-11.19.19:995][318]LogTexture:Display: Building textures: LQ_Lightmap_0_9 (DXT1, 64X64)
[2018.05.18-11.19.20:140][318]LogTexture:Display: Building textures: ShadowMapTexture2D_2 (BGRA8, 512X512)
[2018.05.18-11.19.20:140][318]LogTexture:Display: Building textures: ShadowMapTexture2D_3 (BGRA8, 1024X512)
[2018.05.18-11.19.20:169][318]Lightmass on DESKTOP-46CB9MQ: 37.8 sec total, 196 ms importing, 177 ms setup, 2.44 sec photons, 34.9 sec processing, 0 ms extra exporting [659/659 mappings]. Threads: 2:19 min total, 1:27 min processing.
[2018.05.18-11.19.20:233][318]LogStaticLightingSystem: Illumination: 42.2 sec (4.20 sec encoding lightmaps, 143 ms encoding shadowmaps)
[2018.05.18-11.19.20:233][318]LogStaticLightingSystem: Lightmap texture memory:  14.2 MB (11.6 MB streaming, 2.7 MB non-streaming), 18 textures
[2018.05.18-11.19.20:233][318]LogStaticLightingSystem: Shadowmap texture memory: 4.0 MB (2.7 MB streaming, 1.3 MB non-streaming), 2 textures
[2018.05.18-11.19.21:253][318]DumpUnbuiltLightIteractions
[2018.05.18-11.19.21:253][318]Lights with unbuilt interactions: 0
[2018.05.18-11.19.21:253][318]
[2018.05.18-11.19.21:253][318]Primitives with unbuilt interactions: 0
[2018.05.18-11.19.21:334][319]Cmd: MAP CHECK NOTIFYRESULTS
[2018.05.18-11.19.21:334][319]MapCheck: New page: RiverDale - 18 May 2018 13:19:21
[2018.05.18-11.19.21:411][319]MapCheck: Info Map check complete: 0 Error(s), 0 Warning(s), took 76.896ms to complete.
[2018.05.18-11.19.28:717][156]LogTemp: Repeting last play command: Selected Viewport
[2018.05.18-11.19.28:734][156]LogBlueprintUserMessages: Early PlayInEditor Detection: Level '/Game/Maps/RiverDale.RiverDale:PersistentLevel' has LevelScriptBlueprint '/Game/Maps/RiverDale.RiverDale:PersistentLevel.RiverDale' with GeneratedClass '/Game/Maps/RiverDale.RiverDale_C' with ClassGeneratedBy '/Game/Maps/RiverDale.RiverDale:PersistentLevel.RiverDale'
[2018.05.18-11.19.28:734][156]LogPlayLevel: PlayLevel: No blueprints needed recompiling
[2018.05.18-11.19.28:734][156]PIE: New page: PIE session: RiverDale (18 May 2018 13:19:28)
[2018.05.18-11.19.28:734][156]LogPlayLevel: Creating play world package: /Game/Maps/UEDPIE_0_RiverDale
[2018.05.18-11.19.28:776][156]LogPlayLevel: PIE: StaticDuplicateObject took: (0.042122s)
[2018.05.18-11.19.28:777][156]LogAIModule: Creating AISystem for world RiverDale
[2018.05.18-11.19.28:777][156]LogPlayLevel: PIE: World Init took: (0.000706s)
[2018.05.18-11.19.28:777][156]LogPlayLevel: PIE: Created PIE world by copying editor world from /Game/Maps/RiverDale.RiverDale to /Game/Maps/UEDPIE_0_RiverDale.RiverDale (0.043193s)
[2018.05.18-11.19.28:790][156]LogInit: XAudio2 using 'Speakers (High Definition Audio Device)' : 2 channels at 44.1 kHz using 16 bits per sample (channel mask 0x3)
[2018.05.18-11.19.28:798][156]LogInit: FAudioDevice initialized.
[2018.05.18-11.19.28:830][156]LogLoad: Game class is 'FuseGM_C'
[2018.05.18-11.19.28:839][156]LogWorld: Bringing World /Game/Maps/UEDPIE_0_RiverDale.RiverDale up for play (max tick rate 0) at 2018.05.18-12.19.28
[2018.05.18-11.19.28:840][156]LogWorld: Bringing up level for play took: 0.009011
[2018.05.18-11.19.28:841][156]PIE: Info Play in editor start time for /Game/Maps/UEDPIE_0_RiverDale -0.265
[2018.05.18-11.19.28:842][156]LogBlueprintUserMessages: Late PlayInEditor Detection: Level '/Game/Maps/RiverDale.RiverDale:PersistentLevel' has LevelScriptBlueprint '/Game/Maps/RiverDale.RiverDale:PersistentLevel.RiverDale' with GeneratedClass '/Game/Maps/RiverDale.RiverDale_C' with ClassGeneratedBy '/Game/Maps/RiverDale.RiverDale:PersistentLevel.RiverDale'
[2018.05.18-11.19.29:160][181]Cmd: LevelEditor.ToggleImmersive
[2018.05.18-11.19.49:644][607]LogBlueprintUserMessages: Early EndPlayMap Detection: Level '/Game/Maps/RiverDale.RiverDale:PersistentLevel' has LevelScriptBlueprint '/Game/Maps/RiverDale.RiverDale:PersistentLevel.RiverDale' with GeneratedClass '/Game/Maps/RiverDale.RiverDale_C' with ClassGeneratedBy '/Game/Maps/RiverDale.RiverDale:PersistentLevel.RiverDale'
[2018.05.18-11.19.49:706][607]LogBlueprintUserMessages: Late EndPlayMap Detection: Level '/Game/Maps/RiverDale.RiverDale:PersistentLevel' has LevelScriptBlueprint '/Game/Maps/RiverDale.RiverDale:PersistentLevel.RiverDale' with GeneratedClass '/Game/Maps/RiverDale.RiverDale_C' with ClassGeneratedBy '/Game/Maps/RiverDale.RiverDale:PersistentLevel.RiverDale'
[2018.05.18-11.20.01:778][844]LogContentBrowser: Native class hierarchy updated for 'BlueprintGraph' in 0.0009 seconds. Added 112 classes and 0 folders.
[2018.05.18-11.20.02:843][844]LogSlate: Took 0.026395 seconds to synchronously load lazily loaded font '../../../Engine/Content/Editor/Slate/Fonts/Roboto-BoldCondensed.ttf' (158K)
[2018.05.18-11.20.03:248][845]LogSlate: Took 0.014478 seconds to synchronously load lazily loaded font '../../../Engine/Content/Editor/Slate/Fonts/Roboto-Italic.ttf' (157K)
[2018.05.18-11.20.23:417][185]Cmd: OBJ SAVEPACKAGE PACKAGE="/Game/Maps/RiverDale" FILE="../../../../../Users/JoshR/Documents/GitHub/Fuse/Content/Maps/RiverDale.umap" SILENT=true AUTOSAVING=false KEEPDIRTY=false
[2018.05.18-11.20.24:196][185]LogSavePackage: Save=748.85ms
[2018.05.18-11.20.24:196][185]LogSavePackage: Moving '../../../../../Users/JoshR/Documents/GitHub/Fuse/Saved/RiverDaleBF2A0B61483ABC2C461A6487C975F8B6.tmp' to '../../../../../Users/JoshR/Documents/GitHub/Fuse/Content/Maps/RiverDale.umap'
[2018.05.18-11.20.24:219][185]LogSavePackage:Display: Finished SavePackage ../../../../../Users/JoshR/Documents/GitHub/Fuse/Content/Maps/RiverDale.umap
[2018.05.18-11.20.24:246][185]LogFileHelpers: Saving map 'RiverDale' took 0.907
[2018.05.18-11.20.49:062][ 51]BlueprintLog: New page: Compile RiverDale
[2018.05.18-11.21.11:513][578]LogTemp: Repeting last play command: Selected Viewport
[2018.05.18-11.21.11:531][578]LogBlueprintUserMessages: Early PlayInEditor Detection: Level '/Game/Maps/RiverDale.RiverDale:PersistentLevel' has LevelScriptBlueprint '/Game/Maps/RiverDale.RiverDale:PersistentLevel.RiverDale' with GeneratedClass '/Game/Maps/RiverDale.RiverDale_C' with ClassGeneratedBy '/Game/Maps/RiverDale.RiverDale:PersistentLevel.RiverDale'
[2018.05.18-11.21.11:531][578]LogPlayLevel: PlayLevel: No blueprints needed recompiling
[2018.05.18-11.21.11:531][578]PIE: New page: PIE session: RiverDale (18 May 2018 13:21:11)
[2018.05.18-11.21.11:531][578]LogPlayLevel: Creating play world package: /Game/Maps/UEDPIE_0_RiverDale
[2018.05.18-11.21.11:577][578]LogPlayLevel: PIE: StaticDuplicateObject took: (0.045964s)
[2018.05.18-11.21.11:578][578]LogAIModule: Creating AISystem for world RiverDale
[2018.05.18-11.21.11:578][578]LogPlayLevel: PIE: World Init took: (0.000741s)
[2018.05.18-11.21.11:578][578]LogPlayLevel: PIE: Created PIE world by copying editor world from /Game/Maps/RiverDale.RiverDale to /Game/Maps/UEDPIE_0_RiverDale.RiverDale (0.047066s)
[2018.05.18-11.21.11:598][578]LogInit: XAudio2 using 'Speakers (High Definition Audio Device)' : 2 channels at 44.1 kHz using 16 bits per sample (channel mask 0x3)
[2018.05.18-11.21.11:604][578]LogInit: FAudioDevice initialized.
[2018.05.18-11.21.11:637][578]LogLoad: Game class is 'FuseGM_C'
[2018.05.18-11.21.11:646][578]LogWorld: Bringing World /Game/Maps/UEDPIE_0_RiverDale.RiverDale up for play (max tick rate 0) at 2018.05.18-12.21.11
[2018.05.18-11.21.11:647][578]LogWorld: Bringing up level for play took: 0.008902
[2018.05.18-11.21.11:648][578]PIE: Info Play in editor start time for /Game/Maps/UEDPIE_0_RiverDale 0.542
[2018.05.18-11.21.11:648][578]LogBlueprintUserMessages: Late PlayInEditor Detection: Level '/Game/Maps/RiverDale.RiverDale:PersistentLevel' has LevelScriptBlueprint '/Game/Maps/RiverDale.RiverDale:PersistentLevel.RiverDale' with GeneratedClass '/Game/Maps/RiverDale.RiverDale_C' with ClassGeneratedBy '/Game/Maps/RiverDale.RiverDale:PersistentLevel.RiverDale'
[2018.05.18-11.21.12:214][642]Cmd: LevelEditor.ToggleImmersive
[2018.05.18-11.21.28:050][519]LogBlueprintUserMessages: Early EndPlayMap Detection: Level '/Game/Maps/RiverDale.RiverDale:PersistentLevel' has LevelScriptBlueprint '/Game/Maps/RiverDale.RiverDale:PersistentLevel.RiverDale' with GeneratedClass '/Game/Maps/RiverDale.RiverDale_C' with ClassGeneratedBy '/Game/Maps/RiverDale.RiverDale:PersistentLevel.RiverDale'
[2018.05.18-11.21.28:121][519]LogBlueprintUserMessages: Late EndPlayMap Detection: Level '/Game/Maps/RiverDale.RiverDale:PersistentLevel' has LevelScriptBlueprint '/Game/Maps/RiverDale.RiverDale:PersistentLevel.RiverDale' with GeneratedClass '/Game/Maps/RiverDale.RiverDale_C' with ClassGeneratedBy '/Game/Maps/RiverDale.RiverDale:PersistentLevel.RiverDale'
[2018.05.18-11.21.50:519][969]LogEditorViewport: Clicking on Actor (LMB): BlockingVolume (BlockingVolume5)
[2018.05.18-11.22.57:424][398]Cmd: TRANSACTION UNDO
[2018.05.18-11.22.57:424][398]LogEditorTransaction: Undo Clicking on Actors
[2018.05.18-11.23.25:509][737]LogEditorViewport: Clicking on Actor (LMB): BlockingVolume (BlockingVolume3)
[2018.05.18-11.23.25:864][776]LogEditorViewport: Clicking on Actor (LMB): BlockingVolume (BlockingVolume3)
[2018.05.18-11.23.33:856][720]LogEditorViewport: Clicking on Actor (LMB): BlockingVolume (BlockingVolume2)
[2018.05.18-11.23.57:514][471]Cmd: SELECT NONE
[2018.05.18-11.23.59:821][720]LogTemp: Repeting last play command: Selected Viewport
[2018.05.18-11.23.59:838][720]LogBlueprintUserMessages: Early PlayInEditor Detection: Level '/Game/Maps/RiverDale.RiverDale:PersistentLevel' has LevelScriptBlueprint '/Game/Maps/RiverDale.RiverDale:PersistentLevel.RiverDale' with GeneratedClass '/Game/Maps/RiverDale.RiverDale_C' with ClassGeneratedBy '/Game/Maps/RiverDale.RiverDale:PersistentLevel.RiverDale'
[2018.05.18-11.23.59:838][720]LogPlayLevel: PlayLevel: No blueprints needed recompiling
[2018.05.18-11.23.59:838][720]PIE: New page: PIE session: RiverDale (18 May 2018 13:23:59)
[2018.05.18-11.23.59:838][720]LogPlayLevel: Creating play world package: /Game/Maps/UEDPIE_0_RiverDale
[2018.05.18-11.23.59:877][720]LogPlayLevel: PIE: StaticDuplicateObject took: (0.038984s)
[2018.05.18-11.23.59:878][720]LogAIModule: Creating AISystem for world RiverDale
[2018.05.18-11.23.59:878][720]LogPlayLevel: PIE: World Init took: (0.000731s)
[2018.05.18-11.23.59:878][720]LogPlayLevel: PIE: Created PIE world by copying editor world from /Game/Maps/RiverDale.RiverDale to /Game/Maps/UEDPIE_0_RiverDale.RiverDale (0.040028s)
[2018.05.18-11.23.59:894][720]LogInit: XAudio2 using 'Speakers (High Definition Audio Device)' : 2 channels at 44.1 kHz using 16 bits per sample (channel mask 0x3)
[2018.05.18-11.23.59:901][720]LogInit: FAudioDevice initialized.
[2018.05.18-11.23.59:935][720]LogLoad: Game class is 'FuseGM_C'
[2018.05.18-11.23.59:944][720]LogWorld: Bringing World /Game/Maps/UEDPIE_0_RiverDale.RiverDale up for play (max tick rate 0) at 2018.05.18-12.23.59
[2018.05.18-11.23.59:945][720]LogWorld: Bringing up level for play took: 0.008944
[2018.05.18-11.23.59:946][720]PIE: Info Play in editor start time for /Game/Maps/UEDPIE_0_RiverDale 0.84
[2018.05.18-11.23.59:947][720]LogBlueprintUserMessages: Late PlayInEditor Detection: Level '/Game/Maps/RiverDale.RiverDale:PersistentLevel' has LevelScriptBlueprint '/Game/Maps/RiverDale.RiverDale:PersistentLevel.RiverDale' with GeneratedClass '/Game/Maps/RiverDale.RiverDale_C' with ClassGeneratedBy '/Game/Maps/RiverDale.RiverDale:PersistentLevel.RiverDale'
[2018.05.18-11.24.00:250][752]Cmd: LevelEditor.ToggleImmersive
[2018.05.18-11.24.37:182][154]LogBlueprintUserMessages: Early EndPlayMap Detection: Level '/Game/Maps/RiverDale.RiverDale:PersistentLevel' has LevelScriptBlueprint '/Game/Maps/RiverDale.RiverDale:PersistentLevel.RiverDale' with GeneratedClass '/Game/Maps/RiverDale.RiverDale_C' with ClassGeneratedBy '/Game/Maps/RiverDale.RiverDale:PersistentLevel.RiverDale'
[2018.05.18-11.24.37:245][154]LogBlueprintUserMessages: Late EndPlayMap Detection: Level '/Game/Maps/RiverDale.RiverDale:PersistentLevel' has LevelScriptBlueprint '/Game/Maps/RiverDale.RiverDale:PersistentLevel.RiverDale' with GeneratedClass '/Game/Maps/RiverDale.RiverDale_C' with ClassGeneratedBy '/Game/Maps/RiverDale.RiverDale:PersistentLevel.RiverDale'
[2018.05.18-11.25.17:889][809]Cmd: OBJ SAVEPACKAGE PACKAGE="/Game/Maps/RiverDale" FILE="../../../../../Users/JoshR/Documents/GitHub/Fuse/Content/Maps/RiverDale.umap" SILENT=true AUTOSAVING=false KEEPDIRTY=false
[2018.05.18-11.25.18:625][809]LogSavePackage: Save=701.39ms
[2018.05.18-11.25.18:625][809]LogSavePackage: Moving '../../../../../Users/JoshR/Documents/GitHub/Fuse/Saved/RiverDaleCABE6CAB4B9CA13E57ADB0BF7691FAE0.tmp' to '../../../../../Users/JoshR/Documents/GitHub/Fuse/Content/Maps/RiverDale.umap'
[2018.05.18-11.25.18:630][809]LogSavePackage:Display: Finished SavePackage ../../../../../Users/JoshR/Documents/GitHub/Fuse/Content/Maps/RiverDale.umap
[2018.05.18-11.25.18:656][809]LogFileHelpers: Saving map 'RiverDale' took 0.847
[2018.05.18-11.25.18:657][809]Cmd: OBJ SAVEPACKAGE PACKAGE="/Game/Maps/RiverDale_BuiltData" FILE="../../../../../Users/JoshR/Documents/GitHub/Fuse/Content/Maps/RiverDale_BuiltData.uasset" SILENT=true
[2018.05.18-11.25.19:586][809]LogSavePackage: Save=732.11ms
[2018.05.18-11.25.19:586][809]LogSavePackage: Moving '../../../../../Users/JoshR/Documents/GitHub/Fuse/Saved/RiverDale_BuiltData4FAB578A4A3E3EB4F183B28FA68474A6.tmp' to '../../../../../Users/JoshR/Documents/GitHub/Fuse/Content/Maps/RiverDale_BuiltData.uasset'
[2018.05.18-11.25.19:596][809]LogSavePackage:Display: Finished SavePackage ../../../../../Users/JoshR/Documents/GitHub/Fuse/Content/Maps/RiverDale_BuiltData.uasset
[2018.05.18-11.25.22:598][138]Cmd: OBJ SAVEPACKAGE PACKAGE="/Game/Maps/RiverDale" FILE="../../../../../Users/JoshR/Documents/GitHub/Fuse/Content/Maps/RiverDale.umap" SILENT=true AUTOSAVING=false KEEPDIRTY=false
[2018.05.18-11.25.23:352][138]LogSavePackage: Save=738.82ms
[2018.05.18-11.25.23:352][138]LogSavePackage: Moving '../../../../../Users/JoshR/Documents/GitHub/Fuse/Saved/RiverDaleC1869B46403EF722CC55B3821BF43B48.tmp' to '../../../../../Users/JoshR/Documents/GitHub/Fuse/Content/Maps/RiverDale.umap'
[2018.05.18-11.25.23:355][138]LogSavePackage:Display: Finished SavePackage ../../../../../Users/JoshR/Documents/GitHub/Fuse/Content/Maps/RiverDale.umap
[2018.05.18-11.25.23:461][138]Cmd: OBJ SAVEPACKAGE PACKAGE="/Game/Maps/RiverDale_BuiltData" FILE="../../../../../Users/JoshR/Documents/GitHub/Fuse/Content/Maps/RiverDale_BuiltData.uasset" SILENT=true
[2018.05.18-11.25.24:171][138]LogSavePackage: Save=707.12ms
[2018.05.18-11.25.24:171][138]LogSavePackage: Moving '../../../../../Users/JoshR/Documents/GitHub/Fuse/Saved/RiverDale_BuiltData1870394544CE0500C7B6959142728C0B.tmp' to '../../../../../Users/JoshR/Documents/GitHub/Fuse/Content/Maps/RiverDale_BuiltData.uasset'
[2018.05.18-11.25.24:175][138]LogSavePackage:Display: Finished SavePackage ../../../../../Users/JoshR/Documents/GitHub/Fuse/Content/Maps/RiverDale_BuiltData.uasset
[2018.05.18-11.25.27:294][478]SourceControl: Info fatal: D:/Program Files/UE_4.16/Engine/Content/: 'D:/Program Files/UE_4.16/Engine/Content/' is outside repository
[2018.05.18-11.25.49:544][478]LogSourceControl: FGitCheckInWorker: commit successful
[2018.05.18-11.25.49:607][478]SourceControl: Info [master de075a3] Added blocking volumes, they cannot escape now
[2018.05.18-11.25.49:607][478]SourceControl: Info  2 files changed, 0 insertions(+), 0 deletions(-)
[2018.05.18-11.25.49:611][478]SourceControl: Info Commited [master de075a3] Added blocking volumes, they cannot escape now.
[2018.05.18-11.25.52:761][776]Cmd: QUIT_EDITOR
[2018.05.18-11.25.53:480][776]LogWindowsTextInputMethodSystem:Display: IME system now deactivated.
[2018.05.18-11.25.53:506][776]LogExit: Preparing to exit.
[2018.05.18-11.25.53:984][776]LogDirectoryWatcher: A directory notification for 'D:/Users/JoshR/Documents/GitHub/Fuse/Content/' was aborted.
[2018.05.18-11.25.54:080][776]LogExit: Editor shut down
[2018.05.18-11.25.54:084][776]LogExit: Transaction tracking system shut down
[2018.05.18-11.25.55:246][776]LogObj: Freed 0b from 0 cluster array pools.
[2018.05.18-11.25.55:246][776]LogExit: Object subsystem successfully closed.
[2018.05.18-11.25.55:348][776]LogD3D11RHI: Shutdown
[2018.05.18-11.25.55:348][776]LogD3D11RHI: CleanupD3DDevice
[2018.05.18-11.25.57:084][776]LogD3D11RHI: ~FD3D11DynamicRHI
[2018.05.18-11.25.57:803][776]LogModuleManager: Shutting down and abandoning module BlueprintGraph (536)
[2018.05.18-11.25.57:803][776]LogModuleManager: Shutting down and abandoning module BlueprintProfiler (534)
[2018.05.18-11.25.57:823][776]LogModuleManager: Shutting down and abandoning module HierarchicalLODUtilities (532)
[2018.05.18-11.25.57:830][776]LogModuleManager: Shutting down and abandoning module MovieSceneCapture (530)
[2018.05.18-11.25.57:830][776]LogModuleManager: Shutting down and abandoning module HierarchicalLODOutliner (528)
[2018.05.18-11.25.57:844][776]LogModuleManager: Shutting down and abandoning module CrashTracker (526)
[2018.05.18-11.25.57:844][776]LogModuleManager: Shutting down and abandoning module SceneOutliner (524)
[2018.05.18-11.25.57:844][776]LogModuleManager: Shutting down and abandoning module AddContentDialog (522)
[2018.05.18-11.25.57:853][776]LogDirectoryWatcher: A directory notification for 'D:/Program Files/UE_4.16/FeaturePacks/' was aborted.
[2018.05.18-11.25.57:860][776]LogModuleManager: Shutting down and abandoning module WidgetCarousel (521)
[2018.05.18-11.25.57:860][776]LogModuleManager: Shutting down and abandoning module EditorWidgets (518)
[2018.05.18-11.25.57:860][776]LogModuleManager: Shutting down and abandoning module CollectionManager (516)
[2018.05.18-11.25.57:861][776]LogDirectoryWatcher: A directory notification for 'D:/Users/JoshR/Documents/GitHub/Fuse/Content/Collections/' was aborted.
[2018.05.18-11.25.57:861][776]LogDirectoryWatcher: A directory notification for 'D:/Users/JoshR/Documents/GitHub/Fuse/Content/Developers/JoshR/Collections/' was aborted.
[2018.05.18-11.25.57:861][776]LogDirectoryWatcher: A directory notification for 'D:/Users/JoshR/Documents/GitHub/Fuse/Saved/Collections/' was aborted.
[2018.05.18-11.25.57:861][776]LogModuleManager: Shutting down and abandoning module StatsViewer (514)
[2018.05.18-11.25.57:874][776]LogModuleManager: Shutting down and abandoning module FoliageEdit (512)
[2018.05.18-11.25.57:874][776]LogModuleManager: Shutting down and abandoning module LandscapeEditor (510)
[2018.05.18-11.25.57:899][776]LogModuleManager: Shutting down and abandoning module MeshPaintMode (508)
[2018.05.18-11.25.57:899][776]LogModuleManager: Shutting down and abandoning module SceneDepthPickerMode (506)
[2018.05.18-11.25.57:899][776]LogModuleManager: Shutting down and abandoning module ActorPickerMode (504)
[2018.05.18-11.25.57:899][776]LogModuleManager: Shutting down and abandoning module GeometryMode (502)
[2018.05.18-11.25.57:899][776]LogModuleManager: Shutting down and abandoning module TextureAlignMode (500)
[2018.05.18-11.25.57:899][776]LogModuleManager: Shutting down and abandoning module BspMode (498)
[2018.05.18-11.25.57:901][776]LogModuleManager: Shutting down and abandoning module HardwareSurvey (496)
[2018.05.18-11.25.57:911][776]LogModuleManager: Shutting down and abandoning module SequenceRecorderSections (494)
[2018.05.18-11.25.57:918][776]LogModuleManager: Shutting down and abandoning module AutomationWorker (492)
[2018.05.18-11.25.57:928][776]LogModuleManager: Shutting down and abandoning module MatineeToLevelSequence (490)
[2018.05.18-11.25.57:939][776]LogModuleManager: Shutting down and abandoning module LevelSequenceEditor (488)
[2018.05.18-11.25.57:982][776]LogModuleManager: Shutting down and abandoning module PlacementMode (487)
[2018.05.18-11.25.57:982][776]LogModuleManager: Shutting down and abandoning module WmfMediaFactory (484)
[2018.05.18-11.25.57:982][776]LogModuleManager: Shutting down and abandoning module WmfMediaEditor (482)
[2018.05.18-11.25.57:982][776]LogModuleManager: Shutting down and abandoning module AvfMediaFactory (480)
[2018.05.18-11.25.57:982][776]LogModuleManager: Shutting down and abandoning module AvfMediaEditor (478)
[2018.05.18-11.25.57:982][776]LogModuleManager: Shutting down and abandoning module AndroidMediaFactory (476)
[2018.05.18-11.25.57:982][776]LogModuleManager: Shutting down and abandoning module Media (475)
[2018.05.18-11.25.57:982][776]LogModuleManager: Shutting down and abandoning module AndroidMediaEditor (472)
[2018.05.18-11.25.57:982][776]LogModuleManager: Shutting down and abandoning module CharacterAI (470)
[2018.05.18-11.25.57:982][776]LogModuleManager: Shutting down and abandoning module AudioCapture (468)
[2018.05.18-11.25.58:008][776]LogModuleManager: Shutting down and abandoning module SequenceRecorder (467)
[2018.05.18-11.25.58:032][776]LogModuleManager: Shutting down and abandoning module SmartSnapping (464)
[2018.05.18-11.25.58:032][776]LogModuleManager: Shutting down and abandoning module SessionServices (462)
[2018.05.18-11.25.58:032][776]LogModuleManager: Shutting down and abandoning module ViewportSnapping (460)
[2018.05.18-11.25.58:032][776]LogModuleManager: Shutting down and abandoning module ViewportInteraction (458)
[2018.05.18-11.25.58:032][776]LogModuleManager: Shutting down and abandoning module ClothPainter (456)
[2018.05.18-11.25.58:054][776]LogModuleManager: Shutting down and abandoning module LogVisualizer (454)
[2018.05.18-11.25.58:067][776]LogModuleManager: Shutting down and abandoning module IntroTutorials (452)
[2018.05.18-11.25.58:098][776]LogModuleManager: Shutting down and abandoning module GameProjectGeneration (451)
[2018.05.18-11.25.58:112][776]LogModuleManager: Shutting down and abandoning module EditorLiveStreaming (448)
[2018.05.18-11.25.58:112][776]LogModuleManager: Shutting down and abandoning module IOSPlatformEditor (446)
[2018.05.18-11.25.58:124][776]LogModuleManager: Shutting down and abandoning module HTML5PlatformEditor (444)
[2018.05.18-11.25.58:124][776]LogModuleManager: Shutting down and abandoning module AndroidPlatformEditor (442)
[2018.05.18-11.25.58:124][776]LogModuleManager: Shutting down and abandoning module AndroidDeviceDetection (441)
[2018.05.18-11.25.58:742][776]LogModuleManager: Shutting down and abandoning module IOSRuntimeSettings (438)
[2018.05.18-11.25.58:742][776]LogModuleManager: Shutting down and abandoning module AndroidRuntimeSettings (436)
[2018.05.18-11.25.58:742][776]LogModuleManager: Shutting down and abandoning module InputBindingEditor (434)
[2018.05.18-11.25.58:761][776]LogModuleManager: Shutting down and abandoning module MergeActors (432)
[2018.05.18-11.25.58:767][776]LogModuleManager: Shutting down and abandoning module SizeMap (430)
[2018.05.18-11.25.58:767][776]LogModuleManager: Shutting down and abandoning module TreeMap (428)
[2018.05.18-11.25.58:770][776]LogModuleManager: Shutting down and abandoning module ReferenceViewer (426)
[2018.05.18-11.25.58:779][776]LogModuleManager: Shutting down and abandoning module LocalizationDashboard (424)
[2018.05.18-11.25.58:791][776]LogModuleManager: Shutting down and abandoning module LocalizationService (423)
[2018.05.18-11.25.58:800][776]LogModuleManager: Shutting down and abandoning module HardwareTargeting (420)
[2018.05.18-11.25.58:800][776]LogModuleManager: Shutting down and abandoning module DeviceProfileEditor (418)
[2018.05.18-11.25.58:806][776]LogModuleManager: Shutting down and abandoning module UndoHistory (416)
[2018.05.18-11.25.58:807][776]LogModuleManager: Shutting down and abandoning module UserFeedback (414)
[2018.05.18-11.25.58:807][776]LogModuleManager: Shutting down and abandoning module XmlParser (412)
[2018.05.18-11.25.58:815][776]LogModuleManager: Shutting down and abandoning module Blutility (410)
[2018.05.18-11.25.58:824][776]LogModuleManager: Shutting down and abandoning module ProjectSettingsViewer (408)
[2018.05.18-11.25.58:825][776]LogModuleManager: Shutting down and abandoning module ProjectTargetPlatformEditor (407)
[2018.05.18-11.25.58:825][776]LogModuleManager: Shutting down and abandoning module EditorSettingsViewer (404)
[2018.05.18-11.25.58:825][776]LogModuleManager: Shutting down and abandoning module SettingsEditor (402)
[2018.05.18-11.25.58:832][776]LogModuleManager: Shutting down and abandoning module ProjectLauncher (400)
[2018.05.18-11.25.58:848][776]LogModuleManager: Shutting down and abandoning module SessionFrontend (398)
[2018.05.18-11.25.58:865][776]LogModuleManager: Shutting down and abandoning module ProfilerClient (396)
[2018.05.18-11.25.58:884][776]LogModuleManager: Shutting down and abandoning module DeviceManager (394)
[2018.05.18-11.25.58:898][776]LogModuleManager: Shutting down and abandoning module TargetDeviceServices (393)
[2018.05.18-11.25.58:951][776]LogModuleManager: Shutting down and abandoning module AutomationController (390)
[2018.05.18-11.25.58:959][776]LogModuleManager: Shutting down and abandoning module AutomationWindow (388)
[2018.05.18-11.25.58:964][776]LogModuleManager: Shutting down and abandoning module Layers (386)
[2018.05.18-11.25.58:974][776]LogModuleManager: Shutting down and abandoning module ComponentVisualizers (384)
[2018.05.18-11.25.58:974][776]LogModuleManager: Shutting down and abandoning module DetailCustomizations (382)
[2018.05.18-11.25.58:982][776]LogModuleManager: Shutting down and abandoning module PackagesDialog (380)
[2018.05.18-11.25.58:983][776]LogModuleManager: Shutting down and abandoning module Persona (378)
[2018.05.18-11.25.59:034][776]LogModuleManager: Shutting down and abandoning module AdvancedPreviewScene (377)
[2018.05.18-11.25.59:034][776]LogModuleManager: Shutting down and abandoning module AnimGraph (375)
[2018.05.18-11.25.59:034][776]LogModuleManager: Shutting down and abandoning module Kismet (372)
[2018.05.18-11.25.59:054][776]LogModuleManager: Shutting down and abandoning module ClassViewer (370)
[2018.05.18-11.25.59:054][776]LogModuleManager: Shutting down and abandoning module Toolbox (368)
[2018.05.18-11.25.59:066][776]LogModuleManager: Shutting down and abandoning module ModuleUI (366)
[2018.05.18-11.25.59:076][776]LogModuleManager: Shutting down and abandoning module MovieSceneTools (364)
[2018.05.18-11.25.59:096][776]LogModuleManager: Shutting down and abandoning module OutputLog (362)
[2018.05.18-11.25.59:127][776]LogModuleManager: Shutting down and abandoning module GammaUI (360)
[2018.05.18-11.25.59:140][776]LogModuleManager: Shutting down and abandoning module Documentation (358)
[2018.05.18-11.25.59:140][776]LogModuleManager: Shutting down and abandoning module MovieSceneTracks (356)
[2018.05.18-11.25.59:140][776]LogModuleManager: Shutting down and abandoning module MovieScene (354)
[2018.05.18-11.25.59:140][776]LogModuleManager: Shutting down and abandoning module Niagara (352)
[2018.05.18-11.25.59:140][776]LogModuleManager: Shutting down and abandoning module NiagaraEditor (351)
[2018.05.18-11.25.59:161][776]LogModuleManager: Shutting down and abandoning module StreamingPauseRendering (348)
[2018.05.18-11.25.59:161][776]LogModuleManager: Shutting down and abandoning module AnalyticsET (346)
[2018.05.18-11.25.59:161][776]LogModuleManager: Shutting down and abandoning module PortalServices (344)
[2018.05.18-11.25.59:161][776]LogModuleManager: Shutting down and abandoning module PortalRpc (342)
[2018.05.18-11.25.59:161][776]LogModuleManager: Shutting down and abandoning module MessagingRpc (340)
[2018.05.18-11.25.59:161][776]LogModuleManager: Shutting down and abandoning module AIModule (338)
[2018.05.18-11.25.59:161][776]LogModuleManager: Shutting down and abandoning module GameplayDebugger (337)
[2018.05.18-11.25.59:161][776]LogModuleManager: Shutting down and abandoning module AITestSuite (335)
[2018.05.18-11.25.59:167][776]LogModuleManager: Shutting down and abandoning module ProfilerService (332)
[2018.05.18-11.25.59:368][776]LogModuleManager: Shutting down and abandoning module TaskGraph (330)
[2018.05.18-11.25.59:382][776]LogModuleManager: Shutting down and abandoning module SubstanceEditor (328)
[2018.05.18-11.25.59:394][776]LogModuleManager: Shutting down and abandoning module SteamVRController (326)
[2018.05.18-11.25.59:394][776]LogModuleManager: Shutting down and abandoning module SteamVR (324)
[2018.05.18-11.25.59:394][776]LogModuleManager: Shutting down and abandoning module ProceduralMeshComponentEditor (322)
[2018.05.18-11.25.59:404][776]LogModuleManager: Shutting down and abandoning module ProceduralMeshComponent (320)
[2018.05.18-11.25.59:414][776]LogModuleManager: Shutting down and abandoning module OculusLibrary (318)
[2018.05.18-11.25.59:414][776]LogModuleManager: Shutting down and abandoning module OculusInput (316)
[2018.05.18-11.25.59:414][776]LogModuleManager: Shutting down and abandoning module MobilePatchingUtils (314)
[2018.05.18-11.25.59:414][776]LogModuleManager: Shutting down and abandoning module CustomMeshComponent (312)
[2018.05.18-11.25.59:414][776]LogModuleManager: Shutting down and abandoning module CableComponent (310)
[2018.05.18-11.25.59:473][776]LogModuleManager: Shutting down and abandoning module ArchVisCharacter (308)
[2018.05.18-11.25.59:473][776]LogModuleManager: Shutting down and abandoning module AndroidPermission (306)
[2018.05.18-11.25.59:473][776]LogModuleManager: Shutting down and abandoning module MediaPlayerEditor (302)
[2018.05.18-11.25.59:495][776]LogModuleManager: Shutting down and abandoning module HTML5Networking (300)
[2018.05.18-11.25.59:495][776]LogModuleManager: Shutting down and abandoning module AlembicImporter (298)
[2018.05.18-11.25.59:503][776]LogModuleManager: Shutting down and abandoning module AlembicLibrary (297)
[2018.05.18-11.25.59:503][776]LogModuleManager: Shutting down and abandoning module GeometryCache (296)
[2018.05.18-11.25.59:503][776]LogModuleManager: Shutting down and abandoning module GeometryCacheEd (295)
[2018.05.18-11.25.59:503][776]LogModuleManager: Shutting down and abandoning module SuperSearchEditor (290)
[2018.05.18-11.25.59:503][776]LogModuleManager: Shutting down and abandoning module SuperSearch (289)
[2018.05.18-11.25.59:503][776]LogModuleManager: Shutting down and abandoning module SpeedTreeImporter (286)
[2018.05.18-11.25.59:503][776]LogModuleManager: Shutting down and abandoning module PluginBrowser (284)
[2018.05.18-11.25.59:530][776]LogModuleManager: Shutting down and abandoning module MobileLauncherProfileWizard (282)
[2018.05.18-11.25.59:548][776]LogModuleManager: Shutting down and abandoning module VisualStudioSourceCodeAccess (280)
[2018.05.18-11.25.59:548][776]LogModuleManager: Shutting down and abandoning module DesktopPlatform (279)
[2018.05.18-11.25.59:548][776]LogModuleManager: Shutting down and abandoning module UObjectPlugin (276)
[2018.05.18-11.25.59:548][776]LogModuleManager: Shutting down and abandoning module SubversionSourceControl (274)
[2018.05.18-11.25.59:563][776]LogModuleManager: Shutting down and abandoning module PerforceSourceControl (272)
[2018.05.18-11.25.59:583][776]LogModuleManager: Shutting down and abandoning module GitSourceControl (270)
[2018.05.18-11.25.59:592][776]LogModuleManager: Shutting down and abandoning module SourceControl (269)
[2018.05.18-11.25.59:592][776]LogModuleManager: Shutting down and abandoning module LightPropagationVolumeEditor (266)
[2018.05.18-11.25.59:592][776]LogModuleManager: Shutting down and abandoning module PaperTiledImporter (264)
[2018.05.18-11.25.59:592][776]LogModuleManager: Shutting down and abandoning module PaperSpriteSheetImporter (262)
[2018.05.18-11.25.59:592][776]LogModuleManager: Shutting down and abandoning module Paper2DEditor (260)
[2018.05.18-11.25.59:611][776]LogModuleManager: Shutting down and abandoning module MeshPaint (259)
[2018.05.18-11.25.59:621][776]LogModuleManager: Shutting down and abandoning module LevelEditor (257)
[2018.05.18-11.25.59:627][776]LogModuleManager: Shutting down and abandoning module PixelInspectorModule (256)
[2018.05.18-11.25.59:643][776]LogModuleManager: Shutting down and abandoning module MainFrame (254)
[2018.05.18-11.25.59:650][776]LogModuleManager: Shutting down and abandoning module HotReload (253)
[2018.05.18-11.25.59:660][776]LogModuleManager: Shutting down and abandoning module PhysXVehiclesEditor (248)
[2018.05.18-11.25.59:666][776]LogModuleManager: Shutting down and abandoning module PhysXVehicles (246)
[2018.05.18-11.25.59:666][776]LogModuleManager: Shutting down and abandoning module LocationServicesBPLibrary (244)
[2018.05.18-11.25.59:666][776]LogModuleManager: Shutting down and abandoning module ImmediatePhysicsEditor (242)
[2018.05.18-11.25.59:666][776]LogModuleManager: Shutting down and abandoning module ImmediatePhysics (240)
[2018.05.18-11.25.59:673][776]LogModuleManager: Shutting down and abandoning module UdpMessaging (238)
[2018.05.18-11.25.59:773][776]LogModuleManager: Shutting down and abandoning module TcpMessaging (236)
[2018.05.18-11.25.59:897][776]LogModuleManager: Shutting down and abandoning module SubstanceCore (234)
[2018.05.18-11.25.59:897][776]LogModuleManager: Shutting down and abandoning module GameplayTagsEditor (232)
[2018.05.18-11.25.59:993][776]LogModuleManager: Shutting down and abandoning module FacialAnimationEditor (230)
[2018.05.18-11.26.00:004][776]LogModuleManager: Shutting down and abandoning module FacialAnimation (228)
[2018.05.18-11.26.00:004][776]LogModuleManager: Shutting down and abandoning module AssetManagerEditor (226)
[2018.05.18-11.26.00:014][776]LogModuleManager: Shutting down and abandoning module GraphEditor (225)
[2018.05.18-11.26.00:014][776]LogModuleManager: Shutting down and abandoning module ContentBrowser (223)
[2018.05.18-11.26.00:014][776]LogModuleManager: Shutting down and abandoning module LightPropagationVolumeRuntime (220)
[2018.05.18-11.26.00:014][776]LogModuleManager: Shutting down and abandoning module Paper2D (218)
[2018.05.18-11.26.00:026][776]LogModuleManager: Shutting down and abandoning module WindowsMoviePlayer (216)
[2018.05.18-11.26.00:026][776]LogModuleManager: Shutting down and abandoning module WmfMedia (214)
[2018.05.18-11.26.00:038][776]LogModuleManager: Shutting down and abandoning module ClothingSystemEditor (212)
[2018.05.18-11.26.00:038][776]LogModuleManager: Shutting down and abandoning module ClothingSystemRuntime (210)
[2018.05.18-11.26.00:038][776]LogModuleManager: Shutting down and abandoning module MediaAssets (208)
[2018.05.18-11.26.00:038][776]LogModuleManager: Shutting down and abandoning module GameLiveStreaming (206)
[2018.05.18-11.26.00:050][776]LogModuleManager: Shutting down and abandoning module VREditor (204)
[2018.05.18-11.26.00:059][776]LogModuleManager: Shutting down and abandoning module StringTableEditor (202)
[2018.05.18-11.26.00:072][776]LogModuleManager: Shutting down and abandoning module GameplayTasksEditor (200)
[2018.05.18-11.26.00:072][776]LogModuleManager: Shutting down and abandoning module BehaviorTreeEditor (198)
[2018.05.18-11.26.00:100][776]LogModuleManager: Shutting down and abandoning module FunctionalTesting (196)
[2018.05.18-11.26.00:100][776]LogModuleManager: Shutting down and abandoning module CollisionAnalyzer (194)
[2018.05.18-11.26.00:117][776]LogModuleManager: Shutting down and abandoning module UMG (192)
[2018.05.18-11.26.00:125][776]LogModuleManager: Shutting down and abandoning module UMGEditor (191)
[2018.05.18-11.26.00:151][776]LogModuleManager: Shutting down and abandoning module Sequencer (190)
[2018.05.18-11.26.00:175][776]LogModuleManager: Shutting down and abandoning module AssetTools (188)
[2018.05.18-11.26.00:209][776]LogModuleManager: Shutting down and abandoning module MessageLog (187)
[2018.05.18-11.26.00:209][776]LogModuleManager: Shutting down and abandoning module WorkspaceMenuStructure (186)
[2018.05.18-11.26.00:209][776]LogModuleManager: Shutting down and abandoning module SlateReflector (180)
[2018.05.18-11.26.00:226][776]LogModuleManager: Shutting down and abandoning module Slate (178)
[2018.05.18-11.26.00:226][776]LogModuleManager: Shutting down and abandoning module EditorStyle (176)
[2018.05.18-11.26.00:227][776]LogModuleManager: Shutting down and abandoning module SourceCodeAccess (174)
[2018.05.18-11.26.00:227][776]LogModuleManager: Shutting down and abandoning module HeadMountedDisplay (172)
[2018.05.18-11.26.00:227][776]LogModuleManager: Shutting down and abandoning module XAudio2 (170)
[2018.05.18-11.26.00:227][776]LogModuleManager: Shutting down and abandoning module Networking (168)
[2018.05.18-11.26.00:227][776]LogModuleManager: Shutting down and abandoning module Core (164)
[2018.05.18-11.26.00:227][776]LogModuleManager: Shutting down and abandoning module AssetRegistry (162)
[2018.05.18-11.26.00:438][776]LogDirectoryWatcher: A directory notification for '../../../Engine/Content/' was aborted.
[2018.05.18-11.26.00:438][776]LogDirectoryWatcher: A directory notification for '../../../../../Users/JoshR/Documents/GitHub/Fuse/Content/' was aborted.
[2018.05.18-11.26.00:438][776]LogDirectoryWatcher: A directory notification for '../../../Engine/Plugins/2D/Paper2D/Content/' was aborted.
[2018.05.18-11.26.00:438][776]LogDirectoryWatcher: A directory notification for '../../../Engine/Plugins/Runtime/GearVR/Content/' was aborted.
[2018.05.18-11.26.00:451][776]LogModuleManager: Shutting down and abandoning module DirectoryWatcher (161)
[2018.05.18-11.26.00:451][776]LogModuleManager: Shutting down and abandoning module KismetCompiler (158)
[2018.05.18-11.26.00:451][776]LogModuleManager: Shutting down and abandoning module LevelSequence (156)
[2018.05.18-11.26.00:451][776]LogModuleManager: Shutting down and abandoning module PhysXFormats (154)
[2018.05.18-11.26.00:451][776]LogModuleManager: Shutting down and abandoning module MeshUtilities (152)
[2018.05.18-11.26.00:465][776]LogModuleManager: Shutting down and abandoning module SimplygonSwarm (151)
[2018.05.18-11.26.00:478][776]LogModuleManager: Shutting down and abandoning module SimplygonMeshReduction (149)
[2018.05.18-11.26.00:478][776]LogModuleManager: Shutting down and abandoning module QuadricMeshReduction (147)
[2018.05.18-11.26.00:485][776]LogModuleManager: Shutting down and abandoning module DerivedDataCache (144)
[2018.05.18-11.26.00:526][776]LogDerivedDataCache: Shutdown
[2018.05.18-11.26.00:526][776]LogModuleManager: Shutting down and abandoning module TargetPlatform (142)
[2018.05.18-11.26.00:526][776]LogModuleManager: Shutting down and abandoning module VulkanShaderFormat (141)
[2018.05.18-11.26.00:544][776]LogModuleManager: Shutting down and abandoning module ShaderFormatVectorVM (139)
[2018.05.18-11.26.00:551][776]LogModuleManager: Shutting down and abandoning module ShaderFormatOpenGL (137)
[2018.05.18-11.26.00:565][776]LogModuleManager: Shutting down and abandoning module ShaderFormatD3D (135)
[2018.05.18-11.26.00:565][776]LogModuleManager: Shutting down and abandoning module MetalShaderFormat (133)
[2018.05.18-11.26.00:572][776]LogModuleManager: Shutting down and abandoning module TextureFormatUncompressed (131)
[2018.05.18-11.26.00:572][776]LogModuleManager: Shutting down and abandoning module TextureFormatPVR (129)
[2018.05.18-11.26.00:572][776]LogModuleManager: Shutting down and abandoning module TextureFormatDXT (127)
[2018.05.18-11.26.00:572][776]LogModuleManager: Shutting down and abandoning module TextureFormatIntelISPCTexComp (125)
[2018.05.18-11.26.00:572][776]LogModuleManager: Shutting down and abandoning module TextureFormatASTC (123)
[2018.05.18-11.26.00:572][776]LogModuleManager: Shutting down and abandoning module ImageWrapper (122)
[2018.05.18-11.26.00:572][776]LogModuleManager: Shutting down and abandoning module TextureFormatAndroid (119)
[2018.05.18-11.26.00:572][776]LogModuleManager: Shutting down and abandoning module AudioFormatOpus (117)
[2018.05.18-11.26.00:572][776]LogModuleManager: Shutting down and abandoning module AudioFormatOgg (115)
[2018.05.18-11.26.00:572][776]LogModuleManager: Shutting down and abandoning module AudioFormatADPCM (113)
[2018.05.18-11.26.00:572][776]LogModuleManager: Shutting down and abandoning module LinuxTargetPlatform (111)
[2018.05.18-11.26.00:572][776]LogModuleManager: Shutting down and abandoning module LinuxServerTargetPlatform (109)
[2018.05.18-11.26.00:572][776]LogModuleManager: Shutting down and abandoning module LinuxNoEditorTargetPlatform (107)
[2018.05.18-11.26.00:572][776]LogModuleManager: Shutting down and abandoning module LinuxClientTargetPlatform (105)
[2018.05.18-11.26.00:572][776]LogModuleManager: Shutting down and abandoning module TVOSTargetPlatform (103)
[2018.05.18-11.26.00:572][776]LogModuleManager: Shutting down and abandoning module Messaging (101)
[2018.05.18-11.26.00:572][776]LogModuleManager: Shutting down and abandoning module IOSTargetPlatform (99)
[2018.05.18-11.26.00:572][776]LogModuleManager: Shutting down and abandoning module HTML5TargetPlatform (97)
[2018.05.18-11.26.00:572][776]LogModuleManager: Shutting down and abandoning module Android_PVRTCTargetPlatform (95)
[2018.05.18-11.26.00:572][776]LogModuleManager: Shutting down and abandoning module Android_MultiTargetPlatform (93)
[2018.05.18-11.26.00:572][776]LogModuleManager: Shutting down and abandoning module Android_ETC2TargetPlatform (91)
[2018.05.18-11.26.00:572][776]LogModuleManager: Shutting down and abandoning module Android_ETC1TargetPlatform (89)
[2018.05.18-11.26.00:572][776]LogModuleManager: Shutting down and abandoning module Android_DXTTargetPlatform (87)
[2018.05.18-11.26.00:572][776]LogModuleManager: Shutting down and abandoning module Android_ATCTargetPlatform (85)
[2018.05.18-11.26.00:572][776]LogModuleManager: Shutting down and abandoning module Android_ASTCTargetPlatform (83)
[2018.05.18-11.26.00:572][776]LogModuleManager: Shutting down and abandoning module AndroidTargetPlatform (81)
[2018.05.18-11.26.00:572][776]LogModuleManager: Shutting down and abandoning module WindowsTargetPlatform (79)
[2018.05.18-11.26.00:572][776]LogModuleManager: Shutting down and abandoning module WindowsServerTargetPlatform (77)
[2018.05.18-11.26.00:572][776]LogModuleManager: Shutting down and abandoning module WindowsNoEditorTargetPlatform (75)
[2018.05.18-11.26.00:572][776]LogModuleManager: Shutting down and abandoning module WindowsClientTargetPlatform (73)
[2018.05.18-11.26.00:572][776]LogModuleManager: Shutting down and abandoning module MacTargetPlatform (71)
[2018.05.18-11.26.00:572][776]LogModuleManager: Shutting down and abandoning module MacServerTargetPlatform (69)
[2018.05.18-11.26.00:572][776]LogModuleManager: Shutting down and abandoning module MacNoEditorTargetPlatform (67)
[2018.05.18-11.26.00:572][776]LogModuleManager: Shutting down and abandoning module MacClientTargetPlatform (65)
[2018.05.18-11.26.00:572][776]LogModuleManager: Shutting down and abandoning module AllDesktopTargetPlatform (63)
[2018.05.18-11.26.00:572][776]LogModuleManager: Shutting down and abandoning module InputCore (60)
[2018.05.18-11.26.00:572][776]LogModuleManager: Shutting down and abandoning module Settings (58)
[2018.05.18-11.26.00:572][776]LogModuleManager: Shutting down and abandoning module OculusRift (56)
