Log file open, 04/18/18 19:20:46
LogInit:Display: Running engine for game: RPG_Game
LogPlatformFile: Not using cached read wrapper
LogInit:Display: RandInit(496233481) SRandInit(496233481).
LogTaskGraph: Started task graph with 5 named threads and 12 total threads with 1 sets of task threads.
LogStats: Stats thread started at 0.171749
LogInit: Using libcurl 7.47.1
LogInit:  - built for x86_64-pc-win32
LogInit:  - supports SSL with OpenSSL/1.0.2g
LogInit:  - supports HTTP deflate (compression) using libz 1.2.8
LogInit:  - other features:
LogInit:      CURL_VERSION_SSL
LogInit:      CURL_VERSION_LIBZ
LogInit:      CURL_VERSION_IPV6
LogInit:      CURL_VERSION_ASYNCHDNS
LogInit:      CURL_VERSION_LARGEFILE
LogInit:      CURL_VERSION_IDN
LogInit:  CurlRequestOptions (configurable via config and command line):
LogInit:  - bVerifyPeer = false  - Libcurl will NOT verify peer certificate
LogInit:  - bUseHttpProxy = false  - Libcurl will NOT use HTTP proxy
LogInit:  - bDontReuseConnections = false  - Libcurl will reuse connections
LogInit:  - CertBundlePath = nullptr  - Libcurl will use whatever was configured at build time.
LogInit: Build: ++UE4+Release-4.16-CL-3561208
LogInit: Engine Version: 4.16.3-3561208+++UE4+Release-4.16
LogInit: Compatible Engine Version: 4.16.0-3452394+++UE4+Release-4.16
LogInit: Net CL: 3452394
LogDevObjectVersion: Number of dev versions registered: 16
LogDevObjectVersion:   Dev-Blueprints (B0D832E4-1F89-4F0D-ACCF-7EB736FD4AA2): 9
LogDevObjectVersion:   Dev-Build (E1C64328-A22C-4D53-A36C-8E866417BD8C): 0
LogDevObjectVersion:   Dev-Core (375EC13C-06E4-48FB-B500-84F0262A717E): 2
LogDevObjectVersion:   Dev-Editor (E4B068ED-F494-42E9-A231-DA0B2E46BB41): 17
LogDevObjectVersion:   Dev-Framework (CFFC743F-43B0-4480-9391-14DF171D2073): 23
LogDevObjectVersion:   Dev-Mobile (B02B49B5-BB20-44E9-A304-32B752E40360): 0
LogDevObjectVersion:   Dev-Networking (A4E4105C-59A1-49B5-A7C5-40C4547EDFEE): 0
LogDevObjectVersion:   Dev-Online (39C831C9-5AE6-47DC-9A44-9C173E1C8E7C): 0
LogDevObjectVersion:   Dev-Physics (78F01B33-EBEA-4F98-B9B4-84EACCB95AA2): 0
LogDevObjectVersion:   Dev-Platform (6631380F-2D4D-43E0-8009-CF276956A95A): 0
LogDevObjectVersion:   Dev-Rendering (12F88B9F-8875-4AFC-A67C-D90C383ABD29): 15
LogDevObjectVersion:   Dev-Sequencer (7B5AE74C-D270-4C10-A958-57980B212A5A): 4
LogDevObjectVersion:   Dev-VR (D7296918-1DD6-4BDD-9DE2-64A83CC13884): 0
LogDevObjectVersion:   Dev-LoadTimes (C2A15278-BFE7-4AFE-6C17-90FF531DF755): 1
LogDevObjectVersion:   Private-Geometry (6EACA3D4-40EC-4CC1-B786-8BED09428FC5): 1
LogDevObjectVersion:   Dev-AnimPhys (29E575DD-E0A3-4627-9D10-D276232CDCEA): 3
LogInit: Compiled (64-bit): Jul 28 2017 11:49:47
LogInit: Compiled with Visual C++: 19.00.24215.01
LogInit: Build Configuration: Development
LogInit: Branch Name: ++UE4+Release-4.16
LogInit: Command line:  
LogInit: Base directory: C:/Program Files/Epic Games/UE_4.16/Engine/Binaries/Win64/
LogInit: Installed Engine Build: 1
LogInit: Presizing for max 8388607 objects, including 0 objects not considered by GC, pre-allocating 0 bytes for permanent pool.
LogInit: Object subsystem initialized
[2018.04.18-18.20.47:114][  0]LogInit: Selected Device Profile: [Windows]
[2018.04.18-18.20.47:114][  0]LogInit: Applying CVar settings loaded from the selected device profile: [Windows]
[2018.04.18-18.20.47:126][  0]LogInit: Computer: SONOFMORT
[2018.04.18-18.20.47:126][  0]LogInit: User: Jordan
[2018.04.18-18.20.47:126][  0]LogInit: CPU Page size=4096, Cores=8
[2018.04.18-18.20.47:126][  0]LogInit: High frequency timer resolution =3.125000 MHz
[2018.04.18-18.20.47:127][  0]LogMemory: Memory total: Physical=8.0GB (8GB approx)
[2018.04.18-18.20.47:127][  0]LogMemory: Platform Memory Stats for Windows
[2018.04.18-18.20.47:127][  0]LogMemory: Process Physical Memory: 274.98 MB used, 274.98 MB peak
[2018.04.18-18.20.47:127][  0]LogMemory: Process Virtual Memory: 269.61 MB used, 269.61 MB peak
[2018.04.18-18.20.47:127][  0]LogMemory: Physical Memory: 4865.79 MB used,  3281.43 MB free, 8147.22 MB total
[2018.04.18-18.20.47:127][  0]LogMemory: Virtual Memory: 675.47 MB used,  3281.43 MB free, 134217728.00 MB total
[2018.04.18-18.20.47:233][  0]LogInit: Using OS detected language (en-GB).
[2018.04.18-18.20.47:233][  0]LogInit: Using OS detected locale (en-GB).
[2018.04.18-18.20.47:238][  0]LogTextLocalizationManager: No specific localization for 'en-GB' exists, so the 'en' localization will be used.
[2018.04.18-18.20.48:403][  0]LogD3D11RHI: D3D11 adapters:
[2018.04.18-18.20.48:491][  0]LogD3D11RHI:    0. 'NVIDIA GeForce GTX 1070' (Feature Level 11_0)
[2018.04.18-18.20.48:491][  0]LogD3D11RHI:       8088/0/4073 MB DedicatedVideo/DedicatedSystem/SharedSystem, Outputs:2, VendorId:0x10de
[2018.04.18-18.20.48:494][  0]LogD3D11RHI:    1. 'Microsoft Basic Render Driver' (Feature Level 11_0)
[2018.04.18-18.20.48:494][  0]LogD3D11RHI:       0/0/4073 MB DedicatedVideo/DedicatedSystem/SharedSystem, Outputs:0, VendorId:0x1414
[2018.04.18-18.20.48:494][  0]LogD3D11RHI: Chosen D3D11 Adapter: 0
[2018.04.18-18.20.48:504][  0]LogD3D11RHI: Creating new Direct3DDevice
[2018.04.18-18.20.48:504][  0]LogD3D11RHI:     GPU DeviceId: 0x1b81 (for the marketing name, search the web for "GPU Device Id")
[2018.04.18-18.20.48:504][  0]LogWindows: EnumDisplayDevices:
[2018.04.18-18.20.48:504][  0]LogWindows:    0. 'NVIDIA GeForce GTX 1070' (P:1 D:1)
[2018.04.18-18.20.48:504][  0]LogWindows:    1. 'NVIDIA GeForce GTX 1070' (P:0 D:1)
[2018.04.18-18.20.48:504][  0]LogWindows:    2. 'NVIDIA GeForce GTX 1070' (P:0 D:0)
[2018.04.18-18.20.48:504][  0]LogWindows:    3. 'NVIDIA GeForce GTX 1070' (P:0 D:0)
[2018.04.18-18.20.48:504][  0]LogWindows: DebugString: GetVideoDriverDetailsInvalid PrimaryIsNotTheChoosenAdapter GetVideoDriverDetailsInvalid PrimaryIsNotTheChoosenAdapter GetVideoDriverDetailsInvalid PrimaryIsNotTheChoosenAdapter GetVideoDriverDetailsInvalid PrimaryIsNotTheChoosenAdapter FoundDriverCount:0 
[2018.04.18-18.20.48:504][  0]LogD3D11RHI:     Adapter Name: NVIDIA GeForce GTX 1070
[2018.04.18-18.20.48:504][  0]LogD3D11RHI:   Driver Version: Unknown (internal:Unknown, unified:Unknown)
[2018.04.18-18.20.48:504][  0]LogD3D11RHI:      Driver Date: Unknown
[2018.04.18-18.20.48:504][  0]LogRHI: Texture pool is 1361 MB (70% of 1945 MB)
[2018.04.18-18.20.48:555][  0]LogD3D11RHI: Async texture creation enabled
[2018.04.18-18.20.48:601][  0]LogD3D11RHI: GPU Timing Frequency: 1000.000000 (Debug: 2 2)
[2018.04.18-18.20.48:694][  0]LogShaderCompilers: Guid format shader working directory is 0 characters bigger than the processId version (F:/FMP/RPG_Game/FMP_Fuse-master/FMP_Fuse-master/Intermediate/Shaders/WorkingDirectory/9496/).
[2018.04.18-18.20.48:694][  0]LogShaderCompilers: Cleaned the shader compiler working directory 'C:/Users/Jordan/AppData/Local/Temp/UnrealShaderWorkingDir/E9E8C9874E9E1A9BD06381A58C862A3E/'.
[2018.04.18-18.20.48:694][  0]LogShaderCompilers:Display: Using Local Shader Compiler.
[2018.04.18-18.20.49:943][  0]LogTemp:Display: Loaded TP AllDesktopTargetPlatform
[2018.04.18-18.20.50:027][  0]LogTemp:Display: Loaded TP MacClientTargetPlatform
[2018.04.18-18.20.50:112][  0]LogTemp:Display: Loaded TP MacNoEditorTargetPlatform
[2018.04.18-18.20.50:197][  0]LogTemp:Display: Loaded TP MacServerTargetPlatform
[2018.04.18-18.20.50:283][  0]LogTemp:Display: Loaded TP MacTargetPlatform
[2018.04.18-18.20.50:366][  0]LogTemp:Display: Loaded TP WindowsClientTargetPlatform
[2018.04.18-18.20.50:450][  0]LogTemp:Display: Loaded TP WindowsNoEditorTargetPlatform
[2018.04.18-18.20.50:534][  0]LogTemp:Display: Loaded TP WindowsServerTargetPlatform
[2018.04.18-18.20.50:610][  0]LogTemp:Display: Loaded TP WindowsTargetPlatform
[2018.04.18-18.20.50:694][  0]LogTemp:Display: Loaded TP AndroidTargetPlatform
[2018.04.18-18.20.50:777][  0]LogTemp:Display: Loaded TP Android_ASTCTargetPlatform
[2018.04.18-18.20.50:860][  0]LogTemp:Display: Loaded TP Android_ATCTargetPlatform
[2018.04.18-18.20.50:942][  0]LogTemp:Display: Loaded TP Android_DXTTargetPlatform
[2018.04.18-18.20.51:024][  0]LogTemp:Display: Loaded TP Android_ETC1TargetPlatform
[2018.04.18-18.20.51:106][  0]LogTemp:Display: Loaded TP Android_ETC2TargetPlatform
[2018.04.18-18.20.51:273][  0]LogTemp:Display: Loaded TP Android_MultiTargetPlatform
[2018.04.18-18.20.51:273][  0]LogTemp:Display: Loaded TP Android_PVRTCTargetPlatform
[2018.04.18-18.20.51:341][  0]LogTemp:Display: Loaded TP HTML5TargetPlatform
[2018.04.18-18.20.51:481][  0]LogTemp:Display: Loaded TP IOSTargetPlatform
[2018.04.18-18.20.51:527][  0]LogTemp:Display: Loaded TP TVOSTargetPlatform
[2018.04.18-18.20.51:609][  0]LogTemp:Display: Loaded TP LinuxClientTargetPlatform
[2018.04.18-18.20.51:691][  0]LogTemp:Display: Loaded TP LinuxNoEditorTargetPlatform
[2018.04.18-18.20.51:772][  0]LogTemp:Display: Loaded TP LinuxServerTargetPlatform
[2018.04.18-18.20.51:854][  0]LogTemp:Display: Loaded TP LinuxTargetPlatform
[2018.04.18-18.20.51:854][  0]LogTargetPlatformManager:Display: Building Assets For Windows
[2018.04.18-18.20.52:673][  0]LogDerivedDataCache:Display: Max Cache Size: 512 MB
[2018.04.18-18.20.52:788][  0]LogDerivedDataCache: Loaded boot cache 0.11s 90MB C:/Users/Jordan/AppData/Local/UnrealEngine/4.16/DerivedDataCache/Boot.ddc.
[2018.04.18-18.20.52:788][  0]LogDerivedDataCache:Display: Loaded Boot cache: C:/Users/Jordan/AppData/Local/UnrealEngine/4.16/DerivedDataCache/Boot.ddc
[2018.04.18-18.20.52:788][  0]LogDerivedDataCache: FDerivedDataBackendGraph:  Pak pak cache file F:/FMP/RPG_Game/FMP_Fuse-master/FMP_Fuse-master/DerivedDataCache/DDC.ddp not found, will not use a pak cache.
[2018.04.18-18.20.52:788][  0]LogDerivedDataCache: Unable to find inner node Pak for hierarchical cache Hierarchy.
[2018.04.18-18.20.52:788][  0]LogDerivedDataCache: FDerivedDataBackendGraph:  CompressedPak pak cache file F:/FMP/RPG_Game/FMP_Fuse-master/FMP_Fuse-master/DerivedDataCache/Compressed.ddp not found, will not use a pak cache.
[2018.04.18-18.20.52:788][  0]LogDerivedDataCache: Unable to find inner node CompressedPak for hierarchical cache Hierarchy.
[2018.04.18-18.20.52:808][  0]LogDerivedDataCache:Display: Pak cache opened for reading ../../../Engine/DerivedDataCache/Compressed.ddp.
[2018.04.18-18.20.52:821][  0]LogDerivedDataCache: Using Local data cache path C:/Users/Jordan/AppData/Local/UnrealEngine/Common/DerivedDataCache: Writable
[2018.04.18-18.20.52:833][  0]LogMaterial: Verifying Global Shaders for PCD3D_SM5
[2018.04.18-18.20.52:834][  0]LogSlate: Using Freetype 2.6.0
[2018.04.18-18.20.52:834][  0]LogSlate: SlateFontCache - WITH_FREETYPE: 1, WITH_HARFBUZZ: 1
[2018.04.18-18.20.52:834][  0]LogSlate: SlateFontCache - WITH_FREETYPE: 1, WITH_HARFBUZZ: 1
[2018.04.18-18.20.53:324][  0]LogInit: Selected Device Profile: [Windows]
[2018.04.18-18.20.53:459][  0]LogContentStreaming: Texture pool size is 0.00 MB
[2018.04.18-18.20.53:676][  0]LogMeshUtilities: Using QuadricMeshReduction for automatic static mesh reduction
[2018.04.18-18.20.53:756][  0]LogSimplygon: Simplygon DLL not present - disabling.
[2018.04.18-18.20.53:844][  0]LogMeshUtilities: Using SimplygonSwarm for distributed automatic mesh merging
[2018.04.18-18.20.53:844][  0]LogMeshUtilities: No automatic skeletal mesh reduction module available
[2018.04.18-18.20.53:844][  0]LogMeshUtilities: No automatic mesh merging module available
[2018.04.18-18.20.54:712][  0]LogNetVersion: RPG_Game , NetCL: 3452394, EngineNetVer: 2, GameNetVer: 0 (Checksum: 2586067795)
[2018.04.18-18.20.54:796][  0]LogAssetRegistry: FAssetRegistry took 0.0276 seconds to start up
[2018.04.18-18.20.54:888][  0]LogPackageLocalizationCache: Processed 4 localized package path(s) for 2 prioritized culture(s) in 0.052408 seconds
[2018.04.18-18.20.54:896][  0]LogUObjectArray: 34194 objects as part of root set at end of initial load.
[2018.04.18-18.20.54:896][  0]LogUObjectAllocator: 7260416 out of 0 bytes used by permanent object pool.
[2018.04.18-18.20.54:896][  0]LogUObjectArray: CloseDisregardForGC: 0/0 objects in disregard for GC pool
[2018.04.18-18.20.55:010][  0]LogInit: WinSock: version 1.1 (2.2), MaxSocks=32767, MaxUdp=65467
[2018.04.18-18.20.59:132][  0]LogSubstanceCoreModule: Substance [CPU] Engine Loaded, Max Texture Size = 2048
[2018.04.18-18.20.59:194][  0]LogTcpMessaging: Initializing TcpMessaging bridge
[2018.04.18-18.20.59:255][  0]LogUdpMessaging: Initializing bridge on interface 0.0.0.0:0 to multicast group 230.0.0.1:6666.
[2018.04.18-18.21.00:153][  0]LogMaterial: Uniform references updated for custom material expression Custom.
[2018.04.18-18.21.00:818][  0]SourceControl: Info Source control is disabled
[2018.04.18-18.21.02:257][  0]LogAndroidPermission: UAndroidPermissionCallbackProxy::GetInstance
[2018.04.18-18.21.03:419][  0]LogEngine: Initializing Engine...
[2018.04.18-18.21.03:421][  0]LogHMD: Failed to initialize OpenVR with code 110
[2018.04.18-18.21.03:775][  0]LogStats: UGameplayTagsManager::ConstructGameplayTagTree: Construct from data asset -  0.000 s
[2018.04.18-18.21.03:775][  0]LogStats: UGameplayTagsManager::ConstructGameplayTagTree: GameplayTagTreeChangedEvent.Broadcast -  0.000 s
[2018.04.18-18.21.04:016][  0]LogAIModule: Creating AISystem for world Untitled
[2018.04.18-18.21.04:031][  0]LogInit: XAudio2 using 'Headset Earphone (Corsair VOID RGB USB Gaming Headset )' : 6 channels at 48 kHz using 16 bits per sample (channel mask 0x3f)
[2018.04.18-18.21.04:220][  0]LogInit: FAudioDevice initialized.
[2018.04.18-18.21.04:285][  0]LogDerivedDataCache: Saved boot cache 0.07s 90MB C:/Users/Jordan/AppData/Local/UnrealEngine/4.16/DerivedDataCache/Boot.ddc.
[2018.04.18-18.21.04:296][  0]LogInit: Texture streaming: Enabled
[2018.04.18-18.21.04:461][  0]LogEngineSessionManager: EngineSessionManager initialized
[2018.04.18-18.21.04:842][  0]LogInit: Transaction tracking system initialized
[2018.04.18-18.21.05:376][  0]BlueprintLog: New page: Editor Load
[2018.04.18-18.21.06:977][  0]LocalizationService: Info Localization service is disabled
[2018.04.18-18.21.08:222][  0]LogConsoleResponse:Display: 
[2018.04.18-18.21.08:395][  0]LogCook:Display: Max memory allowance for cook 16384mb min free memory 0mb
[2018.04.18-18.21.08:395][  0]LogCook:Display: Mobile HDR setting 1
[2018.04.18-18.21.09:550][  0]LogFileCache: Scanning file cache for directory 'F:/FMP/RPG_Game/FMP_Fuse-master/FMP_Fuse-master/Content/' took 0.02s
[2018.04.18-18.21.10:147][  0]Cmd: MAP LOAD FILE="F:/FMP/RPG_Game/FMP_Fuse-master/FMP_Fuse-master/Content/Maps/HelloWorld.umap" TEMPLATE=0 SHOWPROGRESS=1 FEATURELEVEL=3
[2018.04.18-18.21.10:148][  0]LightingResults: New page: Lighting Build
[2018.04.18-18.21.10:218][  0]MapCheck: New page: Map Check
[2018.04.18-18.21.10:218][  0]LightingResults: New page: Lighting Build
[2018.04.18-18.21.10:449][  0]LogLinker:Warning: Can't find file '/Game/Materials/alphabox'
[2018.04.18-18.21.10:449][  0]LoadErrors: Info Failed to load /Game/Assets/PowerBlock/AlphaBox.AlphaBox Referenced by AlphaCube_GEN_VARIABLE
[2018.04.18-18.21.10:449][  0]LogLinker:Warning: Can't find file for asset '/Game/Materials/alphabox' while loading F:/FMP/RPG_Game/FMP_Fuse-master/FMP_Fuse-master/Content/Assets/PowerBlock/AlphaBox.uasset.
[2018.04.18-18.21.10:449][  0]LoadErrors: Info Failed to load /Game/Assets/PowerBlock/AlphaBox.AlphaBox Referenced by AlphaCube_GEN_VARIABLE
[2018.04.18-18.21.10:449][  0]LoadErrors:Error: Error /Game/Assets/PowerBlock/AlphaBox : Can't find file for asset. /Game/Materials/alphabox
[2018.04.18-18.21.10:449][  0]LogLinker:Warning: Can't find file '/Game/Materials/alphabox'
[2018.04.18-18.21.10:449][  0]LoadErrors: Info Failed to load /Game/Assets/PowerBlock/AlphaBox.AlphaBox Referenced by AlphaCube_GEN_VARIABLE
[2018.04.18-18.21.10:449][  0]LogLinker:Warning: Can't find file for asset '/Game/Materials/alphabox' while loading F:/FMP/RPG_Game/FMP_Fuse-master/FMP_Fuse-master/Content/Assets/PowerBlock/AlphaBox.uasset.
[2018.04.18-18.21.10:449][  0]LoadErrors: Info Failed to load /Game/Assets/PowerBlock/AlphaBox.AlphaBox Referenced by AlphaCube_GEN_VARIABLE
[2018.04.18-18.21.10:449][  0]LoadErrors:Error: Error /Game/Assets/PowerBlock/AlphaBox : Can't find file for asset. /Game/Materials/alphabox
[2018.04.18-18.21.10:465][  0]LogLinker:Warning: Can't find file '/Game/Materials/ButtonMaterial'
[2018.04.18-18.21.10:465][  0]LoadErrors: Info Failed to load /Game/Assets/PressurePad/Button_Base.Button_Base Referenced by Button_Base_GEN_VARIABLE
[2018.04.18-18.21.10:465][  0]LogLinker:Warning: Can't find file for asset '/Game/Materials/ButtonMaterial' while loading F:/FMP/RPG_Game/FMP_Fuse-master/FMP_Fuse-master/Content/Assets/PressurePad/Button_Base.uasset.
[2018.04.18-18.21.10:465][  0]LoadErrors: Info Failed to load /Game/Assets/PressurePad/Button_Base.Button_Base Referenced by Button_Base_GEN_VARIABLE
[2018.04.18-18.21.10:465][  0]LoadErrors:Error: Error /Game/Assets/PressurePad/Button_Base : Can't find file for asset. /Game/Materials/ButtonMaterial
[2018.04.18-18.21.10:465][  0]LogLinker:Warning: Can't find file '/Game/Materials/ButtonMaterial'
[2018.04.18-18.21.10:465][  0]LoadErrors: Info Failed to load /Game/Assets/PressurePad/Button_Base.Button_Base Referenced by Button_Base_GEN_VARIABLE
[2018.04.18-18.21.10:466][  0]LogLinker:Warning: Can't find file for asset '/Game/Materials/ButtonMaterial' while loading F:/FMP/RPG_Game/FMP_Fuse-master/FMP_Fuse-master/Content/Assets/PressurePad/Button_Base.uasset.
[2018.04.18-18.21.10:466][  0]LoadErrors: Info Failed to load /Game/Assets/PressurePad/Button_Base.Button_Base Referenced by Button_Base_GEN_VARIABLE
[2018.04.18-18.21.10:466][  0]LoadErrors:Error: Error /Game/Assets/PressurePad/Button_Base : Can't find file for asset. /Game/Materials/ButtonMaterial
[2018.04.18-18.21.10:467][  0]LogLinker:Warning: Can't find file '/Game/Materials/ButtonMaterial'
[2018.04.18-18.21.10:467][  0]LoadErrors: Info Failed to load /Game/Assets/PressurePad/Button_Push.Button_Push Referenced by Push_GEN_VARIABLE
[2018.04.18-18.21.10:467][  0]LogLinker:Warning: Can't find file for asset '/Game/Materials/ButtonMaterial' while loading F:/FMP/RPG_Game/FMP_Fuse-master/FMP_Fuse-master/Content/Assets/PressurePad/Button_Push.uasset.
[2018.04.18-18.21.10:467][  0]LoadErrors: Info Failed to load /Game/Assets/PressurePad/Button_Push.Button_Push Referenced by Push_GEN_VARIABLE
[2018.04.18-18.21.10:467][  0]LoadErrors:Error: Error /Game/Assets/PressurePad/Button_Push : Can't find file for asset. /Game/Materials/ButtonMaterial
[2018.04.18-18.21.10:467][  0]LogLinker:Warning: Can't find file '/Game/Materials/ButtonMaterial'
[2018.04.18-18.21.10:467][  0]LoadErrors: Info Failed to load /Game/Assets/PressurePad/Button_Push.Button_Push Referenced by Push_GEN_VARIABLE
[2018.04.18-18.21.10:467][  0]LogLinker:Warning: Can't find file for asset '/Game/Materials/ButtonMaterial' while loading F:/FMP/RPG_Game/FMP_Fuse-master/FMP_Fuse-master/Content/Assets/PressurePad/Button_Push.uasset.
[2018.04.18-18.21.10:467][  0]LoadErrors: Info Failed to load /Game/Assets/PressurePad/Button_Push.Button_Push Referenced by Push_GEN_VARIABLE
[2018.04.18-18.21.10:467][  0]LoadErrors:Error: Error /Game/Assets/PressurePad/Button_Push : Can't find file for asset. /Game/Materials/ButtonMaterial
[2018.04.18-18.21.10:647][  0]LogLinker:Warning: Can't find file '/Game/Materials/ButtonMaterial'
[2018.04.18-18.21.10:648][  0]LoadErrors: Info Failed to load /Game/Materials/ButtonMaterial.ButtonMaterial Referenced by Button_Push
[2018.04.18-18.21.10:648][  0]LogLinker:Warning: Can't find file for asset '/Game/Materials/ButtonMaterial' while loading NULL.
[2018.04.18-18.21.10:648][  0]LoadErrors: Info Failed to load /Game/Materials/ButtonMaterial.ButtonMaterial Referenced by Button_Push
[2018.04.18-18.21.10:648][  0]LogLinker:Warning: Can't find file '/Game/Materials/ButtonMaterial'
[2018.04.18-18.21.10:648][  0]LoadErrors: Info Failed to load /Game/Materials/ButtonMaterial.ButtonMaterial Referenced by Button_Base
[2018.04.18-18.21.10:648][  0]LogLinker:Warning: Can't find file for asset '/Game/Materials/ButtonMaterial' while loading NULL.
[2018.04.18-18.21.10:648][  0]LoadErrors: Info Failed to load /Game/Materials/ButtonMaterial.ButtonMaterial Referenced by Button_Base
[2018.04.18-18.21.10:649][  0]LogLinker:Warning: Can't find file '/Game/Materials/alphabox'
[2018.04.18-18.21.10:649][  0]LoadErrors: Info Failed to load /Game/Materials/alphabox.alphabox Referenced by AlphaBox
[2018.04.18-18.21.10:649][  0]LogLinker:Warning: Can't find file for asset '/Game/Materials/alphabox' while loading NULL.
[2018.04.18-18.21.10:649][  0]LoadErrors: Info Failed to load /Game/Materials/alphabox.alphabox Referenced by AlphaBox
[2018.04.18-18.21.10:723][  0]LogMaterial: Missing cached shader map for material Grass, compiling. 
[2018.04.18-18.21.10:828][  0]LogMaterial: Missing cached shader map for material Grass, compiling. 
[2018.04.18-18.21.10:932][  0]LogTexture:Display: Building textures: Texture2D_0 (BGRA8, 512X512)
[2018.04.18-18.21.10:948][  0]LogStaticMesh: Building static mesh 10mGlassWall...
[2018.04.18-18.21.10:950][  0]LogStaticMesh: Built static mesh [0.00s] /Game/Assets/Walls/Glass/10mGlassWall.10mGlassWall
[2018.04.18-18.21.10:951][  0]LogStaticMesh: Building static mesh 25mGlassWall...
[2018.04.18-18.21.10:951][  0]LogStaticMesh: Built static mesh [0.00s] /Game/Assets/Walls/Glass/25mGlassWall.25mGlassWall
[2018.04.18-18.21.10:954][  0]LogStaticMesh: Building static mesh BigRock1NotBroke...
[2018.04.18-18.21.10:962][  0]LogStaticMesh: Built static mesh [0.01s] /Game/Assets/Rocks/BigRock1NotBroke.BigRock1NotBroke
[2018.04.18-18.21.10:964][  0]LogStaticMesh: Building static mesh Electric_Sign...
[2018.04.18-18.21.10:968][  0]LogStaticMesh: Built static mesh [0.00s] /Game/Assets/Misc_Objects/Signs/Electric_Sign.Electric_Sign
[2018.04.18-18.21.10:969][  0]LogStaticMesh: Building static mesh F_Wall_01...
[2018.04.18-18.21.10:972][  0]LogStaticMesh: Built static mesh [0.00s] /Game/Assets/Walls/SplineWall/F_Wall_01.F_Wall_01
[2018.04.18-18.21.10:981][  0]LogStaticMesh: Building static mesh Palm_Tree...
[2018.04.18-18.21.11:020][  0]LogStaticMesh: Built static mesh [0.04s] /Game/Assets/NewTrees/Palm_Tree.Palm_Tree
[2018.04.18-18.21.11:023][  0]LogStaticMesh: Building static mesh Palm_Tree_2_...
[2018.04.18-18.21.11:085][  0]LogStaticMesh: Built static mesh [0.06s] /Game/Assets/NewTrees/Palm_Tree_2_.Palm_Tree_2_
[2018.04.18-18.21.11:090][  0]LogStaticMesh: Building static mesh Path_1...
[2018.04.18-18.21.11:095][  0]LogStaticMesh: Built static mesh [0.01s] /Game/Assets/Rocks/Path_1.Path_1
[2018.04.18-18.21.11:096][  0]LogStaticMesh: Building static mesh Path_2...
[2018.04.18-18.21.11:099][  0]LogStaticMesh: Built static mesh [0.00s] /Game/Assets/Rocks/Path_2.Path_2
[2018.04.18-18.21.11:100][  0]LogStaticMesh: Building static mesh Path_3_...
[2018.04.18-18.21.11:103][  0]LogStaticMesh: Built static mesh [0.00s] /Game/Assets/Rocks/Path_3_.Path_3_
[2018.04.18-18.21.11:104][  0]LogStaticMesh: Building static mesh Path_4_...
[2018.04.18-18.21.11:110][  0]LogStaticMesh: Built static mesh [0.01s] /Game/Assets/Rocks/Path_4_.Path_4_
[2018.04.18-18.21.11:116][  0]LogStaticMesh: Building static mesh Rock_1...
[2018.04.18-18.21.11:118][  0]LogStaticMesh: Built static mesh [0.00s] /Game/Assets/Rocks/Rock_1.Rock_1
[2018.04.18-18.21.11:120][  0]LogStaticMesh: Building static mesh Slanted_Palm_Tree...
[2018.04.18-18.21.11:155][  0]LogStaticMesh: Built static mesh [0.03s] /Game/Assets/NewTrees/Slanted_Palm_Tree.Slanted_Palm_Tree
[2018.04.18-18.21.11:160][  0]LogTexture:Display: Building textures: Texture2D_1 (BGRA8, 64X64)
[2018.04.18-18.21.11:161][  0]LogTexture:Display: Building textures: Texture2D_19 (BGRA8, 64X64)
[2018.04.18-18.21.11:161][  0]LogTexture:Display: Building textures: Texture2D_2 (BGRA8, 64X64)
[2018.04.18-18.21.11:162][  0]LogTexture:Display: Building textures: Texture2D_20 (BGRA8, 64X64)
[2018.04.18-18.21.11:269][  0]LogMaterial: Missing cached shader map for material M_rock, compiling. 
[2018.04.18-18.21.11:304][  0]LogMaterial: Missing cached shader map for material lambert2, compiling. 
[2018.04.18-18.21.11:340][  0]LogMaterial: Missing cached shader map for material Rock, compiling. 
[2018.04.18-18.21.11:381][  0]LogMaterial: Missing cached shader map for material M_LeavesLightGreen, compiling. 
[2018.04.18-18.21.11:415][  0]LogMaterial: Missing cached shader map for material M_DarkTrunk, compiling. 
[2018.04.18-18.21.11:470][  0]LogTexture:Display: Building textures: Electric_Texture (AutoDXT, 1024X1024)
[2018.04.18-18.21.11:700][  0]LogMaterial: Missing cached shader map for material lambert4, compiling. 
[2018.04.18-18.21.11:872][  0]LogTexture:Display: Building textures: HQ_Lightmap0_10 (AutoDXT, 256X256)
[2018.04.18-18.21.11:934][  0]LogTexture:Display: Building textures: HQ_Lightmap0_11 (AutoDXT, 512X512)
[2018.04.18-18.21.11:985][  0]LogTexture:Display: Building textures: HQ_Lightmap0_12 (AutoDXT, 512X512)
[2018.04.18-18.21.12:036][  0]LogTexture:Display: Building textures: HQ_Lightmap0_13 (AutoDXT, 512X512)
[2018.04.18-18.21.12:085][  0]LogTexture:Display: Building textures: HQ_Lightmap0_14 (AutoDXT, 512X512)
[2018.04.18-18.21.12:133][  0]LogTexture:Display: Building textures: HQ_Lightmap0_15 (AutoDXT, 512X512)
[2018.04.18-18.21.12:187][  0]LogTexture:Display: Building textures: HQ_Lightmap0_16 (AutoDXT, 256X256)
[2018.04.18-18.21.12:242][  0]LogTexture:Display: Building textures: HQ_Lightmap0_17 (AutoDXT, 256X256)
[2018.04.18-18.21.12:300][  0]LogTexture:Display: Building textures: HQ_Lightmap0_18 (AutoDXT, 256X256)
[2018.04.18-18.21.12:365][  0]LogTexture:Display: Building textures: HQ_Lightmap0_19 (AutoDXT, 512X512)
[2018.04.18-18.21.12:427][  0]LogTexture:Display: Building textures: HQ_Lightmap0_20 (AutoDXT, 256X256)
[2018.04.18-18.21.12:483][  0]LogTexture:Display: Building textures: HQ_Lightmap0_21 (AutoDXT, 256X256)
[2018.04.18-18.21.12:543][  0]LogTexture:Display: Building textures: HQ_Lightmap0_22 (AutoDXT, 512X512)
[2018.04.18-18.21.12:596][  0]LogTexture:Display: Building textures: HQ_Lightmap0_3 (AutoDXT, 512X512)
[2018.04.18-18.21.12:645][  0]LogTexture:Display: Building textures: HQ_Lightmap0_4 (AutoDXT, 512X512)
[2018.04.18-18.21.12:686][  0]LogTexture:Display: Building textures: HQ_Lightmap0_5 (AutoDXT, 256X256)
[2018.04.18-18.21.12:742][  0]LogTexture:Display: Building textures: HQ_Lightmap0_6 (AutoDXT, 256X256)
[2018.04.18-18.21.12:798][  0]LogTexture:Display: Building textures: HQ_Lightmap0_7 (AutoDXT, 256X256)
[2018.04.18-18.21.12:857][  0]LogTexture:Display: Building textures: HQ_Lightmap0_8 (AutoDXT, 512X512)
[2018.04.18-18.21.12:901][  0]LogTexture:Display: Building textures: HQ_Lightmap0_9 (AutoDXT, 256X256)
[2018.04.18-18.21.12:941][  0]LogTexture:Display: Building textures: HQ_Lightmap1_1 (AutoDXT, 512X512)
[2018.04.18-18.21.12:991][  0]LogTexture:Display: Building textures: HQ_Lightmap1_2 (AutoDXT, 256X256)
[2018.04.18-18.21.13:054][  0]LogTexture:Display: Building textures: HQ_Lightmap1_23 (AutoDXT, 512X512)
[2018.04.18-18.21.13:100][  0]LogTexture:Display: Building textures: HQ_Lightmap1_24 (AutoDXT, 512X512)
[2018.04.18-18.21.13:146][  0]LogTexture:Display: Building textures: HQ_Lightmap1_25 (AutoDXT, 256X256)
[2018.04.18-18.21.13:157][  0]LogTexture:Display: Building textures: HQ_Lightmap1_26 (AutoDXT, 128X128)
[2018.04.18-18.21.13:161][  0]LogTexture:Display: Building textures: HQ_Lightmap1_27 (AutoDXT, 128X128)
[2018.04.18-18.21.13:177][  0]LogTexture:Display: Building textures: LQ_Lightmap_0_10 (DXT1, 256X256)
[2018.04.18-18.21.13:231][  0]LogTexture:Display: Building textures: LQ_Lightmap_0_11 (DXT1, 512X512)
[2018.04.18-18.21.13:276][  0]LogTexture:Display: Building textures: LQ_Lightmap_0_12 (DXT1, 512X512)
[2018.04.18-18.21.13:323][  0]LogTexture:Display: Building textures: LQ_Lightmap_0_13 (DXT1, 512X512)
[2018.04.18-18.21.13:370][  0]LogTexture:Display: Building textures: LQ_Lightmap_0_14 (DXT1, 512X512)
[2018.04.18-18.21.13:418][  0]LogTexture:Display: Building textures: LQ_Lightmap_0_15 (DXT1, 512X512)
[2018.04.18-18.21.13:461][  0]LogTexture:Display: Building textures: LQ_Lightmap_0_16 (DXT1, 256X256)
[2018.04.18-18.21.13:515][  0]LogTexture:Display: Building textures: LQ_Lightmap_0_17 (DXT1, 256X256)
[2018.04.18-18.21.13:571][  0]LogTexture:Display: Building textures: LQ_Lightmap_0_18 (DXT1, 256X256)
[2018.04.18-18.21.13:630][  0]LogTexture:Display: Building textures: LQ_Lightmap_0_19 (DXT1, 512X512)
[2018.04.18-18.21.13:680][  0]LogTexture:Display: Building textures: LQ_Lightmap_0_20 (DXT1, 256X256)
[2018.04.18-18.21.13:735][  0]LogTexture:Display: Building textures: LQ_Lightmap_0_21 (DXT1, 256X256)
[2018.04.18-18.21.13:794][  0]LogTexture:Display: Building textures: LQ_Lightmap_0_22 (DXT1, 512X512)
[2018.04.18-18.21.13:840][  0]LogTexture:Display: Building textures: LQ_Lightmap_0_3 (DXT1, 512X512)
[2018.04.18-18.21.13:882][  0]LogTexture:Display: Building textures: LQ_Lightmap_0_4 (DXT1, 512X512)
[2018.04.18-18.21.13:924][  0]LogTexture:Display: Building textures: LQ_Lightmap_0_5 (DXT1, 256X256)
[2018.04.18-18.21.13:973][  0]LogTexture:Display: Building textures: LQ_Lightmap_0_6 (DXT1, 256X256)
[2018.04.18-18.21.14:021][  0]LogTexture:Display: Building textures: LQ_Lightmap_0_7 (DXT1, 256X256)
[2018.04.18-18.21.14:070][  0]LogTexture:Display: Building textures: LQ_Lightmap_0_8 (DXT1, 512X512)
[2018.04.18-18.21.14:112][  0]LogTexture:Display: Building textures: LQ_Lightmap_0_9 (DXT1, 256X256)
[2018.04.18-18.21.14:148][  0]LogTexture:Display: Building textures: LQ_Lightmap_1_1 (DXT1, 512X512)
[2018.04.18-18.21.14:193][  0]LogTexture:Display: Building textures: LQ_Lightmap_1_2 (DXT1, 256X256)
[2018.04.18-18.21.14:253][  0]LogTexture:Display: Building textures: LQ_Lightmap_1_23 (DXT1, 512X512)
[2018.04.18-18.21.14:305][  0]LogTexture:Display: Building textures: LQ_Lightmap_1_24 (DXT1, 512X512)
[2018.04.18-18.21.14:342][  0]LogTexture:Display: Building textures: LQ_Lightmap_1_25 (DXT1, 256X256)
[2018.04.18-18.21.14:348][  0]LogTexture:Display: Building textures: LQ_Lightmap_1_26 (DXT1, 128X128)
[2018.04.18-18.21.14:361][  0]LogTexture:Display: Building textures: LQ_Lightmap_1_27 (DXT1, 128X128)
[2018.04.18-18.21.14:382][  0]LogTexture:Display: Building textures: SkyOcclusion0_10 (AutoDXT, 256X128)
[2018.04.18-18.21.14:436][  0]LogTexture:Display: Building textures: SkyOcclusion0_11 (AutoDXT, 512X256)
[2018.04.18-18.21.14:473][  0]LogTexture:Display: Building textures: SkyOcclusion0_12 (AutoDXT, 512X256)
[2018.04.18-18.21.14:511][  0]LogTexture:Display: Building textures: SkyOcclusion0_13 (AutoDXT, 512X256)
[2018.04.18-18.21.14:548][  0]LogTexture:Display: Building textures: SkyOcclusion0_14 (AutoDXT, 512X256)
[2018.04.18-18.21.14:584][  0]LogTexture:Display: Building textures: SkyOcclusion0_15 (AutoDXT, 512X256)
[2018.04.18-18.21.14:623][  0]LogTexture:Display: Building textures: SkyOcclusion0_16 (AutoDXT, 256X128)
[2018.04.18-18.21.14:674][  0]LogTexture:Display: Building textures: SkyOcclusion0_17 (AutoDXT, 256X128)
[2018.04.18-18.21.14:729][  0]LogTexture:Display: Building textures: SkyOcclusion0_18 (AutoDXT, 256X128)
[2018.04.18-18.21.14:781][  0]LogTexture:Display: Building textures: SkyOcclusion0_19 (AutoDXT, 512X256)
[2018.04.18-18.21.14:831][  0]LogTexture:Display: Building textures: SkyOcclusion0_20 (AutoDXT, 256X128)
[2018.04.18-18.21.14:882][  0]LogTexture:Display: Building textures: SkyOcclusion0_21 (AutoDXT, 256X128)
[2018.04.18-18.21.14:936][  0]LogTexture:Display: Building textures: SkyOcclusion0_22 (AutoDXT, 512X256)
[2018.04.18-18.21.14:972][  0]LogTexture:Display: Building textures: SkyOcclusion0_3 (AutoDXT, 512X256)
[2018.04.18-18.21.15:008][  0]LogTexture:Display: Building textures: SkyOcclusion0_4 (AutoDXT, 512X256)
[2018.04.18-18.21.15:042][  0]LogTexture:Display: Building textures: SkyOcclusion0_5 (AutoDXT, 256X128)
[2018.04.18-18.21.15:092][  0]LogTexture:Display: Building textures: SkyOcclusion0_6 (AutoDXT, 256X128)
[2018.04.18-18.21.15:144][  0]LogTexture:Display: Building textures: SkyOcclusion0_7 (AutoDXT, 256X128)
[2018.04.18-18.21.15:197][  0]LogTexture:Display: Building textures: SkyOcclusion0_8 (AutoDXT, 512X256)
[2018.04.18-18.21.15:229][  0]LogTexture:Display: Building textures: SkyOcclusion0_9 (AutoDXT, 256X128)
[2018.04.18-18.21.15:259][  0]LogTexture:Display: Building textures: SkyOcclusion1_1 (AutoDXT, 512X256)
[2018.04.18-18.21.15:293][  0]LogTexture:Display: Building textures: SkyOcclusion1_2 (AutoDXT, 256X128)
[2018.04.18-18.21.15:346][  0]LogTexture:Display: Building textures: SkyOcclusion1_23 (AutoDXT, 512X256)
[2018.04.18-18.21.15:383][  0]LogTexture:Display: Building textures: SkyOcclusion1_24 (AutoDXT, 512X256)
[2018.04.18-18.21.15:415][  0]LogTexture:Display: Building textures: SkyOcclusion1_25 (AutoDXT, 256X128)
[2018.04.18-18.21.15:424][  0]LogTexture:Display: Building textures: SkyOcclusion1_26 (AutoDXT, 128X64)
[2018.04.18-18.21.15:433][  0]LogTexture:Display: Building textures: SkyOcclusion1_27 (AutoDXT, 128X64)
[2018.04.18-18.21.15:447][  0]LogTexture:Display: Building textures: ShadowMapTexture2D_383 (G8, 512X128)
[2018.04.18-18.21.15:451][  0]LogTexture:Display: Building textures: ShadowMapTexture2D_384 (G8, 256X128)
[2018.04.18-18.21.15:453][  0]LogTexture:Display: Building textures: ShadowMapTexture2D_385 (G8, 512X128)
[2018.04.18-18.21.15:457][  0]LogTexture:Display: Building textures: ShadowMapTexture2D_386 (G8, 512X128)
[2018.04.18-18.21.15:460][  0]LogTexture:Display: Building textures: ShadowMapTexture2D_387 (G8, 256X128)
[2018.04.18-18.21.15:462][  0]LogTexture:Display: Building textures: ShadowMapTexture2D_388 (G8, 256X128)
[2018.04.18-18.21.15:464][  0]LogTexture:Display: Building textures: ShadowMapTexture2D_389 (G8, 256X128)
[2018.04.18-18.21.15:466][  0]LogTexture:Display: Building textures: ShadowMapTexture2D_390 (G8, 512X128)
[2018.04.18-18.21.15:469][  0]LogTexture:Display: Building textures: ShadowMapTexture2D_391 (G8, 128X128)
[2018.04.18-18.21.15:471][  0]LogTexture:Display: Building textures: ShadowMapTexture2D_392 (G8, 256X128)
[2018.04.18-18.21.15:473][  0]LogTexture:Display: Building textures: ShadowMapTexture2D_393 (G8, 512X128)
[2018.04.18-18.21.15:476][  0]LogTexture:Display: Building textures: ShadowMapTexture2D_394 (G8, 512X128)
[2018.04.18-18.21.15:479][  0]LogTexture:Display: Building textures: ShadowMapTexture2D_395 (G8, 512X128)
[2018.04.18-18.21.15:483][  0]LogTexture:Display: Building textures: ShadowMapTexture2D_396 (G8, 512X128)
[2018.04.18-18.21.15:486][  0]LogTexture:Display: Building textures: ShadowMapTexture2D_397 (G8, 512X128)
[2018.04.18-18.21.15:489][  0]LogTexture:Display: Building textures: ShadowMapTexture2D_398 (G8, 256X128)
[2018.04.18-18.21.15:491][  0]LogTexture:Display: Building textures: ShadowMapTexture2D_399 (G8, 256X128)
[2018.04.18-18.21.15:493][  0]LogTexture:Display: Building textures: ShadowMapTexture2D_400 (G8, 256X128)
[2018.04.18-18.21.15:496][  0]LogTexture:Display: Building textures: ShadowMapTexture2D_401 (G8, 1024X128)
[2018.04.18-18.21.15:501][  0]LogTexture:Display: Building textures: ShadowMapTexture2D_402 (G8, 256X128)
[2018.04.18-18.21.15:503][  0]LogTexture:Display: Building textures: ShadowMapTexture2D_403 (G8, 256X128)
[2018.04.18-18.21.15:505][  0]LogTexture:Display: Building textures: ShadowMapTexture2D_404 (G8, 512X128)
[2018.04.18-18.21.15:509][  0]LogTexture:Display: Building textures: ShadowMapTexture2D_405 (G8, 512X128)
[2018.04.18-18.21.15:512][  0]LogTexture:Display: Building textures: ShadowMapTexture2D_406 (G8, 512X128)
[2018.04.18-18.21.15:515][  0]LogTexture:Display: Building textures: ShadowMapTexture2D_407 (G8, 64X128)
[2018.04.18-18.21.15:516][  0]LogTexture:Display: Building textures: ShadowMapTexture2D_408 (G8, 64X64)
[2018.04.18-18.21.15:516][  0]LogTexture:Display: Building textures: ShadowMapTexture2D_409 (G8, 128X64)
[2018.04.18-18.21.15:689][  0]LogAIModule: Creating AISystem for world HelloWorld
[2018.04.18-18.21.17:356][  0]LogEditorServer: Finished looking for orphan Actors (0.000 secs)
[2018.04.18-18.21.17:384][  0]Cmd: MAP CHECKDEP NOCLEARLOG
[2018.04.18-18.21.17:564][  0]MapCheck: Info Map check complete: 0 Error(s), 0 Warning(s), took 180.649ms to complete.
[2018.04.18-18.21.17:564][  0]LogFileHelpers: Loading map 'HelloWorld' took 7.418
[2018.04.18-18.21.17:871][  0]LogCollectionManager: Loaded 0 collections in 0.003462 seconds
[2018.04.18-18.21.18:071][  0]LogFileCache: Scanning file cache for directory 'F:/FMP/RPG_Game/FMP_Fuse-master/FMP_Fuse-master/Saved/Collections/' took 0.01s
[2018.04.18-18.21.18:071][  0]LogFileCache: Scanning file cache for directory 'F:/FMP/RPG_Game/FMP_Fuse-master/FMP_Fuse-master/Content/Developers/Jordan/Collections/' took 0.01s
[2018.04.18-18.21.18:071][  0]LogFileCache: Scanning file cache for directory 'F:/FMP/RPG_Game/FMP_Fuse-master/FMP_Fuse-master/Content/Collections/' took 0.01s
[2018.04.18-18.21.18:071][  0]LogCollectionManager: Rebuilt the GUID cache for 0 collections in 0.000003 seconds
[2018.04.18-18.21.18:092][  0]LogContentBrowser: Native class hierarchy populated in 0.0200 seconds. Added 2343 classes and 497 folders.
[2018.04.18-18.21.18:260][  0]LogContentBrowser: Native class hierarchy updated for 'WidgetCarousel' in 0.0018 seconds. Added 0 classes and 0 folders.
[2018.04.18-18.21.18:351][  0]LogContentBrowser: Native class hierarchy updated for 'AddContentDialog' in 0.0016 seconds. Added 0 classes and 0 folders.
[2018.04.18-18.21.18:468][  0]LogContentBrowser: Native class hierarchy updated for 'SceneOutliner' in 0.0012 seconds. Added 1 classes and 2 folders.
[2018.04.18-18.21.18:555][  0]LogCrashTracker: Crashtracker disabled due to settings.
[2018.04.18-18.21.18:565][  0]LogSlate: Took 0.000608 seconds to synchronously load lazily loaded font '../../../Engine/Content/Slate/Fonts/Roboto-Regular.ttf' (155K)
[2018.04.18-18.21.18:571][  0]LogSlate: Took 0.000530 seconds to synchronously load lazily loaded font '../../../Engine/Content/Slate/Fonts/Roboto-Bold.ttf' (160K)
[2018.04.18-18.21.18:575][  0]LogSlate: Took 0.000391 seconds to synchronously load lazily loaded font '../../../Engine/Content/Editor/Slate/Fonts/FontAwesome.ttf' (139K)
[2018.04.18-18.21.18:681][  0]LogRenderer: Reallocating scene render targets to support 1528x624 NumSamples 1 (Frame:1).
[2018.04.18-18.21.18:802][  0]LogSlate: Took 0.000464 seconds to synchronously load lazily loaded font '../../../Engine/Content/Slate/Fonts/Roboto-Light.ttf' (159K)
[2018.04.18-18.21.19:000][  0]LogUObjectGlobals:Warning: Failed to find object 'Class None.'
[2018.04.18-18.21.19:125][  0]LogContentBrowser: Native class hierarchy updated for 'HierarchicalLODOutliner' in 0.0009 seconds. Added 1 classes and 2 folders.
[2018.04.18-18.21.19:125][  0]LogLoad: (Engine Initialization) Total time: 34.64 seconds
[2018.04.18-18.21.19:125][  0]LogLoad: (Engine Initialization) Total Blueprint compile time: 0.22 seconds
[2018.04.18-18.21.19:125][  0]LogExternalProfiler: No external profilers were discovered.  External profiling features will not be available.
[2018.04.18-18.21.19:135][  0]LogWindowsTextInputMethodSystem:Display: IME system now deactivated.
[2018.04.18-18.21.19:135][  0]LogOcInput: OculusInput pre-init called
[2018.04.18-18.21.19:135][  0]LogHMD: Starting GearVRController plugin
[2018.04.18-18.21.19:203][  0]LogContentStreaming: Texture pool size now 1000 MB
[2018.04.18-18.21.19:233][  1]LogAssetRegistry: Asset discovery search completed in 24.4586 seconds
[2018.04.18-18.21.19:237][  1]LogCollectionManager: Rebuilt the object cache for 0 collections in 0.000001 seconds (found 0 objects)
[2018.04.18-18.21.19:237][  1]LogCollectionManager: Fixed up redirectors for 0 collections in 0.000065 seconds (updated 0 objects)
[2018.04.18-18.21.20:159][ 90]LogTexture:Display: Building textures: Dirt (AutoDXT, 512X512)
[2018.04.18-18.21.20:189][ 90]LogTexture:Display: Building textures: GrassGreen (AutoDXT, 512X512)
[2018.04.18-18.21.20:220][ 90]LogMaterial: Missing cached shader map for material Landscape, compiling. 
[2018.04.18-18.21.20:272][ 90]LogSlate: Took 0.000250 seconds to synchronously load lazily loaded font '../../../Engine/Content/Slate/Fonts/Roboto-Light.ttf' (159K)
[2018.04.18-18.21.20:368][ 90]LogMaterial: Missing cached shader map for material Landscape, compiling. 
[2018.04.18-18.21.20:558][ 90]LogMaterial: Missing cached shader map for material Landscape, compiling. 
[2018.04.18-18.21.20:607][ 90]LogMaterial: Missing cached shader map for material Landscape, compiling. 
[2018.04.18-18.21.20:668][ 90]LogMaterial: Missing cached shader map for material FMatExpressionPreview MaterialExpressionTextureSample_1, compiling. 
[2018.04.18-18.21.20:676][ 90]LogMaterial: Missing cached shader map for material FMatExpressionPreview MaterialExpressionTextureSample_2, compiling. 
[2018.04.18-18.21.20:682][ 90]LogMaterial: Missing cached shader map for material FMatExpressionPreview MaterialExpressionLandscapeLayerCoords_1, compiling. 
[2018.04.18-18.21.20:717][ 90]LogMaterial: Missing cached shader map for material Grass, compiling. 
[2018.04.18-18.21.20:915][ 90]LogMaterial: Missing cached shader map for material Grass, compiling. 
[2018.04.18-18.21.20:963][ 90]LogMaterial: Missing cached shader map for material Grass, compiling. 
[2018.04.18-18.21.21:036][ 90]LogMaterial: Missing cached shader map for material FMatExpressionPreview MaterialExpressionConstant3Vector_0, compiling. 
[2018.04.18-18.21.21:053][ 90]LogSlate: Took 0.000478 seconds to synchronously load lazily loaded font '../../../Engine/Content/Editor/Slate/Fonts/Roboto-BoldCondensed.ttf' (158K)
[2018.04.18-18.21.21:606][ 93]LogSlate: Took 0.000483 seconds to synchronously load lazily loaded font '../../../Engine/Content/Editor/Slate/Fonts/Roboto-Italic.ttf' (157K)
[2018.04.18-18.21.21:937][106]MaterialEditorStats: Info Base pass shader: 88 instructions
[2018.04.18-18.21.21:937][106]MaterialEditorStats: Info Vertex shader: 33 instructions
[2018.04.18-18.21.21:937][106]MaterialEditorStats: Info Texture samplers: 4/16
[2018.04.18-18.21.21:937][106]MaterialEditorStats: Info User interpolators: 2/4 Scalars (1/4 Vectors) (TexCoords: 2, Custom: 0)
[2018.04.18-18.21.22:999][143]MaterialEditorStats: Info Base pass shader: 97 instructions
[2018.04.18-18.21.22:999][143]MaterialEditorStats: Info Vertex shader: 29 instructions
[2018.04.18-18.21.22:999][143]MaterialEditorStats: Info Texture samplers: 3/16
[2018.04.18-18.21.34:035][389]Cmd: OBJ SAVEPACKAGE PACKAGE="/Game/Maps/HelloWorld" FILE="F:/FMP/RPG_Game/FMP_Fuse-master/FMP_Fuse-master/Content/Maps/HelloWorld.umap" SILENT=true AUTOSAVING=false KEEPDIRTY=false
[2018.04.18-18.21.34:652][389]LogSavePackage: Save=531.60ms
[2018.04.18-18.21.34:652][389]LogSavePackage: Moving 'F:/FMP/RPG_Game/FMP_Fuse-master/FMP_Fuse-master/Saved/HelloWorldABDC86464D38DDEC62BB1BB917B3537B.tmp' to 'F:/FMP/RPG_Game/FMP_Fuse-master/FMP_Fuse-master/Content/Maps/HelloWorld.umap'
[2018.04.18-18.21.34:654][389]LogSavePackage:Display: Finished SavePackage F:/FMP/RPG_Game/FMP_Fuse-master/FMP_Fuse-master/Content/Maps/HelloWorld.umap
[2018.04.18-18.21.34:697][389]Cmd: OBJ SAVEPACKAGE PACKAGE="/Game/Maps/HelloWorld_BuiltData" FILE="F:/FMP/RPG_Game/FMP_Fuse-master/FMP_Fuse-master/Content/Maps/HelloWorld_BuiltData.uasset" SILENT=true
[2018.04.18-18.21.35:662][389]LogSlate: Took 0.000248 seconds to synchronously load lazily loaded font '../../../Engine/Content/Slate/Fonts/Roboto-Regular.ttf' (155K)
[2018.04.18-18.21.36:100][389]LogSavePackage: Save=1052.78ms
[2018.04.18-18.21.36:101][389]LogSavePackage: Moving 'F:/FMP/RPG_Game/FMP_Fuse-master/FMP_Fuse-master/Saved/HelloWorld_BuiltData0354B8C746020C3DB72EEEB6EC3AAB4D.tmp' to 'F:/FMP/RPG_Game/FMP_Fuse-master/FMP_Fuse-master/Content/Maps/HelloWorld_BuiltData.uasset'
[2018.04.18-18.21.36:106][389]LogSavePackage:Display: Finished SavePackage F:/FMP/RPG_Game/FMP_Fuse-master/FMP_Fuse-master/Content/Maps/HelloWorld_BuiltData.uasset
[2018.04.18-18.21.42:591][155]SourceControl:Error: Error Failed to enable Git source control. You need to install Git and specify a valid path to git executable.
[2018.04.18-18.21.46:661][638]SourceControl:Error: Error Failed to enable Git source control. You need to install Git and specify a valid path to git executable.
[2018.04.18-18.21.52:517][298]LogSourceControl:Error: 'F:/FMP/RPG_Game/FMP_Fuse-master/FMP_Fuse-master/' is not part of a Git repository
[2018.04.18-18.21.52:682][311]SourceControl:Error: Error fatal: Not a git repository: 'F:/FMP/RPG_Game/FMP_Fuse-master/FMP_Fuse-master/.git'
[2018.04.18-18.21.52:682][311]SourceControl:Error: Error Failed to enable Git source control. You need to initialize the project as a Git repository first.
[2018.04.18-18.21.55:956][696]SourceControl: Info Source control is disabled
[2018.04.18-18.22.37:089][186]LogWindowsTextInputMethodSystem:Display: IME system now deactivated.
[2018.04.18-18.22.37:346][187]Cmd: QUIT_EDITOR
[2018.04.18-18.22.37:409][187]LogExit: Preparing to exit.
[2018.04.18-18.22.38:536][187]LogExit: Editor shut down
[2018.04.18-18.22.38:540][187]LogExit: Transaction tracking system shut down
[2018.04.18-18.22.38:614][187]LogObj: Freed 0b from 0 cluster array pools.
[2018.04.18-18.22.38:614][187]LogExit: Object subsystem successfully closed.
[2018.04.18-18.22.38:645][187]LogD3D11RHI: Shutdown
[2018.04.18-18.22.38:645][187]LogD3D11RHI: CleanupD3DDevice
[2018.04.18-18.22.38:746][187]LogD3D11RHI: ~FD3D11DynamicRHI
[2018.04.18-18.22.38:779][187]LogModuleManager: Shutting down and abandoning module MaterialEditor (530)
[2018.04.18-18.22.38:779][187]LogModuleManager: Shutting down and abandoning module HierarchicalLODOutliner (528)
[2018.04.18-18.22.38:779][187]LogModuleManager: Shutting down and abandoning module CrashTracker (526)
[2018.04.18-18.22.38:779][187]LogModuleManager: Shutting down and abandoning module SceneOutliner (524)
[2018.04.18-18.22.38:779][187]LogModuleManager: Shutting down and abandoning module AddContentDialog (522)
[2018.04.18-18.22.38:779][187]LogDirectoryWatcher: A directory notification for 'C:/Program Files/Epic Games/UE_4.16/FeaturePacks/' was aborted.
[2018.04.18-18.22.38:780][187]LogModuleManager: Shutting down and abandoning module WidgetCarousel (521)
[2018.04.18-18.22.38:780][187]LogModuleManager: Shutting down and abandoning module EditorWidgets (518)
[2018.04.18-18.22.38:780][187]LogModuleManager: Shutting down and abandoning module CollectionManager (516)
[2018.04.18-18.22.38:780][187]LogDirectoryWatcher: A directory notification for 'F:/FMP/RPG_Game/FMP_Fuse-master/FMP_Fuse-master/Content/Collections/' was aborted.
[2018.04.18-18.22.38:780][187]LogDirectoryWatcher: A directory notification for 'F:/FMP/RPG_Game/FMP_Fuse-master/FMP_Fuse-master/Content/Developers/Jordan/Collections/' was aborted.
[2018.04.18-18.22.38:780][187]LogDirectoryWatcher: A directory notification for 'F:/FMP/RPG_Game/FMP_Fuse-master/FMP_Fuse-master/Saved/Collections/' was aborted.
[2018.04.18-18.22.38:780][187]LogModuleManager: Shutting down and abandoning module StatsViewer (514)
[2018.04.18-18.22.38:780][187]LogModuleManager: Shutting down and abandoning module FoliageEdit (512)
[2018.04.18-18.22.38:780][187]LogModuleManager: Shutting down and abandoning module LandscapeEditor (510)
[2018.04.18-18.22.38:780][187]LogModuleManager: Shutting down and abandoning module MeshPaintMode (508)
[2018.04.18-18.22.38:780][187]LogModuleManager: Shutting down and abandoning module SceneDepthPickerMode (506)
[2018.04.18-18.22.38:780][187]LogModuleManager: Shutting down and abandoning module ActorPickerMode (504)
[2018.04.18-18.22.38:780][187]LogModuleManager: Shutting down and abandoning module GeometryMode (502)
[2018.04.18-18.22.38:780][187]LogModuleManager: Shutting down and abandoning module TextureAlignMode (500)
[2018.04.18-18.22.38:780][187]LogModuleManager: Shutting down and abandoning module BspMode (498)
[2018.04.18-18.22.38:780][187]LogModuleManager: Shutting down and abandoning module HardwareSurvey (496)
[2018.04.18-18.22.38:780][187]LogModuleManager: Shutting down and abandoning module SequenceRecorderSections (494)
[2018.04.18-18.22.38:780][187]LogModuleManager: Shutting down and abandoning module AutomationWorker (492)
[2018.04.18-18.22.38:780][187]LogModuleManager: Shutting down and abandoning module MatineeToLevelSequence (490)
[2018.04.18-18.22.38:780][187]LogModuleManager: Shutting down and abandoning module LevelSequenceEditor (488)
[2018.04.18-18.22.38:780][187]LogModuleManager: Shutting down and abandoning module PlacementMode (487)
[2018.04.18-18.22.38:780][187]LogModuleManager: Shutting down and abandoning module WmfMediaFactory (484)
[2018.04.18-18.22.38:780][187]LogModuleManager: Shutting down and abandoning module WmfMediaEditor (482)
[2018.04.18-18.22.38:780][187]LogModuleManager: Shutting down and abandoning module AvfMediaFactory (480)
[2018.04.18-18.22.38:780][187]LogModuleManager: Shutting down and abandoning module AvfMediaEditor (478)
[2018.04.18-18.22.38:780][187]LogModuleManager: Shutting down and abandoning module AndroidMediaFactory (476)
[2018.04.18-18.22.38:780][187]LogModuleManager: Shutting down and abandoning module Media (475)
[2018.04.18-18.22.38:780][187]LogModuleManager: Shutting down and abandoning module AndroidMediaEditor (472)
[2018.04.18-18.22.38:780][187]LogModuleManager: Shutting down and abandoning module CharacterAI (470)
[2018.04.18-18.22.38:780][187]LogModuleManager: Shutting down and abandoning module AudioCapture (468)
[2018.04.18-18.22.38:780][187]LogModuleManager: Shutting down and abandoning module SequenceRecorder (467)
[2018.04.18-18.22.38:780][187]LogModuleManager: Shutting down and abandoning module SmartSnapping (464)
[2018.04.18-18.22.38:780][187]LogModuleManager: Shutting down and abandoning module SessionServices (462)
[2018.04.18-18.22.38:780][187]LogModuleManager: Shutting down and abandoning module ViewportSnapping (460)
[2018.04.18-18.22.38:780][187]LogModuleManager: Shutting down and abandoning module ViewportInteraction (458)
[2018.04.18-18.22.38:780][187]LogModuleManager: Shutting down and abandoning module ClothPainter (456)
[2018.04.18-18.22.38:780][187]LogModuleManager: Shutting down and abandoning module LogVisualizer (454)
[2018.04.18-18.22.38:780][187]LogModuleManager: Shutting down and abandoning module IntroTutorials (452)
[2018.04.18-18.22.38:781][187]LogModuleManager: Shutting down and abandoning module GameProjectGeneration (451)
[2018.04.18-18.22.38:781][187]LogModuleManager: Shutting down and abandoning module EditorLiveStreaming (448)
[2018.04.18-18.22.38:781][187]LogModuleManager: Shutting down and abandoning module IOSPlatformEditor (446)
[2018.04.18-18.22.38:781][187]LogModuleManager: Shutting down and abandoning module HTML5PlatformEditor (444)
[2018.04.18-18.22.38:781][187]LogModuleManager: Shutting down and abandoning module AndroidPlatformEditor (442)
[2018.04.18-18.22.38:781][187]LogModuleManager: Shutting down and abandoning module AndroidDeviceDetection (441)
[2018.04.18-18.22.39:577][187]LogModuleManager: Shutting down and abandoning module IOSRuntimeSettings (438)
[2018.04.18-18.22.39:577][187]LogModuleManager: Shutting down and abandoning module AndroidRuntimeSettings (436)
[2018.04.18-18.22.39:577][187]LogModuleManager: Shutting down and abandoning module InputBindingEditor (434)
[2018.04.18-18.22.39:577][187]LogModuleManager: Shutting down and abandoning module MergeActors (432)
[2018.04.18-18.22.39:577][187]LogModuleManager: Shutting down and abandoning module SizeMap (430)
[2018.04.18-18.22.39:577][187]LogModuleManager: Shutting down and abandoning module TreeMap (428)
[2018.04.18-18.22.39:577][187]LogModuleManager: Shutting down and abandoning module ReferenceViewer (426)
[2018.04.18-18.22.39:577][187]LogModuleManager: Shutting down and abandoning module LocalizationDashboard (424)
[2018.04.18-18.22.39:577][187]LogModuleManager: Shutting down and abandoning module LocalizationService (423)
[2018.04.18-18.22.39:577][187]LogModuleManager: Shutting down and abandoning module HardwareTargeting (420)
[2018.04.18-18.22.39:577][187]LogModuleManager: Shutting down and abandoning module DeviceProfileEditor (418)
[2018.04.18-18.22.39:577][187]LogModuleManager: Shutting down and abandoning module UndoHistory (416)
[2018.04.18-18.22.39:577][187]LogModuleManager: Shutting down and abandoning module UserFeedback (414)
[2018.04.18-18.22.39:577][187]LogModuleManager: Shutting down and abandoning module XmlParser (412)
[2018.04.18-18.22.39:577][187]LogModuleManager: Shutting down and abandoning module Blutility (410)
[2018.04.18-18.22.39:577][187]LogModuleManager: Shutting down and abandoning module ProjectSettingsViewer (408)
[2018.04.18-18.22.39:578][187]LogModuleManager: Shutting down and abandoning module ProjectTargetPlatformEditor (407)
[2018.04.18-18.22.39:578][187]LogModuleManager: Shutting down and abandoning module EditorSettingsViewer (404)
[2018.04.18-18.22.39:578][187]LogModuleManager: Shutting down and abandoning module SettingsEditor (402)
[2018.04.18-18.22.39:578][187]LogModuleManager: Shutting down and abandoning module ProjectLauncher (400)
[2018.04.18-18.22.39:578][187]LogModuleManager: Shutting down and abandoning module SessionFrontend (398)
[2018.04.18-18.22.39:578][187]LogModuleManager: Shutting down and abandoning module ProfilerClient (396)
[2018.04.18-18.22.39:578][187]LogModuleManager: Shutting down and abandoning module DeviceManager (394)
[2018.04.18-18.22.39:578][187]LogModuleManager: Shutting down and abandoning module TargetDeviceServices (393)
[2018.04.18-18.22.39:631][187]LogModuleManager: Shutting down and abandoning module AutomationController (390)
[2018.04.18-18.22.39:631][187]LogModuleManager: Shutting down and abandoning module AutomationWindow (388)
[2018.04.18-18.22.39:631][187]LogModuleManager: Shutting down and abandoning module Layers (386)
[2018.04.18-18.22.39:631][187]LogModuleManager: Shutting down and abandoning module ComponentVisualizers (384)
[2018.04.18-18.22.39:631][187]LogModuleManager: Shutting down and abandoning module DetailCustomizations (382)
[2018.04.18-18.22.39:631][187]LogModuleManager: Shutting down and abandoning module PackagesDialog (380)
[2018.04.18-18.22.39:631][187]LogModuleManager: Shutting down and abandoning module Persona (378)
[2018.04.18-18.22.39:631][187]LogModuleManager: Shutting down and abandoning module AdvancedPreviewScene (377)
[2018.04.18-18.22.39:631][187]LogModuleManager: Shutting down and abandoning module AnimGraph (375)
[2018.04.18-18.22.39:631][187]LogModuleManager: Shutting down and abandoning module Kismet (372)
[2018.04.18-18.22.39:632][187]LogModuleManager: Shutting down and abandoning module ClassViewer (370)
[2018.04.18-18.22.39:632][187]LogModuleManager: Shutting down and abandoning module Toolbox (368)
[2018.04.18-18.22.39:632][187]LogModuleManager: Shutting down and abandoning module ModuleUI (366)
[2018.04.18-18.22.39:632][187]LogModuleManager: Shutting down and abandoning module MovieSceneTools (364)
[2018.04.18-18.22.39:632][187]LogModuleManager: Shutting down and abandoning module OutputLog (362)
[2018.04.18-18.22.39:632][187]LogModuleManager: Shutting down and abandoning module GammaUI (360)
[2018.04.18-18.22.39:632][187]LogModuleManager: Shutting down and abandoning module Documentation (358)
[2018.04.18-18.22.39:632][187]LogModuleManager: Shutting down and abandoning module MovieSceneTracks (356)
[2018.04.18-18.22.39:632][187]LogModuleManager: Shutting down and abandoning module MovieScene (354)
[2018.04.18-18.22.39:632][187]LogModuleManager: Shutting down and abandoning module Niagara (352)
[2018.04.18-18.22.39:632][187]LogModuleManager: Shutting down and abandoning module NiagaraEditor (351)
[2018.04.18-18.22.39:632][187]LogModuleManager: Shutting down and abandoning module StreamingPauseRendering (348)
[2018.04.18-18.22.39:632][187]LogModuleManager: Shutting down and abandoning module AnalyticsET (346)
[2018.04.18-18.22.39:632][187]LogModuleManager: Shutting down and abandoning module PortalServices (344)
[2018.04.18-18.22.39:632][187]LogModuleManager: Shutting down and abandoning module PortalRpc (342)
[2018.04.18-18.22.39:632][187]LogModuleManager: Shutting down and abandoning module MessagingRpc (340)
[2018.04.18-18.22.39:632][187]LogModuleManager: Shutting down and abandoning module AIModule (338)
[2018.04.18-18.22.39:632][187]LogModuleManager: Shutting down and abandoning module GameplayDebugger (337)
[2018.04.18-18.22.39:632][187]LogModuleManager: Shutting down and abandoning module AITestSuite (335)
[2018.04.18-18.22.39:632][187]LogModuleManager: Shutting down and abandoning module ProfilerService (332)
[2018.04.18-18.22.39:737][187]LogModuleManager: Shutting down and abandoning module TaskGraph (330)
[2018.04.18-18.22.39:737][187]LogModuleManager: Shutting down and abandoning module SubstanceEditor (328)
[2018.04.18-18.22.39:737][187]LogModuleManager: Shutting down and abandoning module SteamVRController (326)
[2018.04.18-18.22.39:737][187]LogModuleManager: Shutting down and abandoning module SteamVR (324)
[2018.04.18-18.22.39:737][187]LogModuleManager: Shutting down and abandoning module ProceduralMeshComponentEditor (322)
[2018.04.18-18.22.39:737][187]LogModuleManager: Shutting down and abandoning module ProceduralMeshComponent (320)
[2018.04.18-18.22.39:737][187]LogModuleManager: Shutting down and abandoning module OculusLibrary (318)
[2018.04.18-18.22.39:737][187]LogModuleManager: Shutting down and abandoning module OculusInput (316)
[2018.04.18-18.22.39:737][187]LogModuleManager: Shutting down and abandoning module MobilePatchingUtils (314)
[2018.04.18-18.22.39:737][187]LogModuleManager: Shutting down and abandoning module CustomMeshComponent (312)
[2018.04.18-18.22.39:737][187]LogModuleManager: Shutting down and abandoning module CableComponent (310)
[2018.04.18-18.22.39:737][187]LogModuleManager: Shutting down and abandoning module ArchVisCharacter (308)
[2018.04.18-18.22.39:737][187]LogModuleManager: Shutting down and abandoning module AndroidPermission (306)
[2018.04.18-18.22.39:737][187]LogModuleManager: Shutting down and abandoning module MediaPlayerEditor (302)
[2018.04.18-18.22.39:737][187]LogModuleManager: Shutting down and abandoning module HTML5Networking (300)
[2018.04.18-18.22.39:737][187]LogModuleManager: Shutting down and abandoning module AlembicImporter (298)
[2018.04.18-18.22.39:737][187]LogModuleManager: Shutting down and abandoning module AlembicLibrary (297)
[2018.04.18-18.22.39:737][187]LogModuleManager: Shutting down and abandoning module GeometryCache (296)
[2018.04.18-18.22.39:737][187]LogModuleManager: Shutting down and abandoning module GeometryCacheEd (295)
[2018.04.18-18.22.39:737][187]LogModuleManager: Shutting down and abandoning module SuperSearchEditor (290)
[2018.04.18-18.22.39:737][187]LogModuleManager: Shutting down and abandoning module SuperSearch (289)
[2018.04.18-18.22.39:738][187]LogModuleManager: Shutting down and abandoning module SpeedTreeImporter (286)
[2018.04.18-18.22.39:738][187]LogModuleManager: Shutting down and abandoning module PluginBrowser (284)
[2018.04.18-18.22.39:738][187]LogModuleManager: Shutting down and abandoning module MobileLauncherProfileWizard (282)
[2018.04.18-18.22.39:738][187]LogModuleManager: Shutting down and abandoning module VisualStudioSourceCodeAccess (280)
[2018.04.18-18.22.39:738][187]LogModuleManager: Shutting down and abandoning module DesktopPlatform (279)
[2018.04.18-18.22.39:738][187]LogModuleManager: Shutting down and abandoning module UObjectPlugin (276)
[2018.04.18-18.22.39:738][187]LogModuleManager: Shutting down and abandoning module SubversionSourceControl (274)
[2018.04.18-18.22.39:738][187]LogModuleManager: Shutting down and abandoning module PerforceSourceControl (272)
[2018.04.18-18.22.39:738][187]LogModuleManager: Shutting down and abandoning module GitSourceControl (270)
[2018.04.18-18.22.39:738][187]LogModuleManager: Shutting down and abandoning module SourceControl (269)
[2018.04.18-18.22.39:738][187]LogModuleManager: Shutting down and abandoning module LightPropagationVolumeEditor (266)
[2018.04.18-18.22.39:738][187]LogModuleManager: Shutting down and abandoning module PaperTiledImporter (264)
[2018.04.18-18.22.39:738][187]LogModuleManager: Shutting down and abandoning module PaperSpriteSheetImporter (262)
[2018.04.18-18.22.39:738][187]LogModuleManager: Shutting down and abandoning module Paper2DEditor (260)
[2018.04.18-18.22.39:738][187]LogModuleManager: Shutting down and abandoning module MeshPaint (259)
[2018.04.18-18.22.39:738][187]LogModuleManager: Shutting down and abandoning module LevelEditor (257)
[2018.04.18-18.22.39:738][187]LogModuleManager: Shutting down and abandoning module PixelInspectorModule (256)
[2018.04.18-18.22.39:738][187]LogModuleManager: Shutting down and abandoning module MainFrame (254)
[2018.04.18-18.22.39:738][187]LogModuleManager: Shutting down and abandoning module HotReload (253)
[2018.04.18-18.22.39:739][187]LogModuleManager: Shutting down and abandoning module PhysXVehiclesEditor (248)
[2018.04.18-18.22.39:739][187]LogModuleManager: Shutting down and abandoning module PhysXVehicles (246)
[2018.04.18-18.22.39:739][187]LogModuleManager: Shutting down and abandoning module LocationServicesBPLibrary (244)
[2018.04.18-18.22.39:739][187]LogModuleManager: Shutting down and abandoning module ImmediatePhysicsEditor (242)
[2018.04.18-18.22.39:739][187]LogModuleManager: Shutting down and abandoning module ImmediatePhysics (240)
[2018.04.18-18.22.39:739][187]LogModuleManager: Shutting down and abandoning module UdpMessaging (238)
[2018.04.18-18.22.39:840][187]LogModuleManager: Shutting down and abandoning module TcpMessaging (236)
[2018.04.18-18.22.39:941][187]LogModuleManager: Shutting down and abandoning module SubstanceCore (234)
[2018.04.18-18.22.39:941][187]LogModuleManager: Shutting down and abandoning module GameplayTagsEditor (232)
[2018.04.18-18.22.39:942][187]LogModuleManager: Shutting down and abandoning module FacialAnimationEditor (230)
[2018.04.18-18.22.39:942][187]LogModuleManager: Shutting down and abandoning module FacialAnimation (228)
[2018.04.18-18.22.39:942][187]LogModuleManager: Shutting down and abandoning module AssetManagerEditor (226)
[2018.04.18-18.22.39:942][187]LogModuleManager: Shutting down and abandoning module GraphEditor (225)
[2018.04.18-18.22.39:942][187]LogModuleManager: Shutting down and abandoning module ContentBrowser (223)
[2018.04.18-18.22.39:943][187]LogModuleManager: Shutting down and abandoning module LightPropagationVolumeRuntime (220)
[2018.04.18-18.22.39:943][187]LogModuleManager: Shutting down and abandoning module Paper2D (218)
[2018.04.18-18.22.39:943][187]LogModuleManager: Shutting down and abandoning module WindowsMoviePlayer (216)
[2018.04.18-18.22.39:943][187]LogModuleManager: Shutting down and abandoning module WmfMedia (214)
[2018.04.18-18.22.39:945][187]LogModuleManager: Shutting down and abandoning module ClothingSystemEditor (212)
[2018.04.18-18.22.39:945][187]LogModuleManager: Shutting down and abandoning module ClothingSystemRuntime (210)
[2018.04.18-18.22.39:945][187]LogModuleManager: Shutting down and abandoning module MediaAssets (208)
[2018.04.18-18.22.39:945][187]LogModuleManager: Shutting down and abandoning module GameLiveStreaming (206)
[2018.04.18-18.22.39:945][187]LogModuleManager: Shutting down and abandoning module VREditor (204)
[2018.04.18-18.22.39:945][187]LogModuleManager: Shutting down and abandoning module StringTableEditor (202)
[2018.04.18-18.22.39:945][187]LogModuleManager: Shutting down and abandoning module GameplayTasksEditor (200)
[2018.04.18-18.22.39:945][187]LogModuleManager: Shutting down and abandoning module BehaviorTreeEditor (198)
[2018.04.18-18.22.39:945][187]LogModuleManager: Shutting down and abandoning module FunctionalTesting (196)
[2018.04.18-18.22.39:945][187]LogModuleManager: Shutting down and abandoning module CollisionAnalyzer (194)
[2018.04.18-18.22.39:945][187]LogModuleManager: Shutting down and abandoning module UMG (192)
[2018.04.18-18.22.39:945][187]LogModuleManager: Shutting down and abandoning module UMGEditor (191)
[2018.04.18-18.22.39:945][187]LogModuleManager: Shutting down and abandoning module Sequencer (190)
[2018.04.18-18.22.39:945][187]LogModuleManager: Shutting down and abandoning module AssetTools (188)
[2018.04.18-18.22.39:945][187]LogModuleManager: Shutting down and abandoning module MessageLog (187)
[2018.04.18-18.22.39:945][187]LogModuleManager: Shutting down and abandoning module WorkspaceMenuStructure (186)
[2018.04.18-18.22.39:945][187]LogModuleManager: Shutting down and abandoning module SlateReflector (180)
[2018.04.18-18.22.39:945][187]LogModuleManager: Shutting down and abandoning module Slate (178)
[2018.04.18-18.22.39:945][187]LogModuleManager: Shutting down and abandoning module EditorStyle (176)
[2018.04.18-18.22.39:948][187]LogModuleManager: Shutting down and abandoning module SourceCodeAccess (174)
[2018.04.18-18.22.39:948][187]LogModuleManager: Shutting down and abandoning module HeadMountedDisplay (172)
[2018.04.18-18.22.39:948][187]LogModuleManager: Shutting down and abandoning module XAudio2 (170)
[2018.04.18-18.22.39:949][187]LogModuleManager: Shutting down and abandoning module Networking (168)
[2018.04.18-18.22.39:949][187]LogModuleManager: Shutting down and abandoning module Core (164)
[2018.04.18-18.22.39:949][187]LogModuleManager: Shutting down and abandoning module AssetRegistry (162)
[2018.04.18-18.22.40:209][187]LogDirectoryWatcher: A directory notification for '../../../Engine/Content/' was aborted.
[2018.04.18-18.22.40:209][187]LogDirectoryWatcher: A directory notification for 'F:/FMP/RPG_Game/FMP_Fuse-master/FMP_Fuse-master/Content/' was aborted.
[2018.04.18-18.22.40:209][187]LogDirectoryWatcher: A directory notification for '../../../Engine/Plugins/2D/Paper2D/Content/' was aborted.
[2018.04.18-18.22.40:209][187]LogDirectoryWatcher: A directory notification for '../../../Engine/Plugins/Runtime/GearVR/Content/' was aborted.
[2018.04.18-18.22.40:212][187]LogModuleManager: Shutting down and abandoning module DirectoryWatcher (161)
[2018.04.18-18.22.40:213][187]LogModuleManager: Shutting down and abandoning module KismetCompiler (158)
[2018.04.18-18.22.40:213][187]LogModuleManager: Shutting down and abandoning module LevelSequence (156)
[2018.04.18-18.22.40:213][187]LogModuleManager: Shutting down and abandoning module PhysXFormats (154)
[2018.04.18-18.22.40:213][187]LogModuleManager: Shutting down and abandoning module MeshUtilities (152)
[2018.04.18-18.22.40:213][187]LogModuleManager: Shutting down and abandoning module SimplygonSwarm (151)
[2018.04.18-18.22.40:213][187]LogModuleManager: Shutting down and abandoning module SimplygonMeshReduction (149)
[2018.04.18-18.22.40:213][187]LogModuleManager: Shutting down and abandoning module QuadricMeshReduction (147)
[2018.04.18-18.22.40:213][187]LogModuleManager: Shutting down and abandoning module DerivedDataCache (144)
[2018.04.18-18.22.40:372][187]LogDerivedDataCache: Shutdown
[2018.04.18-18.22.40:372][187]LogModuleManager: Shutting down and abandoning module TargetPlatform (142)
[2018.04.18-18.22.40:372][187]LogModuleManager: Shutting down and abandoning module VulkanShaderFormat (141)
[2018.04.18-18.22.40:372][187]LogModuleManager: Shutting down and abandoning module ShaderFormatVectorVM (139)
[2018.04.18-18.22.40:372][187]LogModuleManager: Shutting down and abandoning module ShaderFormatOpenGL (137)
[2018.04.18-18.22.40:372][187]LogModuleManager: Shutting down and abandoning module ShaderFormatD3D (135)
[2018.04.18-18.22.40:372][187]LogModuleManager: Shutting down and abandoning module MetalShaderFormat (133)
[2018.04.18-18.22.40:372][187]LogModuleManager: Shutting down and abandoning module TextureFormatUncompressed (131)
[2018.04.18-18.22.40:372][187]LogModuleManager: Shutting down and abandoning module TextureFormatPVR (129)
[2018.04.18-18.22.40:372][187]LogModuleManager: Shutting down and abandoning module TextureFormatDXT (127)
[2018.04.18-18.22.40:372][187]LogModuleManager: Shutting down and abandoning module TextureFormatIntelISPCTexComp (125)
[2018.04.18-18.22.40:372][187]LogModuleManager: Shutting down and abandoning module TextureFormatASTC (123)
[2018.04.18-18.22.40:372][187]LogModuleManager: Shutting down and abandoning module ImageWrapper (122)
[2018.04.18-18.22.40:372][187]LogModuleManager: Shutting down and abandoning module TextureFormatAndroid (119)
[2018.04.18-18.22.40:372][187]LogModuleManager: Shutting down and abandoning module AudioFormatOpus (117)
[2018.04.18-18.22.40:372][187]LogModuleManager: Shutting down and abandoning module AudioFormatOgg (115)
[2018.04.18-18.22.40:372][187]LogModuleManager: Shutting down and abandoning module AudioFormatADPCM (113)
[2018.04.18-18.22.40:372][187]LogModuleManager: Shutting down and abandoning module LinuxTargetPlatform (111)
[2018.04.18-18.22.40:372][187]LogModuleManager: Shutting down and abandoning module LinuxServerTargetPlatform (109)
[2018.04.18-18.22.40:372][187]LogModuleManager: Shutting down and abandoning module LinuxNoEditorTargetPlatform (107)
[2018.04.18-18.22.40:372][187]LogModuleManager: Shutting down and abandoning module LinuxClientTargetPlatform (105)
[2018.04.18-18.22.40:372][187]LogModuleManager: Shutting down and abandoning module TVOSTargetPlatform (103)
[2018.04.18-18.22.40:372][187]LogModuleManager: Shutting down and abandoning module Messaging (101)
[2018.04.18-18.22.40:372][187]LogModuleManager: Shutting down and abandoning module IOSTargetPlatform (99)
[2018.04.18-18.22.40:372][187]LogModuleManager: Shutting down and abandoning module HTML5TargetPlatform (97)
[2018.04.18-18.22.40:372][187]LogModuleManager: Shutting down and abandoning module Android_PVRTCTargetPlatform (95)
[2018.04.18-18.22.40:372][187]LogModuleManager: Shutting down and abandoning module Android_MultiTargetPlatform (93)
[2018.04.18-18.22.40:372][187]LogModuleManager: Shutting down and abandoning module Android_ETC2TargetPlatform (91)
[2018.04.18-18.22.40:372][187]LogModuleManager: Shutting down and abandoning module Android_ETC1TargetPlatform (89)
[2018.04.18-18.22.40:372][187]LogModuleManager: Shutting down and abandoning module Android_DXTTargetPlatform (87)
[2018.04.18-18.22.40:372][187]LogModuleManager: Shutting down and abandoning module Android_ATCTargetPlatform (85)
[2018.04.18-18.22.40:372][187]LogModuleManager: Shutting down and abandoning module Android_ASTCTargetPlatform (83)
[2018.04.18-18.22.40:372][187]LogModuleManager: Shutting down and abandoning module AndroidTargetPlatform (81)
[2018.04.18-18.22.40:372][187]LogModuleManager: Shutting down and abandoning module WindowsTargetPlatform (79)
[2018.04.18-18.22.40:372][187]LogModuleManager: Shutting down and abandoning module WindowsServerTargetPlatform (77)
[2018.04.18-18.22.40:372][187]LogModuleManager: Shutting down and abandoning module WindowsNoEditorTargetPlatform (75)
[2018.04.18-18.22.40:372][187]LogModuleManager: Shutting down and abandoning module WindowsClientTargetPlatform (73)
[2018.04.18-18.22.40:372][187]LogModuleManager: Shutting down and abandoning module MacTargetPlatform (71)
[2018.04.18-18.22.40:372][187]LogModuleManager: Shutting down and abandoning module MacServerTargetPlatform (69)
[2018.04.18-18.22.40:372][187]LogModuleManager: Shutting down and abandoning module MacNoEditorTargetPlatform (67)
[2018.04.18-18.22.40:372][187]LogModuleManager: Shutting down and abandoning module MacClientTargetPlatform (65)
[2018.04.18-18.22.40:372][187]LogModuleManager: Shutting down and abandoning module AllDesktopTargetPlatform (63)
[2018.04.18-18.22.40:372][187]LogModuleManager: Shutting down and abandoning module InputCore (60)
[2018.04.18-18.22.40:372][187]LogModuleManager: Shutting down and abandoning module Settings (58)
[2018.04.18-18.22.40:372][187]LogModuleManager: Shutting down and abandoning module OculusRift (56)
[2018.04.18-18.22.40:372][187]LogModuleManager: Shutting down and abandoning module GearVRController (54)
[2018.04.18-18.22.40:372][187]LogModuleManager: Shutting down and abandoning module GearVR (52)
[2018.04.18-18.22.40:372][187]LogModuleManager: Shutting down and abandoning module ExampleDeviceProfileSelector (50)
[2018.04.18-18.22.40:372][187]LogModuleManager: Shutting down and abandoning module OnlineBlueprintSupport (48)
[2018.04.18-18.22.40:372][187]LogModuleManager: Shutting down and abandoning module OnlineSubsystem (44)
[2018.04.18-18.22.40:372][187]LogOnline:Display: Unloading online subsystem: NULL
[2018.04.18-18.22.40:372][187]LogModuleManager: Shutting down and abandoning module XMPP (43)
[2018.04.18-18.22.40:372][187]LogModuleManager: Shutting down and abandoning module HTTP (41)
[2018.04.18-18.22.40:372][187]LogHttp:Display: Http module shutting down, but needs to wait on 1 outstanding Http requests:
[2018.04.18-18.22.40:372][187]LogHttp:Display: 	verb=[POST] url=[https://datarouter.ol.epicgames.com/datarouter/api/v1/public/data?SessionID=%7B69BC50E8-4724-E2C7-7BC2-2384AE1B4D42%7D&AppID=UEEditor.Rocket.Release&AppVersion=4.16.3-3561208%2B%2B%2BUE4%2BRelease-4.16&UserID=f2ee2cd141fd990cd7bc44856aa9a1ea%7C3996f32fd2fe4f04a289bdcb1f9016df%7Cd35f91c7-4e6c-478a-b9f5-ce22f1949bcb&AppEnvironment=datacollector-binary&UploadType=eteventstream] status=Processing
[2018.04.18-18.22.40:399][187]LogModuleManager: Shutting down and abandoning module SSL (40)
[2018.04.18-18.22.40:400][187]LogModuleManager: Shutting down and abandoning module HTTPChunkInstaller (36)
[2018.04.18-18.22.40:400][187]LogModuleManager: Shutting down and abandoning module AnimationModifiers (34)
[2018.04.18-18.22.40:400][187]LogModuleManager: Shutting down and abandoning module PropertyEditor (33)
[2018.04.18-18.22.40:400][187]LogModuleManager: Shutting down and abandoning module AudioEditor (30)
[2018.04.18-18.22.40:400][187]LogModuleManager: Shutting down and abandoning module TextureCompressor (28)
[2018.04.18-18.22.40:400][187]LogModuleManager: Shutting down and abandoning module ShaderCore (26)
[2018.04.18-18.22.40:400][187]LogModuleManager: Shutting down and abandoning module Landscape (24)
[2018.04.18-18.22.40:400][187]LogModuleManager: Shutting down and abandoning module SlateRHIRenderer (22)
[2018.04.18-18.22.40:402][187]LogModuleManager: Shutting down and abandoning module OpenGLDrv (20)
[2018.04.18-18.22.40:402][187]LogModuleManager: Shutting down and abandoning module D3D11RHI (18)
[2018.04.18-18.22.40:402][187]LogModuleManager: Shutting down and abandoning module AnimGraphRuntime (16)
[2018.04.18-18.22.40:402][187]LogModuleManager: Shutting down and abandoning module Renderer (14)
[2018.04.18-18.22.40:402][187]LogModuleManager: Shutting down and abandoning module Engine (12)
[2018.04.18-18.22.40:402][187]LogModuleManager: Shutting down and abandoning module CoreUObject (10)
[2018.04.18-18.22.40:402][187]LogModuleManager: Shutting down and abandoning module NetworkFile (8)
[2018.04.18-18.22.40:402][187]LogModuleManager: Shutting down and abandoning module StreamingFile (6)
[2018.04.18-18.22.40:402][187]LogModuleManager: Shutting down and abandoning module SandboxFile (4)
[2018.04.18-18.22.40:402][187]LogModuleManager: Shutting down and abandoning module PakFile (2)
[2018.04.18-18.22.40:405][187]LogExit: Exiting.
[2018.04.18-18.22.40:470][187]Log file closed, 04/18/18 19:22:40
