Log file open, 04/18/18 19:24:07
LogInit:Display: Running engine for game: RPG_Game
LogPlatformFile: Not using cached read wrapper
LogInit:Display: RandInit(1123478871) SRandInit(1123478871).
LogTaskGraph: Started task graph with 5 named threads and 12 total threads with 1 sets of task threads.
LogStats: Stats thread started at 0.194160
LogInit: Using libcurl 7.47.1
LogInit:  - built for x86_64-pc-win32
LogInit:  - supports SSL with OpenSSL/1.0.2g
LogInit:  - supports HTTP deflate (compression) using libz 1.2.8
LogInit:  - other features:
LogInit:      CURL_VERSION_SSL
LogInit:      CURL_VERSION_LIBZ
LogInit:      CURL_VERSION_IPV6
LogInit:      CURL_VERSION_ASYNCHDNS
LogInit:      CURL_VERSION_LARGEFILE
LogInit:      CURL_VERSION_IDN
LogInit:  CurlRequestOptions (configurable via config and command line):
LogInit:  - bVerifyPeer = false  - Libcurl will NOT verify peer certificate
LogInit:  - bUseHttpProxy = false  - Libcurl will NOT use HTTP proxy
LogInit:  - bDontReuseConnections = false  - Libcurl will reuse connections
LogInit:  - CertBundlePath = nullptr  - Libcurl will use whatever was configured at build time.
LogInit: Build: ++UE4+Release-4.16-CL-3561208
LogInit: Engine Version: 4.16.3-3561208+++UE4+Release-4.16
LogInit: Compatible Engine Version: 4.16.0-3452394+++UE4+Release-4.16
LogInit: Net CL: 3452394
LogDevObjectVersion: Number of dev versions registered: 16
LogDevObjectVersion:   Dev-Blueprints (B0D832E4-1F89-4F0D-ACCF-7EB736FD4AA2): 9
LogDevObjectVersion:   Dev-Build (E1C64328-A22C-4D53-A36C-8E866417BD8C): 0
LogDevObjectVersion:   Dev-Core (375EC13C-06E4-48FB-B500-84F0262A717E): 2
LogDevObjectVersion:   Dev-Editor (E4B068ED-F494-42E9-A231-DA0B2E46BB41): 17
LogDevObjectVersion:   Dev-Framework (CFFC743F-43B0-4480-9391-14DF171D2073): 23
LogDevObjectVersion:   Dev-Mobile (B02B49B5-BB20-44E9-A304-32B752E40360): 0
LogDevObjectVersion:   Dev-Networking (A4E4105C-59A1-49B5-A7C5-40C4547EDFEE): 0
LogDevObjectVersion:   Dev-Online (39C831C9-5AE6-47DC-9A44-9C173E1C8E7C): 0
LogDevObjectVersion:   Dev-Physics (78F01B33-EBEA-4F98-B9B4-84EACCB95AA2): 0
LogDevObjectVersion:   Dev-Platform (6631380F-2D4D-43E0-8009-CF276956A95A): 0
LogDevObjectVersion:   Dev-Rendering (12F88B9F-8875-4AFC-A67C-D90C383ABD29): 15
LogDevObjectVersion:   Dev-Sequencer (7B5AE74C-D270-4C10-A958-57980B212A5A): 4
LogDevObjectVersion:   Dev-VR (D7296918-1DD6-4BDD-9DE2-64A83CC13884): 0
LogDevObjectVersion:   Dev-LoadTimes (C2A15278-BFE7-4AFE-6C17-90FF531DF755): 1
LogDevObjectVersion:   Private-Geometry (6EACA3D4-40EC-4CC1-B786-8BED09428FC5): 1
LogDevObjectVersion:   Dev-AnimPhys (29E575DD-E0A3-4627-9D10-D276232CDCEA): 3
LogInit: Compiled (64-bit): Jul 28 2017 11:49:47
LogInit: Compiled with Visual C++: 19.00.24215.01
LogInit: Build Configuration: Development
LogInit: Branch Name: ++UE4+Release-4.16
LogInit: Command line:  
LogInit: Base directory: C:/Program Files/Epic Games/UE_4.16/Engine/Binaries/Win64/
LogInit: Installed Engine Build: 1
LogInit: Presizing for max 8388607 objects, including 0 objects not considered by GC, pre-allocating 0 bytes for permanent pool.
LogInit: Object subsystem initialized
[2018.04.18-18.24.07:782][  0]LogInit: Selected Device Profile: [Windows]
[2018.04.18-18.24.07:782][  0]LogInit: Applying CVar settings loaded from the selected device profile: [Windows]
[2018.04.18-18.24.07:798][  0]LogInit: Computer: SONOFMORT
[2018.04.18-18.24.07:798][  0]LogInit: User: Jordan
[2018.04.18-18.24.07:798][  0]LogInit: CPU Page size=4096, Cores=8
[2018.04.18-18.24.07:798][  0]LogInit: High frequency timer resolution =3.125000 MHz
[2018.04.18-18.24.07:798][  0]LogMemory: Memory total: Physical=8.0GB (8GB approx)
[2018.04.18-18.24.07:798][  0]LogMemory: Platform Memory Stats for Windows
[2018.04.18-18.24.07:798][  0]LogMemory: Process Physical Memory: 274.44 MB used, 274.44 MB peak
[2018.04.18-18.24.07:798][  0]LogMemory: Process Virtual Memory: 261.61 MB used, 261.61 MB peak
[2018.04.18-18.24.07:798][  0]LogMemory: Physical Memory: 3626.49 MB used,  4520.73 MB free, 8147.22 MB total
[2018.04.18-18.24.07:798][  0]LogMemory: Virtual Memory: 667.47 MB used,  4520.73 MB free, 134217728.00 MB total
[2018.04.18-18.24.07:907][  0]LogInit: Using OS detected language (en-GB).
[2018.04.18-18.24.07:907][  0]LogInit: Using OS detected locale (en-GB).
[2018.04.18-18.24.07:912][  0]LogTextLocalizationManager: No specific localization for 'en-GB' exists, so the 'en' localization will be used.
[2018.04.18-18.24.09:033][  0]LogD3D11RHI: D3D11 adapters:
[2018.04.18-18.24.09:102][  0]LogD3D11RHI:    0. 'NVIDIA GeForce GTX 1070' (Feature Level 11_0)
[2018.04.18-18.24.09:103][  0]LogD3D11RHI:       8088/0/4073 MB DedicatedVideo/DedicatedSystem/SharedSystem, Outputs:2, VendorId:0x10de
[2018.04.18-18.24.09:105][  0]LogD3D11RHI:    1. 'Microsoft Basic Render Driver' (Feature Level 11_0)
[2018.04.18-18.24.09:105][  0]LogD3D11RHI:       0/0/4073 MB DedicatedVideo/DedicatedSystem/SharedSystem, Outputs:0, VendorId:0x1414
[2018.04.18-18.24.09:105][  0]LogD3D11RHI: Chosen D3D11 Adapter: 0
[2018.04.18-18.24.09:114][  0]LogD3D11RHI: Creating new Direct3DDevice
[2018.04.18-18.24.09:114][  0]LogD3D11RHI:     GPU DeviceId: 0x1b81 (for the marketing name, search the web for "GPU Device Id")
[2018.04.18-18.24.09:114][  0]LogWindows: EnumDisplayDevices:
[2018.04.18-18.24.09:114][  0]LogWindows:    0. 'NVIDIA GeForce GTX 1070' (P:1 D:1)
[2018.04.18-18.24.09:114][  0]LogWindows:    1. 'NVIDIA GeForce GTX 1070' (P:0 D:1)
[2018.04.18-18.24.09:114][  0]LogWindows:    2. 'NVIDIA GeForce GTX 1070' (P:0 D:0)
[2018.04.18-18.24.09:114][  0]LogWindows:    3. 'NVIDIA GeForce GTX 1070' (P:0 D:0)
[2018.04.18-18.24.09:114][  0]LogWindows: DebugString: GetVideoDriverDetailsInvalid PrimaryIsNotTheChoosenAdapter GetVideoDriverDetailsInvalid PrimaryIsNotTheChoosenAdapter GetVideoDriverDetailsInvalid PrimaryIsNotTheChoosenAdapter GetVideoDriverDetailsInvalid PrimaryIsNotTheChoosenAdapter FoundDriverCount:0 
[2018.04.18-18.24.09:114][  0]LogD3D11RHI:     Adapter Name: NVIDIA GeForce GTX 1070
[2018.04.18-18.24.09:114][  0]LogD3D11RHI:   Driver Version: Unknown (internal:Unknown, unified:Unknown)
[2018.04.18-18.24.09:114][  0]LogD3D11RHI:      Driver Date: Unknown
[2018.04.18-18.24.09:114][  0]LogRHI: Texture pool is 1361 MB (70% of 1945 MB)
[2018.04.18-18.24.09:160][  0]LogD3D11RHI: Async texture creation enabled
[2018.04.18-18.24.09:185][  0]LogD3D11RHI: GPU Timing Frequency: 1000.000000 (Debug: 2 2)
[2018.04.18-18.24.09:277][  0]LogShaderCompilers: Guid format shader working directory is 31 characters bigger than the processId version (F:/FMP/RPG_Game/Intermediate/Shaders/WorkingDirectory/10252/).
[2018.04.18-18.24.09:277][  0]LogShaderCompilers: Cleaned the shader compiler working directory 'C:/Users/Jordan/AppData/Local/Temp/UnrealShaderWorkingDir/382D0E7C4E60768C6C9F3BB8552F1F2A/'.
[2018.04.18-18.24.09:277][  0]LogShaderCompilers:Display: Using Local Shader Compiler.
[2018.04.18-18.24.10:509][  0]LogTemp:Display: Loaded TP AllDesktopTargetPlatform
[2018.04.18-18.24.10:593][  0]LogTemp:Display: Loaded TP MacClientTargetPlatform
[2018.04.18-18.24.10:677][  0]LogTemp:Display: Loaded TP MacNoEditorTargetPlatform
[2018.04.18-18.24.10:760][  0]LogTemp:Display: Loaded TP MacServerTargetPlatform
[2018.04.18-18.24.10:844][  0]LogTemp:Display: Loaded TP MacTargetPlatform
[2018.04.18-18.24.10:928][  0]LogTemp:Display: Loaded TP WindowsClientTargetPlatform
[2018.04.18-18.24.11:011][  0]LogTemp:Display: Loaded TP WindowsNoEditorTargetPlatform
[2018.04.18-18.24.11:095][  0]LogTemp:Display: Loaded TP WindowsServerTargetPlatform
[2018.04.18-18.24.11:171][  0]LogTemp:Display: Loaded TP WindowsTargetPlatform
[2018.04.18-18.24.11:252][  0]LogTemp:Display: Loaded TP AndroidTargetPlatform
[2018.04.18-18.24.11:334][  0]LogTemp:Display: Loaded TP Android_ASTCTargetPlatform
[2018.04.18-18.24.11:416][  0]LogTemp:Display: Loaded TP Android_ATCTargetPlatform
[2018.04.18-18.24.11:497][  0]LogTemp:Display: Loaded TP Android_DXTTargetPlatform
[2018.04.18-18.24.11:579][  0]LogTemp:Display: Loaded TP Android_ETC1TargetPlatform
[2018.04.18-18.24.11:661][  0]LogTemp:Display: Loaded TP Android_ETC2TargetPlatform
[2018.04.18-18.24.11:826][  0]LogTemp:Display: Loaded TP Android_MultiTargetPlatform
[2018.04.18-18.24.11:826][  0]LogTemp:Display: Loaded TP Android_PVRTCTargetPlatform
[2018.04.18-18.24.11:893][  0]LogTemp:Display: Loaded TP HTML5TargetPlatform
[2018.04.18-18.24.12:032][  0]LogTemp:Display: Loaded TP IOSTargetPlatform
[2018.04.18-18.24.12:078][  0]LogTemp:Display: Loaded TP TVOSTargetPlatform
[2018.04.18-18.24.12:160][  0]LogTemp:Display: Loaded TP LinuxClientTargetPlatform
[2018.04.18-18.24.12:241][  0]LogTemp:Display: Loaded TP LinuxNoEditorTargetPlatform
[2018.04.18-18.24.12:322][  0]LogTemp:Display: Loaded TP LinuxServerTargetPlatform
[2018.04.18-18.24.12:404][  0]LogTemp:Display: Loaded TP LinuxTargetPlatform
[2018.04.18-18.24.12:404][  0]LogTargetPlatformManager:Display: Building Assets For Windows
[2018.04.18-18.24.13:216][  0]LogDerivedDataCache:Display: Max Cache Size: 512 MB
[2018.04.18-18.24.13:316][  0]LogDerivedDataCache: Loaded boot cache 0.10s 90MB C:/Users/Jordan/AppData/Local/UnrealEngine/4.16/DerivedDataCache/Boot.ddc.
[2018.04.18-18.24.13:316][  0]LogDerivedDataCache:Display: Loaded Boot cache: C:/Users/Jordan/AppData/Local/UnrealEngine/4.16/DerivedDataCache/Boot.ddc
[2018.04.18-18.24.13:316][  0]LogDerivedDataCache: FDerivedDataBackendGraph:  Pak pak cache file F:/FMP/RPG_Game/DerivedDataCache/DDC.ddp not found, will not use a pak cache.
[2018.04.18-18.24.13:316][  0]LogDerivedDataCache: Unable to find inner node Pak for hierarchical cache Hierarchy.
[2018.04.18-18.24.13:316][  0]LogDerivedDataCache: FDerivedDataBackendGraph:  CompressedPak pak cache file F:/FMP/RPG_Game/DerivedDataCache/Compressed.ddp not found, will not use a pak cache.
[2018.04.18-18.24.13:316][  0]LogDerivedDataCache: Unable to find inner node CompressedPak for hierarchical cache Hierarchy.
[2018.04.18-18.24.13:336][  0]LogDerivedDataCache:Display: Pak cache opened for reading ../../../Engine/DerivedDataCache/Compressed.ddp.
[2018.04.18-18.24.13:349][  0]LogDerivedDataCache: Using Local data cache path C:/Users/Jordan/AppData/Local/UnrealEngine/Common/DerivedDataCache: Writable
[2018.04.18-18.24.13:360][  0]LogMaterial: Verifying Global Shaders for PCD3D_SM5
[2018.04.18-18.24.13:361][  0]LogSlate: Using Freetype 2.6.0
[2018.04.18-18.24.13:362][  0]LogSlate: SlateFontCache - WITH_FREETYPE: 1, WITH_HARFBUZZ: 1
[2018.04.18-18.24.13:362][  0]LogSlate: SlateFontCache - WITH_FREETYPE: 1, WITH_HARFBUZZ: 1
[2018.04.18-18.24.13:779][  0]LogInit: Selected Device Profile: [Windows]
[2018.04.18-18.24.13:895][  0]LogContentStreaming: Texture pool size is 0.00 MB
[2018.04.18-18.24.14:100][  0]LogMeshUtilities: Using QuadricMeshReduction for automatic static mesh reduction
[2018.04.18-18.24.14:176][  0]LogSimplygon: Simplygon DLL not present - disabling.
[2018.04.18-18.24.14:259][  0]LogMeshUtilities: Using SimplygonSwarm for distributed automatic mesh merging
[2018.04.18-18.24.14:259][  0]LogMeshUtilities: No automatic skeletal mesh reduction module available
[2018.04.18-18.24.14:259][  0]LogMeshUtilities: No automatic mesh merging module available
[2018.04.18-18.24.15:029][  0]LogNetVersion: RPG_Game , NetCL: 3452394, EngineNetVer: 2, GameNetVer: 0 (Checksum: 2586067795)
[2018.04.18-18.24.15:110][  0]LogAssetRegistry: FAssetRegistry took 0.0278 seconds to start up
[2018.04.18-18.24.15:189][  0]LogPackageLocalizationCache: Processed 4 localized package path(s) for 2 prioritized culture(s) in 0.043615 seconds
[2018.04.18-18.24.15:196][  0]LogUObjectArray: 34194 objects as part of root set at end of initial load.
[2018.04.18-18.24.15:196][  0]LogUObjectAllocator: 7260416 out of 0 bytes used by permanent object pool.
[2018.04.18-18.24.15:196][  0]LogUObjectArray: CloseDisregardForGC: 0/0 objects in disregard for GC pool
[2018.04.18-18.24.15:300][  0]LogInit: WinSock: version 1.1 (2.2), MaxSocks=32767, MaxUdp=65467
[2018.04.18-18.24.18:943][  0]LogSubstanceCoreModule: Substance [CPU] Engine Loaded, Max Texture Size = 2048
[2018.04.18-18.24.18:993][  0]LogTcpMessaging: Initializing TcpMessaging bridge
[2018.04.18-18.24.19:052][  0]LogUdpMessaging: Initializing bridge on interface 0.0.0.0:0 to multicast group 230.0.0.1:6666.
[2018.04.18-18.24.19:919][  0]LogMaterial: Uniform references updated for custom material expression Custom.
[2018.04.18-18.24.20:575][  0]SourceControl: Info Source control is disabled
[2018.04.18-18.24.20:575][  0]SourceControl: Info Source control is disabled
[2018.04.18-18.24.20:660][  0]SourceControl: Info Source control is disabled
[2018.04.18-18.24.20:742][  0]SourceControl: Info Source control is disabled
[2018.04.18-18.24.21:907][  0]LogAndroidPermission: UAndroidPermissionCallbackProxy::GetInstance
[2018.04.18-18.24.22:980][  0]LogEngine: Initializing Engine...
[2018.04.18-18.24.22:982][  0]LogHMD: Failed to initialize OpenVR with code 110
[2018.04.18-18.24.23:181][  0]LogStats: UGameplayTagsManager::ConstructGameplayTagTree: Construct from data asset -  0.000 s
[2018.04.18-18.24.23:181][  0]LogStats: UGameplayTagsManager::ConstructGameplayTagTree: GameplayTagTreeChangedEvent.Broadcast -  0.000 s
[2018.04.18-18.24.23:401][  0]LogAIModule: Creating AISystem for world Untitled
[2018.04.18-18.24.23:416][  0]LogInit: XAudio2 using 'Headset Earphone (Corsair VOID RGB USB Gaming Headset )' : 6 channels at 48 kHz using 16 bits per sample (channel mask 0x3f)
[2018.04.18-18.24.23:593][  0]LogInit: FAudioDevice initialized.
[2018.04.18-18.24.23:656][  0]LogDerivedDataCache: Saved boot cache 0.06s 90MB C:/Users/Jordan/AppData/Local/UnrealEngine/4.16/DerivedDataCache/Boot.ddc.
[2018.04.18-18.24.23:670][  0]LogInit: Texture streaming: Enabled
[2018.04.18-18.24.23:824][  0]LogEngineSessionManager: EngineSessionManager initialized
[2018.04.18-18.24.24:190][  0]LogInit: Transaction tracking system initialized
[2018.04.18-18.24.24:719][  0]BlueprintLog: New page: Editor Load
[2018.04.18-18.24.26:299][  0]LocalizationService: Info Localization service is disabled
[2018.04.18-18.24.27:442][  0]LogConsoleResponse:Display: 
[2018.04.18-18.24.27:614][  0]LogCook:Display: Max memory allowance for cook 16384mb min free memory 0mb
[2018.04.18-18.24.27:614][  0]LogCook:Display: Mobile HDR setting 1
[2018.04.18-18.24.27:655][  0]LogFileCache: Scanning file cache for directory 'F:/FMP/RPG_Game/Content/' took 0.02s
[2018.04.18-18.24.29:368][  0]SourceControl: Info Source control is disabled
[2018.04.18-18.24.29:368][  0]Cmd: MAP LOAD FILE="F:/FMP/RPG_Game/Content/Maps/HelloWorld.umap" TEMPLATE=0 SHOWPROGRESS=1 FEATURELEVEL=3
[2018.04.18-18.24.29:368][  0]LightingResults: New page: Lighting Build
[2018.04.18-18.24.29:439][  0]MapCheck: New page: Map Check
[2018.04.18-18.24.29:439][  0]LightingResults: New page: Lighting Build
[2018.04.18-18.24.29:666][  0]LogLinker:Warning: Can't find file '/Game/Materials/alphabox'
[2018.04.18-18.24.29:666][  0]LoadErrors: Info Failed to load /Game/Assets/PowerBlock/AlphaBox.AlphaBox Referenced by AlphaCube_GEN_VARIABLE
[2018.04.18-18.24.29:666][  0]LogLinker:Warning: Can't find file for asset '/Game/Materials/alphabox' while loading F:/FMP/RPG_Game/Content/Assets/PowerBlock/AlphaBox.uasset.
[2018.04.18-18.24.29:666][  0]LoadErrors: Info Failed to load /Game/Assets/PowerBlock/AlphaBox.AlphaBox Referenced by AlphaCube_GEN_VARIABLE
[2018.04.18-18.24.29:666][  0]LoadErrors:Error: Error /Game/Assets/PowerBlock/AlphaBox : Can't find file for asset. /Game/Materials/alphabox
[2018.04.18-18.24.29:666][  0]LogLinker:Warning: Can't find file '/Game/Materials/alphabox'
[2018.04.18-18.24.29:666][  0]LoadErrors: Info Failed to load /Game/Assets/PowerBlock/AlphaBox.AlphaBox Referenced by AlphaCube_GEN_VARIABLE
[2018.04.18-18.24.29:666][  0]LogLinker:Warning: Can't find file for asset '/Game/Materials/alphabox' while loading F:/FMP/RPG_Game/Content/Assets/PowerBlock/AlphaBox.uasset.
[2018.04.18-18.24.29:666][  0]LoadErrors: Info Failed to load /Game/Assets/PowerBlock/AlphaBox.AlphaBox Referenced by AlphaCube_GEN_VARIABLE
[2018.04.18-18.24.29:666][  0]LoadErrors:Error: Error /Game/Assets/PowerBlock/AlphaBox : Can't find file for asset. /Game/Materials/alphabox
[2018.04.18-18.24.29:682][  0]LogLinker:Warning: Can't find file '/Game/Materials/ButtonMaterial'
[2018.04.18-18.24.29:682][  0]LoadErrors: Info Failed to load /Game/Assets/PressurePad/Button_Base.Button_Base Referenced by Button_Base_GEN_VARIABLE
[2018.04.18-18.24.29:682][  0]LogLinker:Warning: Can't find file for asset '/Game/Materials/ButtonMaterial' while loading F:/FMP/RPG_Game/Content/Assets/PressurePad/Button_Base.uasset.
[2018.04.18-18.24.29:682][  0]LoadErrors: Info Failed to load /Game/Assets/PressurePad/Button_Base.Button_Base Referenced by Button_Base_GEN_VARIABLE
[2018.04.18-18.24.29:682][  0]LoadErrors:Error: Error /Game/Assets/PressurePad/Button_Base : Can't find file for asset. /Game/Materials/ButtonMaterial
[2018.04.18-18.24.29:682][  0]LogLinker:Warning: Can't find file '/Game/Materials/ButtonMaterial'
[2018.04.18-18.24.29:683][  0]LoadErrors: Info Failed to load /Game/Assets/PressurePad/Button_Base.Button_Base Referenced by Button_Base_GEN_VARIABLE
[2018.04.18-18.24.29:683][  0]LogLinker:Warning: Can't find file for asset '/Game/Materials/ButtonMaterial' while loading F:/FMP/RPG_Game/Content/Assets/PressurePad/Button_Base.uasset.
[2018.04.18-18.24.29:683][  0]LoadErrors: Info Failed to load /Game/Assets/PressurePad/Button_Base.Button_Base Referenced by Button_Base_GEN_VARIABLE
[2018.04.18-18.24.29:683][  0]LoadErrors:Error: Error /Game/Assets/PressurePad/Button_Base : Can't find file for asset. /Game/Materials/ButtonMaterial
[2018.04.18-18.24.29:684][  0]LogLinker:Warning: Can't find file '/Game/Materials/ButtonMaterial'
[2018.04.18-18.24.29:684][  0]LoadErrors: Info Failed to load /Game/Assets/PressurePad/Button_Push.Button_Push Referenced by Push_GEN_VARIABLE
[2018.04.18-18.24.29:684][  0]LogLinker:Warning: Can't find file for asset '/Game/Materials/ButtonMaterial' while loading F:/FMP/RPG_Game/Content/Assets/PressurePad/Button_Push.uasset.
[2018.04.18-18.24.29:684][  0]LoadErrors: Info Failed to load /Game/Assets/PressurePad/Button_Push.Button_Push Referenced by Push_GEN_VARIABLE
[2018.04.18-18.24.29:684][  0]LoadErrors:Error: Error /Game/Assets/PressurePad/Button_Push : Can't find file for asset. /Game/Materials/ButtonMaterial
[2018.04.18-18.24.29:684][  0]LogLinker:Warning: Can't find file '/Game/Materials/ButtonMaterial'
[2018.04.18-18.24.29:684][  0]LoadErrors: Info Failed to load /Game/Assets/PressurePad/Button_Push.Button_Push Referenced by Push_GEN_VARIABLE
[2018.04.18-18.24.29:684][  0]LogLinker:Warning: Can't find file for asset '/Game/Materials/ButtonMaterial' while loading F:/FMP/RPG_Game/Content/Assets/PressurePad/Button_Push.uasset.
[2018.04.18-18.24.29:684][  0]LoadErrors: Info Failed to load /Game/Assets/PressurePad/Button_Push.Button_Push Referenced by Push_GEN_VARIABLE
[2018.04.18-18.24.29:684][  0]LoadErrors:Error: Error /Game/Assets/PressurePad/Button_Push : Can't find file for asset. /Game/Materials/ButtonMaterial
[2018.04.18-18.24.29:846][  0]LogLinker:Warning: Can't find file '/Game/Materials/ButtonMaterial'
[2018.04.18-18.24.29:846][  0]LoadErrors: Info Failed to load /Game/Materials/ButtonMaterial.ButtonMaterial Referenced by Button_Push
[2018.04.18-18.24.29:846][  0]LogLinker:Warning: Can't find file for asset '/Game/Materials/ButtonMaterial' while loading NULL.
[2018.04.18-18.24.29:846][  0]LoadErrors: Info Failed to load /Game/Materials/ButtonMaterial.ButtonMaterial Referenced by Button_Push
[2018.04.18-18.24.29:846][  0]LogLinker:Warning: Can't find file '/Game/Materials/ButtonMaterial'
[2018.04.18-18.24.29:847][  0]LoadErrors: Info Failed to load /Game/Materials/ButtonMaterial.ButtonMaterial Referenced by Button_Base
[2018.04.18-18.24.29:847][  0]LogLinker:Warning: Can't find file for asset '/Game/Materials/ButtonMaterial' while loading NULL.
[2018.04.18-18.24.29:847][  0]LoadErrors: Info Failed to load /Game/Materials/ButtonMaterial.ButtonMaterial Referenced by Button_Base
[2018.04.18-18.24.29:847][  0]LogLinker:Warning: Can't find file '/Game/Materials/alphabox'
[2018.04.18-18.24.29:847][  0]LoadErrors: Info Failed to load /Game/Materials/alphabox.alphabox Referenced by AlphaBox
[2018.04.18-18.24.29:847][  0]LogLinker:Warning: Can't find file for asset '/Game/Materials/alphabox' while loading NULL.
[2018.04.18-18.24.29:847][  0]LoadErrors: Info Failed to load /Game/Materials/alphabox.alphabox Referenced by AlphaBox
[2018.04.18-18.24.30:217][  0]LogAIModule: Creating AISystem for world HelloWorld
[2018.04.18-18.24.30:296][  0]LogEditorServer: Finished looking for orphan Actors (0.000 secs)
[2018.04.18-18.24.30:312][  0]Cmd: MAP CHECKDEP NOCLEARLOG
[2018.04.18-18.24.30:416][  0]MapCheck: Info Map check complete: 0 Error(s), 0 Warning(s), took 103.902ms to complete.
[2018.04.18-18.24.30:416][  0]LogFileHelpers: Loading map 'HelloWorld' took 1.048
[2018.04.18-18.24.30:587][  0]LogCollectionManager: Loaded 0 collections in 0.002390 seconds
[2018.04.18-18.24.30:699][  0]LogFileCache: Scanning file cache for directory 'F:/FMP/RPG_Game/Saved/Collections/' took 0.01s
[2018.04.18-18.24.30:699][  0]LogFileCache: Scanning file cache for directory 'F:/FMP/RPG_Game/Content/Developers/Jordan/Collections/' took 0.01s
[2018.04.18-18.24.30:699][  0]LogFileCache: Scanning file cache for directory 'F:/FMP/RPG_Game/Content/Collections/' took 0.01s
[2018.04.18-18.24.30:699][  0]LogCollectionManager: Rebuilt the GUID cache for 0 collections in 0.000002 seconds
[2018.04.18-18.24.30:711][  0]LogContentBrowser: Native class hierarchy populated in 0.0126 seconds. Added 2343 classes and 497 folders.
[2018.04.18-18.24.30:820][  0]LogContentBrowser: Native class hierarchy updated for 'WidgetCarousel' in 0.0007 seconds. Added 0 classes and 0 folders.
[2018.04.18-18.24.30:885][  0]LogContentBrowser: Native class hierarchy updated for 'AddContentDialog' in 0.0007 seconds. Added 0 classes and 0 folders.
[2018.04.18-18.24.30:957][  0]LogContentBrowser: Native class hierarchy updated for 'SceneOutliner' in 0.0008 seconds. Added 1 classes and 2 folders.
[2018.04.18-18.24.31:016][  0]LogCrashTracker: Crashtracker disabled due to settings.
[2018.04.18-18.24.31:022][  0]LogUObjectGlobals:Warning: Failed to find object 'Class None.'
[2018.04.18-18.24.31:118][  0]LogContentBrowser: Native class hierarchy updated for 'HierarchicalLODOutliner' in 0.0008 seconds. Added 1 classes and 2 folders.
[2018.04.18-18.24.31:118][  0]LogLoad: (Engine Initialization) Total time: 25.93 seconds
[2018.04.18-18.24.31:118][  0]LogLoad: (Engine Initialization) Total Blueprint compile time: 0.22 seconds
[2018.04.18-18.24.31:118][  0]LogExternalProfiler: No external profilers were discovered.  External profiling features will not be available.
[2018.04.18-18.24.31:127][  0]LogWindowsTextInputMethodSystem:Display: IME system now deactivated.
[2018.04.18-18.24.31:128][  0]LogOcInput: OculusInput pre-init called
[2018.04.18-18.24.31:128][  0]LogHMD: Starting GearVRController plugin
[2018.04.18-18.24.31:147][  0]LogContentStreaming: Texture pool size now 1000 MB
[2018.04.18-18.24.31:150][  0]LogSlate: Took 0.000356 seconds to synchronously load lazily loaded font '../../../Engine/Content/Slate/Fonts/Roboto-Regular.ttf' (155K)
[2018.04.18-18.24.31:178][  1]LogAssetRegistry: Asset discovery search completed in 16.0901 seconds
[2018.04.18-18.24.31:181][  1]LogCollectionManager: Rebuilt the object cache for 0 collections in 0.000001 seconds (found 0 objects)
[2018.04.18-18.24.31:181][  1]LogCollectionManager: Fixed up redirectors for 0 collections in 0.000036 seconds (updated 0 objects)
[2018.04.18-18.24.31:296][  3]LogRenderer: Reallocating scene render targets to support 128x128 NumSamples 1 (Frame:0).
[2018.04.18-18.24.32:740][165]LogSlate: Took 0.000284 seconds to synchronously load lazily loaded font '../../../Engine/Content/Slate/Fonts/Roboto-Bold.ttf' (160K)
[2018.04.18-18.24.32:742][165]LogSlate: Took 0.000225 seconds to synchronously load lazily loaded font '../../../Engine/Content/Editor/Slate/Fonts/FontAwesome.ttf' (139K)
[2018.04.18-18.24.32:813][165]LogRenderer: Reallocating scene render targets to support 940x368 NumSamples 1 (Frame:1).
[2018.04.18-18.24.32:813][165]LogSlate: Took 0.000324 seconds to synchronously load lazily loaded font '../../../Engine/Content/Slate/Fonts/Roboto-Light.ttf' (159K)
[2018.04.18-18.24.34:089][302]LogRenderer: Reallocating scene render targets to support 1528x624 NumSamples 1 (Frame:138).
[2018.04.18-18.24.42:786][286]LogSourceControl:Error: 'F:/FMP/RPG_Game/' is not part of a Git repository
[2018.04.18-18.24.42:955][300]SourceControl:Error: Error fatal: Not a git repository: 'F:/FMP/RPG_Game/.git'
[2018.04.18-18.24.42:955][300]SourceControl:Error: Error Failed to enable Git source control. You need to initialize the project as a Git repository first.
[2018.04.18-18.25.01:988][520]SourceControl: Info On branch master
[2018.04.18-18.25.01:988][520]SourceControl: Info No commits yet
[2018.04.18-18.25.01:988][520]SourceControl: Info Untracked files:
[2018.04.18-18.25.01:988][520]SourceControl: Info   (use "git add <file>..." to include in what will be committed)
[2018.04.18-18.25.01:988][520]SourceControl: Info 	.gitignore
[2018.04.18-18.25.01:988][520]SourceControl: Info 	Config/
[2018.04.18-18.25.01:988][520]SourceControl: Info 	Content/
[2018.04.18-18.25.01:988][520]SourceControl: Info 	Intermediate/
[2018.04.18-18.25.01:988][520]SourceControl: Info 	RPG_Game.uproject
[2018.04.18-18.25.01:988][520]SourceControl: Info 	Saved/
[2018.04.18-18.25.01:988][520]SourceControl: Info nothing added to commit but untracked files present (use "git add" to track)
[2018.04.18-18.25.03:543][701]SourceControl:Error: Error warning: LF will be replaced by CRLF in Config/DefaultEditorPerProjectUserSettings.ini.
[2018.04.18-18.25.03:543][701]SourceControl:Error: Error The file will have its original line endings in your working directory.
[2018.04.18-18.25.03:543][701]SourceControl:Error: Error warning: LF will be replaced by CRLF in Config/DefaultEngine.ini.
[2018.04.18-18.25.03:543][701]SourceControl:Error: Error The file will have its original line endings in your working directory.
[2018.04.18-18.25.03:543][701]SourceControl:Error: Error warning: LF will be replaced by CRLF in Config/DefaultGame.ini.
[2018.04.18-18.25.03:543][701]SourceControl:Error: Error The file will have its original line endings in your working directory.
[2018.04.18-18.25.03:543][701]SourceControl:Error: Error warning: LF will be replaced by CRLF in Config/DefaultInput.ini.
[2018.04.18-18.25.03:543][701]SourceControl:Error: Error The file will have its original line endings in your working directory.
[2018.04.18-18.25.03:543][701]SourceControl:Error: Error warning: LF will be replaced by CRLF in RPG_Game.uproject.
[2018.04.18-18.25.03:543][701]SourceControl:Error: Error The file will have its original line endings in your working directory.
